Loading acuteinflammation 6 2 70 23
Loading acutenephritis 6 2 70 23
Loading balancescale 4 3 373 124
Loading blood 4 2 447 149
Loading breastcancer 9 2 170 56
Loading breastcancerwisc 9 2 418 139
Loading breasttissue 9 6 62 20
Loading ecoli 7 8 200 66
Loading energyy1 8 3 459 153
Loading energyy2 8 3 459 153
Loading fertility 9 2 58 19
Loading glass 9 6 127 42
Loading habermansurvival 3 2 182 60
Loading hayesroth 3 3 93 31
Loading ilpdindianliver 9 2 348 116
Loading iris 4 3 88 29
Loading mammographic 5 2 575 191
Loading monks1 6 2 331 110
Loading monks2 6 2 358 119
Loading monks3 6 2 330 110
Loading pima 8 2 459 153
Loading pittsburgbridgesMATERIAL 7 3 62 20
Loading pittsburgbridgesRELL 7 3 60 20
Loading pittsburgbridgesSPAN 7 3 54 18
Loading pittsburgbridgesTORD 7 2 60 20
Loading pittsburgbridgesTYPE 7 6 61 20
Loading postoperative 8 3 52 17
Loading seeds 7 3 124 41
Loading teaching 5 3 89 29
Loading tictactoe 9 2 573 191
Loading vertebralcolumn2clases 6 2 184 61
Loading vertebralcolumn3clases 6 3 184 61
Finish data loading.
Super pNN 0.0001 5 exists, skip this training.
Super pNN 0.00015 5 exists, skip this training.
Super pNN 0.00023 5 exists, skip this training.
Super pNN 0.00035 5 exists, skip this training.
Super pNN 0.00052 5 exists, skip this training.
Super pNN 0.00079 5 exists, skip this training.
Super pNN 0.0012 5 exists, skip this training.
Super pNN 0.00182 5 exists, skip this training.
Super pNN 0.00275 5 exists, skip this training.
Super pNN 0.00417 5 exists, skip this training.
Super pNN 0.00631 5 exists, skip this training.
Super pNN 0.00955 5 exists, skip this training.
Super pNN 0.01445 5 exists, skip this training.
Super pNN 0.02188 5 exists, skip this training.
Super pNN 0.03311 5 exists, skip this training.
Super pNN 0.05012 5 exists, skip this training.
Super pNN 0.07586 5 exists, skip this training.
Super pNN 0.11482 5 exists, skip this training.
Super pNN 0.17378 5 exists, skip this training.
Super pNN 0.26303 5 exists, skip this training.
Super pNN 0.39811 5 exists, skip this training.
Super pNN 0.60256 5 exists, skip this training.
Super pNN 0.91201 5 exists, skip this training.
Super pNN 1.38038 5 exists, skip this training.
Super pNN 2.0893 5 exists, skip this training.
Super pNN 3.16228 5 exists, skip this training.
Super pNN 4.7863 5 exists, skip this training.
Super pNN 7.24436 5 exists, skip this training.
Super pNN 10.96478 5 exists, skip this training.
Super pNN 16.59587 5 exists, skip this training.
Super pNN 25.11886 5 exists, skip this training.
Super pNN 38.01894 5 exists, skip this training.
Super pNN 57.54399 5 exists, skip this training.
Super pNN 87.09636 5 exists, skip this training.
Super pNN 131.82567 5 exists, skip this training.
Super pNN 199.52623 5 exists, skip this training.
Super pNN 301.99517 5 exists, skip this training.
Super pNN 457.08819 5 exists, skip this training.
Super pNN 691.83097 5 exists, skip this training.
Super pNN 1047.12855 5 exists, skip this training.
Super pNN 1584.89319 5 exists, skip this training.
Super pNN 2398.83292 5 exists, skip this training.
Super pNN 3630.78055 5 exists, skip this training.
Super pNN 5495.40874 5 exists, skip this training.
Super pNN 8317.63771 5 exists, skip this training.
Super pNN 12589.25412 5 exists, skip this training.
Super pNN 19054.60718 5 exists, skip this training.
Super pNN 28840.31503 5 exists, skip this training.
Super pNN 43651.58322 5 exists, skip this training.
Super pNN 66069.3448 5 exists, skip this training.
Super pNN 100000.0 5 exists, skip this training.

============================= JOB FEEDBACK =============================

NodeName=uc2n572
Job ID: 20930354
Cluster: uc2
User/Group: px3192/tm
State: COMPLETED (exit code 0)
Nodes: 1
Cores per node: 6
CPU Utilized: 00:00:02
CPU Efficiency: 1.28% of 00:02:36 core-walltime
Job Wall-clock time: 00:00:26
Memory Utilized: 2.36 MB
Memory Efficiency: 0.00% of 377.57 GB
