Loading acuteinflammation 6 2 70 23
Loading acutenephritis 6 2 70 23
Loading balancescale 4 3 373 124
Loading blood 4 2 447 149
Loading breastcancer 9 2 170 56
Loading breastcancerwisc 9 2 418 139
Loading breasttissue 9 6 62 20
Loading ecoli 7 8 200 66
Loading energyy1 8 3 459 153
Loading energyy2 8 3 459 153
Loading fertility 9 2 58 19
Loading glass 9 6 127 42
Loading habermansurvival 3 2 182 60
Loading hayesroth 3 3 93 31
Loading ilpdindianliver 9 2 348 116
Loading iris 4 3 88 29
Loading mammographic 5 2 575 191
Loading monks1 6 2 331 110
Loading monks2 6 2 358 119
Loading monks3 6 2 330 110
Loading pima 8 2 459 153
Loading pittsburgbridgesMATERIAL 7 3 62 20
Loading pittsburgbridgesRELL 7 3 60 20
Loading pittsburgbridgesSPAN 7 3 54 18
Loading pittsburgbridgesTORD 7 2 60 20
Loading pittsburgbridgesTYPE 7 6 61 20
Loading postoperative 8 3 52 17
Loading seeds 7 3 124 41
Loading teaching 5 3 89 29
Loading tictactoe 9 2 573 191
Loading vertebralcolumn2clases 6 2 184 61
Loading vertebralcolumn3clases 6 3 184 61
Finish data loading.
Training with penalty:0.0001 seed:3.
The ID for this training is 1658736442.
| epoch:    0 | TA: 0.02 | TL: 7.033e-01 | VA: 48.21 | VL: 7.024e-01 | Norm: 5.64e-03 | time: 1.98e-01 |
| epoch:  100 | TA: 85.43 | TL: 4.961e-01 | VA: 84.87 | VL: 4.953e-01 | Norm: 1.01e-01 | time: 1.89e+01 |
| epoch:  200 | TA: 83.71 | TL: 4.897e-01 | VA: 82.56 | VL: 4.931e-01 | Norm: 1.17e-01 | time: 1.88e+01 |
| epoch:  300 | TA: 79.05 | TL: 5.247e-01 | VA: 78.84 | VL: 5.227e-01 | Norm: 1.29e-01 | time: 1.88e+01 |
| epoch:  400 | TA: 77.03 | TL: 5.531e-01 | VA: 75.57 | VL: 5.530e-01 | Norm: 1.32e-01 | time: 1.88e+01 |
| epoch:  500 | TA: 77.03 | TL: 5.427e-01 | VA: 77.18 | VL: 5.355e-01 | Norm: 1.33e-01 | time: 1.88e+01 |
| epoch:  600 | TA: 74.15 | TL: 5.414e-01 | VA: 73.80 | VL: 5.353e-01 | Norm: 1.33e-01 | time: 1.87e+01 |
| epoch:  700 | TA: 74.69 | TL: 5.405e-01 | VA: 73.92 | VL: 5.346e-01 | Norm: 1.34e-01 | time: 1.88e+01 |
| epoch:  800 | TA: 74.37 | TL: 5.411e-01 | VA: 74.14 | VL: 5.353e-01 | Norm: 1.35e-01 | time: 1.89e+01 |
| epoch:  900 | TA: 75.34 | TL: 5.403e-01 | VA: 76.01 | VL: 5.345e-01 | Norm: 1.35e-01 | time: 1.88e+01 |
| epoch: 1000 | TA: 76.01 | TL: 5.407e-01 | VA: 76.24 | VL: 5.343e-01 | Norm: 1.36e-01 | time: 1.88e+01 |
Early stop.
Finished.
Training with penalty:0.00015 seed:3.
The ID for this training is 1658736645.
| epoch:    0 | TA: 0.02 | TL: 7.033e-01 | VA: 48.21 | VL: 7.024e-01 | Norm: 5.64e-03 | time: 1.85e-01 |
| epoch:  100 | TA: 88.20 | TL: 4.965e-01 | VA: 87.11 | VL: 4.978e-01 | Norm: 9.69e-02 | time: 1.85e+01 |
| epoch:  200 | TA: 77.93 | TL: 5.357e-01 | VA: 77.45 | VL: 5.319e-01 | Norm: 1.13e-01 | time: 1.86e+01 |
| epoch:  300 | TA: 73.91 | TL: 5.652e-01 | VA: 73.43 | VL: 5.566e-01 | Norm: 1.17e-01 | time: 1.86e+01 |
| epoch:  400 | TA: 73.40 | TL: 5.632e-01 | VA: 72.51 | VL: 5.557e-01 | Norm: 1.17e-01 | time: 1.87e+01 |
| epoch:  500 | TA: 73.09 | TL: 5.630e-01 | VA: 75.40 | VL: 5.556e-01 | Norm: 1.17e-01 | time: 1.89e+01 |
| epoch:  600 | TA: 72.95 | TL: 5.632e-01 | VA: 72.91 | VL: 5.555e-01 | Norm: 1.16e-01 | time: 1.88e+01 |
| epoch:  700 | TA: 70.70 | TL: 5.631e-01 | VA: 71.76 | VL: 5.554e-01 | Norm: 1.16e-01 | time: 1.89e+01 |
| epoch:  800 | TA: 73.02 | TL: 5.634e-01 | VA: 73.77 | VL: 5.560e-01 | Norm: 1.16e-01 | time: 1.88e+01 |
| epoch:  900 | TA: 72.86 | TL: 5.631e-01 | VA: 74.10 | VL: 5.549e-01 | Norm: 1.15e-01 | time: 1.89e+01 |
| epoch: 1000 | TA: 70.84 | TL: 5.636e-01 | VA: 74.99 | VL: 5.554e-01 | Norm: 1.15e-01 | time: 1.90e+01 |
| epoch: 1100 | TA: 71.73 | TL: 5.638e-01 | VA: 75.01 | VL: 5.552e-01 | Norm: 1.15e-01 | time: 1.92e+01 |
Early stop.
Finished.
Training with penalty:0.00023 seed:3.
The ID for this training is 1658736863.
| epoch:    0 | TA: 0.02 | TL: 7.033e-01 | VA: 48.21 | VL: 7.024e-01 | Norm: 5.64e-03 | time: 2.26e-01 |
| epoch:  100 | TA: 90.08 | TL: 4.929e-01 | VA: 83.59 | VL: 4.920e-01 | Norm: 9.32e-02 | time: 1.87e+01 |
| epoch:  200 | TA: 85.54 | TL: 5.112e-01 | VA: 82.77 | VL: 5.166e-01 | Norm: 1.11e-01 | time: 1.88e+01 |
| epoch:  300 | TA: 77.35 | TL: 5.403e-01 | VA: 76.81 | VL: 5.369e-01 | Norm: 1.26e-01 | time: 1.87e+01 |
| epoch:  400 | TA: 77.59 | TL: 5.388e-01 | VA: 75.87 | VL: 5.333e-01 | Norm: 1.29e-01 | time: 1.88e+01 |
| epoch:  500 | TA: 76.48 | TL: 5.395e-01 | VA: 76.90 | VL: 5.319e-01 | Norm: 1.32e-01 | time: 1.88e+01 |
| epoch:  600 | TA: 73.12 | TL: 5.641e-01 | VA: 74.04 | VL: 5.572e-01 | Norm: 1.32e-01 | time: 1.89e+01 |
| epoch:  700 | TA: 72.32 | TL: 5.639e-01 | VA: 70.74 | VL: 5.569e-01 | Norm: 1.31e-01 | time: 1.89e+01 |
| epoch:  800 | TA: 72.85 | TL: 5.638e-01 | VA: 74.98 | VL: 5.563e-01 | Norm: 1.31e-01 | time: 1.89e+01 |
| epoch:  900 | TA: 74.71 | TL: 5.624e-01 | VA: 71.63 | VL: 5.554e-01 | Norm: 1.30e-01 | time: 1.89e+01 |
| epoch: 1000 | TA: 71.19 | TL: 5.625e-01 | VA: 74.38 | VL: 5.552e-01 | Norm: 1.30e-01 | time: 1.90e+01 |
| epoch: 1100 | TA: 73.85 | TL: 5.629e-01 | VA: 74.78 | VL: 5.555e-01 | Norm: 1.29e-01 | time: 1.89e+01 |
Early stop.
Finished.
Training with penalty:0.00035 seed:3.
The ID for this training is 1658737091.
| epoch:    0 | TA: 0.02 | TL: 7.033e-01 | VA: 48.21 | VL: 7.024e-01 | Norm: 5.64e-03 | time: 1.85e-01 |
| epoch:  100 | TA: 89.06 | TL: 4.470e-01 | VA: 87.63 | VL: 4.496e-01 | Norm: 9.90e-02 | time: 1.86e+01 |
| epoch:  200 | TA: 81.07 | TL: 5.035e-01 | VA: 77.90 | VL: 5.042e-01 | Norm: 1.16e-01 | time: 1.87e+01 |
| epoch:  300 | TA: 81.34 | TL: 5.085e-01 | VA: 80.07 | VL: 5.135e-01 | Norm: 1.29e-01 | time: 1.87e+01 |
| epoch:  400 | TA: 78.67 | TL: 5.176e-01 | VA: 77.35 | VL: 5.154e-01 | Norm: 1.32e-01 | time: 1.88e+01 |
| epoch:  500 | TA: 76.48 | TL: 5.451e-01 | VA: 75.60 | VL: 5.388e-01 | Norm: 1.34e-01 | time: 1.89e+01 |
| epoch:  600 | TA: 74.40 | TL: 5.423e-01 | VA: 77.16 | VL: 5.349e-01 | Norm: 1.34e-01 | time: 1.89e+01 |
| epoch:  700 | TA: 74.16 | TL: 5.418e-01 | VA: 76.01 | VL: 5.341e-01 | Norm: 1.34e-01 | time: 1.89e+01 |
| epoch:  800 | TA: 74.01 | TL: 5.412e-01 | VA: 76.07 | VL: 5.346e-01 | Norm: 1.34e-01 | time: 1.89e+01 |
| epoch:  900 | TA: 76.48 | TL: 5.403e-01 | VA: 75.99 | VL: 5.325e-01 | Norm: 1.34e-01 | time: 1.89e+01 |
| epoch: 1000 | TA: 75.53 | TL: 5.408e-01 | VA: 75.01 | VL: 5.339e-01 | Norm: 1.34e-01 | time: 1.89e+01 |
| epoch: 1100 | TA: 75.73 | TL: 5.402e-01 | VA: 73.32 | VL: 5.335e-01 | Norm: 1.33e-01 | time: 1.89e+01 |
Early stop.
Finished.
Training with penalty:0.00052 seed:3.
The ID for this training is 1658737305.
| epoch:    0 | TA: 0.02 | TL: 7.033e-01 | VA: 48.21 | VL: 7.024e-01 | Norm: 5.64e-03 | time: 1.86e-01 |
| epoch:  100 | TA: 83.68 | TL: 5.149e-01 | VA: 79.05 | VL: 5.281e-01 | Norm: 9.35e-02 | time: 1.86e+01 |
| epoch:  200 | TA: 76.29 | TL: 5.497e-01 | VA: 77.52 | VL: 5.468e-01 | Norm: 1.07e-01 | time: 1.87e+01 |
| epoch:  300 | TA: 73.72 | TL: 5.635e-01 | VA: 73.89 | VL: 5.558e-01 | Norm: 1.09e-01 | time: 1.87e+01 |
| epoch:  400 | TA: 74.32 | TL: 5.637e-01 | VA: 72.25 | VL: 5.562e-01 | Norm: 1.08e-01 | time: 1.88e+01 |
| epoch:  500 | TA: 73.88 | TL: 5.626e-01 | VA: 73.88 | VL: 5.557e-01 | Norm: 1.07e-01 | time: 1.88e+01 |
| epoch:  600 | TA: 72.44 | TL: 5.632e-01 | VA: 74.80 | VL: 5.552e-01 | Norm: 1.06e-01 | time: 1.89e+01 |
| epoch:  700 | TA: 71.92 | TL: 5.633e-01 | VA: 73.46 | VL: 5.559e-01 | Norm: 1.05e-01 | time: 1.88e+01 |
| epoch:  800 | TA: 70.95 | TL: 5.631e-01 | VA: 71.49 | VL: 5.560e-01 | Norm: 1.04e-01 | time: 1.89e+01 |
| epoch:  900 | TA: 72.23 | TL: 5.631e-01 | VA: 71.22 | VL: 5.557e-01 | Norm: 1.03e-01 | time: 1.89e+01 |
| epoch: 1000 | TA: 72.85 | TL: 5.625e-01 | VA: 74.17 | VL: 5.557e-01 | Norm: 1.02e-01 | time: 1.89e+01 |
Early stop.
Finished.
Training with penalty:0.00079 seed:3.
The ID for this training is 1658737511.
| epoch:    0 | TA: 0.02 | TL: 7.033e-01 | VA: 48.21 | VL: 7.024e-01 | Norm: 5.64e-03 | time: 1.85e-01 |
| epoch:  100 | TA: 89.91 | TL: 4.763e-01 | VA: 88.19 | VL: 4.827e-01 | Norm: 1.01e-01 | time: 1.87e+01 |
| epoch:  200 | TA: 87.35 | TL: 4.740e-01 | VA: 86.57 | VL: 4.739e-01 | Norm: 1.18e-01 | time: 1.87e+01 |
| epoch:  300 | TA: 83.85 | TL: 4.950e-01 | VA: 82.91 | VL: 4.997e-01 | Norm: 1.32e-01 | time: 1.87e+01 |
| epoch:  400 | TA: 80.86 | TL: 4.930e-01 | VA: 81.99 | VL: 4.938e-01 | Norm: 1.37e-01 | time: 1.87e+01 |
| epoch:  500 | TA: 81.44 | TL: 5.018e-01 | VA: 79.27 | VL: 5.042e-01 | Norm: 1.39e-01 | time: 1.89e+01 |
| epoch:  600 | TA: 77.97 | TL: 5.196e-01 | VA: 78.90 | VL: 5.210e-01 | Norm: 1.40e-01 | time: 1.89e+01 |
| epoch:  700 | TA: 80.66 | TL: 5.156e-01 | VA: 79.99 | VL: 5.193e-01 | Norm: 1.41e-01 | time: 1.89e+01 |
| epoch:  800 | TA: 79.50 | TL: 5.142e-01 | VA: 77.68 | VL: 5.163e-01 | Norm: 1.42e-01 | time: 1.89e+01 |
| epoch:  900 | TA: 80.55 | TL: 5.129e-01 | VA: 77.99 | VL: 5.159e-01 | Norm: 1.41e-01 | time: 1.89e+01 |
| epoch: 1000 | TA: 81.34 | TL: 5.129e-01 | VA: 79.34 | VL: 5.148e-01 | Norm: 1.41e-01 | time: 1.90e+01 |
Early stop.
Finished.
Training with penalty:0.0012 seed:3.
The ID for this training is 1658737718.
| epoch:    0 | TA: 0.02 | TL: 7.033e-01 | VA: 48.21 | VL: 7.024e-01 | Norm: 5.64e-03 | time: 1.88e-01 |
| epoch:  100 | TA: 88.92 | TL: 4.959e-01 | VA: 86.72 | VL: 5.019e-01 | Norm: 1.00e-01 | time: 1.87e+01 |
| epoch:  200 | TA: 84.87 | TL: 4.978e-01 | VA: 86.70 | VL: 4.955e-01 | Norm: 1.27e-01 | time: 1.87e+01 |
| epoch:  300 | TA: 80.66 | TL: 5.055e-01 | VA: 79.61 | VL: 5.023e-01 | Norm: 1.41e-01 | time: 1.87e+01 |
| epoch:  400 | TA: 79.76 | TL: 5.230e-01 | VA: 78.13 | VL: 5.230e-01 | Norm: 1.44e-01 | time: 1.88e+01 |
| epoch:  500 | TA: 79.13 | TL: 5.123e-01 | VA: 81.06 | VL: 5.133e-01 | Norm: 1.46e-01 | time: 1.88e+01 |
| epoch:  600 | TA: 74.30 | TL: 5.523e-01 | VA: 76.98 | VL: 5.479e-01 | Norm: 1.47e-01 | time: 1.90e+01 |
| epoch:  700 | TA: 74.01 | TL: 5.473e-01 | VA: 75.27 | VL: 5.435e-01 | Norm: 1.46e-01 | time: 1.89e+01 |
| epoch:  800 | TA: 77.41 | TL: 5.470e-01 | VA: 79.52 | VL: 5.431e-01 | Norm: 1.45e-01 | time: 1.89e+01 |
| epoch:  900 | TA: 76.34 | TL: 5.468e-01 | VA: 76.34 | VL: 5.435e-01 | Norm: 1.44e-01 | time: 1.89e+01 |
| epoch: 1000 | TA: 78.69 | TL: 5.464e-01 | VA: 79.62 | VL: 5.436e-01 | Norm: 1.43e-01 | time: 1.89e+01 |
Early stop.
Finished.
Training with penalty:0.00182 seed:3.
The ID for this training is 1658737925.
| epoch:    0 | TA: 0.02 | TL: 7.033e-01 | VA: 48.21 | VL: 7.024e-01 | Norm: 5.64e-03 | time: 1.86e-01 |
| epoch:  100 | TA: 86.38 | TL: 4.814e-01 | VA: 87.76 | VL: 4.585e-01 | Norm: 9.75e-02 | time: 1.87e+01 |
| epoch:  200 | TA: 80.90 | TL: 5.516e-01 | VA: 77.79 | VL: 5.471e-01 | Norm: 1.16e-01 | time: 1.87e+01 |
| epoch:  300 | TA: 80.80 | TL: 5.094e-01 | VA: 80.19 | VL: 5.120e-01 | Norm: 1.25e-01 | time: 1.87e+01 |
| epoch:  400 | TA: 77.34 | TL: 5.391e-01 | VA: 80.32 | VL: 5.433e-01 | Norm: 1.26e-01 | time: 1.89e+01 |
| epoch:  500 | TA: 75.96 | TL: 5.438e-01 | VA: 74.58 | VL: 5.371e-01 | Norm: 1.25e-01 | time: 1.88e+01 |
| epoch:  600 | TA: 75.07 | TL: 5.422e-01 | VA: 76.99 | VL: 5.360e-01 | Norm: 1.24e-01 | time: 1.89e+01 |
| epoch:  700 | TA: 75.99 | TL: 5.426e-01 | VA: 76.99 | VL: 5.355e-01 | Norm: 1.23e-01 | time: 1.89e+01 |
| epoch:  800 | TA: 75.64 | TL: 5.415e-01 | VA: 74.83 | VL: 5.348e-01 | Norm: 1.21e-01 | time: 1.89e+01 |
| epoch:  900 | TA: 75.90 | TL: 5.411e-01 | VA: 74.60 | VL: 5.347e-01 | Norm: 1.20e-01 | time: 1.90e+01 |
| epoch: 1000 | TA: 76.50 | TL: 5.405e-01 | VA: 74.47 | VL: 5.344e-01 | Norm: 1.19e-01 | time: 1.89e+01 |
| epoch: 1100 | TA: 77.18 | TL: 5.406e-01 | VA: 73.91 | VL: 5.348e-01 | Norm: 1.17e-01 | time: 1.89e+01 |
Early stop.
Finished.
Training with penalty:0.00275 seed:3.
The ID for this training is 1658738140.
| epoch:    0 | TA: 0.02 | TL: 7.033e-01 | VA: 48.21 | VL: 7.025e-01 | Norm: 5.64e-03 | time: 1.86e-01 |
| epoch:  100 | TA: 89.16 | TL: 4.771e-01 | VA: 85.23 | VL: 4.827e-01 | Norm: 1.02e-01 | time: 1.86e+01 |
| epoch:  200 | TA: 79.65 | TL: 5.485e-01 | VA: 82.69 | VL: 5.255e-01 | Norm: 1.22e-01 | time: 1.87e+01 |
| epoch:  300 | TA: 81.78 | TL: 5.003e-01 | VA: 83.04 | VL: 4.969e-01 | Norm: 1.34e-01 | time: 1.87e+01 |
| epoch:  400 | TA: 82.22 | TL: 5.008e-01 | VA: 81.37 | VL: 4.991e-01 | Norm: 1.38e-01 | time: 1.88e+01 |
| epoch:  500 | TA: 77.56 | TL: 5.232e-01 | VA: 78.30 | VL: 5.243e-01 | Norm: 1.39e-01 | time: 1.88e+01 |
| epoch:  600 | TA: 78.84 | TL: 5.209e-01 | VA: 78.38 | VL: 5.226e-01 | Norm: 1.39e-01 | time: 1.89e+01 |
| epoch:  700 | TA: 78.17 | TL: 5.481e-01 | VA: 75.85 | VL: 5.437e-01 | Norm: 1.38e-01 | time: 1.89e+01 |
| epoch:  800 | TA: 78.63 | TL: 5.474e-01 | VA: 76.28 | VL: 5.427e-01 | Norm: 1.36e-01 | time: 1.89e+01 |
| epoch:  900 | TA: 77.90 | TL: 5.464e-01 | VA: 77.35 | VL: 5.420e-01 | Norm: 1.34e-01 | time: 1.89e+01 |
| epoch: 1000 | TA: 78.76 | TL: 5.464e-01 | VA: 75.07 | VL: 5.425e-01 | Norm: 1.31e-01 | time: 1.90e+01 |
| epoch: 1100 | TA: 77.39 | TL: 5.460e-01 | VA: 76.10 | VL: 5.413e-01 | Norm: 1.29e-01 | time: 1.90e+01 |
Early stop.
Finished.
Training with penalty:0.00417 seed:3.
The ID for this training is 1658738353.
| epoch:    0 | TA: 0.02 | TL: 7.033e-01 | VA: 48.21 | VL: 7.025e-01 | Norm: 5.64e-03 | time: 1.86e-01 |
| epoch:  100 | TA: 88.95 | TL: 4.679e-01 | VA: 87.72 | VL: 4.774e-01 | Norm: 1.00e-01 | time: 1.87e+01 |
| epoch:  200 | TA: 87.72 | TL: 4.733e-01 | VA: 85.12 | VL: 4.790e-01 | Norm: 1.23e-01 | time: 1.87e+01 |
| epoch:  300 | TA: 88.45 | TL: 4.625e-01 | VA: 86.67 | VL: 4.658e-01 | Norm: 1.34e-01 | time: 1.87e+01 |
| epoch:  400 | TA: 78.78 | TL: 5.409e-01 | VA: 78.10 | VL: 5.357e-01 | Norm: 1.37e-01 | time: 1.88e+01 |
| epoch:  500 | TA: 77.98 | TL: 5.372e-01 | VA: 77.79 | VL: 5.327e-01 | Norm: 1.34e-01 | time: 1.88e+01 |
| epoch:  600 | TA: 78.88 | TL: 5.368e-01 | VA: 78.94 | VL: 5.326e-01 | Norm: 1.31e-01 | time: 1.89e+01 |
| epoch:  700 | TA: 77.63 | TL: 5.361e-01 | VA: 78.08 | VL: 5.322e-01 | Norm: 1.28e-01 | time: 1.88e+01 |
| epoch:  800 | TA: 79.21 | TL: 5.365e-01 | VA: 77.03 | VL: 5.328e-01 | Norm: 1.25e-01 | time: 1.89e+01 |
| epoch:  900 | TA: 77.02 | TL: 5.361e-01 | VA: 78.17 | VL: 5.318e-01 | Norm: 1.22e-01 | time: 1.89e+01 |
| epoch: 1000 | TA: 76.70 | TL: 5.360e-01 | VA: 75.71 | VL: 5.320e-01 | Norm: 1.19e-01 | time: 1.89e+01 |
| epoch: 1100 | TA: 78.75 | TL: 5.359e-01 | VA: 76.32 | VL: 5.315e-01 | Norm: 1.16e-01 | time: 1.89e+01 |
| epoch: 1200 | TA: 76.71 | TL: 5.354e-01 | VA: 78.40 | VL: 5.311e-01 | Norm: 1.13e-01 | time: 1.95e+01 |
Early stop.
Finished.
Training with penalty:0.00631 seed:3.
The ID for this training is 1658738594.
| epoch:    0 | TA: 0.02 | TL: 7.033e-01 | VA: 48.21 | VL: 7.025e-01 | Norm: 5.64e-03 | time: 1.86e-01 |
| epoch:  100 | TA: 92.50 | TL: 4.494e-01 | VA: 87.90 | VL: 4.669e-01 | Norm: 9.84e-02 | time: 1.87e+01 |
| epoch:  200 | TA: 86.75 | TL: 4.718e-01 | VA: 79.26 | VL: 5.566e-01 | Norm: 1.21e-01 | time: 1.87e+01 |
| epoch:  300 | TA: 84.51 | TL: 4.793e-01 | VA: 85.76 | VL: 4.840e-01 | Norm: 1.32e-01 | time: 1.87e+01 |
| epoch:  400 | TA: 81.43 | TL: 5.125e-01 | VA: 77.80 | VL: 5.112e-01 | Norm: 1.37e-01 | time: 1.88e+01 |
| epoch:  500 | TA: 77.61 | TL: 5.409e-01 | VA: 77.05 | VL: 5.351e-01 | Norm: 1.36e-01 | time: 1.88e+01 |
| epoch:  600 | TA: 70.93 | TL: 5.650e-01 | VA: 71.14 | VL: 5.580e-01 | Norm: 1.32e-01 | time: 1.88e+01 |
| epoch:  700 | TA: 74.07 | TL: 5.649e-01 | VA: 73.91 | VL: 5.588e-01 | Norm: 1.28e-01 | time: 1.89e+01 |
| epoch:  800 | TA: 73.76 | TL: 5.640e-01 | VA: 75.67 | VL: 5.578e-01 | Norm: 1.24e-01 | time: 1.89e+01 |
| epoch:  900 | TA: 72.59 | TL: 5.640e-01 | VA: 72.21 | VL: 5.578e-01 | Norm: 1.19e-01 | time: 1.89e+01 |
| epoch: 1000 | TA: 74.13 | TL: 5.636e-01 | VA: 72.03 | VL: 5.571e-01 | Norm: 1.15e-01 | time: 1.89e+01 |
Early stop.
Finished.
Training with penalty:0.00955 seed:3.
The ID for this training is 1658738803.
| epoch:    0 | TA: 0.02 | TL: 7.033e-01 | VA: 48.21 | VL: 7.025e-01 | Norm: 5.64e-03 | time: 1.85e-01 |
| epoch:  100 | TA: 85.21 | TL: 5.237e-01 | VA: 85.06 | VL: 5.048e-01 | Norm: 9.21e-02 | time: 1.87e+01 |
| epoch:  200 | TA: 80.60 | TL: 5.259e-01 | VA: 81.84 | VL: 5.199e-01 | Norm: 1.04e-01 | time: 1.86e+01 |
| epoch:  300 | TA: 80.30 | TL: 5.268e-01 | VA: 81.24 | VL: 5.242e-01 | Norm: 1.10e-01 | time: 1.88e+01 |
| epoch:  400 | TA: 73.53 | TL: 5.492e-01 | VA: 74.83 | VL: 5.471e-01 | Norm: 1.04e-01 | time: 1.88e+01 |
| epoch:  500 | TA: 75.91 | TL: 5.486e-01 | VA: 77.34 | VL: 5.462e-01 | Norm: 9.88e-02 | time: 1.88e+01 |
| epoch:  600 | TA: 76.66 | TL: 5.476e-01 | VA: 77.30 | VL: 5.458e-01 | Norm: 9.39e-02 | time: 1.89e+01 |
| epoch:  700 | TA: 76.31 | TL: 5.472e-01 | VA: 78.27 | VL: 5.453e-01 | Norm: 8.90e-02 | time: 1.88e+01 |
| epoch:  800 | TA: 75.27 | TL: 5.469e-01 | VA: 75.40 | VL: 5.450e-01 | Norm: 8.49e-02 | time: 1.89e+01 |
| epoch:  900 | TA: 75.71 | TL: 5.462e-01 | VA: 75.88 | VL: 5.445e-01 | Norm: 8.08e-02 | time: 1.89e+01 |
| epoch: 1000 | TA: 75.30 | TL: 5.459e-01 | VA: 76.46 | VL: 5.448e-01 | Norm: 7.69e-02 | time: 1.89e+01 |
| epoch: 1100 | TA: 74.51 | TL: 5.457e-01 | VA: 79.32 | VL: 5.440e-01 | Norm: 7.32e-02 | time: 1.89e+01 |
Early stop.
Finished.
Training with penalty:0.01445 seed:3.
The ID for this training is 1658739028.
| epoch:    0 | TA: 0.02 | TL: 7.033e-01 | VA: 48.21 | VL: 7.025e-01 | Norm: 5.64e-03 | time: 1.86e-01 |
| epoch:  100 | TA: 89.51 | TL: 4.978e-01 | VA: 87.72 | VL: 4.977e-01 | Norm: 8.81e-02 | time: 1.87e+01 |
| epoch:  200 | TA: 80.07 | TL: 5.658e-01 | VA: 77.80 | VL: 5.600e-01 | Norm: 1.00e-01 | time: 1.86e+01 |
| epoch:  300 | TA: 71.96 | TL: 5.756e-01 | VA: 74.97 | VL: 5.663e-01 | Norm: 1.02e-01 | time: 1.88e+01 |
| epoch:  400 | TA: 75.05 | TL: 5.551e-01 | VA: 75.16 | VL: 5.455e-01 | Norm: 9.45e-02 | time: 1.87e+01 |
| epoch:  500 | TA: 72.25 | TL: 5.649e-01 | VA: 73.13 | VL: 5.588e-01 | Norm: 8.86e-02 | time: 1.89e+01 |
| epoch:  600 | TA: 73.21 | TL: 5.652e-01 | VA: 74.28 | VL: 5.587e-01 | Norm: 8.30e-02 | time: 1.89e+01 |
| epoch:  700 | TA: 73.74 | TL: 5.644e-01 | VA: 74.18 | VL: 5.584e-01 | Norm: 7.77e-02 | time: 1.89e+01 |
| epoch:  800 | TA: 72.88 | TL: 5.645e-01 | VA: 74.09 | VL: 5.582e-01 | Norm: 7.29e-02 | time: 1.89e+01 |
| epoch:  900 | TA: 72.78 | TL: 5.645e-01 | VA: 74.29 | VL: 5.582e-01 | Norm: 6.86e-02 | time: 1.89e+01 |
| epoch: 1000 | TA: 71.16 | TL: 5.643e-01 | VA: 68.80 | VL: 5.579e-01 | Norm: 6.45e-02 | time: 1.90e+01 |
Early stop.
Finished.
Training with penalty:0.02188 seed:3.
The ID for this training is 1658739236.
| epoch:    0 | TA: 0.02 | TL: 7.033e-01 | VA: 48.21 | VL: 7.026e-01 | Norm: 5.64e-03 | time: 2.26e-01 |
| epoch:  100 | TA: 81.03 | TL: 5.597e-01 | VA: 81.90 | VL: 5.342e-01 | Norm: 8.24e-02 | time: 1.87e+01 |
| epoch:  200 | TA: 76.46 | TL: 5.507e-01 | VA: 72.62 | VL: 5.451e-01 | Norm: 9.50e-02 | time: 1.87e+01 |
| epoch:  300 | TA: 78.16 | TL: 5.452e-01 | VA: 75.61 | VL: 5.370e-01 | Norm: 9.19e-02 | time: 1.87e+01 |
| epoch:  400 | TA: 74.40 | TL: 5.670e-01 | VA: 74.00 | VL: 5.594e-01 | Norm: 8.40e-02 | time: 1.89e+01 |
| epoch:  500 | TA: 72.01 | TL: 5.651e-01 | VA: 73.14 | VL: 5.581e-01 | Norm: 7.64e-02 | time: 1.88e+01 |
| epoch:  600 | TA: 72.88 | TL: 5.654e-01 | VA: 73.42 | VL: 5.593e-01 | Norm: 6.98e-02 | time: 1.89e+01 |
| epoch:  700 | TA: 73.70 | TL: 5.649e-01 | VA: 72.60 | VL: 5.583e-01 | Norm: 6.42e-02 | time: 1.89e+01 |
| epoch:  800 | TA: 72.24 | TL: 5.651e-01 | VA: 73.45 | VL: 5.574e-01 | Norm: 5.91e-02 | time: 1.89e+01 |
| epoch:  900 | TA: 72.65 | TL: 5.638e-01 | VA: 72.75 | VL: 5.571e-01 | Norm: 5.46e-02 | time: 1.89e+01 |
| epoch: 1000 | TA: 73.07 | TL: 5.644e-01 | VA: 74.32 | VL: 5.577e-01 | Norm: 5.06e-02 | time: 1.89e+01 |
Early stop.
Finished.
Training with penalty:0.03311 seed:3.
The ID for this training is 1658739444.
| epoch:    0 | TA: 0.02 | TL: 7.033e-01 | VA: 48.21 | VL: 7.026e-01 | Norm: 5.64e-03 | time: 1.85e-01 |
| epoch:  100 | TA: 84.64 | TL: 5.175e-01 | VA: 77.73 | VL: 5.333e-01 | Norm: 8.13e-02 | time: 1.87e+01 |
| epoch:  200 | TA: 79.78 | TL: 5.355e-01 | VA: 78.43 | VL: 5.292e-01 | Norm: 9.17e-02 | time: 1.87e+01 |
| epoch:  300 | TA: 72.03 | TL: 5.801e-01 | VA: 73.26 | VL: 5.703e-01 | Norm: 8.57e-02 | time: 1.86e+01 |
| epoch:  400 | TA: 72.60 | TL: 5.660e-01 | VA: 73.39 | VL: 5.571e-01 | Norm: 7.60e-02 | time: 1.88e+01 |
| epoch:  500 | TA: 71.42 | TL: 5.656e-01 | VA: 74.25 | VL: 5.569e-01 | Norm: 6.74e-02 | time: 1.87e+01 |
| epoch:  600 | TA: 73.12 | TL: 5.652e-01 | VA: 72.20 | VL: 5.564e-01 | Norm: 6.05e-02 | time: 1.89e+01 |
| epoch:  700 | TA: 71.68 | TL: 5.648e-01 | VA: 71.57 | VL: 5.566e-01 | Norm: 5.45e-02 | time: 1.88e+01 |
| epoch:  800 | TA: 71.93 | TL: 5.647e-01 | VA: 73.64 | VL: 5.571e-01 | Norm: 4.91e-02 | time: 1.88e+01 |
| epoch:  900 | TA: 72.19 | TL: 5.649e-01 | VA: 73.85 | VL: 5.563e-01 | Norm: 4.49e-02 | time: 1.89e+01 |
| epoch: 1000 | TA: 70.72 | TL: 5.646e-01 | VA: 72.39 | VL: 5.564e-01 | Norm: 4.12e-02 | time: 1.90e+01 |
Early stop.
Finished.
Training with penalty:0.05012 seed:3.
The ID for this training is 1658739651.
| epoch:    0 | TA: 0.02 | TL: 7.033e-01 | VA: 48.21 | VL: 7.027e-01 | Norm: 5.64e-03 | time: 1.85e-01 |
| epoch:  100 | TA: 82.89 | TL: 5.189e-01 | VA: 81.42 | VL: 5.178e-01 | Norm: 7.59e-02 | time: 1.86e+01 |
| epoch:  200 | TA: 82.80 | TL: 5.102e-01 | VA: 78.83 | VL: 5.439e-01 | Norm: 7.72e-02 | time: 1.86e+01 |
| epoch:  300 | TA: 71.24 | TL: 6.032e-01 | VA: 73.48 | VL: 5.650e-01 | Norm: 7.55e-02 | time: 1.88e+01 |
| epoch:  400 | TA: 76.36 | TL: 5.443e-01 | VA: 77.19 | VL: 5.387e-01 | Norm: 7.04e-02 | time: 1.88e+01 |
| epoch:  500 | TA: 71.72 | TL: 5.671e-01 | VA: 72.03 | VL: 5.584e-01 | Norm: 6.11e-02 | time: 1.88e+01 |
| epoch:  600 | TA: 73.61 | TL: 5.664e-01 | VA: 73.52 | VL: 5.578e-01 | Norm: 5.29e-02 | time: 1.88e+01 |
| epoch:  700 | TA: 74.11 | TL: 5.655e-01 | VA: 70.89 | VL: 5.582e-01 | Norm: 4.70e-02 | time: 1.89e+01 |
| epoch:  800 | TA: 71.74 | TL: 5.655e-01 | VA: 74.14 | VL: 5.576e-01 | Norm: 4.24e-02 | time: 1.89e+01 |
| epoch:  900 | TA: 72.02 | TL: 5.653e-01 | VA: 73.10 | VL: 5.564e-01 | Norm: 3.89e-02 | time: 1.89e+01 |
| epoch: 1000 | TA: 70.56 | TL: 5.650e-01 | VA: 71.79 | VL: 5.573e-01 | Norm: 3.62e-02 | time: 1.90e+01 |
Early stop.
Finished.
Training with penalty:0.07586 seed:3.
The ID for this training is 1658739857.
| epoch:    0 | TA: 0.02 | TL: 7.033e-01 | VA: 48.21 | VL: 7.029e-01 | Norm: 5.64e-03 | time: 1.86e-01 |
| epoch:  100 | TA: 89.66 | TL: 4.751e-01 | VA: 86.65 | VL: 5.279e-01 | Norm: 7.90e-02 | time: 1.87e+01 |
| epoch:  200 | TA: 89.91 | TL: 4.648e-01 | VA: 80.35 | VL: 5.763e-01 | Norm: 8.67e-02 | time: 1.86e+01 |
| epoch:  300 | TA: 79.59 | TL: 5.359e-01 | VA: 79.73 | VL: 5.304e-01 | Norm: 8.92e-02 | time: 1.87e+01 |
| epoch:  400 | TA: 74.36 | TL: 5.700e-01 | VA: 74.51 | VL: 5.623e-01 | Norm: 7.78e-02 | time: 1.87e+01 |
| epoch:  500 | TA: 71.63 | TL: 5.682e-01 | VA: 70.34 | VL: 5.612e-01 | Norm: 6.59e-02 | time: 1.88e+01 |
| epoch:  600 | TA: 73.28 | TL: 5.680e-01 | VA: 72.62 | VL: 5.611e-01 | Norm: 5.70e-02 | time: 1.88e+01 |
| epoch:  700 | TA: 74.19 | TL: 5.671e-01 | VA: 73.27 | VL: 5.590e-01 | Norm: 5.02e-02 | time: 1.89e+01 |
| epoch:  800 | TA: 72.88 | TL: 5.668e-01 | VA: 75.09 | VL: 5.595e-01 | Norm: 4.46e-02 | time: 1.89e+01 |
| epoch:  900 | TA: 73.59 | TL: 5.667e-01 | VA: 74.39 | VL: 5.595e-01 | Norm: 4.02e-02 | time: 1.89e+01 |
| epoch: 1000 | TA: 72.07 | TL: 5.657e-01 | VA: 74.55 | VL: 5.583e-01 | Norm: 3.62e-02 | time: 1.90e+01 |
Early stop.
Finished.
Training with penalty:0.11482 seed:3.
The ID for this training is 1658740066.
| epoch:    0 | TA: 0.02 | TL: 7.033e-01 | VA: 48.21 | VL: 7.031e-01 | Norm: 5.64e-03 | time: 1.86e-01 |
| epoch:  100 | TA: 83.62 | TL: 5.290e-01 | VA: 81.31 | VL: 5.271e-01 | Norm: 6.72e-02 | time: 1.86e+01 |
| epoch:  200 | TA: 79.46 | TL: 5.619e-01 | VA: 72.74 | VL: 5.708e-01 | Norm: 6.72e-02 | time: 1.88e+01 |
| epoch:  300 | TA: 73.36 | TL: 5.819e-01 | VA: 74.04 | VL: 5.725e-01 | Norm: 6.05e-02 | time: 1.87e+01 |
| epoch:  400 | TA: 70.53 | TL: 5.696e-01 | VA: 72.07 | VL: 5.610e-01 | Norm: 4.70e-02 | time: 1.88e+01 |
| epoch:  500 | TA: 71.30 | TL: 5.681e-01 | VA: 73.44 | VL: 5.588e-01 | Norm: 3.86e-02 | time: 1.89e+01 |
| epoch:  600 | TA: 71.86 | TL: 5.667e-01 | VA: 73.01 | VL: 5.583e-01 | Norm: 3.29e-02 | time: 1.88e+01 |
| epoch:  700 | TA: 73.35 | TL: 5.667e-01 | VA: 74.00 | VL: 5.579e-01 | Norm: 2.83e-02 | time: 1.89e+01 |
| epoch:  800 | TA: 74.82 | TL: 5.664e-01 | VA: 71.80 | VL: 5.586e-01 | Norm: 2.51e-02 | time: 1.89e+01 |
| epoch:  900 | TA: 74.44 | TL: 5.666e-01 | VA: 74.37 | VL: 5.584e-01 | Norm: 2.25e-02 | time: 1.89e+01 |
| epoch: 1000 | TA: 70.98 | TL: 5.659e-01 | VA: 73.94 | VL: 5.574e-01 | Norm: 2.03e-02 | time: 1.90e+01 |
| epoch: 1100 | TA: 71.38 | TL: 5.656e-01 | VA: 73.53 | VL: 5.572e-01 | Norm: 1.85e-02 | time: 1.90e+01 |
Early stop.
Finished.
Training with penalty:0.17378 seed:3.
The ID for this training is 1658740293.
| epoch:    0 | TA: 0.02 | TL: 7.033e-01 | VA: 48.21 | VL: 7.034e-01 | Norm: 5.64e-03 | time: 1.85e-01 |
| epoch:  100 | TA: 85.47 | TL: 5.196e-01 | VA: 84.80 | VL: 5.220e-01 | Norm: 6.10e-02 | time: 1.86e+01 |
| epoch:  200 | TA: 82.40 | TL: 5.339e-01 | VA: 83.22 | VL: 5.314e-01 | Norm: 6.36e-02 | time: 1.87e+01 |
| epoch:  300 | TA: 74.37 | TL: 5.776e-01 | VA: 73.05 | VL: 5.685e-01 | Norm: 5.55e-02 | time: 1.87e+01 |
| epoch:  400 | TA: 73.72 | TL: 5.709e-01 | VA: 74.72 | VL: 5.630e-01 | Norm: 4.18e-02 | time: 1.87e+01 |
| epoch:  500 | TA: 71.87 | TL: 5.696e-01 | VA: 74.04 | VL: 5.618e-01 | Norm: 3.36e-02 | time: 1.88e+01 |
| epoch:  600 | TA: 74.58 | TL: 5.683e-01 | VA: 72.95 | VL: 5.607e-01 | Norm: 2.78e-02 | time: 1.89e+01 |
| epoch:  700 | TA: 73.16 | TL: 5.673e-01 | VA: 73.90 | VL: 5.598e-01 | Norm: 2.34e-02 | time: 1.89e+01 |
| epoch:  800 | TA: 70.28 | TL: 5.670e-01 | VA: 72.57 | VL: 5.591e-01 | Norm: 2.01e-02 | time: 1.90e+01 |
| epoch:  900 | TA: 72.25 | TL: 5.673e-01 | VA: 72.52 | VL: 5.596e-01 | Norm: 1.76e-02 | time: 1.89e+01 |
| epoch: 1000 | TA: 74.71 | TL: 5.667e-01 | VA: 70.90 | VL: 5.596e-01 | Norm: 1.62e-02 | time: 1.89e+01 |
| epoch: 1100 | TA: 74.38 | TL: 5.661e-01 | VA: 74.13 | VL: 5.587e-01 | Norm: 1.41e-02 | time: 1.90e+01 |
Early stop.
Finished.
Training with penalty:0.26303 seed:3.
The ID for this training is 1658740518.
| epoch:    0 | TA: 0.02 | TL: 7.033e-01 | VA: 48.21 | VL: 7.039e-01 | Norm: 5.64e-03 | time: 1.85e-01 |
| epoch:  100 | TA: 87.82 | TL: 5.085e-01 | VA: 76.25 | VL: 5.678e-01 | Norm: 5.15e-02 | time: 1.87e+01 |
| epoch:  200 | TA: 82.39 | TL: 5.231e-01 | VA: 81.48 | VL: 5.188e-01 | Norm: 4.32e-02 | time: 1.86e+01 |
| epoch:  300 | TA: 72.25 | TL: 5.841e-01 | VA: 73.15 | VL: 5.735e-01 | Norm: 3.68e-02 | time: 1.87e+01 |
| epoch:  400 | TA: 74.06 | TL: 5.820e-01 | VA: 71.99 | VL: 5.716e-01 | Norm: 2.79e-02 | time: 1.88e+01 |
| epoch:  500 | TA: 68.87 | TL: 5.698e-01 | VA: 72.72 | VL: 5.594e-01 | Norm: 2.22e-02 | time: 1.89e+01 |
| epoch:  600 | TA: 73.77 | TL: 5.684e-01 | VA: 70.46 | VL: 5.596e-01 | Norm: 1.82e-02 | time: 1.89e+01 |
| epoch:  700 | TA: 69.95 | TL: 5.675e-01 | VA: 73.96 | VL: 5.599e-01 | Norm: 1.59e-02 | time: 1.90e+01 |
| epoch:  800 | TA: 72.48 | TL: 5.675e-01 | VA: 73.41 | VL: 5.592e-01 | Norm: 1.40e-02 | time: 1.90e+01 |
| epoch:  900 | TA: 74.25 | TL: 5.675e-01 | VA: 72.84 | VL: 5.600e-01 | Norm: 1.23e-02 | time: 1.89e+01 |
| epoch: 1000 | TA: 71.95 | TL: 5.665e-01 | VA: 73.77 | VL: 5.591e-01 | Norm: 1.08e-02 | time: 1.90e+01 |
Early stop.
Finished.
Training with penalty:0.39811 seed:3.
The ID for this training is 1658740725.
| epoch:    0 | TA: 0.02 | TL: 7.033e-01 | VA: 48.21 | VL: 7.047e-01 | Norm: 5.64e-03 | time: 1.86e-01 |
| epoch:  100 | TA: 85.77 | TL: 5.237e-01 | VA: 83.43 | VL: 5.392e-01 | Norm: 4.88e-02 | time: 1.86e+01 |
| epoch:  200 | TA: 74.71 | TL: 5.648e-01 | VA: 75.30 | VL: 6.030e-01 | Norm: 4.07e-02 | time: 1.86e+01 |
| epoch:  300 | TA: 76.15 | TL: 5.637e-01 | VA: 76.83 | VL: 5.551e-01 | Norm: 3.11e-02 | time: 1.87e+01 |
| epoch:  400 | TA: 75.63 | TL: 5.611e-01 | VA: 77.46 | VL: 5.538e-01 | Norm: 2.54e-02 | time: 1.87e+01 |
| epoch:  500 | TA: 76.94 | TL: 5.567e-01 | VA: 76.11 | VL: 5.493e-01 | Norm: 2.10e-02 | time: 1.89e+01 |
| epoch:  600 | TA: 77.43 | TL: 5.533e-01 | VA: 76.83 | VL: 5.462e-01 | Norm: 1.81e-02 | time: 1.88e+01 |
| epoch:  700 | TA: 74.82 | TL: 5.713e-01 | VA: 72.44 | VL: 5.619e-01 | Norm: 1.69e-02 | time: 1.89e+01 |
| epoch:  800 | TA: 72.05 | TL: 5.695e-01 | VA: 74.31 | VL: 5.606e-01 | Norm: 1.32e-02 | time: 1.89e+01 |
| epoch:  900 | TA: 72.82 | TL: 5.680e-01 | VA: 74.36 | VL: 5.586e-01 | Norm: 1.12e-02 | time: 1.89e+01 |
| epoch: 1000 | TA: 72.90 | TL: 5.674e-01 | VA: 71.79 | VL: 5.583e-01 | Norm: 9.66e-03 | time: 1.90e+01 |
| epoch: 1100 | TA: 74.27 | TL: 5.669e-01 | VA: 74.95 | VL: 5.587e-01 | Norm: 8.57e-03 | time: 1.89e+01 |
Early stop.
Finished.
Training with penalty:0.60256 seed:3.
The ID for this training is 1658740949.
| epoch:    0 | TA: 0.02 | TL: 7.033e-01 | VA: 48.21 | VL: 7.058e-01 | Norm: 5.64e-03 | time: 1.85e-01 |
| epoch:  100 | TA: 86.90 | TL: 5.340e-01 | VA: 85.48 | VL: 5.355e-01 | Norm: 3.82e-02 | time: 1.86e+01 |
| epoch:  200 | TA: 79.11 | TL: 5.367e-01 | VA: 78.78 | VL: 5.294e-01 | Norm: 3.10e-02 | time: 1.87e+01 |
| epoch:  300 | TA: 78.75 | TL: 5.295e-01 | VA: 80.58 | VL: 5.295e-01 | Norm: 2.70e-02 | time: 1.87e+01 |
| epoch:  400 | TA: 73.24 | TL: 5.599e-01 | VA: 76.97 | VL: 5.594e-01 | Norm: 2.19e-02 | time: 1.87e+01 |
| epoch:  500 | TA: 74.19 | TL: 5.557e-01 | VA: 76.38 | VL: 5.562e-01 | Norm: 1.62e-02 | time: 1.89e+01 |
| epoch:  600 | TA: 76.05 | TL: 5.533e-01 | VA: 78.01 | VL: 5.534e-01 | Norm: 1.30e-02 | time: 1.88e+01 |
| epoch:  700 | TA: 76.84 | TL: 5.522e-01 | VA: 78.66 | VL: 5.532e-01 | Norm: 1.12e-02 | time: 1.89e+01 |
| epoch:  800 | TA: 72.36 | TL: 5.513e-01 | VA: 75.26 | VL: 5.518e-01 | Norm: 1.03e-02 | time: 1.89e+01 |
| epoch:  900 | TA: 75.17 | TL: 5.498e-01 | VA: 74.93 | VL: 5.522e-01 | Norm: 9.67e-03 | time: 1.89e+01 |
| epoch: 1000 | TA: 75.55 | TL: 5.500e-01 | VA: 75.82 | VL: 5.512e-01 | Norm: 9.78e-03 | time: 1.90e+01 |
| epoch: 1100 | TA: 75.79 | TL: 5.489e-01 | VA: 77.78 | VL: 5.495e-01 | Norm: 9.65e-03 | time: 1.89e+01 |
Early stop.
Finished.
Training with penalty:0.91201 seed:3.
The ID for this training is 1658741177.
| epoch:    0 | TA: 0.02 | TL: 7.033e-01 | VA: 48.21 | VL: 7.076e-01 | Norm: 5.64e-03 | time: 1.85e-01 |
| epoch:  100 | TA: 78.08 | TL: 5.873e-01 | VA: 78.14 | VL: 5.917e-01 | Norm: 2.80e-02 | time: 1.86e+01 |
| epoch:  200 | TA: 73.80 | TL: 5.890e-01 | VA: 68.51 | VL: 6.382e-01 | Norm: 2.14e-02 | time: 1.86e+01 |
| epoch:  300 | TA: 71.60 | TL: 5.768e-01 | VA: 70.08 | VL: 5.710e-01 | Norm: 1.28e-02 | time: 1.87e+01 |
| epoch:  400 | TA: 73.90 | TL: 5.734e-01 | VA: 73.10 | VL: 5.674e-01 | Norm: 9.62e-03 | time: 1.87e+01 |
| epoch:  500 | TA: 73.92 | TL: 5.724e-01 | VA: 74.86 | VL: 5.661e-01 | Norm: 7.95e-03 | time: 1.88e+01 |
| epoch:  600 | TA: 72.03 | TL: 5.721e-01 | VA: 73.22 | VL: 5.664e-01 | Norm: 6.92e-03 | time: 1.89e+01 |
| epoch:  700 | TA: 71.27 | TL: 5.704e-01 | VA: 74.87 | VL: 5.646e-01 | Norm: 6.53e-03 | time: 1.88e+01 |
| epoch:  800 | TA: 73.58 | TL: 5.696e-01 | VA: 75.70 | VL: 5.638e-01 | Norm: 5.89e-03 | time: 1.89e+01 |
| epoch:  900 | TA: 73.15 | TL: 5.694e-01 | VA: 72.25 | VL: 5.629e-01 | Norm: 6.25e-03 | time: 1.89e+01 |
| epoch: 1000 | TA: 75.01 | TL: 5.666e-01 | VA: 72.74 | VL: 5.610e-01 | Norm: 7.04e-03 | time: 1.89e+01 |
Early stop.
Finished.
Training with penalty:1.38038 seed:3.
The ID for this training is 1658741379.
| epoch:    0 | TA: 0.02 | TL: 7.033e-01 | VA: 48.21 | VL: 7.102e-01 | Norm: 5.64e-03 | time: 1.85e-01 |
| epoch:  100 | TA: 86.13 | TL: 4.984e-01 | VA: 84.63 | VL: 4.997e-01 | Norm: 2.77e-02 | time: 1.87e+01 |
| epoch:  200 | TA: 83.32 | TL: 5.386e-01 | VA: 82.79 | VL: 5.364e-01 | Norm: 2.35e-02 | time: 1.86e+01 |
| epoch:  300 | TA: 81.84 | TL: 5.275e-01 | VA: 85.45 | VL: 5.215e-01 | Norm: 2.03e-02 | time: 1.87e+01 |
| epoch:  400 | TA: 74.15 | TL: 5.994e-01 | VA: 74.59 | VL: 5.883e-01 | Norm: 1.78e-02 | time: 1.88e+01 |
| epoch:  500 | TA: 73.73 | TL: 5.800e-01 | VA: 74.56 | VL: 5.722e-01 | Norm: 9.94e-03 | time: 1.88e+01 |
| epoch:  600 | TA: 71.45 | TL: 5.761e-01 | VA: 72.51 | VL: 5.701e-01 | Norm: 7.16e-03 | time: 1.88e+01 |
| epoch:  700 | TA: 74.12 | TL: 5.759e-01 | VA: 74.72 | VL: 5.699e-01 | Norm: 7.29e-03 | time: 1.89e+01 |
| epoch:  800 | TA: 72.98 | TL: 5.749e-01 | VA: 73.81 | VL: 5.680e-01 | Norm: 5.96e-03 | time: 1.89e+01 |
| epoch:  900 | TA: 70.34 | TL: 5.750e-01 | VA: 70.72 | VL: 5.685e-01 | Norm: 6.16e-03 | time: 1.89e+01 |
| epoch: 1000 | TA: 69.36 | TL: 5.747e-01 | VA: 71.20 | VL: 5.684e-01 | Norm: 5.83e-03 | time: 1.90e+01 |
Early stop.
Finished.
Training with penalty:2.0893 seed:3.
The ID for this training is 1658741588.
| epoch:    0 | TA: 0.02 | TL: 7.033e-01 | VA: 48.21 | VL: 7.142e-01 | Norm: 5.64e-03 | time: 2.28e-01 |
| epoch:  100 | TA: 84.96 | TL: 5.340e-01 | VA: 84.40 | VL: 5.316e-01 | Norm: 1.74e-02 | time: 1.86e+01 |
| epoch:  200 | TA: 73.74 | TL: 5.700e-01 | VA: 76.60 | VL: 5.674e-01 | Norm: 1.28e-02 | time: 1.86e+01 |
| epoch:  300 | TA: 74.35 | TL: 5.860e-01 | VA: 75.87 | VL: 5.774e-01 | Norm: 9.01e-03 | time: 1.86e+01 |
| epoch:  400 | TA: 71.58 | TL: 5.800e-01 | VA: 70.78 | VL: 5.716e-01 | Norm: 5.97e-03 | time: 1.88e+01 |
| epoch:  500 | TA: 72.31 | TL: 5.795e-01 | VA: 75.08 | VL: 5.710e-01 | Norm: 5.92e-03 | time: 1.89e+01 |
| epoch:  600 | TA: 74.00 | TL: 5.793e-01 | VA: 73.57 | VL: 5.712e-01 | Norm: 5.78e-03 | time: 1.88e+01 |
| epoch:  700 | TA: 68.72 | TL: 5.776e-01 | VA: 73.00 | VL: 5.706e-01 | Norm: 5.67e-03 | time: 1.89e+01 |
| epoch:  800 | TA: 74.79 | TL: 5.789e-01 | VA: 74.19 | VL: 5.711e-01 | Norm: 5.73e-03 | time: 1.89e+01 |
| epoch:  900 | TA: 71.29 | TL: 5.773e-01 | VA: 73.38 | VL: 5.693e-01 | Norm: 5.52e-03 | time: 1.90e+01 |
| epoch: 1000 | TA: 73.11 | TL: 5.777e-01 | VA: 72.98 | VL: 5.708e-01 | Norm: 5.52e-03 | time: 1.89e+01 |
Early stop.
Finished.
Training with penalty:3.16228 seed:3.
The ID for this training is 1658741792.
| epoch:    0 | TA: 0.02 | TL: 7.033e-01 | VA: 48.21 | VL: 7.203e-01 | Norm: 5.64e-03 | time: 1.85e-01 |
| epoch:  100 | TA: 71.69 | TL: 6.457e-01 | VA: 74.68 | VL: 6.066e-01 | Norm: 1.03e-02 | time: 1.87e+01 |
| epoch:  200 | TA: 71.65 | TL: 5.847e-01 | VA: 74.58 | VL: 5.819e-01 | Norm: 5.48e-03 | time: 1.87e+01 |
| epoch:  300 | TA: 73.41 | TL: 5.826e-01 | VA: 76.06 | VL: 5.769e-01 | Norm: 4.87e-03 | time: 1.87e+01 |
| epoch:  400 | TA: 72.41 | TL: 5.833e-01 | VA: 74.10 | VL: 5.788e-01 | Norm: 4.93e-03 | time: 1.87e+01 |
| epoch:  500 | TA: 74.04 | TL: 5.845e-01 | VA: 75.60 | VL: 5.796e-01 | Norm: 5.27e-03 | time: 1.88e+01 |
| epoch:  600 | TA: 71.75 | TL: 5.843e-01 | VA: 74.49 | VL: 5.799e-01 | Norm: 5.21e-03 | time: 1.88e+01 |
| epoch:  700 | TA: 68.43 | TL: 5.852e-01 | VA: 69.37 | VL: 5.816e-01 | Norm: 5.08e-03 | time: 1.89e+01 |
| epoch:  800 | TA: 72.59 | TL: 5.849e-01 | VA: 71.16 | VL: 5.796e-01 | Norm: 5.39e-03 | time: 1.89e+01 |
| epoch:  900 | TA: 72.16 | TL: 5.860e-01 | VA: 73.70 | VL: 5.793e-01 | Norm: 5.37e-03 | time: 1.89e+01 |
| epoch: 1000 | TA: 69.18 | TL: 5.825e-01 | VA: 71.13 | VL: 5.781e-01 | Norm: 4.95e-03 | time: 1.89e+01 |
Early stop.
Finished.
Training with penalty:4.7863 seed:3.
The ID for this training is 1658741998.
| epoch:    0 | TA: 0.02 | TL: 7.033e-01 | VA: 48.21 | VL: 7.294e-01 | Norm: 5.64e-03 | time: 1.86e-01 |
| epoch:  100 | TA: 84.60 | TL: 5.365e-01 | VA: 83.26 | VL: 5.423e-01 | Norm: 1.13e-02 | time: 1.87e+01 |
| epoch:  200 | TA: 73.17 | TL: 6.054e-01 | VA: 74.44 | VL: 5.993e-01 | Norm: 7.27e-03 | time: 1.86e+01 |
| epoch:  300 | TA: 76.02 | TL: 5.868e-01 | VA: 75.00 | VL: 5.841e-01 | Norm: 5.32e-03 | time: 1.87e+01 |
| epoch:  400 | TA: 72.70 | TL: 5.901e-01 | VA: 71.59 | VL: 5.855e-01 | Norm: 4.39e-03 | time: 1.88e+01 |
| epoch:  500 | TA: 74.59 | TL: 5.895e-01 | VA: 73.20 | VL: 5.840e-01 | Norm: 4.03e-03 | time: 1.89e+01 |
| epoch:  600 | TA: 73.59 | TL: 5.876e-01 | VA: 67.43 | VL: 5.833e-01 | Norm: 3.56e-03 | time: 1.88e+01 |
| epoch:  700 | TA: 71.21 | TL: 5.912e-01 | VA: 69.38 | VL: 5.873e-01 | Norm: 3.94e-03 | time: 1.89e+01 |
| epoch:  800 | TA: 71.11 | TL: 5.847e-01 | VA: 69.73 | VL: 5.799e-01 | Norm: 3.22e-03 | time: 1.89e+01 |
| epoch:  900 | TA: 72.91 | TL: 5.843e-01 | VA: 69.98 | VL: 5.810e-01 | Norm: 2.89e-03 | time: 1.89e+01 |
| epoch: 1000 | TA: 73.05 | TL: 5.876e-01 | VA: 72.56 | VL: 5.821e-01 | Norm: 3.47e-03 | time: 1.90e+01 |
Early stop.
Finished.
Training with penalty:7.24436 seed:3.
The ID for this training is 1658742209.
| epoch:    0 | TA: 0.02 | TL: 7.033e-01 | VA: 48.21 | VL: 7.433e-01 | Norm: 5.64e-03 | time: 1.86e-01 |
| epoch:  100 | TA: 79.17 | TL: 5.908e-01 | VA: 79.98 | VL: 5.892e-01 | Norm: 7.78e-03 | time: 1.86e+01 |
| epoch:  200 | TA: 71.06 | TL: 6.003e-01 | VA: 69.46 | VL: 5.976e-01 | Norm: 4.19e-03 | time: 1.86e+01 |
| epoch:  300 | TA: 71.74 | TL: 5.996e-01 | VA: 72.16 | VL: 5.960e-01 | Norm: 4.11e-03 | time: 1.87e+01 |
| epoch:  400 | TA: 73.16 | TL: 6.006e-01 | VA: 73.23 | VL: 5.979e-01 | Norm: 4.34e-03 | time: 1.88e+01 |
| epoch:  500 | TA: 72.71 | TL: 5.986e-01 | VA: 74.59 | VL: 5.954e-01 | Norm: 4.08e-03 | time: 1.88e+01 |
| epoch:  600 | TA: 73.39 | TL: 6.005e-01 | VA: 71.28 | VL: 5.991e-01 | Norm: 4.31e-03 | time: 1.88e+01 |
| epoch:  700 | TA: 73.92 | TL: 6.001e-01 | VA: 74.04 | VL: 5.970e-01 | Norm: 4.33e-03 | time: 1.89e+01 |
| epoch:  800 | TA: 73.26 | TL: 5.977e-01 | VA: 74.17 | VL: 5.965e-01 | Norm: 3.94e-03 | time: 1.89e+01 |
| epoch:  900 | TA: 71.80 | TL: 5.987e-01 | VA: 74.04 | VL: 5.953e-01 | Norm: 4.08e-03 | time: 1.89e+01 |
| epoch: 1000 | TA: 71.82 | TL: 5.985e-01 | VA: 74.22 | VL: 5.949e-01 | Norm: 4.02e-03 | time: 1.89e+01 |
Early stop.
Finished.
Training with penalty:10.96478 seed:3.
The ID for this training is 1658742414.
| epoch:    0 | TA: 0.02 | TL: 7.033e-01 | VA: 48.21 | VL: 7.643e-01 | Norm: 5.64e-03 | time: 1.85e-01 |
| epoch:  100 | TA: 80.23 | TL: 5.905e-01 | VA: 78.68 | VL: 5.936e-01 | Norm: 5.53e-03 | time: 1.86e+01 |
| epoch:  200 | TA: 74.21 | TL: 6.174e-01 | VA: 73.84 | VL: 6.153e-01 | Norm: 4.24e-03 | time: 1.86e+01 |
| epoch:  300 | TA: 73.27 | TL: 6.195e-01 | VA: 73.10 | VL: 6.182e-01 | Norm: 4.41e-03 | time: 1.86e+01 |
| epoch:  400 | TA: 75.34 | TL: 6.361e-01 | VA: 72.11 | VL: 6.377e-01 | Norm: 4.32e-03 | time: 1.87e+01 |
| epoch:  500 | TA: 71.88 | TL: 6.094e-01 | VA: 76.68 | VL: 6.070e-01 | Norm: 3.74e-03 | time: 1.88e+01 |
| epoch:  600 | TA: 75.39 | TL: 5.953e-01 | VA: 76.09 | VL: 5.972e-01 | Norm: 4.63e-03 | time: 1.89e+01 |
| epoch:  700 | TA: 77.39 | TL: 5.915e-01 | VA: 75.49 | VL: 5.930e-01 | Norm: 4.22e-03 | time: 1.89e+01 |
| epoch:  800 | TA: 77.43 | TL: 5.915e-01 | VA: 76.97 | VL: 5.914e-01 | Norm: 4.22e-03 | time: 1.89e+01 |
| epoch:  900 | TA: 73.05 | TL: 5.906e-01 | VA: 77.22 | VL: 5.906e-01 | Norm: 4.21e-03 | time: 1.89e+01 |
| epoch: 1000 | TA: 77.57 | TL: 5.888e-01 | VA: 78.23 | VL: 5.904e-01 | Norm: 4.13e-03 | time: 1.89e+01 |
| epoch: 1100 | TA: 75.25 | TL: 5.908e-01 | VA: 74.73 | VL: 5.930e-01 | Norm: 4.38e-03 | time: 1.89e+01 |
| epoch: 1200 | TA: 75.05 | TL: 5.896e-01 | VA: 75.77 | VL: 5.909e-01 | Norm: 4.11e-03 | time: 1.90e+01 |
| epoch: 1300 | TA: 72.56 | TL: 5.872e-01 | VA: 72.98 | VL: 5.890e-01 | Norm: 4.10e-03 | time: 1.92e+01 |
| epoch: 1400 | TA: 72.60 | TL: 5.865e-01 | VA: 72.00 | VL: 5.885e-01 | Norm: 3.97e-03 | time: 1.91e+01 |
| epoch: 1500 | TA: 74.85 | TL: 5.878e-01 | VA: 76.70 | VL: 5.888e-01 | Norm: 4.26e-03 | time: 1.91e+01 |
| epoch: 1600 | TA: 74.73 | TL: 5.845e-01 | VA: 73.27 | VL: 5.865e-01 | Norm: 4.09e-03 | time: 1.91e+01 |
| epoch: 1700 | TA: 74.70 | TL: 5.828e-01 | VA: 78.40 | VL: 5.833e-01 | Norm: 3.95e-03 | time: 1.92e+01 |
| epoch: 1800 | TA: 73.87 | TL: 5.815e-01 | VA: 73.19 | VL: 5.844e-01 | Norm: 3.94e-03 | time: 1.90e+01 |
| epoch: 1900 | TA: 72.73 | TL: 5.798e-01 | VA: 76.00 | VL: 5.830e-01 | Norm: 3.78e-03 | time: 1.90e+01 |
| epoch: 2000 | TA: 75.61 | TL: 5.801e-01 | VA: 78.89 | VL: 5.820e-01 | Norm: 3.88e-03 | time: 1.91e+01 |
| epoch: 2100 | TA: 74.70 | TL: 5.808e-01 | VA: 74.22 | VL: 5.820e-01 | Norm: 3.94e-03 | time: 1.91e+01 |
| epoch: 2200 | TA: 75.35 | TL: 5.781e-01 | VA: 77.14 | VL: 5.797e-01 | Norm: 3.91e-03 | time: 1.91e+01 |
| epoch: 2300 | TA: 75.09 | TL: 5.779e-01 | VA: 74.52 | VL: 5.797e-01 | Norm: 3.82e-03 | time: 1.91e+01 |
| epoch: 2400 | TA: 76.52 | TL: 5.738e-01 | VA: 76.43 | VL: 5.775e-01 | Norm: 4.05e-03 | time: 1.92e+01 |
| epoch: 2500 | TA: 74.35 | TL: 5.710e-01 | VA: 77.73 | VL: 5.744e-01 | Norm: 4.24e-03 | time: 1.92e+01 |
| epoch: 2600 | TA: 76.31 | TL: 5.731e-01 | VA: 77.15 | VL: 5.746e-01 | Norm: 4.27e-03 | time: 1.91e+01 |
| epoch: 2700 | TA: 76.42 | TL: 5.700e-01 | VA: 77.47 | VL: 5.722e-01 | Norm: 4.15e-03 | time: 1.92e+01 |
| epoch: 2800 | TA: 73.51 | TL: 5.631e-01 | VA: 77.18 | VL: 5.646e-01 | Norm: 4.34e-03 | time: 1.92e+01 |
| epoch: 2900 | TA: 77.87 | TL: 5.689e-01 | VA: 75.64 | VL: 5.702e-01 | Norm: 4.68e-03 | time: 1.92e+01 |
| epoch: 3000 | TA: 76.38 | TL: 5.746e-01 | VA: 76.78 | VL: 5.774e-01 | Norm: 4.19e-03 | time: 1.92e+01 |
| epoch: 3100 | TA: 77.48 | TL: 5.731e-01 | VA: 80.65 | VL: 5.734e-01 | Norm: 3.97e-03 | time: 1.92e+01 |
| epoch: 3200 | TA: 79.80 | TL: 5.821e-01 | VA: 78.51 | VL: 5.816e-01 | Norm: 4.23e-03 | time: 1.92e+01 |
| epoch: 3300 | TA: 74.44 | TL: 5.762e-01 | VA: 74.16 | VL: 5.734e-01 | Norm: 3.76e-03 | time: 1.92e+01 |
| epoch: 3400 | TA: 74.29 | TL: 5.749e-01 | VA: 75.94 | VL: 5.721e-01 | Norm: 3.76e-03 | time: 1.93e+01 |
| epoch: 3500 | TA: 78.72 | TL: 5.752e-01 | VA: 80.96 | VL: 5.732e-01 | Norm: 4.02e-03 | time: 1.92e+01 |
| epoch: 3600 | TA: 76.18 | TL: 5.746e-01 | VA: 74.21 | VL: 5.749e-01 | Norm: 3.80e-03 | time: 1.92e+01 |
| epoch: 3700 | TA: 78.42 | TL: 5.718e-01 | VA: 76.56 | VL: 5.711e-01 | Norm: 3.59e-03 | time: 1.92e+01 |
| epoch: 3800 | TA: 76.36 | TL: 5.734e-01 | VA: 70.34 | VL: 5.797e-01 | Norm: 3.83e-03 | time: 1.93e+01 |
Early stop.
Finished.
Training with penalty:16.59587 seed:3.
The ID for this training is 1658743156.
| epoch:    0 | TA: 0.02 | TL: 7.033e-01 | VA: 48.21 | VL: 7.961e-01 | Norm: 5.64e-03 | time: 1.85e-01 |
| epoch:  100 | TA: 81.66 | TL: 5.984e-01 | VA: 82.91 | VL: 5.960e-01 | Norm: 4.83e-03 | time: 1.86e+01 |
| epoch:  200 | TA: 73.38 | TL: 6.225e-01 | VA: 71.60 | VL: 6.214e-01 | Norm: 2.90e-03 | time: 1.86e+01 |
| epoch:  300 | TA: 73.89 | TL: 6.124e-01 | VA: 70.26 | VL: 6.096e-01 | Norm: 2.46e-03 | time: 1.86e+01 |
| epoch:  400 | TA: 71.24 | TL: 6.075e-01 | VA: 72.79 | VL: 6.038e-01 | Norm: 1.97e-03 | time: 1.87e+01 |
| epoch:  500 | TA: 70.76 | TL: 6.088e-01 | VA: 73.26 | VL: 6.053e-01 | Norm: 2.02e-03 | time: 1.89e+01 |
| epoch:  600 | TA: 72.93 | TL: 6.049e-01 | VA: 71.89 | VL: 5.996e-01 | Norm: 1.99e-03 | time: 1.89e+01 |
| epoch:  700 | TA: 73.72 | TL: 6.033e-01 | VA: 71.76 | VL: 5.988e-01 | Norm: 1.89e-03 | time: 1.90e+01 |
| epoch:  800 | TA: 71.52 | TL: 6.069e-01 | VA: 68.76 | VL: 5.974e-01 | Norm: 1.89e-03 | time: 1.90e+01 |
| epoch:  900 | TA: 71.91 | TL: 6.056e-01 | VA: 70.12 | VL: 6.001e-01 | Norm: 1.91e-03 | time: 1.91e+01 |
| epoch: 1000 | TA: 71.91 | TL: 6.060e-01 | VA: 67.77 | VL: 5.988e-01 | Norm: 1.86e-03 | time: 1.91e+01 |
| epoch: 1100 | TA: 74.14 | TL: 6.081e-01 | VA: 75.52 | VL: 6.019e-01 | Norm: 1.99e-03 | time: 1.91e+01 |
| epoch: 1200 | TA: 70.53 | TL: 6.064e-01 | VA: 69.92 | VL: 5.973e-01 | Norm: 1.88e-03 | time: 1.91e+01 |
Early stop.
Finished.
Training with penalty:25.11886 seed:3.
The ID for this training is 1658743399.
| epoch:    0 | TA: 0.02 | TL: 7.033e-01 | VA: 48.21 | VL: 8.442e-01 | Norm: 5.64e-03 | time: 1.84e-01 |
| epoch:  100 | TA: 78.89 | TL: 6.327e-01 | VA: 79.23 | VL: 6.334e-01 | Norm: 3.12e-03 | time: 1.86e+01 |
| epoch:  200 | TA: 71.97 | TL: 6.499e-01 | VA: 73.85 | VL: 6.447e-01 | Norm: 2.62e-03 | time: 1.87e+01 |
| epoch:  300 | TA: 71.60 | TL: 6.131e-01 | VA: 76.22 | VL: 6.089e-01 | Norm: 1.56e-03 | time: 1.88e+01 |
| epoch:  400 | TA: 75.58 | TL: 6.055e-01 | VA: 75.58 | VL: 6.045e-01 | Norm: 1.46e-03 | time: 1.88e+01 |
| epoch:  500 | TA: 73.38 | TL: 6.033e-01 | VA: 71.73 | VL: 6.016e-01 | Norm: 1.33e-03 | time: 1.89e+01 |
| epoch:  600 | TA: 74.31 | TL: 6.047e-01 | VA: 78.21 | VL: 5.990e-01 | Norm: 1.29e-03 | time: 1.90e+01 |
| epoch:  700 | TA: 72.71 | TL: 6.017e-01 | VA: 76.15 | VL: 6.003e-01 | Norm: 1.33e-03 | time: 1.91e+01 |
| epoch:  800 | TA: 74.24 | TL: 5.996e-01 | VA: 74.90 | VL: 5.997e-01 | Norm: 1.34e-03 | time: 1.91e+01 |
| epoch:  900 | TA: 71.76 | TL: 5.991e-01 | VA: 71.89 | VL: 6.049e-01 | Norm: 1.39e-03 | time: 1.92e+01 |
| epoch: 1000 | TA: 72.18 | TL: 5.995e-01 | VA: 73.50 | VL: 6.036e-01 | Norm: 1.31e-03 | time: 1.92e+01 |
| epoch: 1100 | TA: 74.39 | TL: 6.029e-01 | VA: 74.81 | VL: 5.995e-01 | Norm: 1.32e-03 | time: 1.91e+01 |
| epoch: 1200 | TA: 75.15 | TL: 5.996e-01 | VA: 71.09 | VL: 6.039e-01 | Norm: 1.34e-03 | time: 1.92e+01 |
| epoch: 1300 | TA: 77.75 | TL: 6.000e-01 | VA: 75.36 | VL: 6.022e-01 | Norm: 1.39e-03 | time: 1.93e+01 |
| epoch: 1400 | TA: 75.29 | TL: 5.977e-01 | VA: 78.60 | VL: 6.041e-01 | Norm: 1.29e-03 | time: 1.92e+01 |
| epoch: 1500 | TA: 74.79 | TL: 5.981e-01 | VA: 75.57 | VL: 5.999e-01 | Norm: 1.29e-03 | time: 1.93e+01 |
| epoch: 1600 | TA: 74.51 | TL: 6.021e-01 | VA: 74.88 | VL: 6.013e-01 | Norm: 1.39e-03 | time: 1.93e+01 |
| epoch: 1700 | TA: 76.24 | TL: 6.023e-01 | VA: 71.69 | VL: 6.044e-01 | Norm: 1.34e-03 | time: 1.93e+01 |
| epoch: 1800 | TA: 73.42 | TL: 6.017e-01 | VA: 70.69 | VL: 6.018e-01 | Norm: 1.31e-03 | time: 1.93e+01 |
| epoch: 1900 | TA: 73.48 | TL: 6.064e-01 | VA: 71.56 | VL: 6.059e-01 | Norm: 1.37e-03 | time: 1.93e+01 |
| epoch: 2000 | TA: 75.39 | TL: 5.988e-01 | VA: 78.53 | VL: 6.015e-01 | Norm: 1.36e-03 | time: 1.92e+01 |
| epoch: 2100 | TA: 71.97 | TL: 6.027e-01 | VA: 71.23 | VL: 5.993e-01 | Norm: 1.24e-03 | time: 1.93e+01 |
| epoch: 2200 | TA: 73.01 | TL: 6.008e-01 | VA: 73.44 | VL: 5.974e-01 | Norm: 1.28e-03 | time: 1.93e+01 |
| epoch: 2300 | TA: 74.80 | TL: 5.990e-01 | VA: 75.31 | VL: 5.977e-01 | Norm: 1.27e-03 | time: 1.93e+01 |
| epoch: 2400 | TA: 76.53 | TL: 5.987e-01 | VA: 75.11 | VL: 6.000e-01 | Norm: 1.34e-03 | time: 1.92e+01 |
| epoch: 2500 | TA: 72.24 | TL: 6.031e-01 | VA: 67.68 | VL: 6.008e-01 | Norm: 1.32e-03 | time: 1.93e+01 |
| epoch: 2600 | TA: 76.23 | TL: 5.949e-01 | VA: 78.17 | VL: 5.932e-01 | Norm: 1.24e-03 | time: 1.93e+01 |
| epoch: 2700 | TA: 74.86 | TL: 5.940e-01 | VA: 70.84 | VL: 5.968e-01 | Norm: 1.30e-03 | time: 1.93e+01 |
| epoch: 2800 | TA: 73.16 | TL: 5.946e-01 | VA: 71.03 | VL: 5.934e-01 | Norm: 1.27e-03 | time: 1.92e+01 |
| epoch: 2900 | TA: 72.64 | TL: 5.952e-01 | VA: 74.61 | VL: 5.971e-01 | Norm: 1.35e-03 | time: 1.93e+01 |
| epoch: 3000 | TA: 72.26 | TL: 5.965e-01 | VA: 77.22 | VL: 5.965e-01 | Norm: 1.34e-03 | time: 1.93e+01 |
| epoch: 3100 | TA: 74.38 | TL: 5.972e-01 | VA: 76.20 | VL: 5.994e-01 | Norm: 1.31e-03 | time: 1.93e+01 |
| epoch: 3200 | TA: 69.92 | TL: 5.897e-01 | VA: 74.80 | VL: 5.925e-01 | Norm: 1.27e-03 | time: 1.93e+01 |
| epoch: 3300 | TA: 71.66 | TL: 5.941e-01 | VA: 73.50 | VL: 5.912e-01 | Norm: 1.21e-03 | time: 1.93e+01 |
| epoch: 3400 | TA: 78.26 | TL: 5.905e-01 | VA: 73.72 | VL: 5.927e-01 | Norm: 1.26e-03 | time: 1.93e+01 |
| epoch: 3500 | TA: 71.99 | TL: 5.954e-01 | VA: 76.14 | VL: 5.973e-01 | Norm: 1.34e-03 | time: 1.93e+01 |
| epoch: 3600 | TA: 75.22 | TL: 5.958e-01 | VA: 74.40 | VL: 6.030e-01 | Norm: 1.37e-03 | time: 1.94e+01 |
| epoch: 3700 | TA: 73.00 | TL: 5.955e-01 | VA: 76.78 | VL: 5.944e-01 | Norm: 1.29e-03 | time: 1.97e+01 |
| epoch: 3800 | TA: 78.43 | TL: 5.944e-01 | VA: 75.03 | VL: 5.921e-01 | Norm: 1.29e-03 | time: 1.96e+01 |
| epoch: 3900 | TA: 76.58 | TL: 5.964e-01 | VA: 76.95 | VL: 5.988e-01 | Norm: 1.44e-03 | time: 1.96e+01 |
| epoch: 4000 | TA: 75.55 | TL: 5.945e-01 | VA: 77.41 | VL: 5.957e-01 | Norm: 1.31e-03 | time: 1.96e+01 |
| epoch: 4100 | TA: 69.92 | TL: 5.988e-01 | VA: 77.92 | VL: 5.952e-01 | Norm: 1.26e-03 | time: 1.95e+01 |
| epoch: 4200 | TA: 78.01 | TL: 5.927e-01 | VA: 78.08 | VL: 5.952e-01 | Norm: 1.33e-03 | time: 1.95e+01 |
| epoch: 4300 | TA: 76.71 | TL: 5.956e-01 | VA: 77.35 | VL: 5.979e-01 | Norm: 1.33e-03 | time: 1.95e+01 |
| epoch: 4400 | TA: 75.51 | TL: 5.970e-01 | VA: 76.70 | VL: 6.004e-01 | Norm: 1.33e-03 | time: 1.96e+01 |
| epoch: 4500 | TA: 75.65 | TL: 5.963e-01 | VA: 72.81 | VL: 5.958e-01 | Norm: 1.31e-03 | time: 1.95e+01 |
| epoch: 4600 | TA: 73.71 | TL: 5.928e-01 | VA: 73.56 | VL: 5.939e-01 | Norm: 1.29e-03 | time: 1.96e+01 |
| epoch: 4700 | TA: 76.39 | TL: 5.939e-01 | VA: 72.43 | VL: 5.959e-01 | Norm: 1.29e-03 | time: 1.96e+01 |
| epoch: 4800 | TA: 72.48 | TL: 5.983e-01 | VA: 76.63 | VL: 6.052e-01 | Norm: 1.36e-03 | time: 1.96e+01 |
| epoch: 4900 | TA: 72.78 | TL: 5.950e-01 | VA: 75.18 | VL: 5.951e-01 | Norm: 1.32e-03 | time: 1.96e+01 |
| epoch: 5000 | TA: 76.08 | TL: 5.995e-01 | VA: 71.59 | VL: 6.034e-01 | Norm: 1.44e-03 | time: 1.97e+01 |
| epoch: 5100 | TA: 72.08 | TL: 5.915e-01 | VA: 71.76 | VL: 5.908e-01 | Norm: 1.19e-03 | time: 1.97e+01 |
| epoch: 5200 | TA: 72.66 | TL: 5.995e-01 | VA: 72.56 | VL: 5.958e-01 | Norm: 1.32e-03 | time: 1.96e+01 |
| epoch: 5300 | TA: 68.68 | TL: 5.903e-01 | VA: 71.99 | VL: 5.934e-01 | Norm: 1.26e-03 | time: 1.95e+01 |
| epoch: 5400 | TA: 73.54 | TL: 5.933e-01 | VA: 74.70 | VL: 6.025e-01 | Norm: 1.34e-03 | time: 1.96e+01 |
| epoch: 5500 | TA: 74.36 | TL: 5.925e-01 | VA: 80.49 | VL: 5.904e-01 | Norm: 1.30e-03 | time: 1.97e+01 |
| epoch: 5600 | TA: 77.35 | TL: 5.928e-01 | VA: 78.87 | VL: 5.947e-01 | Norm: 1.31e-03 | time: 1.96e+01 |
| epoch: 5700 | TA: 77.24 | TL: 5.958e-01 | VA: 73.47 | VL: 5.962e-01 | Norm: 1.28e-03 | time: 1.96e+01 |
| epoch: 5800 | TA: 77.34 | TL: 5.999e-01 | VA: 74.49 | VL: 6.013e-01 | Norm: 1.35e-03 | time: 1.96e+01 |
| epoch: 5900 | TA: 73.15 | TL: 6.004e-01 | VA: 70.34 | VL: 6.026e-01 | Norm: 1.36e-03 | time: 1.97e+01 |
| epoch: 6000 | TA: 72.25 | TL: 5.984e-01 | VA: 77.40 | VL: 5.964e-01 | Norm: 1.33e-03 | time: 1.97e+01 |
| epoch: 6100 | TA: 73.68 | TL: 5.909e-01 | VA: 74.55 | VL: 5.917e-01 | Norm: 1.20e-03 | time: 1.97e+01 |
| epoch: 6200 | TA: 78.62 | TL: 5.945e-01 | VA: 73.37 | VL: 5.965e-01 | Norm: 1.36e-03 | time: 1.96e+01 |
| epoch: 6300 | TA: 75.98 | TL: 6.002e-01 | VA: 72.56 | VL: 6.051e-01 | Norm: 1.44e-03 | time: 1.97e+01 |
| epoch: 6400 | TA: 74.24 | TL: 5.971e-01 | VA: 72.71 | VL: 6.015e-01 | Norm: 1.28e-03 | time: 1.96e+01 |
| epoch: 6500 | TA: 74.51 | TL: 5.961e-01 | VA: 77.97 | VL: 5.993e-01 | Norm: 1.25e-03 | time: 1.96e+01 |
| epoch: 6600 | TA: 74.97 | TL: 5.993e-01 | VA: 75.90 | VL: 5.955e-01 | Norm: 1.27e-03 | time: 1.95e+01 |
| epoch: 6700 | TA: 76.51 | TL: 5.908e-01 | VA: 76.08 | VL: 5.904e-01 | Norm: 1.26e-03 | time: 1.96e+01 |
| epoch: 6800 | TA: 73.70 | TL: 5.915e-01 | VA: 77.93 | VL: 5.909e-01 | Norm: 1.27e-03 | time: 1.96e+01 |
| epoch: 6900 | TA: 74.58 | TL: 5.963e-01 | VA: 74.91 | VL: 5.929e-01 | Norm: 1.31e-03 | time: 1.95e+01 |
| epoch: 7000 | TA: 78.83 | TL: 5.960e-01 | VA: 74.27 | VL: 5.965e-01 | Norm: 1.36e-03 | time: 1.95e+01 |
Early stop.
Finished.
Training with penalty:38.01894 seed:3.
The ID for this training is 1658744809.
| epoch:    0 | TA: 0.02 | TL: 7.033e-01 | VA: 48.21 | VL: 9.170e-01 | Norm: 5.64e-03 | time: 1.89e-01 |
| epoch:  100 | TA: 75.98 | TL: 6.311e-01 | VA: 71.73 | VL: 6.326e-01 | Norm: 1.78e-03 | time: 1.86e+01 |
| epoch:  200 | TA: 73.73 | TL: 6.239e-01 | VA: 71.87 | VL: 6.231e-01 | Norm: 1.78e-03 | time: 1.86e+01 |
| epoch:  300 | TA: 74.43 | TL: 6.111e-01 | VA: 74.91 | VL: 6.098e-01 | Norm: 1.65e-03 | time: 1.87e+01 |
| epoch:  400 | TA: 74.00 | TL: 6.419e-01 | VA: 75.44 | VL: 6.352e-01 | Norm: 1.27e-03 | time: 1.88e+01 |
| epoch:  500 | TA: 67.47 | TL: 6.442e-01 | VA: 71.72 | VL: 6.343e-01 | Norm: 1.22e-03 | time: 1.90e+01 |
| epoch:  600 | TA: 69.37 | TL: 6.207e-01 | VA: 72.18 | VL: 6.216e-01 | Norm: 9.97e-04 | time: 1.90e+01 |
| epoch:  700 | TA: 70.22 | TL: 6.195e-01 | VA: 74.76 | VL: 6.199e-01 | Norm: 1.03e-03 | time: 1.91e+01 |
| epoch:  800 | TA: 65.59 | TL: 6.142e-01 | VA: 65.08 | VL: 6.182e-01 | Norm: 8.96e-04 | time: 1.91e+01 |
| epoch:  900 | TA: 73.55 | TL: 6.191e-01 | VA: 68.83 | VL: 6.161e-01 | Norm: 8.70e-04 | time: 1.92e+01 |
| epoch: 1000 | TA: 69.60 | TL: 6.162e-01 | VA: 70.86 | VL: 6.170e-01 | Norm: 1.00e-03 | time: 1.92e+01 |
| epoch: 1100 | TA: 75.19 | TL: 6.127e-01 | VA: 77.44 | VL: 6.145e-01 | Norm: 8.98e-04 | time: 1.92e+01 |
| epoch: 1200 | TA: 68.17 | TL: 6.207e-01 | VA: 68.98 | VL: 6.197e-01 | Norm: 9.79e-04 | time: 1.92e+01 |
| epoch: 1300 | TA: 73.56 | TL: 6.108e-01 | VA: 72.15 | VL: 6.228e-01 | Norm: 8.89e-04 | time: 1.92e+01 |
| epoch: 1400 | TA: 70.89 | TL: 6.134e-01 | VA: 70.98 | VL: 6.157e-01 | Norm: 9.81e-04 | time: 1.93e+01 |
Early stop.
Finished.
Training with penalty:57.54399 seed:3.
The ID for this training is 1658745094.
| epoch:    0 | TA: 0.02 | TL: 7.033e-01 | VA: 48.21 | VL: 1.027e+00 | Norm: 5.64e-03 | time: 2.27e-01 |
| epoch:  100 | TA: 72.40 | TL: 6.726e-01 | VA: 69.21 | VL: 6.918e-01 | Norm: 7.95e-04 | time: 1.86e+01 |
| epoch:  200 | TA: 72.63 | TL: 6.546e-01 | VA: 71.53 | VL: 6.710e-01 | Norm: 1.01e-03 | time: 1.87e+01 |
| epoch:  300 | TA: 72.32 | TL: 6.397e-01 | VA: 70.38 | VL: 6.562e-01 | Norm: 1.02e-03 | time: 1.88e+01 |
| epoch:  400 | TA: 78.00 | TL: 6.424e-01 | VA: 70.45 | VL: 6.608e-01 | Norm: 1.26e-03 | time: 1.89e+01 |
| epoch:  500 | TA: 73.15 | TL: 6.431e-01 | VA: 76.48 | VL: 6.467e-01 | Norm: 1.23e-03 | time: 1.90e+01 |
| epoch:  600 | TA: 75.24 | TL: 6.348e-01 | VA: 68.94 | VL: 6.496e-01 | Norm: 1.20e-03 | time: 1.91e+01 |
| epoch:  700 | TA: 72.20 | TL: 6.392e-01 | VA: 71.40 | VL: 6.432e-01 | Norm: 8.93e-04 | time: 1.91e+01 |
| epoch:  800 | TA: 77.31 | TL: 6.327e-01 | VA: 66.24 | VL: 6.453e-01 | Norm: 8.76e-04 | time: 1.92e+01 |
| epoch:  900 | TA: 75.75 | TL: 6.323e-01 | VA: 75.62 | VL: 6.484e-01 | Norm: 9.65e-04 | time: 1.92e+01 |
| epoch: 1000 | TA: 74.46 | TL: 6.431e-01 | VA: 71.75 | VL: 6.439e-01 | Norm: 8.07e-04 | time: 1.93e+01 |
| epoch: 1100 | TA: 74.45 | TL: 6.408e-01 | VA: 66.18 | VL: 6.475e-01 | Norm: 8.30e-04 | time: 1.93e+01 |
| epoch: 1200 | TA: 72.87 | TL: 6.404e-01 | VA: 68.92 | VL: 6.463e-01 | Norm: 8.09e-04 | time: 1.93e+01 |
| epoch: 1300 | TA: 70.84 | TL: 6.331e-01 | VA: 65.98 | VL: 6.388e-01 | Norm: 7.22e-04 | time: 1.93e+01 |
| epoch: 1400 | TA: 70.23 | TL: 6.348e-01 | VA: 68.89 | VL: 6.429e-01 | Norm: 8.04e-04 | time: 1.93e+01 |
| epoch: 1500 | TA: 72.26 | TL: 6.383e-01 | VA: 69.20 | VL: 6.412e-01 | Norm: 8.01e-04 | time: 1.93e+01 |
| epoch: 1600 | TA: 71.95 | TL: 6.344e-01 | VA: 68.41 | VL: 6.484e-01 | Norm: 8.10e-04 | time: 1.93e+01 |
| epoch: 1700 | TA: 73.00 | TL: 6.339e-01 | VA: 70.10 | VL: 6.382e-01 | Norm: 6.97e-04 | time: 1.93e+01 |
| epoch: 1800 | TA: 74.58 | TL: 6.346e-01 | VA: 68.64 | VL: 6.421e-01 | Norm: 7.42e-04 | time: 1.94e+01 |
| epoch: 1900 | TA: 69.84 | TL: 6.290e-01 | VA: 67.31 | VL: 6.361e-01 | Norm: 7.04e-04 | time: 1.93e+01 |
| epoch: 2000 | TA: 68.31 | TL: 6.284e-01 | VA: 69.47 | VL: 6.347e-01 | Norm: 6.72e-04 | time: 1.93e+01 |
| epoch: 2100 | TA: 71.74 | TL: 6.292e-01 | VA: 74.05 | VL: 6.366e-01 | Norm: 6.74e-04 | time: 1.93e+01 |
| epoch: 2200 | TA: 71.51 | TL: 6.315e-01 | VA: 71.18 | VL: 6.426e-01 | Norm: 7.85e-04 | time: 1.94e+01 |
| epoch: 2300 | TA: 66.71 | TL: 6.372e-01 | VA: 67.84 | VL: 6.421e-01 | Norm: 6.94e-04 | time: 1.93e+01 |
| epoch: 2400 | TA: 69.59 | TL: 6.347e-01 | VA: 67.78 | VL: 6.354e-01 | Norm: 6.48e-04 | time: 1.93e+01 |
| epoch: 2500 | TA: 67.38 | TL: 6.256e-01 | VA: 64.28 | VL: 6.310e-01 | Norm: 6.64e-04 | time: 1.93e+01 |
| epoch: 2600 | TA: 69.44 | TL: 6.334e-01 | VA: 74.18 | VL: 6.364e-01 | Norm: 6.68e-04 | time: 1.93e+01 |
| epoch: 2700 | TA: 66.90 | TL: 6.311e-01 | VA: 70.93 | VL: 6.350e-01 | Norm: 7.19e-04 | time: 1.93e+01 |
| epoch: 2800 | TA: 69.39 | TL: 6.323e-01 | VA: 71.50 | VL: 6.393e-01 | Norm: 7.14e-04 | time: 1.93e+01 |
| epoch: 2900 | TA: 73.72 | TL: 6.351e-01 | VA: 67.37 | VL: 6.361e-01 | Norm: 6.93e-04 | time: 1.93e+01 |
| epoch: 3000 | TA: 70.44 | TL: 6.373e-01 | VA: 71.36 | VL: 6.317e-01 | Norm: 6.11e-04 | time: 1.93e+01 |
| epoch: 3100 | TA: 71.05 | TL: 6.337e-01 | VA: 72.61 | VL: 6.306e-01 | Norm: 6.48e-04 | time: 1.93e+01 |
| epoch: 3200 | TA: 70.12 | TL: 6.308e-01 | VA: 67.54 | VL: 6.404e-01 | Norm: 6.72e-04 | time: 1.93e+01 |
| epoch: 3300 | TA: 71.95 | TL: 6.288e-01 | VA: 64.01 | VL: 6.350e-01 | Norm: 6.41e-04 | time: 1.93e+01 |
| epoch: 3400 | TA: 68.65 | TL: 6.345e-01 | VA: 71.38 | VL: 6.382e-01 | Norm: 7.39e-04 | time: 1.93e+01 |
| epoch: 3500 | TA: 67.70 | TL: 6.286e-01 | VA: 70.12 | VL: 6.356e-01 | Norm: 7.18e-04 | time: 1.93e+01 |
| epoch: 3600 | TA: 69.99 | TL: 6.269e-01 | VA: 66.02 | VL: 6.353e-01 | Norm: 6.00e-04 | time: 1.93e+01 |
| epoch: 3700 | TA: 69.44 | TL: 6.293e-01 | VA: 65.80 | VL: 6.320e-01 | Norm: 5.68e-04 | time: 1.93e+01 |
| epoch: 3800 | TA: 66.91 | TL: 6.304e-01 | VA: 69.64 | VL: 6.343e-01 | Norm: 6.81e-04 | time: 1.93e+01 |
| epoch: 3900 | TA: 67.34 | TL: 6.461e-01 | VA: 69.07 | VL: 6.427e-01 | Norm: 7.22e-04 | time: 1.93e+01 |
| epoch: 4000 | TA: 71.27 | TL: 6.299e-01 | VA: 72.95 | VL: 6.320e-01 | Norm: 6.43e-04 | time: 1.93e+01 |
| epoch: 4100 | TA: 69.46 | TL: 6.366e-01 | VA: 71.13 | VL: 6.420e-01 | Norm: 6.26e-04 | time: 1.93e+01 |
| epoch: 4200 | TA: 73.35 | TL: 6.277e-01 | VA: 74.54 | VL: 6.349e-01 | Norm: 6.56e-04 | time: 1.93e+01 |
| epoch: 4300 | TA: 70.32 | TL: 6.339e-01 | VA: 71.17 | VL: 6.360e-01 | Norm: 7.02e-04 | time: 1.93e+01 |
| epoch: 4400 | TA: 72.29 | TL: 6.284e-01 | VA: 66.44 | VL: 6.290e-01 | Norm: 6.45e-04 | time: 1.93e+01 |
| epoch: 4500 | TA: 68.14 | TL: 6.290e-01 | VA: 68.16 | VL: 6.361e-01 | Norm: 6.72e-04 | time: 1.93e+01 |
| epoch: 4600 | TA: 70.64 | TL: 6.261e-01 | VA: 69.93 | VL: 6.300e-01 | Norm: 5.91e-04 | time: 1.93e+01 |
| epoch: 4700 | TA: 73.18 | TL: 6.283e-01 | VA: 68.12 | VL: 6.308e-01 | Norm: 5.78e-04 | time: 1.93e+01 |
| epoch: 4800 | TA: 69.29 | TL: 6.290e-01 | VA: 70.07 | VL: 6.407e-01 | Norm: 6.66e-04 | time: 1.93e+01 |
| epoch: 4900 | TA: 71.13 | TL: 6.360e-01 | VA: 71.62 | VL: 6.428e-01 | Norm: 6.85e-04 | time: 1.93e+01 |
| epoch: 5000 | TA: 69.26 | TL: 6.305e-01 | VA: 68.15 | VL: 6.267e-01 | Norm: 5.47e-04 | time: 1.93e+01 |
| epoch: 5100 | TA: 69.08 | TL: 6.360e-01 | VA: 65.86 | VL: 6.493e-01 | Norm: 7.13e-04 | time: 1.93e+01 |
| epoch: 5200 | TA: 75.60 | TL: 6.320e-01 | VA: 71.16 | VL: 6.348e-01 | Norm: 6.21e-04 | time: 1.93e+01 |
| epoch: 5300 | TA: 73.60 | TL: 6.237e-01 | VA: 73.62 | VL: 6.332e-01 | Norm: 6.47e-04 | time: 1.93e+01 |
| epoch: 5400 | TA: 67.76 | TL: 6.391e-01 | VA: 68.90 | VL: 6.404e-01 | Norm: 6.38e-04 | time: 1.93e+01 |
| epoch: 5500 | TA: 74.13 | TL: 6.317e-01 | VA: 68.97 | VL: 6.379e-01 | Norm: 6.36e-04 | time: 1.93e+01 |
| epoch: 5600 | TA: 71.28 | TL: 6.278e-01 | VA: 72.85 | VL: 6.391e-01 | Norm: 5.79e-04 | time: 1.93e+01 |
| epoch: 5700 | TA: 74.51 | TL: 6.311e-01 | VA: 74.98 | VL: 6.272e-01 | Norm: 5.65e-04 | time: 1.93e+01 |
| epoch: 5800 | TA: 73.66 | TL: 6.223e-01 | VA: 68.75 | VL: 6.327e-01 | Norm: 5.66e-04 | time: 1.93e+01 |
Early stop.
Finished.
Training with penalty:87.09636 seed:3.
The ID for this training is 1658746247.
| epoch:    0 | TA: 0.02 | TL: 7.033e-01 | VA: 48.21 | VL: 1.194e+00 | Norm: 5.64e-03 | time: 1.85e-01 |
| epoch:  100 | TA: 69.06 | TL: 6.774e-01 | VA: 64.43 | VL: 6.983e-01 | Norm: 5.74e-04 | time: 1.85e+01 |
| epoch:  200 | TA: 70.77 | TL: 6.574e-01 | VA: 72.76 | VL: 6.742e-01 | Norm: 6.92e-04 | time: 1.86e+01 |
| epoch:  300 | TA: 69.64 | TL: 6.471e-01 | VA: 71.37 | VL: 6.477e-01 | Norm: 6.66e-04 | time: 1.87e+01 |
| epoch:  400 | TA: 70.88 | TL: 6.237e-01 | VA: 67.40 | VL: 6.474e-01 | Norm: 6.76e-04 | time: 1.89e+01 |
| epoch:  500 | TA: 66.54 | TL: 6.481e-01 | VA: 65.49 | VL: 6.659e-01 | Norm: 5.62e-04 | time: 1.90e+01 |
| epoch:  600 | TA: 74.16 | TL: 6.433e-01 | VA: 72.02 | VL: 6.626e-01 | Norm: 4.56e-04 | time: 1.91e+01 |
| epoch:  700 | TA: 69.04 | TL: 6.420e-01 | VA: 68.30 | VL: 6.720e-01 | Norm: 6.26e-04 | time: 1.91e+01 |
| epoch:  800 | TA: 65.89 | TL: 6.403e-01 | VA: 71.24 | VL: 6.596e-01 | Norm: 4.88e-04 | time: 1.92e+01 |
| epoch:  900 | TA: 73.03 | TL: 6.379e-01 | VA: 70.02 | VL: 6.610e-01 | Norm: 4.64e-04 | time: 1.92e+01 |
| epoch: 1000 | TA: 73.43 | TL: 6.316e-01 | VA: 65.51 | VL: 6.531e-01 | Norm: 4.16e-04 | time: 1.92e+01 |
| epoch: 1100 | TA: 69.25 | TL: 6.397e-01 | VA: 63.78 | VL: 6.543e-01 | Norm: 4.45e-04 | time: 1.93e+01 |
| epoch: 1200 | TA: 76.06 | TL: 6.491e-01 | VA: 67.83 | VL: 6.601e-01 | Norm: 5.15e-04 | time: 1.93e+01 |
| epoch: 1300 | TA: 66.33 | TL: 6.360e-01 | VA: 69.94 | VL: 6.590e-01 | Norm: 4.85e-04 | time: 1.93e+01 |
| epoch: 1400 | TA: 66.99 | TL: 6.384e-01 | VA: 69.23 | VL: 6.613e-01 | Norm: 4.71e-04 | time: 1.93e+01 |
Early stop.
Finished.
Training with penalty:131.82567 seed:3.
The ID for this training is 1658746525.
| epoch:    0 | TA: 0.02 | TL: 7.033e-01 | VA: 48.21 | VL: 1.446e+00 | Norm: 5.64e-03 | time: 1.84e-01 |
| epoch:  100 | TA: 66.03 | TL: 6.845e-01 | VA: 66.17 | VL: 7.060e-01 | Norm: 3.82e-04 | time: 1.85e+01 |
| epoch:  200 | TA: 71.33 | TL: 6.959e-01 | VA: 68.65 | VL: 7.017e-01 | Norm: 4.31e-04 | time: 1.87e+01 |
| epoch:  300 | TA: 72.68 | TL: 6.845e-01 | VA: 65.83 | VL: 6.992e-01 | Norm: 5.67e-04 | time: 1.88e+01 |
| epoch:  400 | TA: 73.53 | TL: 6.625e-01 | VA: 70.95 | VL: 6.755e-01 | Norm: 5.44e-04 | time: 1.89e+01 |
| epoch:  500 | TA: 72.42 | TL: 6.585e-01 | VA: 65.90 | VL: 6.906e-01 | Norm: 6.41e-04 | time: 1.90e+01 |
| epoch:  600 | TA: 68.57 | TL: 6.567e-01 | VA: 67.44 | VL: 6.646e-01 | Norm: 4.98e-04 | time: 1.90e+01 |
| epoch:  700 | TA: 64.66 | TL: 6.502e-01 | VA: 65.87 | VL: 6.731e-01 | Norm: 5.94e-04 | time: 1.90e+01 |
| epoch:  800 | TA: 73.45 | TL: 6.580e-01 | VA: 67.70 | VL: 6.708e-01 | Norm: 6.03e-04 | time: 1.91e+01 |
| epoch:  900 | TA: 71.32 | TL: 6.486e-01 | VA: 74.49 | VL: 6.635e-01 | Norm: 5.67e-04 | time: 1.91e+01 |
| epoch: 1000 | TA: 74.03 | TL: 6.468e-01 | VA: 67.43 | VL: 6.709e-01 | Norm: 5.68e-04 | time: 1.92e+01 |
| epoch: 1100 | TA: 73.24 | TL: 6.621e-01 | VA: 68.60 | VL: 6.624e-01 | Norm: 5.49e-04 | time: 1.92e+01 |
| epoch: 1200 | TA: 71.93 | TL: 6.495e-01 | VA: 69.23 | VL: 6.701e-01 | Norm: 6.00e-04 | time: 1.93e+01 |
| epoch: 1300 | TA: 72.34 | TL: 6.471e-01 | VA: 70.62 | VL: 6.597e-01 | Norm: 5.00e-04 | time: 1.93e+01 |
| epoch: 1400 | TA: 69.95 | TL: 6.508e-01 | VA: 67.82 | VL: 6.653e-01 | Norm: 5.49e-04 | time: 1.93e+01 |
| epoch: 1500 | TA: 71.66 | TL: 6.476e-01 | VA: 68.30 | VL: 6.628e-01 | Norm: 5.22e-04 | time: 1.93e+01 |
| epoch: 1600 | TA: 68.16 | TL: 6.488e-01 | VA: 68.98 | VL: 6.678e-01 | Norm: 5.85e-04 | time: 1.93e+01 |
| epoch: 1700 | TA: 72.43 | TL: 6.416e-01 | VA: 73.05 | VL: 6.542e-01 | Norm: 5.36e-04 | time: 1.93e+01 |
| epoch: 1800 | TA: 73.83 | TL: 6.510e-01 | VA: 69.06 | VL: 6.667e-01 | Norm: 5.83e-04 | time: 1.93e+01 |
| epoch: 1900 | TA: 72.15 | TL: 6.501e-01 | VA: 67.52 | VL: 6.665e-01 | Norm: 5.69e-04 | time: 1.94e+01 |
| epoch: 2000 | TA: 74.57 | TL: 6.461e-01 | VA: 66.35 | VL: 6.558e-01 | Norm: 5.26e-04 | time: 1.94e+01 |
| epoch: 2100 | TA: 75.07 | TL: 6.492e-01 | VA: 68.18 | VL: 6.629e-01 | Norm: 6.11e-04 | time: 1.94e+01 |
| epoch: 2200 | TA: 69.59 | TL: 6.388e-01 | VA: 68.24 | VL: 6.648e-01 | Norm: 5.51e-04 | time: 1.94e+01 |
| epoch: 2300 | TA: 73.07 | TL: 6.634e-01 | VA: 69.02 | VL: 6.651e-01 | Norm: 5.18e-04 | time: 1.94e+01 |
| epoch: 2400 | TA: 71.56 | TL: 6.492e-01 | VA: 71.09 | VL: 6.598e-01 | Norm: 5.35e-04 | time: 1.94e+01 |
| epoch: 2500 | TA: 74.22 | TL: 6.433e-01 | VA: 70.29 | VL: 6.620e-01 | Norm: 5.74e-04 | time: 1.94e+01 |
| epoch: 2600 | TA: 69.23 | TL: 6.642e-01 | VA: 72.19 | VL: 6.714e-01 | Norm: 6.11e-04 | time: 1.94e+01 |
| epoch: 2700 | TA: 72.56 | TL: 6.478e-01 | VA: 67.99 | VL: 6.589e-01 | Norm: 4.94e-04 | time: 1.94e+01 |
| epoch: 2800 | TA: 69.77 | TL: 6.579e-01 | VA: 69.19 | VL: 6.539e-01 | Norm: 5.31e-04 | time: 1.94e+01 |
| epoch: 2900 | TA: 69.66 | TL: 6.497e-01 | VA: 65.62 | VL: 6.539e-01 | Norm: 5.10e-04 | time: 1.94e+01 |
| epoch: 3000 | TA: 70.62 | TL: 6.597e-01 | VA: 67.01 | VL: 6.597e-01 | Norm: 5.26e-04 | time: 1.94e+01 |
| epoch: 3100 | TA: 68.99 | TL: 6.572e-01 | VA: 67.74 | VL: 6.633e-01 | Norm: 5.35e-04 | time: 1.94e+01 |
| epoch: 3200 | TA: 70.96 | TL: 6.442e-01 | VA: 68.64 | VL: 6.528e-01 | Norm: 5.38e-04 | time: 1.94e+01 |
Early stop.
Finished.
Training with penalty:199.52623 seed:3.
The ID for this training is 1658747171.
| epoch:    0 | TA: 0.02 | TL: 7.033e-01 | VA: 48.21 | VL: 1.828e+00 | Norm: 5.64e-03 | time: 1.84e-01 |
| epoch:  100 | TA: 66.40 | TL: 6.969e-01 | VA: 66.46 | VL: 7.095e-01 | Norm: 2.72e-04 | time: 1.85e+01 |
| epoch:  200 | TA: 68.79 | TL: 6.795e-01 | VA: 69.00 | VL: 6.973e-01 | Norm: 3.10e-04 | time: 1.86e+01 |
| epoch:  300 | TA: 65.47 | TL: 6.896e-01 | VA: 65.25 | VL: 7.015e-01 | Norm: 3.52e-04 | time: 1.88e+01 |
| epoch:  400 | TA: 66.53 | TL: 6.727e-01 | VA: 66.30 | VL: 6.920e-01 | Norm: 3.16e-04 | time: 1.89e+01 |
| epoch:  500 | TA: 66.59 | TL: 6.816e-01 | VA: 64.91 | VL: 6.851e-01 | Norm: 2.74e-04 | time: 1.90e+01 |
| epoch:  600 | TA: 67.62 | TL: 6.781e-01 | VA: 66.84 | VL: 6.831e-01 | Norm: 2.75e-04 | time: 1.90e+01 |
| epoch:  700 | TA: 68.11 | TL: 6.732e-01 | VA: 70.68 | VL: 6.847e-01 | Norm: 2.70e-04 | time: 1.91e+01 |
| epoch:  800 | TA: 69.50 | TL: 6.728e-01 | VA: 65.13 | VL: 6.899e-01 | Norm: 3.06e-04 | time: 1.92e+01 |
| epoch:  900 | TA: 65.99 | TL: 6.631e-01 | VA: 70.03 | VL: 6.933e-01 | Norm: 3.26e-04 | time: 1.92e+01 |
| epoch: 1000 | TA: 66.01 | TL: 6.648e-01 | VA: 67.00 | VL: 6.787e-01 | Norm: 2.48e-04 | time: 1.92e+01 |
| epoch: 1100 | TA: 73.42 | TL: 6.730e-01 | VA: 69.75 | VL: 6.836e-01 | Norm: 2.75e-04 | time: 1.93e+01 |
| epoch: 1200 | TA: 72.50 | TL: 6.758e-01 | VA: 69.00 | VL: 6.945e-01 | Norm: 3.31e-04 | time: 1.93e+01 |
| epoch: 1300 | TA: 71.40 | TL: 6.661e-01 | VA: 69.46 | VL: 6.811e-01 | Norm: 2.56e-04 | time: 1.93e+01 |
| epoch: 1400 | TA: 70.51 | TL: 6.804e-01 | VA: 69.02 | VL: 6.969e-01 | Norm: 3.43e-04 | time: 1.93e+01 |
| epoch: 1500 | TA: 71.16 | TL: 6.650e-01 | VA: 66.83 | VL: 6.868e-01 | Norm: 2.69e-04 | time: 1.93e+01 |
| epoch: 1600 | TA: 64.21 | TL: 6.551e-01 | VA: 52.82 | VL: 6.718e-01 | Norm: 2.12e-04 | time: 1.93e+01 |
| epoch: 1700 | TA: 64.78 | TL: 6.716e-01 | VA: 69.37 | VL: 6.778e-01 | Norm: 2.39e-04 | time: 1.93e+01 |
| epoch: 1800 | TA: 68.84 | TL: 6.618e-01 | VA: 66.59 | VL: 6.740e-01 | Norm: 2.26e-04 | time: 1.93e+01 |
| epoch: 1900 | TA: 65.75 | TL: 6.755e-01 | VA: 66.44 | VL: 6.905e-01 | Norm: 2.89e-04 | time: 1.93e+01 |
| epoch: 2000 | TA: 70.69 | TL: 6.632e-01 | VA: 62.55 | VL: 6.780e-01 | Norm: 2.37e-04 | time: 1.93e+01 |
| epoch: 2100 | TA: 68.28 | TL: 6.772e-01 | VA: 68.39 | VL: 6.973e-01 | Norm: 3.37e-04 | time: 1.93e+01 |
| epoch: 2200 | TA: 68.19 | TL: 6.675e-01 | VA: 64.88 | VL: 6.816e-01 | Norm: 2.66e-04 | time: 1.94e+01 |
| epoch: 2300 | TA: 64.16 | TL: 6.552e-01 | VA: 62.70 | VL: 6.858e-01 | Norm: 2.86e-04 | time: 1.94e+01 |
| epoch: 2400 | TA: 66.83 | TL: 6.633e-01 | VA: 67.13 | VL: 6.881e-01 | Norm: 2.89e-04 | time: 1.94e+01 |
| epoch: 2500 | TA: 67.22 | TL: 6.521e-01 | VA: 69.75 | VL: 6.864e-01 | Norm: 2.81e-04 | time: 1.94e+01 |
| epoch: 2600 | TA: 67.00 | TL: 6.494e-01 | VA: 62.47 | VL: 6.799e-01 | Norm: 2.52e-04 | time: 1.94e+01 |
| epoch: 2700 | TA: 70.84 | TL: 6.628e-01 | VA: 72.09 | VL: 6.733e-01 | Norm: 2.34e-04 | time: 1.94e+01 |
| epoch: 2800 | TA: 65.78 | TL: 6.640e-01 | VA: 62.79 | VL: 6.856e-01 | Norm: 2.82e-04 | time: 1.94e+01 |
| epoch: 2900 | TA: 69.13 | TL: 6.568e-01 | VA: 65.80 | VL: 6.761e-01 | Norm: 2.48e-04 | time: 1.94e+01 |
| epoch: 3000 | TA: 69.87 | TL: 6.604e-01 | VA: 64.87 | VL: 6.655e-01 | Norm: 1.91e-04 | time: 1.94e+01 |
| epoch: 3100 | TA: 68.75 | TL: 6.540e-01 | VA: 65.53 | VL: 6.902e-01 | Norm: 3.07e-04 | time: 1.94e+01 |
| epoch: 3200 | TA: 62.41 | TL: 6.625e-01 | VA: 63.06 | VL: 6.819e-01 | Norm: 2.65e-04 | time: 1.94e+01 |
| epoch: 3300 | TA: 70.31 | TL: 6.600e-01 | VA: 69.10 | VL: 6.978e-01 | Norm: 3.48e-04 | time: 1.94e+01 |
| epoch: 3400 | TA: 66.07 | TL: 6.551e-01 | VA: 66.19 | VL: 6.711e-01 | Norm: 2.14e-04 | time: 1.94e+01 |
| epoch: 3500 | TA: 66.51 | TL: 6.701e-01 | VA: 66.46 | VL: 6.728e-01 | Norm: 2.14e-04 | time: 1.94e+01 |
| epoch: 3600 | TA: 73.71 | TL: 6.637e-01 | VA: 67.37 | VL: 6.870e-01 | Norm: 2.91e-04 | time: 1.94e+01 |
Early stop.
Finished.
Training with penalty:301.99517 seed:3.
The ID for this training is 1658747888.
| epoch:    0 | TA: 0.02 | TL: 7.033e-01 | VA: 48.21 | VL: 2.407e+00 | Norm: 5.64e-03 | time: 1.84e-01 |
| epoch:  100 | TA: 67.66 | TL: 7.234e-01 | VA: 65.94 | VL: 7.107e-01 | Norm: 1.69e-04 | time: 1.84e+01 |
| epoch:  200 | TA: 67.61 | TL: 6.964e-01 | VA: 63.66 | VL: 7.329e-01 | Norm: 2.62e-04 | time: 1.86e+01 |
| epoch:  300 | TA: 67.42 | TL: 7.340e-01 | VA: 62.54 | VL: 7.345e-01 | Norm: 2.74e-04 | time: 1.88e+01 |
| epoch:  400 | TA: 66.77 | TL: 7.297e-01 | VA: 66.55 | VL: 7.523e-01 | Norm: 3.41e-04 | time: 1.89e+01 |
| epoch:  500 | TA: 70.48 | TL: 7.350e-01 | VA: 67.00 | VL: 7.392e-01 | Norm: 3.24e-04 | time: 1.90e+01 |
| epoch:  600 | TA: 69.67 | TL: 7.287e-01 | VA: 69.04 | VL: 7.545e-01 | Norm: 3.72e-04 | time: 1.91e+01 |
| epoch:  700 | TA: 70.59 | TL: 7.135e-01 | VA: 62.91 | VL: 7.125e-01 | Norm: 2.61e-04 | time: 1.91e+01 |
| epoch:  800 | TA: 69.14 | TL: 7.441e-01 | VA: 65.77 | VL: 7.516e-01 | Norm: 3.86e-04 | time: 1.92e+01 |
| epoch:  900 | TA: 69.12 | TL: 6.985e-01 | VA: 66.47 | VL: 7.422e-01 | Norm: 3.65e-04 | time: 1.92e+01 |
| epoch: 1000 | TA: 72.85 | TL: 7.112e-01 | VA: 68.43 | VL: 7.312e-01 | Norm: 3.53e-04 | time: 1.92e+01 |
| epoch: 1100 | TA: 69.21 | TL: 7.228e-01 | VA: 70.22 | VL: 7.188e-01 | Norm: 2.88e-04 | time: 1.92e+01 |
| epoch: 1200 | TA: 68.30 | TL: 7.212e-01 | VA: 64.53 | VL: 7.544e-01 | Norm: 4.35e-04 | time: 1.93e+01 |
Early stop.
Finished.
Training with penalty:457.08819 seed:3.
The ID for this training is 1658748123.
| epoch:    0 | TA: 0.02 | TL: 7.033e-01 | VA: 48.21 | VL: 3.282e+00 | Norm: 5.64e-03 | time: 4.19e-01 |
| epoch:  100 | TA: 66.17 | TL: 7.731e-01 | VA: 65.46 | VL: 7.822e-01 | Norm: 2.57e-04 | time: 1.85e+01 |
| epoch:  200 | TA: 67.84 | TL: 7.279e-01 | VA: 67.32 | VL: 7.661e-01 | Norm: 2.62e-04 | time: 1.87e+01 |
| epoch:  300 | TA: 67.04 | TL: 7.605e-01 | VA: 66.15 | VL: 7.660e-01 | Norm: 2.71e-04 | time: 1.88e+01 |
| epoch:  400 | TA: 65.13 | TL: 7.295e-01 | VA: 66.09 | VL: 7.764e-01 | Norm: 3.04e-04 | time: 1.88e+01 |
| epoch:  500 | TA: 68.07 | TL: 7.775e-01 | VA: 66.74 | VL: 7.884e-01 | Norm: 3.25e-04 | time: 1.89e+01 |
| epoch:  600 | TA: 69.82 | TL: 7.549e-01 | VA: 65.56 | VL: 7.753e-01 | Norm: 2.98e-04 | time: 1.90e+01 |
| epoch:  700 | TA: 67.57 | TL: 7.372e-01 | VA: 61.92 | VL: 7.690e-01 | Norm: 2.73e-04 | time: 1.90e+01 |
| epoch:  800 | TA: 59.08 | TL: 7.401e-01 | VA: 68.68 | VL: 7.758e-01 | Norm: 3.04e-04 | time: 1.91e+01 |
| epoch:  900 | TA: 69.28 | TL: 7.548e-01 | VA: 66.72 | VL: 7.665e-01 | Norm: 2.89e-04 | time: 1.91e+01 |
| epoch: 1000 | TA: 67.22 | TL: 7.118e-01 | VA: 66.18 | VL: 7.697e-01 | Norm: 2.91e-04 | time: 1.92e+01 |
| epoch: 1100 | TA: 63.37 | TL: 7.266e-01 | VA: 67.17 | VL: 7.521e-01 | Norm: 2.54e-04 | time: 1.92e+01 |
| epoch: 1200 | TA: 67.73 | TL: 7.145e-01 | VA: 67.57 | VL: 7.516e-01 | Norm: 2.48e-04 | time: 1.92e+01 |
| epoch: 1300 | TA: 67.37 | TL: 7.347e-01 | VA: 65.05 | VL: 7.659e-01 | Norm: 2.87e-04 | time: 1.92e+01 |
| epoch: 1400 | TA: 69.56 | TL: 7.521e-01 | VA: 67.91 | VL: 7.402e-01 | Norm: 2.25e-04 | time: 1.92e+01 |
| epoch: 1500 | TA: 68.09 | TL: 7.235e-01 | VA: 63.53 | VL: 7.344e-01 | Norm: 2.14e-04 | time: 1.93e+01 |
| epoch: 1600 | TA: 65.58 | TL: 7.565e-01 | VA: 66.72 | VL: 7.509e-01 | Norm: 2.49e-04 | time: 1.92e+01 |
| epoch: 1700 | TA: 65.78 | TL: 7.374e-01 | VA: 64.17 | VL: 7.722e-01 | Norm: 2.98e-04 | time: 1.92e+01 |
| epoch: 1800 | TA: 65.44 | TL: 7.168e-01 | VA: 63.84 | VL: 7.730e-01 | Norm: 2.92e-04 | time: 1.93e+01 |
| epoch: 1900 | TA: 64.23 | TL: 7.304e-01 | VA: 65.78 | VL: 7.624e-01 | Norm: 2.79e-04 | time: 1.93e+01 |
| epoch: 2000 | TA: 65.91 | TL: 7.558e-01 | VA: 61.08 | VL: 7.703e-01 | Norm: 2.89e-04 | time: 1.93e+01 |
| epoch: 2100 | TA: 64.00 | TL: 7.221e-01 | VA: 68.31 | VL: 7.683e-01 | Norm: 2.91e-04 | time: 1.93e+01 |
| epoch: 2200 | TA: 66.51 | TL: 7.556e-01 | VA: 60.77 | VL: 7.560e-01 | Norm: 2.52e-04 | time: 1.93e+01 |
| epoch: 2300 | TA: 62.79 | TL: 7.296e-01 | VA: 64.44 | VL: 7.280e-01 | Norm: 2.00e-04 | time: 1.93e+01 |
| epoch: 2400 | TA: 58.84 | TL: 7.672e-01 | VA: 62.69 | VL: 7.757e-01 | Norm: 3.04e-04 | time: 1.93e+01 |
| epoch: 2500 | TA: 51.18 | TL: 7.316e-01 | VA: 64.43 | VL: 7.807e-01 | Norm: 3.20e-04 | time: 1.93e+01 |
Early stop.
Finished.
Training with penalty:691.83097 seed:3.
The ID for this training is 1658748621.
| epoch:    0 | TA: 0.02 | TL: 7.033e-01 | VA: 48.21 | VL: 4.606e+00 | Norm: 5.64e-03 | time: 1.84e-01 |
| epoch:  100 | TA: 67.15 | TL: 7.685e-01 | VA: 66.82 | VL: 7.973e-01 | Norm: 1.94e-04 | time: 1.84e+01 |
| epoch:  200 | TA: 66.55 | TL: 7.874e-01 | VA: 67.59 | VL: 8.115e-01 | Norm: 2.25e-04 | time: 1.86e+01 |
| epoch:  300 | TA: 67.23 | TL: 7.991e-01 | VA: 64.70 | VL: 8.382e-01 | Norm: 2.68e-04 | time: 1.87e+01 |
| epoch:  400 | TA: 66.05 | TL: 7.853e-01 | VA: 64.76 | VL: 7.961e-01 | Norm: 2.10e-04 | time: 1.88e+01 |
| epoch:  500 | TA: 67.78 | TL: 7.867e-01 | VA: 64.79 | VL: 8.432e-01 | Norm: 2.80e-04 | time: 1.89e+01 |
| epoch:  600 | TA: 69.23 | TL: 7.776e-01 | VA: 64.23 | VL: 8.323e-01 | Norm: 2.64e-04 | time: 1.89e+01 |
| epoch:  700 | TA: 68.88 | TL: 8.147e-01 | VA: 65.62 | VL: 8.693e-01 | Norm: 3.21e-04 | time: 1.90e+01 |
| epoch:  800 | TA: 69.18 | TL: 7.770e-01 | VA: 66.51 | VL: 8.178e-01 | Norm: 2.48e-04 | time: 1.90e+01 |
| epoch:  900 | TA: 66.13 | TL: 7.795e-01 | VA: 66.81 | VL: 8.321e-01 | Norm: 2.68e-04 | time: 1.91e+01 |
| epoch: 1000 | TA: 69.52 | TL: 7.774e-01 | VA: 64.21 | VL: 8.195e-01 | Norm: 2.50e-04 | time: 1.91e+01 |
Early stop.
Finished.
Training with penalty:1047.12855 seed:3.
The ID for this training is 1658748826.
| epoch:    0 | TA: 0.02 | TL: 7.033e-01 | VA: 48.21 | VL: 6.611e+00 | Norm: 5.64e-03 | time: 1.84e-01 |
| epoch:  100 | TA: 67.69 | TL: 8.367e-01 | VA: 64.06 | VL: 9.161e-01 | Norm: 2.54e-04 | time: 1.84e+01 |
| epoch:  200 | TA: 68.52 | TL: 8.184e-01 | VA: 65.48 | VL: 8.154e-01 | Norm: 1.66e-04 | time: 1.87e+01 |
| epoch:  300 | TA: 67.03 | TL: 8.765e-01 | VA: 65.29 | VL: 8.968e-01 | Norm: 2.51e-04 | time: 1.87e+01 |
| epoch:  400 | TA: 65.97 | TL: 9.203e-01 | VA: 64.57 | VL: 8.740e-01 | Norm: 2.30e-04 | time: 1.88e+01 |
| epoch:  500 | TA: 66.09 | TL: 8.427e-01 | VA: 64.86 | VL: 9.400e-01 | Norm: 2.95e-04 | time: 1.90e+01 |
| epoch:  600 | TA: 66.53 | TL: 8.529e-01 | VA: 66.61 | VL: 8.737e-01 | Norm: 2.31e-04 | time: 1.90e+01 |
| epoch:  700 | TA: 67.46 | TL: 8.629e-01 | VA: 65.98 | VL: 8.721e-01 | Norm: 2.31e-04 | time: 1.90e+01 |
| epoch:  800 | TA: 62.11 | TL: 8.905e-01 | VA: 67.13 | VL: 9.080e-01 | Norm: 2.66e-04 | time: 1.91e+01 |
| epoch:  900 | TA: 63.04 | TL: 8.902e-01 | VA: 67.04 | VL: 8.824e-01 | Norm: 2.39e-04 | time: 1.91e+01 |
| epoch: 1000 | TA: 64.68 | TL: 8.575e-01 | VA: 61.97 | VL: 8.397e-01 | Norm: 2.00e-04 | time: 1.91e+01 |
Early stop.
Finished.
Training with penalty:1584.89319 seed:3.
The ID for this training is 1658749029.
| epoch:    0 | TA: 0.02 | TL: 7.033e-01 | VA: 48.21 | VL: 9.646e+00 | Norm: 5.64e-03 | time: 1.85e-01 |
| epoch:  100 | TA: 65.81 | TL: 9.040e-01 | VA: 67.09 | VL: 9.253e-01 | Norm: 1.70e-04 | time: 1.84e+01 |
| epoch:  200 | TA: 68.71 | TL: 8.803e-01 | VA: 65.87 | VL: 8.862e-01 | Norm: 1.53e-04 | time: 1.86e+01 |
| epoch:  300 | TA: 67.61 | TL: 9.341e-01 | VA: 65.37 | VL: 9.489e-01 | Norm: 1.95e-04 | time: 1.87e+01 |
| epoch:  400 | TA: 65.38 | TL: 9.980e-01 | VA: 65.28 | VL: 9.848e-01 | Norm: 2.20e-04 | time: 1.88e+01 |
| epoch:  500 | TA: 68.50 | TL: 9.173e-01 | VA: 65.90 | VL: 9.528e-01 | Norm: 2.01e-04 | time: 1.89e+01 |
| epoch:  600 | TA: 55.63 | TL: 1.043e+00 | VA: 65.42 | VL: 9.747e-01 | Norm: 2.13e-04 | time: 1.90e+01 |
| epoch:  700 | TA: 66.29 | TL: 9.766e-01 | VA: 63.36 | VL: 9.455e-01 | Norm: 1.96e-04 | time: 1.90e+01 |
| epoch:  800 | TA: 65.34 | TL: 8.951e-01 | VA: 65.53 | VL: 1.059e+00 | Norm: 2.66e-04 | time: 1.91e+01 |
| epoch:  900 | TA: 65.94 | TL: 8.699e-01 | VA: 62.35 | VL: 9.860e-01 | Norm: 2.21e-04 | time: 1.91e+01 |
| epoch: 1000 | TA: 69.95 | TL: 9.978e-01 | VA: 64.52 | VL: 1.031e+00 | Norm: 2.49e-04 | time: 1.91e+01 |
Early stop.
Finished.
Training with penalty:2398.83292 seed:3.
The ID for this training is 1658749230.
| epoch:    0 | TA: 0.02 | TL: 7.033e-01 | VA: 48.21 | VL: 1.424e+01 | Norm: 5.64e-03 | time: 1.84e-01 |
| epoch:  100 | TA: 67.00 | TL: 9.998e-01 | VA: 65.13 | VL: 1.066e+00 | Norm: 1.70e-04 | time: 1.84e+01 |
| epoch:  200 | TA: 67.34 | TL: 9.350e-01 | VA: 64.95 | VL: 1.024e+00 | Norm: 1.59e-04 | time: 1.86e+01 |
| epoch:  300 | TA: 68.99 | TL: 1.152e+00 | VA: 64.62 | VL: 9.989e-01 | Norm: 1.49e-04 | time: 1.87e+01 |
| epoch:  400 | TA: 67.18 | TL: 1.070e+00 | VA: 66.34 | VL: 1.083e+00 | Norm: 1.85e-04 | time: 1.87e+01 |
| epoch:  500 | TA: 67.09 | TL: 1.130e+00 | VA: 71.27 | VL: 1.177e+00 | Norm: 2.25e-04 | time: 1.88e+01 |
| epoch:  600 | TA: 69.09 | TL: 9.202e-01 | VA: 64.97 | VL: 1.109e+00 | Norm: 1.97e-04 | time: 1.89e+01 |
| epoch:  700 | TA: 68.87 | TL: 9.835e-01 | VA: 61.19 | VL: 1.045e+00 | Norm: 1.69e-04 | time: 1.90e+01 |
| epoch:  800 | TA: 65.01 | TL: 1.018e+00 | VA: 63.72 | VL: 9.713e-01 | Norm: 1.39e-04 | time: 1.90e+01 |
| epoch:  900 | TA: 66.93 | TL: 1.021e+00 | VA: 51.92 | VL: 1.196e+00 | Norm: 2.34e-04 | time: 1.91e+01 |
| epoch: 1000 | TA: 65.16 | TL: 9.771e-01 | VA: 65.97 | VL: 1.197e+00 | Norm: 2.34e-04 | time: 1.91e+01 |
Early stop.
Finished.
Training with penalty:3630.78055 seed:3.
The ID for this training is 1658749432.
| epoch:    0 | TA: 0.02 | TL: 7.033e-01 | VA: 48.21 | VL: 2.119e+01 | Norm: 5.64e-03 | time: 1.84e-01 |
| epoch:  100 | TA: 67.23 | TL: 1.072e+00 | VA: 65.02 | VL: 1.197e+00 | Norm: 1.47e-04 | time: 1.84e+01 |
| epoch:  200 | TA: 67.85 | TL: 9.570e-01 | VA: 64.48 | VL: 1.144e+00 | Norm: 1.36e-04 | time: 1.86e+01 |
| epoch:  300 | TA: 70.40 | TL: 1.262e+00 | VA: 64.52 | VL: 1.223e+00 | Norm: 1.59e-04 | time: 1.88e+01 |
| epoch:  400 | TA: 68.67 | TL: 1.156e+00 | VA: 64.36 | VL: 1.161e+00 | Norm: 1.43e-04 | time: 1.89e+01 |
| epoch:  500 | TA: 67.93 | TL: 1.380e+00 | VA: 63.94 | VL: 1.097e+00 | Norm: 1.26e-04 | time: 1.89e+01 |
| epoch:  600 | TA: 66.82 | TL: 1.271e+00 | VA: 64.06 | VL: 1.157e+00 | Norm: 1.42e-04 | time: 1.90e+01 |
| epoch:  700 | TA: 65.90 | TL: 1.272e+00 | VA: 61.98 | VL: 1.181e+00 | Norm: 1.49e-04 | time: 1.90e+01 |
| epoch:  800 | TA: 67.51 | TL: 1.283e+00 | VA: 63.37 | VL: 1.303e+00 | Norm: 1.83e-04 | time: 1.91e+01 |
| epoch:  900 | TA: 66.35 | TL: 1.238e+00 | VA: 65.07 | VL: 1.095e+00 | Norm: 1.26e-04 | time: 1.91e+01 |
| epoch: 1000 | TA: 68.36 | TL: 1.221e+00 | VA: 63.63 | VL: 1.196e+00 | Norm: 1.54e-04 | time: 1.92e+01 |
Early stop.
Finished.
Training with penalty:5495.40874 seed:3.
The ID for this training is 1658749636.
| epoch:    0 | TA: 0.02 | TL: 7.033e-01 | VA: 48.21 | VL: 3.171e+01 | Norm: 5.64e-03 | time: 1.84e-01 |
| epoch:  100 | TA: 66.38 | TL: 1.154e+00 | VA: 63.37 | VL: 1.263e+00 | Norm: 1.12e-04 | time: 1.85e+01 |
| epoch:  200 | TA: 68.38 | TL: 9.895e-01 | VA: 66.19 | VL: 1.008e+00 | Norm: 6.81e-05 | time: 1.86e+01 |
| epoch:  300 | TA: 66.34 | TL: 1.324e+00 | VA: 63.70 | VL: 1.050e+00 | Norm: 7.53e-05 | time: 1.87e+01 |
| epoch:  400 | TA: 64.75 | TL: 1.095e+00 | VA: 54.54 | VL: 1.353e+00 | Norm: 1.31e-04 | time: 1.88e+01 |
| epoch:  500 | TA: 63.66 | TL: 1.272e+00 | VA: 67.88 | VL: 1.393e+00 | Norm: 1.38e-04 | time: 1.89e+01 |
| epoch:  600 | TA: 53.78 | TL: 1.549e+00 | VA: 65.28 | VL: 1.440e+00 | Norm: 1.47e-04 | time: 1.89e+01 |
| epoch:  700 | TA: 67.10 | TL: 1.481e+00 | VA: 65.43 | VL: 1.224e+00 | Norm: 1.07e-04 | time: 1.90e+01 |
| epoch:  800 | TA: 64.47 | TL: 1.488e+00 | VA: 67.35 | VL: 1.492e+00 | Norm: 1.56e-04 | time: 1.91e+01 |
| epoch:  900 | TA: 69.22 | TL: 1.365e+00 | VA: 69.09 | VL: 1.230e+00 | Norm: 1.09e-04 | time: 1.91e+01 |
| epoch: 1000 | TA: 66.56 | TL: 1.334e+00 | VA: 64.11 | VL: 1.578e+00 | Norm: 1.72e-04 | time: 1.91e+01 |
| epoch: 1100 | TA: 64.81 | TL: 1.177e+00 | VA: 68.82 | VL: 1.212e+00 | Norm: 1.06e-04 | time: 1.92e+01 |
Early stop.
Finished.
Training with penalty:8317.63771 seed:3.
The ID for this training is 1658749852.
| epoch:    0 | TA: 0.02 | TL: 7.033e-01 | VA: 48.21 | VL: 4.764e+01 | Norm: 5.64e-03 | time: 1.86e-01 |
| epoch:  100 | TA: 67.38 | TL: 1.184e+00 | VA: 65.16 | VL: 1.444e+00 | Norm: 9.51e-05 | time: 1.85e+01 |
| epoch:  200 | TA: 65.35 | TL: 1.370e+00 | VA: 63.09 | VL: 1.177e+00 | Norm: 6.47e-05 | time: 1.86e+01 |
| epoch:  300 | TA: 64.66 | TL: 1.433e+00 | VA: 63.21 | VL: 1.242e+00 | Norm: 7.28e-05 | time: 1.87e+01 |
| epoch:  400 | TA: 64.49 | TL: 1.532e+00 | VA: 62.80 | VL: 1.533e+00 | Norm: 1.08e-04 | time: 1.88e+01 |
| epoch:  500 | TA: 66.97 | TL: 1.690e+00 | VA: 62.99 | VL: 1.638e+00 | Norm: 1.21e-04 | time: 1.89e+01 |
| epoch:  600 | TA: 63.98 | TL: 1.099e+00 | VA: 62.56 | VL: 1.260e+00 | Norm: 7.53e-05 | time: 1.90e+01 |
| epoch:  700 | TA: 64.22 | TL: 1.568e+00 | VA: 62.85 | VL: 1.588e+00 | Norm: 1.15e-04 | time: 1.91e+01 |
| epoch:  800 | TA: 66.51 | TL: 1.729e+00 | VA: 65.30 | VL: 1.534e+00 | Norm: 1.08e-04 | time: 1.91e+01 |
| epoch:  900 | TA: 65.79 | TL: 2.107e+00 | VA: 63.47 | VL: 1.787e+00 | Norm: 1.39e-04 | time: 1.91e+01 |
| epoch: 1000 | TA: 66.71 | TL: 1.814e+00 | VA: 65.52 | VL: 1.673e+00 | Norm: 1.25e-04 | time: 1.92e+01 |
Early stop.
Finished.
Training with penalty:12589.25412 seed:3.
The ID for this training is 1658750053.
| epoch:    0 | TA: 0.02 | TL: 7.033e-01 | VA: 48.21 | VL: 7.174e+01 | Norm: 5.64e-03 | time: 1.84e-01 |
| epoch:  100 | TA: 66.71 | TL: 9.348e-01 | VA: 64.58 | VL: 9.732e-01 | Norm: 2.47e-05 | time: 1.85e+01 |
| epoch:  200 | TA: 65.23 | TL: 9.893e-01 | VA: 64.71 | VL: 1.291e+00 | Norm: 5.11e-05 | time: 1.86e+01 |
| epoch:  300 | TA: 56.52 | TL: 1.979e+00 | VA: 63.69 | VL: 1.532e+00 | Norm: 7.11e-05 | time: 1.87e+01 |
| epoch:  400 | TA: 66.14 | TL: 1.438e+00 | VA: 62.66 | VL: 1.297e+00 | Norm: 5.24e-05 | time: 1.88e+01 |
| epoch:  500 | TA: 65.48 | TL: 2.352e+00 | VA: 64.55 | VL: 1.786e+00 | Norm: 9.13e-05 | time: 1.89e+01 |
| epoch:  600 | TA: 65.58 | TL: 1.997e+00 | VA: 65.17 | VL: 2.457e+00 | Norm: 1.45e-04 | time: 1.90e+01 |
| epoch:  700 | TA: 64.19 | TL: 1.967e+00 | VA: 66.30 | VL: 1.815e+00 | Norm: 9.37e-05 | time: 1.91e+01 |
| epoch:  800 | TA: 63.85 | TL: 1.829e+00 | VA: 64.29 | VL: 2.189e+00 | Norm: 1.23e-04 | time: 1.91e+01 |
| epoch:  900 | TA: 70.17 | TL: 2.102e+00 | VA: 70.94 | VL: 2.354e+00 | Norm: 1.37e-04 | time: 1.91e+01 |
| epoch: 1000 | TA: 66.82 | TL: 2.202e+00 | VA: 65.34 | VL: 2.355e+00 | Norm: 1.37e-04 | time: 1.91e+01 |
| epoch: 1100 | TA: 66.85 | TL: 1.782e+00 | VA: 66.02 | VL: 2.263e+00 | Norm: 1.29e-04 | time: 1.92e+01 |
Early stop.
Finished.
Training with penalty:19054.60718 seed:3.
The ID for this training is 1658750271.
| epoch:    0 | TA: 0.02 | TL: 7.033e-01 | VA: 48.21 | VL: 1.082e+02 | Norm: 5.64e-03 | time: 1.86e-01 |
| epoch:  100 | TA: 67.81 | TL: 2.281e+00 | VA: 64.79 | VL: 1.199e+00 | Norm: 2.82e-05 | time: 1.85e+01 |
| epoch:  200 | TA: 65.28 | TL: 9.591e-01 | VA: 65.52 | VL: 1.367e+00 | Norm: 3.79e-05 | time: 1.86e+01 |
| epoch:  300 | TA: 64.36 | TL: 3.041e+00 | VA: 68.33 | VL: 2.633e+00 | Norm: 1.05e-04 | time: 1.87e+01 |
| epoch:  400 | TA: 66.09 | TL: 2.350e+00 | VA: 64.25 | VL: 1.849e+00 | Norm: 6.37e-05 | time: 1.88e+01 |
| epoch:  500 | TA: 66.13 | TL: 2.349e+00 | VA: 57.20 | VL: 2.794e+00 | Norm: 1.13e-04 | time: 1.89e+01 |
| epoch:  600 | TA: 66.66 | TL: 2.157e+00 | VA: 66.17 | VL: 2.488e+00 | Norm: 9.74e-05 | time: 1.90e+01 |
| epoch:  700 | TA: 65.87 | TL: 2.256e+00 | VA: 61.97 | VL: 1.697e+00 | Norm: 5.58e-05 | time: 1.90e+01 |
| epoch:  800 | TA: 65.75 | TL: 2.450e+00 | VA: 64.12 | VL: 2.172e+00 | Norm: 8.07e-05 | time: 1.90e+01 |
| epoch:  900 | TA: 61.85 | TL: 2.083e+00 | VA: 63.29 | VL: 3.427e+00 | Norm: 1.47e-04 | time: 1.91e+01 |
| epoch: 1000 | TA: 65.30 | TL: 2.891e+00 | VA: 64.93 | VL: 2.491e+00 | Norm: 9.75e-05 | time: 1.91e+01 |
Early stop.
Finished.
Training with penalty:28840.31503 seed:3.
The ID for this training is 1658750479.
| epoch:    0 | TA: 0.02 | TL: 7.033e-01 | VA: 48.21 | VL: 1.634e+02 | Norm: 5.64e-03 | time: 1.84e-01 |
| epoch:  100 | TA: 66.58 | TL: 2.432e+00 | VA: 65.57 | VL: 1.505e+00 | Norm: 2.91e-05 | time: 1.85e+01 |
| epoch:  200 | TA: 68.00 | TL: 7.674e-01 | VA: 66.09 | VL: 1.160e+00 | Norm: 1.77e-05 | time: 1.86e+01 |
| epoch:  300 | TA: 68.24 | TL: 1.861e+00 | VA: 63.16 | VL: 2.010e+00 | Norm: 4.74e-05 | time: 1.87e+01 |
| epoch:  400 | TA: 63.83 | TL: 2.062e+00 | VA: 61.20 | VL: 1.863e+00 | Norm: 4.25e-05 | time: 1.89e+01 |
| epoch:  500 | TA: 65.28 | TL: 2.488e+00 | VA: 61.47 | VL: 2.530e+00 | Norm: 6.56e-05 | time: 1.89e+01 |
| epoch:  600 | TA: 64.93 | TL: 1.923e+00 | VA: 60.97 | VL: 2.261e+00 | Norm: 5.64e-05 | time: 1.90e+01 |
| epoch:  700 | TA: 64.25 | TL: 1.490e+00 | VA: 65.21 | VL: 2.092e+00 | Norm: 5.05e-05 | time: 1.90e+01 |
| epoch:  800 | TA: 66.03 | TL: 2.076e+00 | VA: 65.80 | VL: 2.719e+00 | Norm: 7.23e-05 | time: 1.91e+01 |
| epoch:  900 | TA: 66.06 | TL: 1.582e+00 | VA: 61.07 | VL: 1.852e+00 | Norm: 4.21e-05 | time: 1.91e+01 |
| epoch: 1000 | TA: 64.89 | TL: 2.091e+00 | VA: 65.16 | VL: 2.343e+00 | Norm: 5.93e-05 | time: 1.91e+01 |
| epoch: 1100 | TA: 66.58 | TL: 3.571e+00 | VA: 69.87 | VL: 3.436e+00 | Norm: 9.72e-05 | time: 1.92e+01 |
Early stop.
Finished.
Training with penalty:43651.58322 seed:3.
The ID for this training is 1658750709.
| epoch:    0 | TA: 0.02 | TL: 7.033e-01 | VA: 48.21 | VL: 2.470e+02 | Norm: 5.64e-03 | time: 1.85e-01 |
| epoch:  100 | TA: 66.85 | TL: 1.280e+00 | VA: 65.54 | VL: 8.747e-01 | Norm: 4.78e-06 | time: 1.85e+01 |
| epoch:  200 | TA: 69.96 | TL: 2.070e+00 | VA: 66.21 | VL: 1.458e+00 | Norm: 1.85e-05 | time: 1.87e+01 |
| epoch:  300 | TA: 68.45 | TL: 4.316e+00 | VA: 67.00 | VL: 4.306e+00 | Norm: 8.39e-05 | time: 1.88e+01 |
| epoch:  400 | TA: 66.24 | TL: 3.245e+00 | VA: 64.19 | VL: 2.773e+00 | Norm: 4.88e-05 | time: 1.88e+01 |
| epoch:  500 | TA: 65.70 | TL: 4.261e+00 | VA: 66.48 | VL: 5.494e+00 | Norm: 1.11e-04 | time: 1.89e+01 |
| epoch:  600 | TA: 69.64 | TL: 5.018e+00 | VA: 64.16 | VL: 3.074e+00 | Norm: 5.58e-05 | time: 1.90e+01 |
| epoch:  700 | TA: 66.95 | TL: 3.581e+00 | VA: 64.41 | VL: 3.548e+00 | Norm: 6.67e-05 | time: 1.90e+01 |
| epoch:  800 | TA: 67.20 | TL: 4.333e+00 | VA: 64.09 | VL: 3.262e+00 | Norm: 6.01e-05 | time: 1.91e+01 |
| epoch:  900 | TA: 68.00 | TL: 4.532e+00 | VA: 66.02 | VL: 2.844e+00 | Norm: 5.06e-05 | time: 1.91e+01 |
| epoch: 1000 | TA: 67.54 | TL: 4.381e+00 | VA: 63.73 | VL: 4.316e+00 | Norm: 8.43e-05 | time: 1.92e+01 |
| epoch: 1100 | TA: 68.06 | TL: 4.802e+00 | VA: 64.32 | VL: 3.886e+00 | Norm: 7.45e-05 | time: 1.92e+01 |
Early stop.
Finished.
Training with penalty:66069.3448 seed:3.
The ID for this training is 1658750927.
| epoch:    0 | TA: 0.02 | TL: 7.033e-01 | VA: 48.21 | VL: 3.735e+02 | Norm: 5.64e-03 | time: 1.85e-01 |
| epoch:  100 | TA: 67.23 | TL: 1.257e+00 | VA: 65.07 | VL: 6.649e-01 | Norm: 0.00e+00 | time: 1.85e+01 |
| epoch:  200 | TA: 65.78 | TL: 1.216e+00 | VA: 64.73 | VL: 6.536e-01 | Norm: 0.00e+00 | time: 1.87e+01 |
| epoch:  300 | TA: 66.75 | TL: 1.727e+00 | VA: 64.73 | VL: 1.924e+00 | Norm: 1.92e-05 | time: 1.87e+01 |
| epoch:  400 | TA: 65.98 | TL: 2.487e+00 | VA: 62.90 | VL: 1.291e+00 | Norm: 9.61e-06 | time: 1.88e+01 |
| epoch:  500 | TA: 66.01 | TL: 5.419e+00 | VA: 65.69 | VL: 5.130e+00 | Norm: 6.78e-05 | time: 1.89e+01 |
| epoch:  600 | TA: 66.53 | TL: 2.776e+00 | VA: 64.89 | VL: 2.550e+00 | Norm: 2.88e-05 | time: 1.89e+01 |
| epoch:  700 | TA: 66.20 | TL: 3.544e+00 | VA: 63.99 | VL: 2.471e+00 | Norm: 2.76e-05 | time: 1.90e+01 |
| epoch:  800 | TA: 65.23 | TL: 3.329e+00 | VA: 65.63 | VL: 5.496e+00 | Norm: 7.34e-05 | time: 1.91e+01 |
| epoch:  900 | TA: 64.30 | TL: 4.047e+00 | VA: 67.66 | VL: 5.831e+00 | Norm: 7.85e-05 | time: 1.91e+01 |
| epoch: 1000 | TA: 66.75 | TL: 4.667e+00 | VA: 65.22 | VL: 2.351e+00 | Norm: 2.58e-05 | time: 1.92e+01 |
| epoch: 1100 | TA: 64.57 | TL: 3.747e+00 | VA: 65.32 | VL: 3.849e+00 | Norm: 4.85e-05 | time: 1.92e+01 |
| epoch: 1200 | TA: 67.38 | TL: 6.653e+00 | VA: 67.23 | VL: 3.550e+00 | Norm: 4.40e-05 | time: 1.92e+01 |
Early stop.
Finished.
Training with penalty:100000.0 seed:3.
The ID for this training is 1658751160.
| epoch:    0 | TA: 0.02 | TL: 7.033e-01 | VA: 48.21 | VL: 5.650e+02 | Norm: 5.64e-03 | time: 1.84e-01 |
| epoch:  100 | TA: 67.82 | TL: 2.083e+00 | VA: 64.70 | VL: 1.528e+00 | Norm: 8.65e-06 | time: 1.85e+01 |
| epoch:  200 | TA: 67.05 | TL: 1.104e+00 | VA: 64.64 | VL: 1.100e+00 | Norm: 4.48e-06 | time: 1.87e+01 |
| epoch:  300 | TA: 68.18 | TL: 5.049e+00 | VA: 66.66 | VL: 3.082e+00 | Norm: 2.44e-05 | time: 1.88e+01 |
| epoch:  400 | TA: 66.80 | TL: 3.027e+00 | VA: 67.14 | VL: 2.858e+00 | Norm: 2.22e-05 | time: 1.89e+01 |
| epoch:  500 | TA: 66.96 | TL: 2.570e+00 | VA: 59.39 | VL: 4.078e+00 | Norm: 3.44e-05 | time: 1.89e+01 |
| epoch:  600 | TA: 68.26 | TL: 2.671e+00 | VA: 67.20 | VL: 4.107e+00 | Norm: 3.47e-05 | time: 1.90e+01 |
| epoch:  700 | TA: 67.41 | TL: 2.062e+00 | VA: 65.13 | VL: 1.071e+00 | Norm: 4.36e-06 | time: 1.90e+01 |
| epoch:  800 | TA: 67.56 | TL: 3.090e+00 | VA: 67.46 | VL: 3.342e+00 | Norm: 2.71e-05 | time: 1.91e+01 |
| epoch:  900 | TA: 67.18 | TL: 3.626e+00 | VA: 66.14 | VL: 4.406e+00 | Norm: 3.77e-05 | time: 1.92e+01 |
| epoch: 1000 | TA: 67.87 | TL: 4.493e+00 | VA: 66.34 | VL: 4.168e+00 | Norm: 3.54e-05 | time: 1.92e+01 |
| epoch: 1100 | TA: 67.13 | TL: 2.902e+00 | VA: 56.79 | VL: 5.113e+00 | Norm: 4.48e-05 | time: 1.92e+01 |
| epoch: 1200 | TA: 65.62 | TL: 1.619e+00 | VA: 65.22 | VL: 3.382e+00 | Norm: 2.75e-05 | time: 1.93e+01 |
| epoch: 1300 | TA: 68.96 | TL: 4.116e+00 | VA: 66.71 | VL: 3.697e+00 | Norm: 3.06e-05 | time: 1.93e+01 |
| epoch: 1400 | TA: 67.69 | TL: 4.621e+00 | VA: 67.00 | VL: 7.548e+00 | Norm: 6.92e-05 | time: 1.93e+01 |
| epoch: 1500 | TA: 68.56 | TL: 3.555e+00 | VA: 65.54 | VL: 4.286e+00 | Norm: 3.65e-05 | time: 1.93e+01 |
| epoch: 1600 | TA: 66.73 | TL: 2.119e+00 | VA: 67.14 | VL: 3.723e+00 | Norm: 3.09e-05 | time: 1.93e+01 |
| epoch: 1700 | TA: 66.90 | TL: 2.553e+00 | VA: 64.86 | VL: 1.347e+00 | Norm: 7.14e-06 | time: 1.93e+01 |
| epoch: 1800 | TA: 70.86 | TL: 3.808e+00 | VA: 69.77 | VL: 4.802e+00 | Norm: 4.17e-05 | time: 1.93e+01 |
| epoch: 1900 | TA: 66.08 | TL: 3.607e+00 | VA: 64.93 | VL: 1.522e+00 | Norm: 8.91e-06 | time: 1.93e+01 |
| epoch: 2000 | TA: 54.94 | TL: 6.261e+00 | VA: 70.86 | VL: 5.464e+00 | Norm: 4.83e-05 | time: 1.93e+01 |
| epoch: 2100 | TA: 68.63 | TL: 4.085e+00 | VA: 67.46 | VL: 2.231e+00 | Norm: 1.60e-05 | time: 1.93e+01 |
| epoch: 2200 | TA: 68.40 | TL: 4.636e+00 | VA: 66.63 | VL: 5.041e+00 | Norm: 4.41e-05 | time: 1.94e+01 |
| epoch: 2300 | TA: 68.26 | TL: 2.140e+00 | VA: 67.75 | VL: 4.410e+00 | Norm: 3.78e-05 | time: 1.94e+01 |
| epoch: 2400 | TA: 67.65 | TL: 3.020e+00 | VA: 65.71 | VL: 2.185e+00 | Norm: 1.56e-05 | time: 1.94e+01 |
| epoch: 2500 | TA: 67.71 | TL: 2.521e+00 | VA: 67.80 | VL: 4.074e+00 | Norm: 3.44e-05 | time: 1.94e+01 |
| epoch: 2600 | TA: 68.70 | TL: 5.115e+00 | VA: 67.73 | VL: 5.270e+00 | Norm: 4.64e-05 | time: 1.93e+01 |
| epoch: 2700 | TA: 66.85 | TL: 3.792e+00 | VA: 65.61 | VL: 6.583e+00 | Norm: 5.95e-05 | time: 1.94e+01 |
| epoch: 2800 | TA: 67.21 | TL: 2.934e+00 | VA: 61.92 | VL: 2.036e+00 | Norm: 1.40e-05 | time: 1.94e+01 |
Early stop.
Finished.

============================= JOB FEEDBACK =============================

NodeName=uc2n562
Job ID: 20930352
Cluster: uc2
User/Group: px3192/tm
State: COMPLETED (exit code 0)
Nodes: 1
Cores per node: 6
CPU Utilized: 04:14:36
CPU Efficiency: 16.61% of 1-01:32:48 core-walltime
Job Wall-clock time: 04:15:28
Memory Utilized: 24.89 GB
Memory Efficiency: 6.59% of 377.57 GB
