Loading acuteinflammation 6 2 70 23
Loading acutenephritis 6 2 70 23
Loading balancescale 4 3 373 124
Loading blood 4 2 447 149
Loading breastcancer 9 2 170 56
Loading breastcancerwisc 9 2 418 139
Loading breasttissue 9 6 62 20
Loading ecoli 7 8 200 66
Loading energyy1 8 3 459 153
Loading energyy2 8 3 459 153
Loading fertility 9 2 58 19
Loading glass 9 6 127 42
Loading habermansurvival 3 2 182 60
Loading hayesroth 3 3 93 31
Loading ilpdindianliver 9 2 348 116
Loading iris 4 3 88 29
Loading mammographic 5 2 575 191
Loading monks1 6 2 331 110
Loading monks2 6 2 358 119
Loading monks3 6 2 330 110
Loading pima 8 2 459 153
Loading pittsburgbridgesMATERIAL 7 3 62 20
Loading pittsburgbridgesRELL 7 3 60 20
Loading pittsburgbridgesSPAN 7 3 54 18
Loading pittsburgbridgesTORD 7 2 60 20
Loading pittsburgbridgesTYPE 7 6 61 20
Loading postoperative 8 3 52 17
Loading seeds 7 3 124 41
Loading teaching 5 3 89 29
Loading tictactoe 9 2 573 191
Loading vertebralcolumn2clases 6 2 184 61
Loading vertebralcolumn3clases 6 3 184 61
Finish data loading.
Training with penalty:0.0001 seed:4.
The ID for this training is 1658693961.
| epoch:    0 | TA: 64.75 | TL: 7.012e-01 | VA: 30.98 | VL: 7.194e-01 | Norm: 4.85e-03 | time: 1.93e-01 |
| epoch:  100 | TA: 91.72 | TL: 4.507e-01 | VA: 90.13 | VL: 4.557e-01 | Norm: 1.01e-01 | time: 1.88e+01 |
| epoch:  200 | TA: 87.67 | TL: 5.070e-01 | VA: 89.13 | VL: 5.030e-01 | Norm: 1.23e-01 | time: 1.87e+01 |
| epoch:  300 | TA: 82.84 | TL: 5.183e-01 | VA: 81.26 | VL: 5.173e-01 | Norm: 1.33e-01 | time: 1.87e+01 |
| epoch:  400 | TA: 82.91 | TL: 5.111e-01 | VA: 80.50 | VL: 5.085e-01 | Norm: 1.36e-01 | time: 1.86e+01 |
| epoch:  500 | TA: 82.60 | TL: 5.088e-01 | VA: 82.39 | VL: 5.095e-01 | Norm: 1.39e-01 | time: 1.87e+01 |
| epoch:  600 | TA: 82.61 | TL: 5.049e-01 | VA: 81.23 | VL: 5.056e-01 | Norm: 1.43e-01 | time: 1.86e+01 |
| epoch:  700 | TA: 81.13 | TL: 5.036e-01 | VA: 79.92 | VL: 5.034e-01 | Norm: 1.58e-01 | time: 1.86e+01 |
| epoch:  800 | TA: 82.83 | TL: 5.014e-01 | VA: 81.00 | VL: 5.021e-01 | Norm: 1.60e-01 | time: 1.87e+01 |
| epoch:  900 | TA: 84.44 | TL: 5.017e-01 | VA: 81.99 | VL: 5.018e-01 | Norm: 1.61e-01 | time: 1.86e+01 |
| epoch: 1000 | TA: 82.39 | TL: 5.017e-01 | VA: 83.34 | VL: 5.011e-01 | Norm: 1.62e-01 | time: 1.86e+01 |
Early stop.
Finished.
Training with penalty:0.00015 seed:4.
The ID for this training is 1658694171.
| epoch:    0 | TA: 64.75 | TL: 7.012e-01 | VA: 30.98 | VL: 7.194e-01 | Norm: 4.85e-03 | time: 1.82e-01 |
| epoch:  100 | TA: 91.60 | TL: 4.491e-01 | VA: 89.68 | VL: 4.539e-01 | Norm: 9.77e-02 | time: 1.84e+01 |
| epoch:  200 | TA: 83.37 | TL: 5.197e-01 | VA: 81.36 | VL: 5.202e-01 | Norm: 1.19e-01 | time: 1.84e+01 |
| epoch:  300 | TA: 81.76 | TL: 5.426e-01 | VA: 81.46 | VL: 5.371e-01 | Norm: 1.28e-01 | time: 1.84e+01 |
| epoch:  400 | TA: 81.63 | TL: 5.099e-01 | VA: 82.72 | VL: 5.045e-01 | Norm: 1.34e-01 | time: 1.86e+01 |
| epoch:  500 | TA: 80.12 | TL: 5.172e-01 | VA: 80.70 | VL: 5.165e-01 | Norm: 1.38e-01 | time: 1.85e+01 |
| epoch:  600 | TA: 80.58 | TL: 5.157e-01 | VA: 79.87 | VL: 5.158e-01 | Norm: 1.39e-01 | time: 1.87e+01 |
| epoch:  700 | TA: 73.42 | TL: 5.635e-01 | VA: 72.58 | VL: 5.553e-01 | Norm: 1.42e-01 | time: 1.86e+01 |
| epoch:  800 | TA: 73.50 | TL: 5.628e-01 | VA: 71.67 | VL: 5.547e-01 | Norm: 1.42e-01 | time: 1.87e+01 |
| epoch:  900 | TA: 73.25 | TL: 5.628e-01 | VA: 71.56 | VL: 5.542e-01 | Norm: 1.42e-01 | time: 1.86e+01 |
| epoch: 1000 | TA: 71.12 | TL: 5.632e-01 | VA: 71.81 | VL: 5.552e-01 | Norm: 1.41e-01 | time: 1.87e+01 |
| epoch: 1100 | TA: 74.82 | TL: 5.624e-01 | VA: 75.45 | VL: 5.542e-01 | Norm: 1.41e-01 | time: 1.89e+01 |
Early stop.
Finished.
Training with penalty:0.00023 seed:4.
The ID for this training is 1658694384.
| epoch:    0 | TA: 64.75 | TL: 7.012e-01 | VA: 30.98 | VL: 7.194e-01 | Norm: 4.85e-03 | time: 2.24e-01 |
| epoch:  100 | TA: 84.89 | TL: 4.890e-01 | VA: 83.36 | VL: 4.946e-01 | Norm: 9.87e-02 | time: 1.84e+01 |
| epoch:  200 | TA: 85.52 | TL: 4.946e-01 | VA: 86.85 | VL: 4.944e-01 | Norm: 1.17e-01 | time: 1.84e+01 |
| epoch:  300 | TA: 77.83 | TL: 5.780e-01 | VA: 78.99 | VL: 5.587e-01 | Norm: 1.28e-01 | time: 1.85e+01 |
| epoch:  400 | TA: 78.98 | TL: 5.199e-01 | VA: 78.79 | VL: 5.200e-01 | Norm: 1.34e-01 | time: 1.85e+01 |
| epoch:  500 | TA: 78.63 | TL: 5.148e-01 | VA: 79.47 | VL: 5.147e-01 | Norm: 1.38e-01 | time: 1.86e+01 |
| epoch:  600 | TA: 80.15 | TL: 5.140e-01 | VA: 81.38 | VL: 5.133e-01 | Norm: 1.38e-01 | time: 1.86e+01 |
| epoch:  700 | TA: 83.03 | TL: 5.131e-01 | VA: 81.19 | VL: 5.132e-01 | Norm: 1.39e-01 | time: 1.86e+01 |
| epoch:  800 | TA: 79.37 | TL: 5.135e-01 | VA: 82.29 | VL: 5.127e-01 | Norm: 1.40e-01 | time: 1.86e+01 |
| epoch:  900 | TA: 81.19 | TL: 5.127e-01 | VA: 81.90 | VL: 5.129e-01 | Norm: 1.40e-01 | time: 1.86e+01 |
| epoch: 1000 | TA: 81.90 | TL: 5.130e-01 | VA: 80.65 | VL: 5.127e-01 | Norm: 1.41e-01 | time: 1.87e+01 |
Early stop.
Finished.
Training with penalty:0.00035 seed:4.
The ID for this training is 1658694591.
| epoch:    0 | TA: 64.75 | TL: 7.012e-01 | VA: 30.98 | VL: 7.194e-01 | Norm: 4.85e-03 | time: 1.83e-01 |
| epoch:  100 | TA: 86.96 | TL: 4.739e-01 | VA: 84.40 | VL: 4.739e-01 | Norm: 9.95e-02 | time: 1.85e+01 |
| epoch:  200 | TA: 84.05 | TL: 5.159e-01 | VA: 83.78 | VL: 5.131e-01 | Norm: 1.17e-01 | time: 1.84e+01 |
| epoch:  300 | TA: 84.20 | TL: 5.081e-01 | VA: 84.53 | VL: 5.083e-01 | Norm: 1.27e-01 | time: 1.85e+01 |
| epoch:  400 | TA: 85.20 | TL: 5.042e-01 | VA: 84.61 | VL: 5.044e-01 | Norm: 1.34e-01 | time: 1.86e+01 |
| epoch:  500 | TA: 80.54 | TL: 5.152e-01 | VA: 79.68 | VL: 5.158e-01 | Norm: 1.43e-01 | time: 1.86e+01 |
| epoch:  600 | TA: 81.10 | TL: 5.145e-01 | VA: 80.74 | VL: 5.163e-01 | Norm: 1.43e-01 | time: 1.86e+01 |
| epoch:  700 | TA: 71.16 | TL: 5.648e-01 | VA: 71.53 | VL: 5.585e-01 | Norm: 1.45e-01 | time: 1.86e+01 |
| epoch:  800 | TA: 73.27 | TL: 5.637e-01 | VA: 72.88 | VL: 5.568e-01 | Norm: 1.45e-01 | time: 1.86e+01 |
| epoch:  900 | TA: 69.95 | TL: 5.628e-01 | VA: 72.55 | VL: 5.561e-01 | Norm: 1.44e-01 | time: 1.86e+01 |
| epoch: 1000 | TA: 74.19 | TL: 5.627e-01 | VA: 71.38 | VL: 5.558e-01 | Norm: 1.43e-01 | time: 1.87e+01 |
| epoch: 1100 | TA: 73.23 | TL: 5.632e-01 | VA: 71.80 | VL: 5.563e-01 | Norm: 1.43e-01 | time: 1.87e+01 |
Early stop.
Finished.
Training with penalty:0.00052 seed:4.
The ID for this training is 1658694804.
| epoch:    0 | TA: 64.75 | TL: 7.012e-01 | VA: 30.98 | VL: 7.194e-01 | Norm: 4.85e-03 | time: 1.83e-01 |
| epoch:  100 | TA: 90.16 | TL: 4.462e-01 | VA: 89.92 | VL: 4.508e-01 | Norm: 1.01e-01 | time: 1.85e+01 |
| epoch:  200 | TA: 81.20 | TL: 5.242e-01 | VA: 74.65 | VL: 6.012e-01 | Norm: 1.24e-01 | time: 1.84e+01 |
| epoch:  300 | TA: 80.11 | TL: 5.236e-01 | VA: 80.70 | VL: 5.220e-01 | Norm: 1.31e-01 | time: 1.85e+01 |
| epoch:  400 | TA: 81.44 | TL: 5.100e-01 | VA: 82.25 | VL: 5.077e-01 | Norm: 1.35e-01 | time: 1.85e+01 |
| epoch:  500 | TA: 80.97 | TL: 5.161e-01 | VA: 77.63 | VL: 5.164e-01 | Norm: 1.45e-01 | time: 1.86e+01 |
| epoch:  600 | TA: 70.93 | TL: 5.634e-01 | VA: 72.93 | VL: 5.564e-01 | Norm: 1.46e-01 | time: 1.86e+01 |
| epoch:  700 | TA: 73.20 | TL: 5.628e-01 | VA: 73.44 | VL: 5.551e-01 | Norm: 1.45e-01 | time: 1.86e+01 |
| epoch:  800 | TA: 74.29 | TL: 5.625e-01 | VA: 73.74 | VL: 5.550e-01 | Norm: 1.45e-01 | time: 1.86e+01 |
| epoch:  900 | TA: 69.52 | TL: 5.627e-01 | VA: 71.35 | VL: 5.551e-01 | Norm: 1.43e-01 | time: 1.87e+01 |
| epoch: 1000 | TA: 72.78 | TL: 5.626e-01 | VA: 74.36 | VL: 5.550e-01 | Norm: 1.42e-01 | time: 1.86e+01 |
| epoch: 1100 | TA: 73.16 | TL: 5.624e-01 | VA: 74.23 | VL: 5.550e-01 | Norm: 1.41e-01 | time: 1.86e+01 |
Early stop.
Finished.
Training with penalty:0.00079 seed:4.
The ID for this training is 1658695015.
| epoch:    0 | TA: 64.75 | TL: 7.012e-01 | VA: 30.98 | VL: 7.194e-01 | Norm: 4.85e-03 | time: 1.83e-01 |
| epoch:  100 | TA: 88.84 | TL: 4.520e-01 | VA: 89.24 | VL: 4.543e-01 | Norm: 9.67e-02 | time: 1.85e+01 |
| epoch:  200 | TA: 84.23 | TL: 5.079e-01 | VA: 77.38 | VL: 5.455e-01 | Norm: 1.17e-01 | time: 1.84e+01 |
| epoch:  300 | TA: 71.68 | TL: 5.644e-01 | VA: 74.41 | VL: 5.564e-01 | Norm: 1.30e-01 | time: 1.85e+01 |
| epoch:  400 | TA: 72.57 | TL: 5.635e-01 | VA: 71.15 | VL: 5.556e-01 | Norm: 1.30e-01 | time: 1.86e+01 |
| epoch:  500 | TA: 71.76 | TL: 5.636e-01 | VA: 71.96 | VL: 5.553e-01 | Norm: 1.29e-01 | time: 1.85e+01 |
| epoch:  600 | TA: 73.43 | TL: 5.632e-01 | VA: 73.55 | VL: 5.548e-01 | Norm: 1.28e-01 | time: 1.86e+01 |
| epoch:  700 | TA: 70.08 | TL: 5.632e-01 | VA: 71.00 | VL: 5.554e-01 | Norm: 1.27e-01 | time: 1.86e+01 |
| epoch:  800 | TA: 70.33 | TL: 5.631e-01 | VA: 72.70 | VL: 5.548e-01 | Norm: 1.26e-01 | time: 1.86e+01 |
| epoch:  900 | TA: 72.53 | TL: 5.627e-01 | VA: 74.08 | VL: 5.547e-01 | Norm: 1.25e-01 | time: 1.87e+01 |
| epoch: 1000 | TA: 74.05 | TL: 5.637e-01 | VA: 74.60 | VL: 5.547e-01 | Norm: 1.24e-01 | time: 1.87e+01 |
| epoch: 1100 | TA: 72.41 | TL: 5.631e-01 | VA: 73.47 | VL: 5.546e-01 | Norm: 1.23e-01 | time: 1.87e+01 |
Early stop.
Finished.
Training with penalty:0.0012 seed:4.
The ID for this training is 1658695228.
| epoch:    0 | TA: 64.75 | TL: 7.012e-01 | VA: 30.98 | VL: 7.194e-01 | Norm: 4.85e-03 | time: 1.83e-01 |
| epoch:  100 | TA: 88.40 | TL: 4.969e-01 | VA: 87.05 | VL: 4.994e-01 | Norm: 9.16e-02 | time: 1.85e+01 |
| epoch:  200 | TA: 85.12 | TL: 5.045e-01 | VA: 83.37 | VL: 5.252e-01 | Norm: 1.21e-01 | time: 1.84e+01 |
| epoch:  300 | TA: 82.38 | TL: 5.166e-01 | VA: 82.24 | VL: 5.119e-01 | Norm: 1.31e-01 | time: 1.85e+01 |
| epoch:  400 | TA: 78.16 | TL: 5.428e-01 | VA: 79.75 | VL: 5.343e-01 | Norm: 1.35e-01 | time: 1.85e+01 |
| epoch:  500 | TA: 70.47 | TL: 5.632e-01 | VA: 72.83 | VL: 5.561e-01 | Norm: 1.38e-01 | time: 1.86e+01 |
| epoch:  600 | TA: 73.35 | TL: 5.631e-01 | VA: 73.71 | VL: 5.555e-01 | Norm: 1.37e-01 | time: 1.86e+01 |
| epoch:  700 | TA: 72.65 | TL: 5.631e-01 | VA: 74.99 | VL: 5.552e-01 | Norm: 1.36e-01 | time: 1.86e+01 |
| epoch:  800 | TA: 73.21 | TL: 5.628e-01 | VA: 71.61 | VL: 5.549e-01 | Norm: 1.34e-01 | time: 1.87e+01 |
| epoch:  900 | TA: 74.27 | TL: 5.623e-01 | VA: 73.76 | VL: 5.551e-01 | Norm: 1.33e-01 | time: 1.86e+01 |
| epoch: 1000 | TA: 71.59 | TL: 5.624e-01 | VA: 74.10 | VL: 5.553e-01 | Norm: 1.30e-01 | time: 1.87e+01 |
| epoch: 1100 | TA: 71.40 | TL: 5.623e-01 | VA: 73.74 | VL: 5.546e-01 | Norm: 1.28e-01 | time: 1.87e+01 |
Early stop.
Finished.
Training with penalty:0.00182 seed:4.
The ID for this training is 1658695444.
| epoch:    0 | TA: 64.75 | TL: 7.012e-01 | VA: 30.98 | VL: 7.194e-01 | Norm: 4.85e-03 | time: 1.83e-01 |
| epoch:  100 | TA: 86.25 | TL: 4.928e-01 | VA: 78.38 | VL: 5.701e-01 | Norm: 9.84e-02 | time: 1.85e+01 |
| epoch:  200 | TA: 83.51 | TL: 5.018e-01 | VA: 84.81 | VL: 5.053e-01 | Norm: 1.18e-01 | time: 1.84e+01 |
| epoch:  300 | TA: 72.26 | TL: 6.109e-01 | VA: 72.57 | VL: 6.096e-01 | Norm: 1.26e-01 | time: 1.85e+01 |
| epoch:  400 | TA: 75.62 | TL: 5.643e-01 | VA: 71.37 | VL: 5.631e-01 | Norm: 1.35e-01 | time: 1.86e+01 |
| epoch:  500 | TA: 73.90 | TL: 5.629e-01 | VA: 71.64 | VL: 5.612e-01 | Norm: 1.36e-01 | time: 1.86e+01 |
| epoch:  600 | TA: 74.70 | TL: 5.580e-01 | VA: 70.17 | VL: 5.550e-01 | Norm: 1.34e-01 | time: 1.87e+01 |
| epoch:  700 | TA: 72.74 | TL: 5.566e-01 | VA: 73.17 | VL: 5.527e-01 | Norm: 1.32e-01 | time: 1.86e+01 |
| epoch:  800 | TA: 71.74 | TL: 5.567e-01 | VA: 73.09 | VL: 5.525e-01 | Norm: 1.30e-01 | time: 1.87e+01 |
| epoch:  900 | TA: 73.60 | TL: 5.556e-01 | VA: 71.97 | VL: 5.518e-01 | Norm: 1.29e-01 | time: 1.86e+01 |
| epoch: 1000 | TA: 73.58 | TL: 5.562e-01 | VA: 71.07 | VL: 5.526e-01 | Norm: 1.28e-01 | time: 1.87e+01 |
Early stop.
Finished.
Training with penalty:0.00275 seed:4.
The ID for this training is 1658695652.
| epoch:    0 | TA: 64.75 | TL: 7.012e-01 | VA: 30.98 | VL: 7.194e-01 | Norm: 4.85e-03 | time: 1.82e-01 |
| epoch:  100 | TA: 85.67 | TL: 4.957e-01 | VA: 85.77 | VL: 4.922e-01 | Norm: 8.90e-02 | time: 1.85e+01 |
| epoch:  200 | TA: 73.95 | TL: 5.881e-01 | VA: 74.70 | VL: 5.859e-01 | Norm: 1.13e-01 | time: 1.84e+01 |
| epoch:  300 | TA: 71.35 | TL: 5.661e-01 | VA: 72.44 | VL: 5.592e-01 | Norm: 1.19e-01 | time: 1.84e+01 |
| epoch:  400 | TA: 72.41 | TL: 5.637e-01 | VA: 71.93 | VL: 5.533e-01 | Norm: 1.15e-01 | time: 1.85e+01 |
| epoch:  500 | TA: 74.26 | TL: 5.636e-01 | VA: 75.45 | VL: 5.533e-01 | Norm: 1.12e-01 | time: 1.85e+01 |
| epoch:  600 | TA: 73.11 | TL: 5.638e-01 | VA: 70.80 | VL: 5.540e-01 | Norm: 1.08e-01 | time: 1.86e+01 |
| epoch:  700 | TA: 72.73 | TL: 5.636e-01 | VA: 72.09 | VL: 5.536e-01 | Norm: 1.04e-01 | time: 1.86e+01 |
| epoch:  800 | TA: 73.35 | TL: 5.630e-01 | VA: 74.18 | VL: 5.531e-01 | Norm: 1.01e-01 | time: 1.87e+01 |
| epoch:  900 | TA: 75.00 | TL: 5.632e-01 | VA: 73.44 | VL: 5.532e-01 | Norm: 9.78e-02 | time: 1.86e+01 |
| epoch: 1000 | TA: 71.84 | TL: 5.632e-01 | VA: 71.51 | VL: 5.535e-01 | Norm: 9.47e-02 | time: 1.87e+01 |
| epoch: 1100 | TA: 74.74 | TL: 5.628e-01 | VA: 71.79 | VL: 5.528e-01 | Norm: 9.22e-02 | time: 1.86e+01 |
Early stop.
Finished.
Training with penalty:0.00417 seed:4.
The ID for this training is 1658695871.
| epoch:    0 | TA: 64.75 | TL: 7.012e-01 | VA: 30.98 | VL: 7.194e-01 | Norm: 4.85e-03 | time: 1.83e-01 |
| epoch:  100 | TA: 85.87 | TL: 5.216e-01 | VA: 73.67 | VL: 5.648e-01 | Norm: 8.84e-02 | time: 1.84e+01 |
| epoch:  200 | TA: 78.52 | TL: 5.730e-01 | VA: 78.36 | VL: 5.641e-01 | Norm: 1.05e-01 | time: 1.85e+01 |
| epoch:  300 | TA: 75.67 | TL: 5.591e-01 | VA: 73.94 | VL: 5.532e-01 | Norm: 1.10e-01 | time: 1.84e+01 |
| epoch:  400 | TA: 73.91 | TL: 5.758e-01 | VA: 72.22 | VL: 5.702e-01 | Norm: 1.11e-01 | time: 1.85e+01 |
| epoch:  500 | TA: 74.00 | TL: 5.638e-01 | VA: 73.14 | VL: 5.566e-01 | Norm: 1.10e-01 | time: 1.85e+01 |
| epoch:  600 | TA: 71.16 | TL: 5.636e-01 | VA: 73.72 | VL: 5.560e-01 | Norm: 1.06e-01 | time: 1.86e+01 |
| epoch:  700 | TA: 73.08 | TL: 5.627e-01 | VA: 71.68 | VL: 5.548e-01 | Norm: 1.02e-01 | time: 1.86e+01 |
| epoch:  800 | TA: 70.77 | TL: 5.636e-01 | VA: 71.71 | VL: 5.558e-01 | Norm: 9.78e-02 | time: 1.86e+01 |
| epoch:  900 | TA: 72.31 | TL: 5.631e-01 | VA: 73.87 | VL: 5.552e-01 | Norm: 9.39e-02 | time: 1.86e+01 |
| epoch: 1000 | TA: 73.87 | TL: 5.630e-01 | VA: 72.58 | VL: 5.554e-01 | Norm: 9.08e-02 | time: 1.87e+01 |
| epoch: 1100 | TA: 72.19 | TL: 5.628e-01 | VA: 72.25 | VL: 5.555e-01 | Norm: 8.75e-02 | time: 1.86e+01 |
Early stop.
Finished.
Training with penalty:0.00631 seed:4.
The ID for this training is 1658696083.
| epoch:    0 | TA: 64.75 | TL: 7.012e-01 | VA: 30.98 | VL: 7.194e-01 | Norm: 4.85e-03 | time: 1.83e-01 |
| epoch:  100 | TA: 89.36 | TL: 4.605e-01 | VA: 87.07 | VL: 4.633e-01 | Norm: 9.23e-02 | time: 1.84e+01 |
| epoch:  200 | TA: 87.79 | TL: 5.000e-01 | VA: 86.61 | VL: 4.944e-01 | Norm: 1.05e-01 | time: 1.84e+01 |
| epoch:  300 | TA: 72.34 | TL: 5.781e-01 | VA: 72.10 | VL: 5.752e-01 | Norm: 1.09e-01 | time: 1.85e+01 |
| epoch:  400 | TA: 71.72 | TL: 5.643e-01 | VA: 73.35 | VL: 5.578e-01 | Norm: 1.05e-01 | time: 1.85e+01 |
| epoch:  500 | TA: 72.18 | TL: 5.641e-01 | VA: 70.32 | VL: 5.579e-01 | Norm: 1.01e-01 | time: 1.86e+01 |
| epoch:  600 | TA: 72.98 | TL: 5.647e-01 | VA: 75.71 | VL: 5.577e-01 | Norm: 9.76e-02 | time: 1.86e+01 |
| epoch:  700 | TA: 72.58 | TL: 5.634e-01 | VA: 72.76 | VL: 5.567e-01 | Norm: 9.41e-02 | time: 1.86e+01 |
| epoch:  800 | TA: 75.19 | TL: 5.638e-01 | VA: 71.35 | VL: 5.576e-01 | Norm: 9.03e-02 | time: 1.86e+01 |
| epoch:  900 | TA: 72.03 | TL: 5.631e-01 | VA: 74.71 | VL: 5.561e-01 | Norm: 8.66e-02 | time: 1.86e+01 |
| epoch: 1000 | TA: 74.22 | TL: 5.636e-01 | VA: 74.72 | VL: 5.563e-01 | Norm: 8.36e-02 | time: 1.86e+01 |
| epoch: 1100 | TA: 73.06 | TL: 5.633e-01 | VA: 69.79 | VL: 5.564e-01 | Norm: 8.07e-02 | time: 1.87e+01 |
Early stop.
Finished.
Training with penalty:0.00955 seed:4.
The ID for this training is 1658696293.
| epoch:    0 | TA: 64.75 | TL: 7.012e-01 | VA: 30.98 | VL: 7.195e-01 | Norm: 4.85e-03 | time: 1.83e-01 |
| epoch:  100 | TA: 82.74 | TL: 5.092e-01 | VA: 80.37 | VL: 5.118e-01 | Norm: 8.42e-02 | time: 1.84e+01 |
| epoch:  200 | TA: 79.15 | TL: 5.371e-01 | VA: 72.50 | VL: 5.691e-01 | Norm: 9.43e-02 | time: 1.83e+01 |
| epoch:  300 | TA: 76.56 | TL: 6.087e-01 | VA: 73.26 | VL: 5.836e-01 | Norm: 9.37e-02 | time: 1.85e+01 |
| epoch:  400 | TA: 74.93 | TL: 5.693e-01 | VA: 73.58 | VL: 5.627e-01 | Norm: 9.24e-02 | time: 1.86e+01 |
| epoch:  500 | TA: 72.84 | TL: 5.648e-01 | VA: 74.58 | VL: 5.573e-01 | Norm: 8.90e-02 | time: 1.86e+01 |
| epoch:  600 | TA: 72.74 | TL: 5.635e-01 | VA: 73.37 | VL: 5.555e-01 | Norm: 8.44e-02 | time: 1.86e+01 |
| epoch:  700 | TA: 70.01 | TL: 5.644e-01 | VA: 73.03 | VL: 5.554e-01 | Norm: 8.14e-02 | time: 1.86e+01 |
| epoch:  800 | TA: 69.21 | TL: 5.642e-01 | VA: 73.83 | VL: 5.565e-01 | Norm: 7.82e-02 | time: 1.87e+01 |
| epoch:  900 | TA: 73.71 | TL: 5.643e-01 | VA: 74.20 | VL: 5.567e-01 | Norm: 7.51e-02 | time: 1.86e+01 |
| epoch: 1000 | TA: 73.79 | TL: 5.642e-01 | VA: 68.85 | VL: 5.564e-01 | Norm: 7.25e-02 | time: 1.86e+01 |
| epoch: 1100 | TA: 71.89 | TL: 5.638e-01 | VA: 73.64 | VL: 5.555e-01 | Norm: 7.06e-02 | time: 1.87e+01 |
Early stop.
Finished.
Training with penalty:0.01445 seed:4.
The ID for this training is 1658696507.
| epoch:    0 | TA: 64.75 | TL: 7.012e-01 | VA: 30.98 | VL: 7.195e-01 | Norm: 4.85e-03 | time: 1.83e-01 |
| epoch:  100 | TA: 88.17 | TL: 4.596e-01 | VA: 84.98 | VL: 4.759e-01 | Norm: 8.71e-02 | time: 1.84e+01 |
| epoch:  200 | TA: 87.21 | TL: 4.749e-01 | VA: 87.79 | VL: 4.748e-01 | Norm: 1.03e-01 | time: 1.83e+01 |
| epoch:  300 | TA: 72.73 | TL: 6.027e-01 | VA: 74.36 | VL: 5.788e-01 | Norm: 1.10e-01 | time: 1.84e+01 |
| epoch:  400 | TA: 73.25 | TL: 5.631e-01 | VA: 73.60 | VL: 5.531e-01 | Norm: 1.04e-01 | time: 1.85e+01 |
| epoch:  500 | TA: 71.70 | TL: 5.629e-01 | VA: 71.50 | VL: 5.531e-01 | Norm: 9.66e-02 | time: 1.86e+01 |
| epoch:  600 | TA: 72.45 | TL: 5.661e-01 | VA: 73.14 | VL: 5.590e-01 | Norm: 9.08e-02 | time: 1.86e+01 |
| epoch:  700 | TA: 72.99 | TL: 5.641e-01 | VA: 74.38 | VL: 5.564e-01 | Norm: 8.53e-02 | time: 1.86e+01 |
| epoch:  800 | TA: 73.47 | TL: 5.647e-01 | VA: 72.75 | VL: 5.575e-01 | Norm: 8.03e-02 | time: 1.86e+01 |
| epoch:  900 | TA: 74.42 | TL: 5.641e-01 | VA: 71.70 | VL: 5.563e-01 | Norm: 7.62e-02 | time: 1.87e+01 |
| epoch: 1000 | TA: 69.06 | TL: 5.644e-01 | VA: 70.34 | VL: 5.570e-01 | Norm: 7.27e-02 | time: 1.86e+01 |
| epoch: 1100 | TA: 72.04 | TL: 5.639e-01 | VA: 71.92 | VL: 5.565e-01 | Norm: 6.98e-02 | time: 1.86e+01 |
Early stop.
Finished.
Training with penalty:0.02188 seed:4.
The ID for this training is 1658696719.
| epoch:    0 | TA: 64.75 | TL: 7.012e-01 | VA: 30.98 | VL: 7.195e-01 | Norm: 4.85e-03 | time: 2.21e-01 |
| epoch:  100 | TA: 81.50 | TL: 5.127e-01 | VA: 81.83 | VL: 5.063e-01 | Norm: 8.07e-02 | time: 1.84e+01 |
| epoch:  200 | TA: 84.47 | TL: 4.986e-01 | VA: 82.12 | VL: 4.973e-01 | Norm: 9.25e-02 | time: 1.84e+01 |
| epoch:  300 | TA: 78.78 | TL: 5.484e-01 | VA: 76.10 | VL: 5.650e-01 | Norm: 9.61e-02 | time: 1.84e+01 |
| epoch:  400 | TA: 72.80 | TL: 5.657e-01 | VA: 74.76 | VL: 5.583e-01 | Norm: 8.91e-02 | time: 1.86e+01 |
| epoch:  500 | TA: 72.00 | TL: 5.652e-01 | VA: 74.21 | VL: 5.576e-01 | Norm: 8.14e-02 | time: 1.85e+01 |
| epoch:  600 | TA: 74.56 | TL: 5.650e-01 | VA: 73.00 | VL: 5.582e-01 | Norm: 7.56e-02 | time: 1.86e+01 |
| epoch:  700 | TA: 70.78 | TL: 5.645e-01 | VA: 73.74 | VL: 5.568e-01 | Norm: 7.06e-02 | time: 1.86e+01 |
| epoch:  800 | TA: 73.48 | TL: 5.645e-01 | VA: 73.33 | VL: 5.566e-01 | Norm: 6.59e-02 | time: 1.86e+01 |
| epoch:  900 | TA: 74.50 | TL: 5.643e-01 | VA: 72.79 | VL: 5.569e-01 | Norm: 6.20e-02 | time: 1.86e+01 |
| epoch: 1000 | TA: 70.58 | TL: 5.644e-01 | VA: 72.20 | VL: 5.569e-01 | Norm: 5.82e-02 | time: 1.86e+01 |
Early stop.
Finished.
Training with penalty:0.03311 seed:4.
The ID for this training is 1658696924.
| epoch:    0 | TA: 64.75 | TL: 7.012e-01 | VA: 30.98 | VL: 7.196e-01 | Norm: 4.85e-03 | time: 1.83e-01 |
| epoch:  100 | TA: 83.62 | TL: 4.971e-01 | VA: 81.52 | VL: 4.995e-01 | Norm: 7.47e-02 | time: 1.84e+01 |
| epoch:  200 | TA: 83.68 | TL: 5.180e-01 | VA: 83.29 | VL: 5.103e-01 | Norm: 8.30e-02 | time: 1.83e+01 |
| epoch:  300 | TA: 78.50 | TL: 5.419e-01 | VA: 79.17 | VL: 5.329e-01 | Norm: 7.92e-02 | time: 1.84e+01 |
| epoch:  400 | TA: 72.08 | TL: 5.667e-01 | VA: 72.01 | VL: 5.604e-01 | Norm: 7.39e-02 | time: 1.85e+01 |
| epoch:  500 | TA: 74.30 | TL: 5.655e-01 | VA: 73.73 | VL: 5.580e-01 | Norm: 6.69e-02 | time: 1.85e+01 |
| epoch:  600 | TA: 74.12 | TL: 5.651e-01 | VA: 71.47 | VL: 5.576e-01 | Norm: 6.11e-02 | time: 1.86e+01 |
| epoch:  700 | TA: 75.13 | TL: 5.649e-01 | VA: 72.64 | VL: 5.572e-01 | Norm: 5.69e-02 | time: 1.86e+01 |
| epoch:  800 | TA: 71.28 | TL: 5.652e-01 | VA: 72.31 | VL: 5.572e-01 | Norm: 5.29e-02 | time: 1.86e+01 |
| epoch:  900 | TA: 74.41 | TL: 5.652e-01 | VA: 71.44 | VL: 5.577e-01 | Norm: 4.96e-02 | time: 1.86e+01 |
| epoch: 1000 | TA: 70.59 | TL: 5.646e-01 | VA: 70.43 | VL: 5.567e-01 | Norm: 4.67e-02 | time: 1.86e+01 |
Early stop.
Finished.
Training with penalty:0.05012 seed:4.
The ID for this training is 1658697128.
| epoch:    0 | TA: 64.75 | TL: 7.012e-01 | VA: 30.98 | VL: 7.197e-01 | Norm: 4.85e-03 | time: 1.83e-01 |
| epoch:  100 | TA: 86.10 | TL: 4.775e-01 | VA: 87.30 | VL: 4.630e-01 | Norm: 7.28e-02 | time: 1.83e+01 |
| epoch:  200 | TA: 90.99 | TL: 4.452e-01 | VA: 87.59 | VL: 4.465e-01 | Norm: 7.35e-02 | time: 1.86e+01 |
| epoch:  300 | TA: 84.64 | TL: 5.120e-01 | VA: 84.49 | VL: 5.055e-01 | Norm: 7.52e-02 | time: 1.84e+01 |
| epoch:  400 | TA: 83.57 | TL: 5.149e-01 | VA: 84.55 | VL: 5.096e-01 | Norm: 6.91e-02 | time: 1.86e+01 |
| epoch:  500 | TA: 73.11 | TL: 5.676e-01 | VA: 73.13 | VL: 5.605e-01 | Norm: 6.90e-02 | time: 1.85e+01 |
| epoch:  600 | TA: 71.61 | TL: 5.665e-01 | VA: 73.70 | VL: 5.582e-01 | Norm: 6.35e-02 | time: 1.87e+01 |
| epoch:  700 | TA: 72.10 | TL: 5.665e-01 | VA: 72.40 | VL: 5.581e-01 | Norm: 5.90e-02 | time: 1.86e+01 |
| epoch:  800 | TA: 73.04 | TL: 5.660e-01 | VA: 70.88 | VL: 5.572e-01 | Norm: 5.49e-02 | time: 1.86e+01 |
| epoch:  900 | TA: 74.12 | TL: 5.660e-01 | VA: 71.74 | VL: 5.577e-01 | Norm: 5.12e-02 | time: 1.87e+01 |
| epoch: 1000 | TA: 70.27 | TL: 5.659e-01 | VA: 74.62 | VL: 5.567e-01 | Norm: 4.77e-02 | time: 1.87e+01 |
| epoch: 1100 | TA: 72.91 | TL: 5.655e-01 | VA: 72.56 | VL: 5.585e-01 | Norm: 4.45e-02 | time: 1.87e+01 |
Early stop.
Finished.
Training with penalty:0.07586 seed:4.
The ID for this training is 1658697357.
| epoch:    0 | TA: 64.75 | TL: 7.012e-01 | VA: 30.98 | VL: 7.198e-01 | Norm: 4.85e-03 | time: 1.85e-01 |
| epoch:  100 | TA: 86.45 | TL: 4.908e-01 | VA: 85.47 | VL: 4.907e-01 | Norm: 6.77e-02 | time: 1.83e+01 |
| epoch:  200 | TA: 82.15 | TL: 5.100e-01 | VA: 82.79 | VL: 5.121e-01 | Norm: 6.88e-02 | time: 1.84e+01 |
| epoch:  300 | TA: 79.54 | TL: 5.197e-01 | VA: 79.69 | VL: 5.142e-01 | Norm: 6.49e-02 | time: 1.84e+01 |
| epoch:  400 | TA: 75.30 | TL: 5.626e-01 | VA: 75.07 | VL: 5.554e-01 | Norm: 6.06e-02 | time: 1.86e+01 |
| epoch:  500 | TA: 74.81 | TL: 5.716e-01 | VA: 75.12 | VL: 5.648e-01 | Norm: 5.41e-02 | time: 1.85e+01 |
| epoch:  600 | TA: 74.53 | TL: 5.684e-01 | VA: 72.28 | VL: 5.615e-01 | Norm: 4.91e-02 | time: 1.86e+01 |
| epoch:  700 | TA: 74.02 | TL: 5.670e-01 | VA: 73.87 | VL: 5.604e-01 | Norm: 4.54e-02 | time: 1.87e+01 |
| epoch:  800 | TA: 74.88 | TL: 5.668e-01 | VA: 73.18 | VL: 5.596e-01 | Norm: 4.22e-02 | time: 1.86e+01 |
| epoch:  900 | TA: 73.43 | TL: 5.666e-01 | VA: 72.45 | VL: 5.607e-01 | Norm: 3.88e-02 | time: 1.87e+01 |
| epoch: 1000 | TA: 74.72 | TL: 5.665e-01 | VA: 73.18 | VL: 5.602e-01 | Norm: 3.65e-02 | time: 1.87e+01 |
Early stop.
Finished.
Training with penalty:0.11482 seed:4.
The ID for this training is 1658697565.
| epoch:    0 | TA: 64.75 | TL: 7.012e-01 | VA: 30.98 | VL: 7.200e-01 | Norm: 4.85e-03 | time: 1.83e-01 |
| epoch:  100 | TA: 84.36 | TL: 4.965e-01 | VA: 84.41 | VL: 4.949e-01 | Norm: 5.72e-02 | time: 1.84e+01 |
| epoch:  200 | TA: 86.64 | TL: 5.109e-01 | VA: 78.29 | VL: 6.086e-01 | Norm: 6.14e-02 | time: 1.83e+01 |
| epoch:  300 | TA: 83.60 | TL: 5.149e-01 | VA: 81.84 | VL: 5.140e-01 | Norm: 6.24e-02 | time: 1.85e+01 |
| epoch:  400 | TA: 83.01 | TL: 5.087e-01 | VA: 80.91 | VL: 5.068e-01 | Norm: 6.09e-02 | time: 1.85e+01 |
| epoch:  500 | TA: 80.59 | TL: 5.217e-01 | VA: 78.96 | VL: 5.158e-01 | Norm: 5.82e-02 | time: 1.86e+01 |
| epoch:  600 | TA: 81.81 | TL: 5.135e-01 | VA: 82.87 | VL: 5.100e-01 | Norm: 5.17e-02 | time: 1.86e+01 |
| epoch:  700 | TA: 81.30 | TL: 5.209e-01 | VA: 77.93 | VL: 5.225e-01 | Norm: 5.15e-02 | time: 1.86e+01 |
| epoch:  800 | TA: 80.52 | TL: 5.194e-01 | VA: 80.26 | VL: 5.215e-01 | Norm: 4.50e-02 | time: 1.87e+01 |
| epoch:  900 | TA: 83.08 | TL: 5.185e-01 | VA: 78.66 | VL: 5.202e-01 | Norm: 4.11e-02 | time: 1.87e+01 |
| epoch: 1000 | TA: 79.38 | TL: 5.184e-01 | VA: 80.73 | VL: 5.203e-01 | Norm: 3.77e-02 | time: 1.87e+01 |
| epoch: 1100 | TA: 78.21 | TL: 5.178e-01 | VA: 80.03 | VL: 5.202e-01 | Norm: 3.51e-02 | time: 1.87e+01 |
Early stop.
Finished.
Training with penalty:0.17378 seed:4.
The ID for this training is 1658697781.
| epoch:    0 | TA: 64.75 | TL: 7.012e-01 | VA: 30.98 | VL: 7.203e-01 | Norm: 4.85e-03 | time: 1.82e-01 |
| epoch:  100 | TA: 88.40 | TL: 4.699e-01 | VA: 85.63 | VL: 4.842e-01 | Norm: 5.98e-02 | time: 1.83e+01 |
| epoch:  200 | TA: 90.28 | TL: 4.665e-01 | VA: 89.04 | VL: 4.714e-01 | Norm: 6.00e-02 | time: 1.85e+01 |
| epoch:  300 | TA: 80.13 | TL: 5.634e-01 | VA: 80.24 | VL: 5.572e-01 | Norm: 5.80e-02 | time: 1.85e+01 |
| epoch:  400 | TA: 77.60 | TL: 5.709e-01 | VA: 73.68 | VL: 5.633e-01 | Norm: 5.64e-02 | time: 1.85e+01 |
| epoch:  500 | TA: 71.60 | TL: 5.723e-01 | VA: 71.99 | VL: 5.649e-01 | Norm: 4.61e-02 | time: 1.86e+01 |
| epoch:  600 | TA: 71.38 | TL: 5.693e-01 | VA: 73.40 | VL: 5.629e-01 | Norm: 3.84e-02 | time: 1.86e+01 |
| epoch:  700 | TA: 74.11 | TL: 5.684e-01 | VA: 74.82 | VL: 5.618e-01 | Norm: 3.31e-02 | time: 1.87e+01 |
| epoch:  800 | TA: 74.20 | TL: 5.674e-01 | VA: 73.25 | VL: 5.619e-01 | Norm: 2.74e-02 | time: 1.86e+01 |
| epoch:  900 | TA: 73.94 | TL: 5.664e-01 | VA: 74.81 | VL: 5.602e-01 | Norm: 2.33e-02 | time: 1.87e+01 |
| epoch: 1000 | TA: 73.87 | TL: 5.662e-01 | VA: 72.43 | VL: 5.604e-01 | Norm: 2.06e-02 | time: 1.87e+01 |
| epoch: 1100 | TA: 72.79 | TL: 5.655e-01 | VA: 71.65 | VL: 5.608e-01 | Norm: 1.79e-02 | time: 1.87e+01 |
Early stop.
Finished.
Training with penalty:0.26303 seed:4.
The ID for this training is 1658697998.
| epoch:    0 | TA: 64.75 | TL: 7.012e-01 | VA: 30.98 | VL: 7.207e-01 | Norm: 4.85e-03 | time: 1.83e-01 |
| epoch:  100 | TA: 86.95 | TL: 4.679e-01 | VA: 80.21 | VL: 5.393e-01 | Norm: 4.76e-02 | time: 1.83e+01 |
| epoch:  200 | TA: 83.51 | TL: 5.278e-01 | VA: 83.96 | VL: 5.248e-01 | Norm: 4.77e-02 | time: 1.83e+01 |
| epoch:  300 | TA: 82.95 | TL: 5.146e-01 | VA: 80.51 | VL: 5.101e-01 | Norm: 4.58e-02 | time: 1.84e+01 |
| epoch:  400 | TA: 74.09 | TL: 5.957e-01 | VA: 75.84 | VL: 5.785e-01 | Norm: 4.40e-02 | time: 1.85e+01 |
| epoch:  500 | TA: 76.56 | TL: 5.597e-01 | VA: 76.77 | VL: 5.528e-01 | Norm: 3.77e-02 | time: 1.85e+01 |
| epoch:  600 | TA: 76.38 | TL: 5.575e-01 | VA: 76.13 | VL: 5.516e-01 | Norm: 3.15e-02 | time: 1.86e+01 |
| epoch:  700 | TA: 76.08 | TL: 5.498e-01 | VA: 79.30 | VL: 5.427e-01 | Norm: 2.79e-02 | time: 1.86e+01 |
| epoch:  800 | TA: 77.47 | TL: 5.473e-01 | VA: 76.66 | VL: 5.394e-01 | Norm: 2.75e-02 | time: 1.86e+01 |
| epoch:  900 | TA: 75.86 | TL: 5.609e-01 | VA: 76.72 | VL: 5.497e-01 | Norm: 2.51e-02 | time: 1.86e+01 |
| epoch: 1000 | TA: 75.56 | TL: 5.585e-01 | VA: 76.26 | VL: 5.494e-01 | Norm: 2.21e-02 | time: 1.87e+01 |
| epoch: 1100 | TA: 73.16 | TL: 5.727e-01 | VA: 76.13 | VL: 5.627e-01 | Norm: 2.04e-02 | time: 1.87e+01 |
Early stop.
Finished.
Training with penalty:0.39811 seed:4.
The ID for this training is 1658698216.
| epoch:    0 | TA: 64.75 | TL: 7.012e-01 | VA: 30.98 | VL: 7.214e-01 | Norm: 4.85e-03 | time: 1.83e-01 |
| epoch:  100 | TA: 85.44 | TL: 5.024e-01 | VA: 84.70 | VL: 5.003e-01 | Norm: 4.38e-02 | time: 1.84e+01 |
| epoch:  200 | TA: 90.35 | TL: 4.661e-01 | VA: 88.68 | VL: 4.701e-01 | Norm: 4.37e-02 | time: 1.84e+01 |
| epoch:  300 | TA: 84.14 | TL: 5.385e-01 | VA: 82.89 | VL: 5.339e-01 | Norm: 4.96e-02 | time: 1.85e+01 |
| epoch:  400 | TA: 77.81 | TL: 5.763e-01 | VA: 79.56 | VL: 5.657e-01 | Norm: 4.07e-02 | time: 1.86e+01 |
| epoch:  500 | TA: 73.79 | TL: 5.600e-01 | VA: 77.47 | VL: 5.502e-01 | Norm: 3.17e-02 | time: 1.85e+01 |
| epoch:  600 | TA: 72.82 | TL: 5.544e-01 | VA: 77.55 | VL: 5.459e-01 | Norm: 2.73e-02 | time: 1.86e+01 |
| epoch:  700 | TA: 74.05 | TL: 5.521e-01 | VA: 73.27 | VL: 5.426e-01 | Norm: 2.39e-02 | time: 1.87e+01 |
| epoch:  800 | TA: 76.48 | TL: 5.501e-01 | VA: 78.58 | VL: 5.400e-01 | Norm: 2.10e-02 | time: 1.86e+01 |
| epoch:  900 | TA: 72.57 | TL: 5.728e-01 | VA: 73.60 | VL: 5.669e-01 | Norm: 1.90e-02 | time: 1.86e+01 |
| epoch: 1000 | TA: 74.65 | TL: 5.710e-01 | VA: 75.99 | VL: 5.645e-01 | Norm: 1.54e-02 | time: 1.87e+01 |
| epoch: 1100 | TA: 71.23 | TL: 5.707e-01 | VA: 74.61 | VL: 5.636e-01 | Norm: 1.37e-02 | time: 1.87e+01 |
Early stop.
Finished.
Training with penalty:0.60256 seed:4.
The ID for this training is 1658698430.
| epoch:    0 | TA: 64.75 | TL: 7.012e-01 | VA: 30.98 | VL: 7.223e-01 | Norm: 4.85e-03 | time: 1.83e-01 |
| epoch:  100 | TA: 87.83 | TL: 4.681e-01 | VA: 85.43 | VL: 4.877e-01 | Norm: 3.68e-02 | time: 1.83e+01 |
| epoch:  200 | TA: 84.76 | TL: 4.924e-01 | VA: 85.23 | VL: 4.961e-01 | Norm: 3.70e-02 | time: 1.84e+01 |
| epoch:  300 | TA: 84.88 | TL: 5.012e-01 | VA: 82.87 | VL: 5.059e-01 | Norm: 3.27e-02 | time: 1.85e+01 |
| epoch:  400 | TA: 82.26 | TL: 4.958e-01 | VA: 82.82 | VL: 5.024e-01 | Norm: 2.94e-02 | time: 1.85e+01 |
| epoch:  500 | TA: 85.10 | TL: 4.933e-01 | VA: 83.47 | VL: 4.978e-01 | Norm: 2.95e-02 | time: 1.86e+01 |
| epoch:  600 | TA: 85.12 | TL: 4.920e-01 | VA: 84.24 | VL: 4.922e-01 | Norm: 2.84e-02 | time: 1.86e+01 |
| epoch:  700 | TA: 84.03 | TL: 5.003e-01 | VA: 82.81 | VL: 5.030e-01 | Norm: 2.72e-02 | time: 1.86e+01 |
| epoch:  800 | TA: 85.41 | TL: 5.212e-01 | VA: 84.86 | VL: 5.226e-01 | Norm: 2.50e-02 | time: 1.87e+01 |
| epoch:  900 | TA: 84.13 | TL: 5.175e-01 | VA: 81.45 | VL: 5.178e-01 | Norm: 2.12e-02 | time: 1.86e+01 |
| epoch: 1000 | TA: 83.11 | TL: 5.165e-01 | VA: 81.15 | VL: 5.166e-01 | Norm: 2.02e-02 | time: 1.87e+01 |
| epoch: 1100 | TA: 82.43 | TL: 5.171e-01 | VA: 79.36 | VL: 5.158e-01 | Norm: 1.90e-02 | time: 1.87e+01 |
Early stop.
Finished.
Training with penalty:0.91201 seed:4.
The ID for this training is 1658698641.
| epoch:    0 | TA: 64.75 | TL: 7.012e-01 | VA: 30.98 | VL: 7.238e-01 | Norm: 4.85e-03 | time: 1.83e-01 |
| epoch:  100 | TA: 86.79 | TL: 5.126e-01 | VA: 85.55 | VL: 5.117e-01 | Norm: 3.41e-02 | time: 1.84e+01 |
| epoch:  200 | TA: 80.52 | TL: 5.532e-01 | VA: 81.07 | VL: 5.465e-01 | Norm: 2.71e-02 | time: 1.83e+01 |
| epoch:  300 | TA: 75.09 | TL: 6.089e-01 | VA: 75.26 | VL: 5.956e-01 | Norm: 2.07e-02 | time: 1.85e+01 |
| epoch:  400 | TA: 76.15 | TL: 5.644e-01 | VA: 77.67 | VL: 5.585e-01 | Norm: 1.58e-02 | time: 1.85e+01 |
| epoch:  500 | TA: 76.59 | TL: 5.594e-01 | VA: 79.23 | VL: 5.519e-01 | Norm: 1.17e-02 | time: 1.85e+01 |
| epoch:  600 | TA: 77.04 | TL: 5.569e-01 | VA: 76.16 | VL: 5.496e-01 | Norm: 9.92e-03 | time: 1.86e+01 |
| epoch:  700 | TA: 77.30 | TL: 5.542e-01 | VA: 75.72 | VL: 5.464e-01 | Norm: 9.62e-03 | time: 1.85e+01 |
| epoch:  800 | TA: 78.59 | TL: 5.526e-01 | VA: 79.19 | VL: 5.459e-01 | Norm: 9.27e-03 | time: 1.87e+01 |
| epoch:  900 | TA: 73.73 | TL: 5.805e-01 | VA: 74.73 | VL: 5.738e-01 | Norm: 1.15e-02 | time: 1.87e+01 |
| epoch: 1000 | TA: 72.59 | TL: 5.746e-01 | VA: 72.89 | VL: 5.702e-01 | Norm: 8.61e-03 | time: 1.86e+01 |
Early stop.
Finished.
Training with penalty:1.38038 seed:4.
The ID for this training is 1658698844.
| epoch:    0 | TA: 64.75 | TL: 7.012e-01 | VA: 30.98 | VL: 7.261e-01 | Norm: 4.85e-03 | time: 1.82e-01 |
| epoch:  100 | TA: 80.23 | TL: 5.626e-01 | VA: 78.22 | VL: 5.557e-01 | Norm: 2.80e-02 | time: 1.85e+01 |
| epoch:  200 | TA: 81.35 | TL: 5.319e-01 | VA: 81.31 | VL: 5.264e-01 | Norm: 2.24e-02 | time: 1.84e+01 |
| epoch:  300 | TA: 76.84 | TL: 5.430e-01 | VA: 76.55 | VL: 5.376e-01 | Norm: 1.69e-02 | time: 1.84e+01 |
| epoch:  400 | TA: 70.58 | TL: 5.840e-01 | VA: 72.92 | VL: 5.786e-01 | Norm: 1.28e-02 | time: 1.86e+01 |
| epoch:  500 | TA: 73.16 | TL: 5.794e-01 | VA: 74.15 | VL: 5.723e-01 | Norm: 8.98e-03 | time: 1.85e+01 |
| epoch:  600 | TA: 70.80 | TL: 5.783e-01 | VA: 73.52 | VL: 5.720e-01 | Norm: 7.97e-03 | time: 1.86e+01 |
| epoch:  700 | TA: 74.12 | TL: 5.751e-01 | VA: 73.69 | VL: 5.679e-01 | Norm: 6.49e-03 | time: 1.87e+01 |
| epoch:  800 | TA: 72.05 | TL: 5.746e-01 | VA: 71.75 | VL: 5.710e-01 | Norm: 7.14e-03 | time: 1.86e+01 |
| epoch:  900 | TA: 73.09 | TL: 5.751e-01 | VA: 73.80 | VL: 5.691e-01 | Norm: 6.09e-03 | time: 1.86e+01 |
| epoch: 1000 | TA: 73.56 | TL: 5.750e-01 | VA: 73.32 | VL: 5.697e-01 | Norm: 6.62e-03 | time: 1.87e+01 |
Early stop.
Finished.
Training with penalty:2.0893 seed:4.
The ID for this training is 1658699046.
| epoch:    0 | TA: 64.75 | TL: 7.012e-01 | VA: 30.98 | VL: 7.296e-01 | Norm: 4.85e-03 | time: 2.23e-01 |
| epoch:  100 | TA: 80.54 | TL: 5.432e-01 | VA: 80.00 | VL: 5.492e-01 | Norm: 2.01e-02 | time: 1.84e+01 |
| epoch:  200 | TA: 82.01 | TL: 5.299e-01 | VA: 82.65 | VL: 5.365e-01 | Norm: 1.57e-02 | time: 1.84e+01 |
| epoch:  300 | TA: 72.81 | TL: 5.895e-01 | VA: 76.73 | VL: 5.805e-01 | Norm: 1.29e-02 | time: 1.84e+01 |
| epoch:  400 | TA: 75.61 | TL: 5.881e-01 | VA: 74.55 | VL: 5.821e-01 | Norm: 9.75e-03 | time: 1.85e+01 |
| epoch:  500 | TA: 74.03 | TL: 5.820e-01 | VA: 72.88 | VL: 5.781e-01 | Norm: 7.17e-03 | time: 1.86e+01 |
| epoch:  600 | TA: 73.53 | TL: 5.780e-01 | VA: 74.14 | VL: 5.729e-01 | Norm: 5.47e-03 | time: 1.86e+01 |
| epoch:  700 | TA: 71.31 | TL: 5.788e-01 | VA: 76.45 | VL: 5.717e-01 | Norm: 5.01e-03 | time: 1.86e+01 |
| epoch:  800 | TA: 72.69 | TL: 5.772e-01 | VA: 71.68 | VL: 5.717e-01 | Norm: 4.73e-03 | time: 1.86e+01 |
| epoch:  900 | TA: 72.05 | TL: 5.774e-01 | VA: 74.97 | VL: 5.682e-01 | Norm: 4.45e-03 | time: 1.86e+01 |
| epoch: 1000 | TA: 75.60 | TL: 5.781e-01 | VA: 74.51 | VL: 5.709e-01 | Norm: 4.74e-03 | time: 1.87e+01 |
Early stop.
Finished.
Training with penalty:3.16228 seed:4.
The ID for this training is 1658699251.
| epoch:    0 | TA: 64.75 | TL: 7.012e-01 | VA: 30.98 | VL: 7.348e-01 | Norm: 4.85e-03 | time: 1.83e-01 |
| epoch:  100 | TA: 83.31 | TL: 5.680e-01 | VA: 80.25 | VL: 5.758e-01 | Norm: 1.65e-02 | time: 1.84e+01 |
| epoch:  200 | TA: 84.65 | TL: 4.965e-01 | VA: 85.33 | VL: 5.021e-01 | Norm: 1.33e-02 | time: 1.85e+01 |
| epoch:  300 | TA: 82.08 | TL: 5.494e-01 | VA: 81.70 | VL: 5.467e-01 | Norm: 1.48e-02 | time: 1.85e+01 |
| epoch:  400 | TA: 81.67 | TL: 5.407e-01 | VA: 82.03 | VL: 5.349e-01 | Norm: 1.19e-02 | time: 1.85e+01 |
| epoch:  500 | TA: 76.55 | TL: 5.564e-01 | VA: 78.27 | VL: 5.503e-01 | Norm: 1.15e-02 | time: 1.86e+01 |
| epoch:  600 | TA: 78.35 | TL: 5.424e-01 | VA: 79.55 | VL: 5.410e-01 | Norm: 8.82e-03 | time: 1.86e+01 |
| epoch:  700 | TA: 78.21 | TL: 5.409e-01 | VA: 77.63 | VL: 5.401e-01 | Norm: 8.83e-03 | time: 1.87e+01 |
| epoch:  800 | TA: 78.44 | TL: 5.398e-01 | VA: 80.57 | VL: 5.393e-01 | Norm: 8.59e-03 | time: 1.86e+01 |
| epoch:  900 | TA: 79.46 | TL: 5.413e-01 | VA: 81.43 | VL: 5.408e-01 | Norm: 8.80e-03 | time: 1.87e+01 |
| epoch: 1000 | TA: 77.85 | TL: 5.523e-01 | VA: 78.00 | VL: 5.511e-01 | Norm: 7.35e-03 | time: 1.87e+01 |
| epoch: 1100 | TA: 75.81 | TL: 5.515e-01 | VA: 76.69 | VL: 5.509e-01 | Norm: 6.77e-03 | time: 1.87e+01 |
| epoch: 1200 | TA: 78.93 | TL: 5.543e-01 | VA: 76.59 | VL: 5.533e-01 | Norm: 7.36e-03 | time: 1.90e+01 |
Early stop.
Finished.
Training with penalty:4.7863 seed:4.
The ID for this training is 1658699491.
| epoch:    0 | TA: 64.75 | TL: 7.012e-01 | VA: 30.98 | VL: 7.426e-01 | Norm: 4.85e-03 | time: 1.85e-01 |
| epoch:  100 | TA: 81.43 | TL: 5.725e-01 | VA: 80.32 | VL: 5.736e-01 | Norm: 9.00e-03 | time: 1.85e+01 |
| epoch:  200 | TA: 79.68 | TL: 5.778e-01 | VA: 79.73 | VL: 5.782e-01 | Norm: 7.29e-03 | time: 1.83e+01 |
| epoch:  300 | TA: 76.87 | TL: 5.748e-01 | VA: 77.56 | VL: 5.723e-01 | Norm: 6.31e-03 | time: 1.84e+01 |
| epoch:  400 | TA: 78.39 | TL: 5.779e-01 | VA: 76.22 | VL: 5.773e-01 | Norm: 6.14e-03 | time: 1.85e+01 |
| epoch:  500 | TA: 74.73 | TL: 5.759e-01 | VA: 74.75 | VL: 5.748e-01 | Norm: 5.70e-03 | time: 1.85e+01 |
| epoch:  600 | TA: 76.83 | TL: 5.748e-01 | VA: 76.66 | VL: 5.722e-01 | Norm: 5.53e-03 | time: 1.86e+01 |
| epoch:  700 | TA: 73.38 | TL: 5.760e-01 | VA: 75.30 | VL: 5.755e-01 | Norm: 5.72e-03 | time: 1.86e+01 |
| epoch:  800 | TA: 75.70 | TL: 5.739e-01 | VA: 75.58 | VL: 5.732e-01 | Norm: 5.41e-03 | time: 1.86e+01 |
| epoch:  900 | TA: 77.24 | TL: 5.738e-01 | VA: 78.97 | VL: 5.743e-01 | Norm: 5.29e-03 | time: 1.87e+01 |
| epoch: 1000 | TA: 77.71 | TL: 5.721e-01 | VA: 76.10 | VL: 5.744e-01 | Norm: 5.25e-03 | time: 1.86e+01 |
Early stop.
Finished.
Training with penalty:7.24436 seed:4.
The ID for this training is 1658699698.
| epoch:    0 | TA: 64.75 | TL: 7.012e-01 | VA: 30.98 | VL: 7.546e-01 | Norm: 4.85e-03 | time: 1.82e-01 |
| epoch:  100 | TA: 83.71 | TL: 5.691e-01 | VA: 78.67 | VL: 5.792e-01 | Norm: 7.97e-03 | time: 1.86e+01 |
| epoch:  200 | TA: 78.75 | TL: 5.914e-01 | VA: 79.17 | VL: 5.967e-01 | Norm: 7.95e-03 | time: 1.85e+01 |
| epoch:  300 | TA: 79.70 | TL: 5.731e-01 | VA: 79.55 | VL: 5.781e-01 | Norm: 6.38e-03 | time: 1.85e+01 |
| epoch:  400 | TA: 72.80 | TL: 6.328e-01 | VA: 72.20 | VL: 6.279e-01 | Norm: 7.71e-03 | time: 1.85e+01 |
| epoch:  500 | TA: 72.90 | TL: 5.948e-01 | VA: 70.87 | VL: 5.889e-01 | Norm: 3.53e-03 | time: 1.85e+01 |
| epoch:  600 | TA: 72.46 | TL: 5.935e-01 | VA: 70.57 | VL: 5.897e-01 | Norm: 3.35e-03 | time: 1.86e+01 |
| epoch:  700 | TA: 72.60 | TL: 5.935e-01 | VA: 68.89 | VL: 5.891e-01 | Norm: 3.34e-03 | time: 1.86e+01 |
| epoch:  800 | TA: 70.45 | TL: 5.921e-01 | VA: 71.59 | VL: 5.886e-01 | Norm: 3.16e-03 | time: 1.86e+01 |
| epoch:  900 | TA: 73.17 | TL: 5.949e-01 | VA: 70.01 | VL: 5.937e-01 | Norm: 3.33e-03 | time: 1.87e+01 |
| epoch: 1000 | TA: 69.47 | TL: 5.922e-01 | VA: 71.73 | VL: 5.882e-01 | Norm: 2.94e-03 | time: 1.87e+01 |
| epoch: 1100 | TA: 72.77 | TL: 5.892e-01 | VA: 73.17 | VL: 5.840e-01 | Norm: 2.61e-03 | time: 1.87e+01 |
Early stop.
Finished.
Training with penalty:10.96478 seed:4.
The ID for this training is 1658699924.
| epoch:    0 | TA: 64.75 | TL: 7.012e-01 | VA: 30.98 | VL: 7.726e-01 | Norm: 4.85e-03 | time: 1.83e-01 |
| epoch:  100 | TA: 79.34 | TL: 5.862e-01 | VA: 79.70 | VL: 5.893e-01 | Norm: 5.43e-03 | time: 1.85e+01 |
| epoch:  200 | TA: 81.85 | TL: 5.788e-01 | VA: 79.92 | VL: 5.811e-01 | Norm: 5.30e-03 | time: 1.84e+01 |
| epoch:  300 | TA: 78.56 | TL: 6.099e-01 | VA: 78.62 | VL: 6.062e-01 | Norm: 5.72e-03 | time: 1.85e+01 |
| epoch:  400 | TA: 72.12 | TL: 6.246e-01 | VA: 73.45 | VL: 6.124e-01 | Norm: 5.30e-03 | time: 1.85e+01 |
| epoch:  500 | TA: 73.90 | TL: 5.922e-01 | VA: 74.70 | VL: 5.888e-01 | Norm: 4.17e-03 | time: 1.85e+01 |
| epoch:  600 | TA: 74.42 | TL: 5.906e-01 | VA: 74.54 | VL: 5.859e-01 | Norm: 3.24e-03 | time: 1.86e+01 |
| epoch:  700 | TA: 74.54 | TL: 5.921e-01 | VA: 74.52 | VL: 5.842e-01 | Norm: 3.20e-03 | time: 1.86e+01 |
| epoch:  800 | TA: 74.35 | TL: 5.845e-01 | VA: 75.19 | VL: 5.790e-01 | Norm: 3.02e-03 | time: 1.86e+01 |
| epoch:  900 | TA: 75.69 | TL: 5.991e-01 | VA: 74.51 | VL: 5.905e-01 | Norm: 2.70e-03 | time: 1.87e+01 |
| epoch: 1000 | TA: 74.23 | TL: 5.858e-01 | VA: 70.47 | VL: 5.851e-01 | Norm: 2.55e-03 | time: 1.87e+01 |
| epoch: 1100 | TA: 74.06 | TL: 5.957e-01 | VA: 75.54 | VL: 5.920e-01 | Norm: 2.82e-03 | time: 1.87e+01 |
| epoch: 1200 | TA: 77.27 | TL: 5.864e-01 | VA: 75.56 | VL: 5.834e-01 | Norm: 2.52e-03 | time: 1.87e+01 |
| epoch: 1300 | TA: 75.56 | TL: 5.830e-01 | VA: 74.23 | VL: 5.784e-01 | Norm: 2.59e-03 | time: 1.90e+01 |
Early stop.
Finished.
Training with penalty:16.59587 seed:4.
The ID for this training is 1658700185.
| epoch:    0 | TA: 64.75 | TL: 7.012e-01 | VA: 30.98 | VL: 8.000e-01 | Norm: 4.85e-03 | time: 1.83e-01 |
| epoch:  100 | TA: 69.01 | TL: 6.643e-01 | VA: 78.83 | VL: 6.163e-01 | Norm: 3.90e-03 | time: 1.84e+01 |
| epoch:  200 | TA: 71.51 | TL: 6.164e-01 | VA: 75.76 | VL: 6.103e-01 | Norm: 2.66e-03 | time: 1.84e+01 |
| epoch:  300 | TA: 75.24 | TL: 5.981e-01 | VA: 72.23 | VL: 5.960e-01 | Norm: 1.82e-03 | time: 1.85e+01 |
| epoch:  400 | TA: 72.36 | TL: 5.984e-01 | VA: 73.69 | VL: 5.919e-01 | Norm: 1.95e-03 | time: 1.86e+01 |
| epoch:  500 | TA: 76.11 | TL: 5.984e-01 | VA: 76.22 | VL: 5.955e-01 | Norm: 2.00e-03 | time: 1.87e+01 |
| epoch:  600 | TA: 78.14 | TL: 5.914e-01 | VA: 76.34 | VL: 5.899e-01 | Norm: 1.96e-03 | time: 1.86e+01 |
| epoch:  700 | TA: 74.57 | TL: 5.965e-01 | VA: 79.07 | VL: 5.953e-01 | Norm: 2.23e-03 | time: 1.87e+01 |
| epoch:  800 | TA: 77.72 | TL: 5.916e-01 | VA: 78.09 | VL: 5.884e-01 | Norm: 2.44e-03 | time: 1.87e+01 |
| epoch:  900 | TA: 74.67 | TL: 5.889e-01 | VA: 75.47 | VL: 5.869e-01 | Norm: 2.68e-03 | time: 1.87e+01 |
| epoch: 1000 | TA: 78.29 | TL: 5.858e-01 | VA: 76.74 | VL: 5.842e-01 | Norm: 2.76e-03 | time: 1.87e+01 |
| epoch: 1100 | TA: 75.21 | TL: 5.874e-01 | VA: 74.99 | VL: 5.862e-01 | Norm: 2.93e-03 | time: 1.88e+01 |
| epoch: 1200 | TA: 73.77 | TL: 6.014e-01 | VA: 73.98 | VL: 6.022e-01 | Norm: 2.40e-03 | time: 1.88e+01 |
| epoch: 1300 | TA: 75.82 | TL: 6.004e-01 | VA: 76.86 | VL: 5.982e-01 | Norm: 2.50e-03 | time: 1.87e+01 |
| epoch: 1400 | TA: 75.45 | TL: 6.022e-01 | VA: 73.69 | VL: 6.017e-01 | Norm: 2.50e-03 | time: 1.89e+01 |
| epoch: 1500 | TA: 72.61 | TL: 6.217e-01 | VA: 71.28 | VL: 6.197e-01 | Norm: 2.63e-03 | time: 1.90e+01 |
| epoch: 1600 | TA: 72.54 | TL: 6.071e-01 | VA: 72.41 | VL: 6.023e-01 | Norm: 1.95e-03 | time: 1.90e+01 |
| epoch: 1700 | TA: 70.85 | TL: 6.067e-01 | VA: 69.16 | VL: 6.065e-01 | Norm: 1.90e-03 | time: 1.90e+01 |
| epoch: 1800 | TA: 70.75 | TL: 6.053e-01 | VA: 71.94 | VL: 5.974e-01 | Norm: 1.80e-03 | time: 1.91e+01 |
| epoch: 1900 | TA: 69.73 | TL: 6.027e-01 | VA: 74.90 | VL: 5.964e-01 | Norm: 1.85e-03 | time: 1.91e+01 |
| epoch: 2000 | TA: 72.30 | TL: 6.067e-01 | VA: 73.55 | VL: 5.975e-01 | Norm: 1.80e-03 | time: 1.90e+01 |
| epoch: 2100 | TA: 70.31 | TL: 6.062e-01 | VA: 69.18 | VL: 6.034e-01 | Norm: 1.84e-03 | time: 1.90e+01 |
Early stop.
Finished.
Training with penalty:25.11886 seed:4.
The ID for this training is 1658700591.
| epoch:    0 | TA: 64.75 | TL: 7.012e-01 | VA: 30.98 | VL: 8.413e-01 | Norm: 4.85e-03 | time: 1.83e-01 |
| epoch:  100 | TA: 76.30 | TL: 6.488e-01 | VA: 74.25 | VL: 6.578e-01 | Norm: 2.32e-03 | time: 1.84e+01 |
| epoch:  200 | TA: 75.95 | TL: 6.317e-01 | VA: 72.62 | VL: 6.302e-01 | Norm: 2.83e-03 | time: 1.85e+01 |
| epoch:  300 | TA: 73.21 | TL: 6.282e-01 | VA: 72.71 | VL: 6.294e-01 | Norm: 2.08e-03 | time: 1.84e+01 |
| epoch:  400 | TA: 73.18 | TL: 6.117e-01 | VA: 72.01 | VL: 6.089e-01 | Norm: 1.32e-03 | time: 1.86e+01 |
| epoch:  500 | TA: 72.77 | TL: 6.125e-01 | VA: 69.03 | VL: 6.077e-01 | Norm: 1.31e-03 | time: 1.86e+01 |
| epoch:  600 | TA: 72.14 | TL: 6.157e-01 | VA: 71.07 | VL: 6.155e-01 | Norm: 1.34e-03 | time: 1.87e+01 |
| epoch:  700 | TA: 73.07 | TL: 6.108e-01 | VA: 71.97 | VL: 6.133e-01 | Norm: 1.26e-03 | time: 1.87e+01 |
| epoch:  800 | TA: 73.18 | TL: 6.066e-01 | VA: 72.26 | VL: 6.089e-01 | Norm: 1.21e-03 | time: 1.87e+01 |
| epoch:  900 | TA: 74.88 | TL: 6.072e-01 | VA: 69.10 | VL: 6.093e-01 | Norm: 1.23e-03 | time: 1.87e+01 |
| epoch: 1000 | TA: 73.71 | TL: 6.114e-01 | VA: 69.52 | VL: 6.136e-01 | Norm: 1.32e-03 | time: 1.88e+01 |
| epoch: 1100 | TA: 71.29 | TL: 6.079e-01 | VA: 69.08 | VL: 6.116e-01 | Norm: 1.19e-03 | time: 1.87e+01 |
Early stop.
Finished.
Training with penalty:38.01894 seed:4.
The ID for this training is 1658700808.
| epoch:    0 | TA: 64.75 | TL: 7.012e-01 | VA: 30.98 | VL: 9.039e-01 | Norm: 4.85e-03 | time: 1.83e-01 |
| epoch:  100 | TA: 75.01 | TL: 6.431e-01 | VA: 72.81 | VL: 6.686e-01 | Norm: 1.36e-03 | time: 1.84e+01 |
| epoch:  200 | TA: 75.82 | TL: 6.414e-01 | VA: 72.76 | VL: 6.652e-01 | Norm: 1.17e-03 | time: 1.85e+01 |
| epoch:  300 | TA: 72.97 | TL: 6.368e-01 | VA: 73.23 | VL: 6.692e-01 | Norm: 1.10e-03 | time: 1.85e+01 |
| epoch:  400 | TA: 75.26 | TL: 6.364e-01 | VA: 72.44 | VL: 6.646e-01 | Norm: 9.31e-04 | time: 1.86e+01 |
| epoch:  500 | TA: 76.90 | TL: 6.378e-01 | VA: 71.25 | VL: 6.684e-01 | Norm: 1.06e-03 | time: 1.86e+01 |
| epoch:  600 | TA: 77.09 | TL: 6.346e-01 | VA: 73.85 | VL: 6.647e-01 | Norm: 9.47e-04 | time: 1.87e+01 |
| epoch:  700 | TA: 75.71 | TL: 6.364e-01 | VA: 74.06 | VL: 6.661e-01 | Norm: 1.00e-03 | time: 1.87e+01 |
| epoch:  800 | TA: 78.65 | TL: 6.338e-01 | VA: 71.26 | VL: 6.664e-01 | Norm: 9.87e-04 | time: 1.87e+01 |
| epoch:  900 | TA: 74.07 | TL: 6.383e-01 | VA: 72.71 | VL: 6.627e-01 | Norm: 9.52e-04 | time: 1.87e+01 |
| epoch: 1000 | TA: 76.30 | TL: 6.322e-01 | VA: 72.96 | VL: 6.631e-01 | Norm: 9.15e-04 | time: 1.87e+01 |
| epoch: 1100 | TA: 76.66 | TL: 6.316e-01 | VA: 75.30 | VL: 6.665e-01 | Norm: 9.97e-04 | time: 1.87e+01 |
| epoch: 1200 | TA: 74.17 | TL: 6.313e-01 | VA: 70.99 | VL: 6.636e-01 | Norm: 9.38e-04 | time: 1.87e+01 |
| epoch: 1300 | TA: 76.07 | TL: 6.299e-01 | VA: 73.08 | VL: 6.620e-01 | Norm: 9.33e-04 | time: 1.88e+01 |
| epoch: 1400 | TA: 75.93 | TL: 6.301e-01 | VA: 73.50 | VL: 6.628e-01 | Norm: 9.70e-04 | time: 1.88e+01 |
| epoch: 1500 | TA: 76.78 | TL: 6.323e-01 | VA: 75.13 | VL: 6.643e-01 | Norm: 9.83e-04 | time: 1.88e+01 |
| epoch: 1600 | TA: 77.06 | TL: 6.292e-01 | VA: 72.83 | VL: 6.600e-01 | Norm: 8.77e-04 | time: 1.88e+01 |
| epoch: 1700 | TA: 72.80 | TL: 6.320e-01 | VA: 74.56 | VL: 6.658e-01 | Norm: 9.75e-04 | time: 1.88e+01 |
| epoch: 1800 | TA: 76.84 | TL: 6.319e-01 | VA: 73.27 | VL: 6.635e-01 | Norm: 9.39e-04 | time: 1.88e+01 |
| epoch: 1900 | TA: 76.41 | TL: 6.287e-01 | VA: 74.78 | VL: 6.609e-01 | Norm: 9.10e-04 | time: 1.88e+01 |
| epoch: 2000 | TA: 74.73 | TL: 6.276e-01 | VA: 71.76 | VL: 6.623e-01 | Norm: 9.49e-04 | time: 1.88e+01 |
| epoch: 2100 | TA: 78.15 | TL: 6.312e-01 | VA: 76.42 | VL: 6.620e-01 | Norm: 8.54e-04 | time: 1.91e+01 |
| epoch: 2200 | TA: 75.29 | TL: 6.305e-01 | VA: 70.89 | VL: 6.592e-01 | Norm: 8.70e-04 | time: 1.93e+01 |
| epoch: 2300 | TA: 75.68 | TL: 6.233e-01 | VA: 71.01 | VL: 6.586e-01 | Norm: 8.78e-04 | time: 1.93e+01 |
| epoch: 2400 | TA: 74.85 | TL: 6.282e-01 | VA: 70.97 | VL: 6.637e-01 | Norm: 9.55e-04 | time: 1.94e+01 |
| epoch: 2500 | TA: 73.79 | TL: 6.289e-01 | VA: 72.21 | VL: 6.593e-01 | Norm: 9.08e-04 | time: 1.92e+01 |
| epoch: 2600 | TA: 75.16 | TL: 6.280e-01 | VA: 69.47 | VL: 6.600e-01 | Norm: 8.80e-04 | time: 1.92e+01 |
| epoch: 2700 | TA: 75.91 | TL: 6.264e-01 | VA: 72.89 | VL: 6.608e-01 | Norm: 9.10e-04 | time: 1.93e+01 |
| epoch: 2800 | TA: 76.58 | TL: 6.309e-01 | VA: 72.51 | VL: 6.638e-01 | Norm: 9.21e-04 | time: 1.93e+01 |
| epoch: 2900 | TA: 77.03 | TL: 6.295e-01 | VA: 69.96 | VL: 6.625e-01 | Norm: 8.45e-04 | time: 1.92e+01 |
| epoch: 3000 | TA: 75.37 | TL: 6.256e-01 | VA: 73.18 | VL: 6.586e-01 | Norm: 8.31e-04 | time: 1.92e+01 |
| epoch: 3100 | TA: 75.09 | TL: 6.232e-01 | VA: 72.08 | VL: 6.552e-01 | Norm: 8.04e-04 | time: 1.92e+01 |
| epoch: 3200 | TA: 74.40 | TL: 6.300e-01 | VA: 70.66 | VL: 6.604e-01 | Norm: 9.00e-04 | time: 1.92e+01 |
| epoch: 3300 | TA: 74.67 | TL: 6.343e-01 | VA: 71.65 | VL: 6.686e-01 | Norm: 1.07e-03 | time: 1.92e+01 |
| epoch: 3400 | TA: 76.26 | TL: 6.314e-01 | VA: 71.27 | VL: 6.632e-01 | Norm: 9.54e-04 | time: 1.91e+01 |
| epoch: 3500 | TA: 74.02 | TL: 6.273e-01 | VA: 71.24 | VL: 6.570e-01 | Norm: 8.07e-04 | time: 1.92e+01 |
| epoch: 3600 | TA: 75.94 | TL: 6.226e-01 | VA: 73.25 | VL: 6.564e-01 | Norm: 8.22e-04 | time: 1.92e+01 |
| epoch: 3700 | TA: 76.36 | TL: 6.255e-01 | VA: 74.44 | VL: 6.610e-01 | Norm: 9.25e-04 | time: 1.92e+01 |
| epoch: 3800 | TA: 74.54 | TL: 6.250e-01 | VA: 69.14 | VL: 6.578e-01 | Norm: 8.34e-04 | time: 1.93e+01 |
| epoch: 3900 | TA: 73.75 | TL: 6.248e-01 | VA: 73.09 | VL: 6.586e-01 | Norm: 8.76e-04 | time: 1.92e+01 |
| epoch: 4000 | TA: 73.74 | TL: 6.243e-01 | VA: 72.43 | VL: 6.619e-01 | Norm: 9.41e-04 | time: 1.92e+01 |
| epoch: 4100 | TA: 76.56 | TL: 6.314e-01 | VA: 67.30 | VL: 6.660e-01 | Norm: 8.81e-04 | time: 1.92e+01 |
| epoch: 4200 | TA: 73.94 | TL: 6.301e-01 | VA: 75.05 | VL: 6.597e-01 | Norm: 8.50e-04 | time: 1.93e+01 |
| epoch: 4300 | TA: 74.11 | TL: 6.257e-01 | VA: 70.23 | VL: 6.583e-01 | Norm: 8.53e-04 | time: 1.92e+01 |
| epoch: 4400 | TA: 73.41 | TL: 6.281e-01 | VA: 73.20 | VL: 6.611e-01 | Norm: 8.99e-04 | time: 1.92e+01 |
| epoch: 4500 | TA: 74.73 | TL: 6.281e-01 | VA: 70.64 | VL: 6.623e-01 | Norm: 8.82e-04 | time: 1.92e+01 |
| epoch: 4600 | TA: 72.78 | TL: 6.267e-01 | VA: 72.19 | VL: 6.606e-01 | Norm: 8.60e-04 | time: 1.92e+01 |
| epoch: 4700 | TA: 74.35 | TL: 6.259e-01 | VA: 71.92 | VL: 6.581e-01 | Norm: 8.59e-04 | time: 1.92e+01 |
| epoch: 4800 | TA: 75.56 | TL: 6.256e-01 | VA: 72.79 | VL: 6.626e-01 | Norm: 8.73e-04 | time: 1.93e+01 |
| epoch: 4900 | TA: 75.18 | TL: 6.259e-01 | VA: 73.69 | VL: 6.576e-01 | Norm: 8.25e-04 | time: 1.92e+01 |
| epoch: 5000 | TA: 74.98 | TL: 6.225e-01 | VA: 71.29 | VL: 6.573e-01 | Norm: 8.22e-04 | time: 1.92e+01 |
| epoch: 5100 | TA: 75.76 | TL: 6.301e-01 | VA: 71.24 | VL: 6.581e-01 | Norm: 8.61e-04 | time: 1.93e+01 |
| epoch: 5200 | TA: 72.27 | TL: 6.255e-01 | VA: 71.93 | VL: 6.614e-01 | Norm: 9.36e-04 | time: 1.93e+01 |
| epoch: 5300 | TA: 71.78 | TL: 6.233e-01 | VA: 70.11 | VL: 6.578e-01 | Norm: 8.53e-04 | time: 1.93e+01 |
| epoch: 5400 | TA: 70.75 | TL: 6.279e-01 | VA: 73.26 | VL: 6.610e-01 | Norm: 8.65e-04 | time: 1.92e+01 |
| epoch: 5500 | TA: 73.31 | TL: 6.245e-01 | VA: 73.29 | VL: 6.600e-01 | Norm: 8.36e-04 | time: 1.92e+01 |
| epoch: 5600 | TA: 73.47 | TL: 6.267e-01 | VA: 72.10 | VL: 6.605e-01 | Norm: 8.92e-04 | time: 1.92e+01 |
| epoch: 5700 | TA: 75.50 | TL: 6.285e-01 | VA: 71.79 | VL: 6.600e-01 | Norm: 8.96e-04 | time: 1.92e+01 |
| epoch: 5800 | TA: 74.79 | TL: 6.276e-01 | VA: 71.39 | VL: 6.577e-01 | Norm: 8.43e-04 | time: 1.92e+01 |
| epoch: 5900 | TA: 75.38 | TL: 6.243e-01 | VA: 72.70 | VL: 6.592e-01 | Norm: 9.07e-04 | time: 1.92e+01 |
| epoch: 6000 | TA: 73.68 | TL: 6.258e-01 | VA: 69.67 | VL: 6.583e-01 | Norm: 8.26e-04 | time: 1.93e+01 |
| epoch: 6100 | TA: 71.26 | TL: 6.249e-01 | VA: 73.54 | VL: 6.575e-01 | Norm: 8.66e-04 | time: 1.92e+01 |
| epoch: 6200 | TA: 72.97 | TL: 6.231e-01 | VA: 70.98 | VL: 6.562e-01 | Norm: 8.22e-04 | time: 1.92e+01 |
| epoch: 6300 | TA: 76.01 | TL: 6.258e-01 | VA: 72.78 | VL: 6.563e-01 | Norm: 8.26e-04 | time: 1.92e+01 |
| epoch: 6400 | TA: 75.27 | TL: 6.252e-01 | VA: 73.35 | VL: 6.578e-01 | Norm: 8.56e-04 | time: 1.92e+01 |
| epoch: 6500 | TA: 71.41 | TL: 6.261e-01 | VA: 73.21 | VL: 6.594e-01 | Norm: 8.85e-04 | time: 1.92e+01 |
| epoch: 6600 | TA: 75.80 | TL: 6.229e-01 | VA: 71.08 | VL: 6.566e-01 | Norm: 8.40e-04 | time: 1.93e+01 |
| epoch: 6700 | TA: 74.50 | TL: 6.257e-01 | VA: 71.54 | VL: 6.581e-01 | Norm: 8.10e-04 | time: 1.93e+01 |
| epoch: 6800 | TA: 70.07 | TL: 6.215e-01 | VA: 70.79 | VL: 6.563e-01 | Norm: 8.50e-04 | time: 1.92e+01 |
| epoch: 6900 | TA: 75.67 | TL: 6.214e-01 | VA: 68.22 | VL: 6.552e-01 | Norm: 7.42e-04 | time: 1.92e+01 |
| epoch: 7000 | TA: 75.40 | TL: 6.248e-01 | VA: 70.09 | VL: 6.537e-01 | Norm: 7.87e-04 | time: 1.92e+01 |
| epoch: 7100 | TA: 75.03 | TL: 6.281e-01 | VA: 72.27 | VL: 6.597e-01 | Norm: 8.62e-04 | time: 1.92e+01 |
| epoch: 7200 | TA: 73.90 | TL: 6.199e-01 | VA: 73.90 | VL: 6.517e-01 | Norm: 7.75e-04 | time: 1.92e+01 |
| epoch: 7300 | TA: 73.19 | TL: 6.247e-01 | VA: 71.95 | VL: 6.580e-01 | Norm: 7.56e-04 | time: 1.92e+01 |
| epoch: 7400 | TA: 75.84 | TL: 6.182e-01 | VA: 68.97 | VL: 6.532e-01 | Norm: 7.46e-04 | time: 1.92e+01 |
| epoch: 7500 | TA: 75.55 | TL: 6.232e-01 | VA: 69.41 | VL: 6.533e-01 | Norm: 7.79e-04 | time: 1.92e+01 |
| epoch: 7600 | TA: 75.80 | TL: 6.304e-01 | VA: 71.79 | VL: 6.577e-01 | Norm: 8.43e-04 | time: 1.92e+01 |
| epoch: 7700 | TA: 72.45 | TL: 6.242e-01 | VA: 70.57 | VL: 6.505e-01 | Norm: 7.25e-04 | time: 1.92e+01 |
| epoch: 7800 | TA: 73.78 | TL: 6.247e-01 | VA: 73.47 | VL: 6.557e-01 | Norm: 8.46e-04 | time: 1.92e+01 |
| epoch: 7900 | TA: 75.57 | TL: 6.255e-01 | VA: 71.95 | VL: 6.586e-01 | Norm: 7.97e-04 | time: 1.92e+01 |
Early stop.
Finished.
Training with penalty:57.54399 seed:4.
The ID for this training is 1658702372.
| epoch:    0 | TA: 64.75 | TL: 7.012e-01 | VA: 30.98 | VL: 9.987e-01 | Norm: 4.85e-03 | time: 1.84e-01 |
| epoch:  100 | TA: 71.52 | TL: 6.758e-01 | VA: 70.85 | VL: 6.881e-01 | Norm: 7.08e-04 | time: 1.85e+01 |
| epoch:  200 | TA: 74.13 | TL: 6.544e-01 | VA: 76.29 | VL: 6.721e-01 | Norm: 8.74e-04 | time: 1.85e+01 |
| epoch:  300 | TA: 72.91 | TL: 6.538e-01 | VA: 72.00 | VL: 6.676e-01 | Norm: 7.38e-04 | time: 1.84e+01 |
| epoch:  400 | TA: 74.70 | TL: 6.489e-01 | VA: 72.66 | VL: 6.657e-01 | Norm: 7.25e-04 | time: 1.87e+01 |
| epoch:  500 | TA: 71.33 | TL: 6.459e-01 | VA: 68.61 | VL: 6.641e-01 | Norm: 6.93e-04 | time: 1.88e+01 |
| epoch:  600 | TA: 71.74 | TL: 6.523e-01 | VA: 72.61 | VL: 6.704e-01 | Norm: 7.54e-04 | time: 1.88e+01 |
| epoch:  700 | TA: 72.40 | TL: 6.447e-01 | VA: 71.81 | VL: 6.712e-01 | Norm: 8.10e-04 | time: 1.89e+01 |
| epoch:  800 | TA: 74.24 | TL: 6.436e-01 | VA: 74.39 | VL: 6.631e-01 | Norm: 6.72e-04 | time: 1.90e+01 |
| epoch:  900 | TA: 73.79 | TL: 6.447e-01 | VA: 65.57 | VL: 6.659e-01 | Norm: 6.86e-04 | time: 1.91e+01 |
| epoch: 1000 | TA: 76.08 | TL: 6.433e-01 | VA: 67.47 | VL: 6.627e-01 | Norm: 6.57e-04 | time: 1.91e+01 |
| epoch: 1100 | TA: 75.11 | TL: 6.388e-01 | VA: 77.28 | VL: 6.607e-01 | Norm: 6.46e-04 | time: 1.91e+01 |
| epoch: 1200 | TA: 75.51 | TL: 6.452e-01 | VA: 71.62 | VL: 6.673e-01 | Norm: 7.28e-04 | time: 1.91e+01 |
| epoch: 1300 | TA: 74.47 | TL: 6.499e-01 | VA: 72.92 | VL: 6.656e-01 | Norm: 7.18e-04 | time: 1.91e+01 |
| epoch: 1400 | TA: 75.77 | TL: 6.406e-01 | VA: 70.34 | VL: 6.637e-01 | Norm: 6.62e-04 | time: 1.91e+01 |
| epoch: 1500 | TA: 72.65 | TL: 6.417e-01 | VA: 71.77 | VL: 6.643e-01 | Norm: 6.80e-04 | time: 1.91e+01 |
| epoch: 1600 | TA: 74.39 | TL: 6.407e-01 | VA: 73.80 | VL: 6.675e-01 | Norm: 7.33e-04 | time: 1.91e+01 |
| epoch: 1700 | TA: 73.26 | TL: 6.423e-01 | VA: 72.94 | VL: 6.602e-01 | Norm: 6.54e-04 | time: 1.91e+01 |
| epoch: 1800 | TA: 73.28 | TL: 6.451e-01 | VA: 67.77 | VL: 6.639e-01 | Norm: 7.56e-04 | time: 1.91e+01 |
| epoch: 1900 | TA: 70.28 | TL: 6.454e-01 | VA: 72.25 | VL: 6.663e-01 | Norm: 7.95e-04 | time: 1.92e+01 |
| epoch: 2000 | TA: 71.45 | TL: 6.399e-01 | VA: 69.69 | VL: 6.658e-01 | Norm: 7.32e-04 | time: 1.92e+01 |
| epoch: 2100 | TA: 78.04 | TL: 6.471e-01 | VA: 74.40 | VL: 6.605e-01 | Norm: 7.19e-04 | time: 1.92e+01 |
| epoch: 2200 | TA: 71.43 | TL: 6.400e-01 | VA: 73.21 | VL: 6.648e-01 | Norm: 7.57e-04 | time: 1.92e+01 |
| epoch: 2300 | TA: 75.41 | TL: 6.395e-01 | VA: 70.58 | VL: 6.571e-01 | Norm: 6.60e-04 | time: 1.92e+01 |
| epoch: 2400 | TA: 78.42 | TL: 6.424e-01 | VA: 65.97 | VL: 6.582e-01 | Norm: 6.59e-04 | time: 1.92e+01 |
| epoch: 2500 | TA: 71.51 | TL: 6.432e-01 | VA: 71.25 | VL: 6.705e-01 | Norm: 7.61e-04 | time: 1.92e+01 |
| epoch: 2600 | TA: 72.76 | TL: 6.347e-01 | VA: 74.38 | VL: 6.608e-01 | Norm: 5.79e-04 | time: 1.92e+01 |
| epoch: 2700 | TA: 76.89 | TL: 6.394e-01 | VA: 76.24 | VL: 6.617e-01 | Norm: 6.26e-04 | time: 1.93e+01 |
| epoch: 2800 | TA: 71.53 | TL: 6.358e-01 | VA: 73.00 | VL: 6.649e-01 | Norm: 6.43e-04 | time: 1.92e+01 |
| epoch: 2900 | TA: 78.51 | TL: 6.403e-01 | VA: 73.06 | VL: 6.648e-01 | Norm: 6.63e-04 | time: 1.92e+01 |
| epoch: 3000 | TA: 75.96 | TL: 6.386e-01 | VA: 74.74 | VL: 6.587e-01 | Norm: 5.71e-04 | time: 1.93e+01 |
| epoch: 3100 | TA: 73.86 | TL: 6.413e-01 | VA: 74.15 | VL: 6.607e-01 | Norm: 5.94e-04 | time: 1.92e+01 |
| epoch: 3200 | TA: 74.94 | TL: 6.354e-01 | VA: 70.33 | VL: 6.576e-01 | Norm: 5.35e-04 | time: 1.93e+01 |
| epoch: 3300 | TA: 73.61 | TL: 6.391e-01 | VA: 69.11 | VL: 6.643e-01 | Norm: 6.29e-04 | time: 1.93e+01 |
Early stop.
Finished.
Training with penalty:87.09636 seed:4.
The ID for this training is 1658703032.
| epoch:    0 | TA: 64.75 | TL: 7.012e-01 | VA: 30.98 | VL: 1.142e+00 | Norm: 4.85e-03 | time: 1.85e-01 |
| epoch:  100 | TA: 68.95 | TL: 6.737e-01 | VA: 66.31 | VL: 6.924e-01 | Norm: 4.76e-04 | time: 1.84e+01 |
| epoch:  200 | TA: 69.44 | TL: 6.594e-01 | VA: 70.50 | VL: 6.800e-01 | Norm: 4.62e-04 | time: 1.86e+01 |
| epoch:  300 | TA: 68.78 | TL: 6.552e-01 | VA: 62.95 | VL: 6.765e-01 | Norm: 4.35e-04 | time: 1.86e+01 |
| epoch:  400 | TA: 71.83 | TL: 6.526e-01 | VA: 66.26 | VL: 6.694e-01 | Norm: 3.70e-04 | time: 1.87e+01 |
| epoch:  500 | TA: 68.78 | TL: 6.536e-01 | VA: 68.08 | VL: 6.660e-01 | Norm: 3.31e-04 | time: 1.87e+01 |
| epoch:  600 | TA: 74.13 | TL: 6.474e-01 | VA: 67.77 | VL: 6.668e-01 | Norm: 3.72e-04 | time: 1.88e+01 |
| epoch:  700 | TA: 67.33 | TL: 6.468e-01 | VA: 72.57 | VL: 6.685e-01 | Norm: 3.91e-04 | time: 1.89e+01 |
| epoch:  800 | TA: 66.03 | TL: 6.474e-01 | VA: 66.50 | VL: 6.692e-01 | Norm: 3.72e-04 | time: 1.89e+01 |
| epoch:  900 | TA: 70.91 | TL: 6.504e-01 | VA: 69.44 | VL: 6.644e-01 | Norm: 3.43e-04 | time: 1.90e+01 |
| epoch: 1000 | TA: 69.73 | TL: 6.514e-01 | VA: 64.27 | VL: 6.698e-01 | Norm: 4.07e-04 | time: 1.90e+01 |
| epoch: 1100 | TA: 72.20 | TL: 6.549e-01 | VA: 69.36 | VL: 6.733e-01 | Norm: 4.22e-04 | time: 1.90e+01 |
| epoch: 1200 | TA: 66.09 | TL: 6.558e-01 | VA: 61.32 | VL: 6.684e-01 | Norm: 3.72e-04 | time: 1.91e+01 |
| epoch: 1300 | TA: 71.54 | TL: 6.576e-01 | VA: 66.66 | VL: 6.701e-01 | Norm: 3.74e-04 | time: 1.91e+01 |
| epoch: 1400 | TA: 72.24 | TL: 6.453e-01 | VA: 66.10 | VL: 6.659e-01 | Norm: 3.52e-04 | time: 1.91e+01 |
| epoch: 1500 | TA: 74.86 | TL: 6.556e-01 | VA: 68.62 | VL: 6.695e-01 | Norm: 4.23e-04 | time: 1.91e+01 |
| epoch: 1600 | TA: 72.38 | TL: 6.493e-01 | VA: 62.41 | VL: 6.613e-01 | Norm: 2.99e-04 | time: 1.91e+01 |
| epoch: 1700 | TA: 72.78 | TL: 6.500e-01 | VA: 71.02 | VL: 6.713e-01 | Norm: 3.95e-04 | time: 1.91e+01 |
| epoch: 1800 | TA: 70.41 | TL: 6.540e-01 | VA: 74.72 | VL: 6.747e-01 | Norm: 4.77e-04 | time: 1.91e+01 |
| epoch: 1900 | TA: 70.99 | TL: 6.464e-01 | VA: 66.16 | VL: 6.671e-01 | Norm: 4.14e-04 | time: 1.92e+01 |
| epoch: 2000 | TA: 76.11 | TL: 6.446e-01 | VA: 69.36 | VL: 6.695e-01 | Norm: 4.81e-04 | time: 1.92e+01 |
| epoch: 2100 | TA: 72.61 | TL: 6.418e-01 | VA: 62.77 | VL: 6.711e-01 | Norm: 5.01e-04 | time: 1.92e+01 |
| epoch: 2200 | TA: 69.93 | TL: 6.402e-01 | VA: 68.84 | VL: 6.719e-01 | Norm: 4.84e-04 | time: 1.92e+01 |
| epoch: 2300 | TA: 68.93 | TL: 6.432e-01 | VA: 69.82 | VL: 6.742e-01 | Norm: 5.09e-04 | time: 1.92e+01 |
| epoch: 2400 | TA: 72.98 | TL: 6.401e-01 | VA: 70.73 | VL: 6.696e-01 | Norm: 4.59e-04 | time: 1.91e+01 |
Early stop.
Finished.
Training with penalty:131.82567 seed:4.
The ID for this training is 1658703514.
| epoch:    0 | TA: 64.75 | TL: 7.012e-01 | VA: 30.98 | VL: 1.359e+00 | Norm: 4.85e-03 | time: 1.83e-01 |
| epoch:  100 | TA: 69.71 | TL: 6.824e-01 | VA: 65.53 | VL: 6.889e-01 | Norm: 2.55e-04 | time: 1.84e+01 |
| epoch:  200 | TA: 68.27 | TL: 6.624e-01 | VA: 65.88 | VL: 6.810e-01 | Norm: 2.85e-04 | time: 1.86e+01 |
| epoch:  300 | TA: 69.98 | TL: 6.711e-01 | VA: 68.36 | VL: 6.758e-01 | Norm: 2.91e-04 | time: 1.87e+01 |
| epoch:  400 | TA: 70.99 | TL: 6.578e-01 | VA: 65.84 | VL: 6.760e-01 | Norm: 2.93e-04 | time: 1.87e+01 |
| epoch:  500 | TA: 69.26 | TL: 6.562e-01 | VA: 63.80 | VL: 6.712e-01 | Norm: 2.64e-04 | time: 1.88e+01 |
| epoch:  600 | TA: 71.26 | TL: 6.520e-01 | VA: 70.85 | VL: 6.719e-01 | Norm: 2.72e-04 | time: 1.89e+01 |
| epoch:  700 | TA: 68.96 | TL: 6.579e-01 | VA: 71.30 | VL: 6.710e-01 | Norm: 2.61e-04 | time: 1.89e+01 |
| epoch:  800 | TA: 62.81 | TL: 6.558e-01 | VA: 62.45 | VL: 6.773e-01 | Norm: 3.18e-04 | time: 1.89e+01 |
| epoch:  900 | TA: 66.85 | TL: 6.519e-01 | VA: 67.92 | VL: 6.753e-01 | Norm: 3.08e-04 | time: 1.90e+01 |
| epoch: 1000 | TA: 61.05 | TL: 6.532e-01 | VA: 62.73 | VL: 6.838e-01 | Norm: 3.61e-04 | time: 1.90e+01 |
| epoch: 1100 | TA: 65.63 | TL: 6.536e-01 | VA: 65.41 | VL: 6.766e-01 | Norm: 3.07e-04 | time: 1.91e+01 |
| epoch: 1200 | TA: 69.57 | TL: 6.529e-01 | VA: 63.72 | VL: 6.667e-01 | Norm: 2.46e-04 | time: 1.91e+01 |
| epoch: 1300 | TA: 70.87 | TL: 6.530e-01 | VA: 66.27 | VL: 6.708e-01 | Norm: 2.80e-04 | time: 1.91e+01 |
| epoch: 1400 | TA: 57.22 | TL: 6.503e-01 | VA: 68.52 | VL: 6.689e-01 | Norm: 2.68e-04 | time: 1.91e+01 |
| epoch: 1500 | TA: 72.45 | TL: 6.561e-01 | VA: 71.24 | VL: 6.709e-01 | Norm: 2.72e-04 | time: 1.91e+01 |
| epoch: 1600 | TA: 69.19 | TL: 6.515e-01 | VA: 60.74 | VL: 6.672e-01 | Norm: 2.58e-04 | time: 1.91e+01 |
| epoch: 1700 | TA: 70.20 | TL: 6.446e-01 | VA: 66.65 | VL: 6.709e-01 | Norm: 2.82e-04 | time: 1.91e+01 |
| epoch: 1800 | TA: 72.96 | TL: 6.509e-01 | VA: 63.67 | VL: 6.734e-01 | Norm: 2.94e-04 | time: 1.91e+01 |
| epoch: 1900 | TA: 65.62 | TL: 6.414e-01 | VA: 62.98 | VL: 6.741e-01 | Norm: 3.18e-04 | time: 1.91e+01 |
| epoch: 2000 | TA: 73.03 | TL: 6.458e-01 | VA: 67.98 | VL: 6.598e-01 | Norm: 2.07e-04 | time: 1.91e+01 |
| epoch: 2100 | TA: 69.07 | TL: 6.452e-01 | VA: 64.49 | VL: 6.695e-01 | Norm: 2.69e-04 | time: 1.91e+01 |
| epoch: 2200 | TA: 65.86 | TL: 6.473e-01 | VA: 64.26 | VL: 6.689e-01 | Norm: 2.75e-04 | time: 1.91e+01 |
| epoch: 2300 | TA: 69.67 | TL: 6.413e-01 | VA: 67.44 | VL: 6.669e-01 | Norm: 2.50e-04 | time: 1.91e+01 |
| epoch: 2400 | TA: 66.73 | TL: 6.431e-01 | VA: 64.91 | VL: 6.706e-01 | Norm: 2.88e-04 | time: 1.91e+01 |
| epoch: 2500 | TA: 66.77 | TL: 6.394e-01 | VA: 65.16 | VL: 6.714e-01 | Norm: 2.96e-04 | time: 1.91e+01 |
| epoch: 2600 | TA: 70.21 | TL: 6.485e-01 | VA: 64.11 | VL: 6.798e-01 | Norm: 3.46e-04 | time: 1.91e+01 |
| epoch: 2700 | TA: 69.08 | TL: 6.495e-01 | VA: 64.45 | VL: 6.685e-01 | Norm: 2.76e-04 | time: 1.91e+01 |
Early stop.
Finished.
Training with penalty:199.52623 seed:4.
The ID for this training is 1658704046.
| epoch:    0 | TA: 64.75 | TL: 7.012e-01 | VA: 30.98 | VL: 1.688e+00 | Norm: 4.85e-03 | time: 1.83e-01 |
| epoch:  100 | TA: 66.31 | TL: 6.842e-01 | VA: 64.22 | VL: 6.984e-01 | Norm: 2.23e-04 | time: 1.84e+01 |
| epoch:  200 | TA: 66.43 | TL: 6.781e-01 | VA: 66.17 | VL: 7.046e-01 | Norm: 3.08e-04 | time: 1.85e+01 |
| epoch:  300 | TA: 66.02 | TL: 6.778e-01 | VA: 66.32 | VL: 6.938e-01 | Norm: 2.84e-04 | time: 1.86e+01 |
| epoch:  400 | TA: 70.10 | TL: 6.675e-01 | VA: 64.44 | VL: 7.068e-01 | Norm: 3.36e-04 | time: 1.87e+01 |
| epoch:  500 | TA: 66.84 | TL: 6.637e-01 | VA: 69.43 | VL: 6.853e-01 | Norm: 2.45e-04 | time: 1.88e+01 |
| epoch:  600 | TA: 65.61 | TL: 6.674e-01 | VA: 67.52 | VL: 6.987e-01 | Norm: 3.08e-04 | time: 1.88e+01 |
| epoch:  700 | TA: 67.69 | TL: 6.718e-01 | VA: 66.30 | VL: 7.044e-01 | Norm: 3.30e-04 | time: 1.89e+01 |
| epoch:  800 | TA: 67.61 | TL: 6.810e-01 | VA: 66.03 | VL: 7.008e-01 | Norm: 3.21e-04 | time: 1.89e+01 |
| epoch:  900 | TA: 65.97 | TL: 6.733e-01 | VA: 66.54 | VL: 6.949e-01 | Norm: 3.02e-04 | time: 1.90e+01 |
| epoch: 1000 | TA: 67.18 | TL: 6.621e-01 | VA: 61.90 | VL: 6.931e-01 | Norm: 2.92e-04 | time: 1.90e+01 |
| epoch: 1100 | TA: 69.19 | TL: 6.607e-01 | VA: 67.35 | VL: 6.754e-01 | Norm: 2.09e-04 | time: 1.91e+01 |
| epoch: 1200 | TA: 70.42 | TL: 6.649e-01 | VA: 60.27 | VL: 6.811e-01 | Norm: 2.16e-04 | time: 1.91e+01 |
| epoch: 1300 | TA: 62.78 | TL: 7.090e-01 | VA: 58.65 | VL: 7.165e-01 | Norm: 3.82e-04 | time: 1.91e+01 |
| epoch: 1400 | TA: 68.10 | TL: 6.682e-01 | VA: 57.50 | VL: 7.005e-01 | Norm: 3.21e-04 | time: 1.91e+01 |
| epoch: 1500 | TA: 63.60 | TL: 6.670e-01 | VA: 51.45 | VL: 6.847e-01 | Norm: 2.41e-04 | time: 1.91e+01 |
| epoch: 1600 | TA: 68.38 | TL: 6.671e-01 | VA: 64.51 | VL: 7.016e-01 | Norm: 3.08e-04 | time: 1.92e+01 |
| epoch: 1700 | TA: 67.75 | TL: 6.656e-01 | VA: 64.32 | VL: 6.952e-01 | Norm: 2.82e-04 | time: 1.92e+01 |
| epoch: 1800 | TA: 68.95 | TL: 6.667e-01 | VA: 64.11 | VL: 6.948e-01 | Norm: 2.80e-04 | time: 1.92e+01 |
| epoch: 1900 | TA: 70.44 | TL: 6.797e-01 | VA: 63.47 | VL: 7.060e-01 | Norm: 3.50e-04 | time: 1.91e+01 |
| epoch: 2000 | TA: 65.57 | TL: 6.795e-01 | VA: 63.30 | VL: 7.026e-01 | Norm: 3.31e-04 | time: 1.92e+01 |
| epoch: 2100 | TA: 66.21 | TL: 6.553e-01 | VA: 64.97 | VL: 6.960e-01 | Norm: 2.99e-04 | time: 1.92e+01 |
| epoch: 2200 | TA: 64.63 | TL: 6.585e-01 | VA: 64.22 | VL: 6.885e-01 | Norm: 2.52e-04 | time: 1.92e+01 |
| epoch: 2300 | TA: 66.01 | TL: 6.783e-01 | VA: 57.96 | VL: 6.892e-01 | Norm: 2.40e-04 | time: 1.92e+01 |
| epoch: 2400 | TA: 65.80 | TL: 6.728e-01 | VA: 65.55 | VL: 6.876e-01 | Norm: 2.54e-04 | time: 1.92e+01 |
| epoch: 2500 | TA: 63.52 | TL: 6.586e-01 | VA: 59.13 | VL: 7.042e-01 | Norm: 3.31e-04 | time: 1.92e+01 |
| epoch: 2600 | TA: 64.84 | TL: 6.571e-01 | VA: 57.84 | VL: 7.048e-01 | Norm: 3.46e-04 | time: 1.92e+01 |
| epoch: 2700 | TA: 66.08 | TL: 6.655e-01 | VA: 63.02 | VL: 6.946e-01 | Norm: 2.93e-04 | time: 1.92e+01 |
| epoch: 2800 | TA: 68.19 | TL: 6.761e-01 | VA: 66.52 | VL: 6.871e-01 | Norm: 2.52e-04 | time: 1.92e+01 |
| epoch: 2900 | TA: 64.14 | TL: 6.522e-01 | VA: 65.51 | VL: 6.826e-01 | Norm: 2.43e-04 | time: 1.92e+01 |
| epoch: 3000 | TA: 61.62 | TL: 6.632e-01 | VA: 64.45 | VL: 7.027e-01 | Norm: 3.30e-04 | time: 1.92e+01 |
| epoch: 3100 | TA: 67.06 | TL: 6.634e-01 | VA: 66.33 | VL: 6.914e-01 | Norm: 2.82e-04 | time: 1.92e+01 |
| epoch: 3200 | TA: 68.64 | TL: 6.544e-01 | VA: 64.78 | VL: 6.864e-01 | Norm: 2.58e-04 | time: 1.92e+01 |
| epoch: 3300 | TA: 67.81 | TL: 6.643e-01 | VA: 69.15 | VL: 6.827e-01 | Norm: 2.32e-04 | time: 1.92e+01 |
| epoch: 3400 | TA: 71.05 | TL: 6.639e-01 | VA: 64.22 | VL: 6.783e-01 | Norm: 2.15e-04 | time: 1.92e+01 |
Early stop.
Finished.
Training with penalty:301.99517 seed:4.
The ID for this training is 1658704721.
| epoch:    0 | TA: 64.75 | TL: 7.012e-01 | VA: 30.98 | VL: 2.185e+00 | Norm: 4.85e-03 | time: 1.85e-01 |
| epoch:  100 | TA: 68.51 | TL: 7.130e-01 | VA: 66.53 | VL: 7.610e-01 | Norm: 3.47e-04 | time: 1.84e+01 |
| epoch:  200 | TA: 70.95 | TL: 7.033e-01 | VA: 69.12 | VL: 7.081e-01 | Norm: 2.41e-04 | time: 1.85e+01 |
| epoch:  300 | TA: 68.61 | TL: 6.786e-01 | VA: 65.42 | VL: 7.279e-01 | Norm: 3.12e-04 | time: 1.86e+01 |
| epoch:  400 | TA: 68.98 | TL: 6.987e-01 | VA: 68.75 | VL: 7.118e-01 | Norm: 2.71e-04 | time: 1.87e+01 |
| epoch:  500 | TA: 66.31 | TL: 7.055e-01 | VA: 68.74 | VL: 7.096e-01 | Norm: 2.60e-04 | time: 1.88e+01 |
| epoch:  600 | TA: 67.99 | TL: 7.105e-01 | VA: 71.35 | VL: 7.289e-01 | Norm: 3.13e-04 | time: 1.88e+01 |
| epoch:  700 | TA: 69.18 | TL: 6.915e-01 | VA: 72.16 | VL: 7.165e-01 | Norm: 2.91e-04 | time: 1.89e+01 |
| epoch:  800 | TA: 65.97 | TL: 6.955e-01 | VA: 71.85 | VL: 7.199e-01 | Norm: 3.01e-04 | time: 1.89e+01 |
| epoch:  900 | TA: 70.73 | TL: 6.684e-01 | VA: 66.28 | VL: 7.165e-01 | Norm: 2.92e-04 | time: 1.90e+01 |
| epoch: 1000 | TA: 70.87 | TL: 7.006e-01 | VA: 69.68 | VL: 7.139e-01 | Norm: 2.70e-04 | time: 1.90e+01 |
| epoch: 1100 | TA: 69.81 | TL: 6.985e-01 | VA: 69.39 | VL: 6.900e-01 | Norm: 1.96e-04 | time: 1.90e+01 |
| epoch: 1200 | TA: 67.63 | TL: 7.116e-01 | VA: 65.80 | VL: 7.158e-01 | Norm: 2.78e-04 | time: 1.90e+01 |
| epoch: 1300 | TA: 68.71 | TL: 6.849e-01 | VA: 70.45 | VL: 7.182e-01 | Norm: 2.86e-04 | time: 1.90e+01 |
| epoch: 1400 | TA: 67.88 | TL: 6.797e-01 | VA: 65.91 | VL: 7.051e-01 | Norm: 2.35e-04 | time: 1.90e+01 |
| epoch: 1500 | TA: 72.49 | TL: 7.040e-01 | VA: 67.98 | VL: 6.956e-01 | Norm: 2.21e-04 | time: 1.90e+01 |
| epoch: 1600 | TA: 72.14 | TL: 6.889e-01 | VA: 64.61 | VL: 7.200e-01 | Norm: 3.02e-04 | time: 1.90e+01 |
| epoch: 1700 | TA: 70.90 | TL: 6.986e-01 | VA: 67.80 | VL: 7.115e-01 | Norm: 2.69e-04 | time: 1.90e+01 |
| epoch: 1800 | TA: 72.01 | TL: 6.973e-01 | VA: 68.45 | VL: 7.142e-01 | Norm: 2.87e-04 | time: 1.90e+01 |
| epoch: 1900 | TA: 72.74 | TL: 6.877e-01 | VA: 69.23 | VL: 7.170e-01 | Norm: 2.98e-04 | time: 1.90e+01 |
| epoch: 2000 | TA: 69.21 | TL: 6.942e-01 | VA: 68.04 | VL: 7.106e-01 | Norm: 2.68e-04 | time: 1.90e+01 |
| epoch: 2100 | TA: 69.29 | TL: 7.116e-01 | VA: 72.22 | VL: 7.243e-01 | Norm: 3.10e-04 | time: 1.90e+01 |
| epoch: 2200 | TA: 71.64 | TL: 6.879e-01 | VA: 69.00 | VL: 7.213e-01 | Norm: 3.08e-04 | time: 1.90e+01 |
| epoch: 2300 | TA: 70.30 | TL: 6.987e-01 | VA: 67.09 | VL: 7.189e-01 | Norm: 3.02e-04 | time: 1.90e+01 |
| epoch: 2400 | TA: 70.10 | TL: 6.839e-01 | VA: 71.65 | VL: 6.950e-01 | Norm: 2.24e-04 | time: 1.90e+01 |
| epoch: 2500 | TA: 67.59 | TL: 7.929e-01 | VA: 60.59 | VL: 7.442e-01 | Norm: 3.87e-04 | time: 1.90e+01 |
| epoch: 2600 | TA: 65.46 | TL: 6.848e-01 | VA: 62.93 | VL: 7.181e-01 | Norm: 3.06e-04 | time: 1.90e+01 |
| epoch: 2700 | TA: 71.33 | TL: 6.899e-01 | VA: 63.54 | VL: 7.108e-01 | Norm: 2.79e-04 | time: 1.90e+01 |
| epoch: 2800 | TA: 66.25 | TL: 6.809e-01 | VA: 62.96 | VL: 6.926e-01 | Norm: 2.22e-04 | time: 1.90e+01 |
| epoch: 2900 | TA: 66.09 | TL: 6.893e-01 | VA: 67.30 | VL: 7.122e-01 | Norm: 2.80e-04 | time: 1.91e+01 |
Early stop.
Finished.
Training with penalty:457.08819 seed:4.
The ID for this training is 1658705289.
| epoch:    0 | TA: 64.75 | TL: 7.012e-01 | VA: 30.98 | VL: 2.938e+00 | Norm: 4.85e-03 | time: 1.83e-01 |
| epoch:  100 | TA: 68.29 | TL: 7.479e-01 | VA: 67.93 | VL: 7.210e-01 | Norm: 1.44e-04 | time: 1.84e+01 |
| epoch:  200 | TA: 71.48 | TL: 7.132e-01 | VA: 64.40 | VL: 7.060e-01 | Norm: 1.41e-04 | time: 1.85e+01 |
| epoch:  300 | TA: 66.77 | TL: 7.205e-01 | VA: 61.56 | VL: 7.472e-01 | Norm: 2.32e-04 | time: 1.86e+01 |
| epoch:  400 | TA: 64.88 | TL: 7.228e-01 | VA: 64.31 | VL: 7.497e-01 | Norm: 2.37e-04 | time: 1.88e+01 |
| epoch:  500 | TA: 68.12 | TL: 7.313e-01 | VA: 64.84 | VL: 7.697e-01 | Norm: 2.87e-04 | time: 1.88e+01 |
| epoch:  600 | TA: 70.93 | TL: 7.369e-01 | VA: 61.07 | VL: 7.508e-01 | Norm: 2.41e-04 | time: 1.89e+01 |
| epoch:  700 | TA: 64.61 | TL: 7.675e-01 | VA: 65.39 | VL: 7.386e-01 | Norm: 2.15e-04 | time: 1.89e+01 |
| epoch:  800 | TA: 69.75 | TL: 7.471e-01 | VA: 68.11 | VL: 7.389e-01 | Norm: 2.20e-04 | time: 1.89e+01 |
| epoch:  900 | TA: 65.81 | TL: 7.437e-01 | VA: 63.47 | VL: 7.352e-01 | Norm: 2.09e-04 | time: 1.90e+01 |
| epoch: 1000 | TA: 65.59 | TL: 7.192e-01 | VA: 67.13 | VL: 7.687e-01 | Norm: 2.87e-04 | time: 1.90e+01 |
| epoch: 1100 | TA: 66.77 | TL: 7.227e-01 | VA: 60.97 | VL: 7.383e-01 | Norm: 2.18e-04 | time: 1.90e+01 |
| epoch: 1200 | TA: 65.56 | TL: 7.004e-01 | VA: 63.78 | VL: 7.482e-01 | Norm: 2.41e-04 | time: 1.91e+01 |
| epoch: 1300 | TA: 62.99 | TL: 6.981e-01 | VA: 60.41 | VL: 7.458e-01 | Norm: 2.39e-04 | time: 1.91e+01 |
| epoch: 1400 | TA: 66.87 | TL: 7.191e-01 | VA: 63.65 | VL: 7.522e-01 | Norm: 2.50e-04 | time: 1.91e+01 |
| epoch: 1500 | TA: 71.54 | TL: 7.149e-01 | VA: 67.49 | VL: 7.554e-01 | Norm: 2.53e-04 | time: 1.91e+01 |
| epoch: 1600 | TA: 67.49 | TL: 7.256e-01 | VA: 62.88 | VL: 7.515e-01 | Norm: 2.48e-04 | time: 1.91e+01 |
| epoch: 1700 | TA: 64.85 | TL: 7.616e-01 | VA: 63.43 | VL: 7.941e-01 | Norm: 3.42e-04 | time: 1.91e+01 |
| epoch: 1800 | TA: 65.88 | TL: 7.172e-01 | VA: 61.08 | VL: 7.471e-01 | Norm: 2.39e-04 | time: 1.91e+01 |
| epoch: 1900 | TA: 65.91 | TL: 7.263e-01 | VA: 62.30 | VL: 7.402e-01 | Norm: 2.23e-04 | time: 1.91e+01 |
Early stop.
Finished.
Training with penalty:691.83097 seed:4.
The ID for this training is 1658705661.
| epoch:    0 | TA: 64.75 | TL: 7.012e-01 | VA: 30.98 | VL: 4.077e+00 | Norm: 4.85e-03 | time: 1.85e-01 |
| epoch:  100 | TA: 67.32 | TL: 8.144e-01 | VA: 63.30 | VL: 8.374e-01 | Norm: 2.39e-04 | time: 1.84e+01 |
| epoch:  200 | TA: 66.70 | TL: 7.760e-01 | VA: 65.01 | VL: 7.799e-01 | Norm: 1.72e-04 | time: 1.85e+01 |
| epoch:  300 | TA: 66.49 | TL: 7.836e-01 | VA: 63.72 | VL: 7.808e-01 | Norm: 1.81e-04 | time: 1.86e+01 |
| epoch:  400 | TA: 67.73 | TL: 7.558e-01 | VA: 66.74 | VL: 8.199e-01 | Norm: 2.44e-04 | time: 1.87e+01 |
| epoch:  500 | TA: 65.27 | TL: 7.888e-01 | VA: 64.68 | VL: 8.241e-01 | Norm: 2.54e-04 | time: 1.87e+01 |
| epoch:  600 | TA: 66.26 | TL: 8.129e-01 | VA: 66.36 | VL: 8.597e-01 | Norm: 3.05e-04 | time: 1.87e+01 |
| epoch:  700 | TA: 66.55 | TL: 7.751e-01 | VA: 63.91 | VL: 7.800e-01 | Norm: 1.92e-04 | time: 1.88e+01 |
| epoch:  800 | TA: 65.87 | TL: 8.049e-01 | VA: 63.58 | VL: 7.955e-01 | Norm: 2.15e-04 | time: 1.89e+01 |
| epoch:  900 | TA: 67.05 | TL: 8.254e-01 | VA: 64.42 | VL: 8.297e-01 | Norm: 2.64e-04 | time: 1.89e+01 |
| epoch: 1000 | TA: 65.24 | TL: 8.119e-01 | VA: 63.01 | VL: 7.856e-01 | Norm: 2.04e-04 | time: 1.89e+01 |
Early stop.
Finished.
Training with penalty:1047.12855 seed:4.
The ID for this training is 1658705862.
| epoch:    0 | TA: 64.75 | TL: 7.012e-01 | VA: 30.98 | VL: 5.801e+00 | Norm: 4.85e-03 | time: 1.83e-01 |
| epoch:  100 | TA: 65.98 | TL: 8.012e-01 | VA: 65.16 | VL: 8.509e-01 | Norm: 1.90e-04 | time: 1.84e+01 |
| epoch:  200 | TA: 65.69 | TL: 7.671e-01 | VA: 66.58 | VL: 7.860e-01 | Norm: 1.39e-04 | time: 1.85e+01 |
| epoch:  300 | TA: 68.69 | TL: 7.855e-01 | VA: 67.30 | VL: 8.821e-01 | Norm: 2.31e-04 | time: 1.86e+01 |
| epoch:  400 | TA: 69.58 | TL: 8.508e-01 | VA: 67.51 | VL: 8.509e-01 | Norm: 2.00e-04 | time: 1.87e+01 |
| epoch:  500 | TA: 71.06 | TL: 8.499e-01 | VA: 64.27 | VL: 8.770e-01 | Norm: 2.28e-04 | time: 1.87e+01 |
| epoch:  600 | TA: 61.59 | TL: 8.112e-01 | VA: 65.24 | VL: 8.789e-01 | Norm: 2.30e-04 | time: 1.88e+01 |
| epoch:  700 | TA: 66.25 | TL: 8.294e-01 | VA: 67.44 | VL: 8.525e-01 | Norm: 2.08e-04 | time: 1.88e+01 |
| epoch:  800 | TA: 66.57 | TL: 8.434e-01 | VA: 63.12 | VL: 8.019e-01 | Norm: 1.60e-04 | time: 1.89e+01 |
| epoch:  900 | TA: 66.85 | TL: 8.090e-01 | VA: 69.86 | VL: 8.173e-01 | Norm: 1.74e-04 | time: 1.89e+01 |
| epoch: 1000 | TA: 64.71 | TL: 8.665e-01 | VA: 62.49 | VL: 8.385e-01 | Norm: 1.92e-04 | time: 1.90e+01 |
| epoch: 1100 | TA: 69.00 | TL: 7.781e-01 | VA: 67.03 | VL: 8.441e-01 | Norm: 2.00e-04 | time: 1.90e+01 |
| epoch: 1200 | TA: 68.37 | TL: 8.599e-01 | VA: 65.32 | VL: 8.536e-01 | Norm: 2.12e-04 | time: 1.90e+01 |
| epoch: 1300 | TA: 67.57 | TL: 8.383e-01 | VA: 67.92 | VL: 8.285e-01 | Norm: 1.91e-04 | time: 1.90e+01 |
| epoch: 1400 | TA: 71.13 | TL: 8.358e-01 | VA: 68.67 | VL: 8.414e-01 | Norm: 2.04e-04 | time: 1.90e+01 |
| epoch: 1500 | TA: 64.09 | TL: 8.499e-01 | VA: 65.25 | VL: 8.185e-01 | Norm: 1.83e-04 | time: 1.90e+01 |
Early stop.
Finished.
Training with penalty:1584.89319 seed:4.
The ID for this training is 1658706160.
| epoch:    0 | TA: 64.75 | TL: 7.012e-01 | VA: 30.98 | VL: 8.411e+00 | Norm: 4.85e-03 | time: 2.25e-01 |
| epoch:  100 | TA: 69.59 | TL: 8.143e-01 | VA: 68.37 | VL: 8.173e-01 | Norm: 9.95e-05 | time: 1.83e+01 |
| epoch:  200 | TA: 65.11 | TL: 8.169e-01 | VA: 64.34 | VL: 8.343e-01 | Norm: 1.22e-04 | time: 1.85e+01 |
| epoch:  300 | TA: 69.84 | TL: 8.108e-01 | VA: 67.07 | VL: 7.893e-01 | Norm: 9.54e-05 | time: 1.86e+01 |
| epoch:  400 | TA: 65.58 | TL: 8.708e-01 | VA: 65.27 | VL: 9.100e-01 | Norm: 1.72e-04 | time: 1.87e+01 |
| epoch:  500 | TA: 64.84 | TL: 9.651e-01 | VA: 66.16 | VL: 9.906e-01 | Norm: 2.24e-04 | time: 1.88e+01 |
| epoch:  600 | TA: 66.33 | TL: 8.934e-01 | VA: 67.25 | VL: 9.109e-01 | Norm: 1.75e-04 | time: 1.88e+01 |
| epoch:  700 | TA: 68.14 | TL: 8.657e-01 | VA: 67.98 | VL: 8.640e-01 | Norm: 1.44e-04 | time: 1.89e+01 |
| epoch:  800 | TA: 64.66 | TL: 8.424e-01 | VA: 69.60 | VL: 8.414e-01 | Norm: 1.31e-04 | time: 1.89e+01 |
| epoch:  900 | TA: 63.88 | TL: 8.105e-01 | VA: 54.40 | VL: 8.650e-01 | Norm: 1.46e-04 | time: 1.90e+01 |
| epoch: 1000 | TA: 66.08 | TL: 9.503e-01 | VA: 65.15 | VL: 8.932e-01 | Norm: 1.63e-04 | time: 1.90e+01 |
Early stop.
Finished.
Training with penalty:2398.83292 seed:4.
The ID for this training is 1658706365.
| epoch:    0 | TA: 64.75 | TL: 7.012e-01 | VA: 30.98 | VL: 1.236e+01 | Norm: 4.85e-03 | time: 2.18e-01 |
| epoch:  100 | TA: 68.29 | TL: 8.785e-01 | VA: 66.43 | VL: 9.965e-01 | Norm: 1.40e-04 | time: 1.84e+01 |
| epoch:  200 | TA: 66.17 | TL: 9.007e-01 | VA: 64.59 | VL: 7.917e-01 | Norm: 6.30e-05 | time: 1.85e+01 |
| epoch:  300 | TA: 64.89 | TL: 8.432e-01 | VA: 64.76 | VL: 1.018e+00 | Norm: 1.59e-04 | time: 1.86e+01 |
| epoch:  400 | TA: 65.61 | TL: 9.048e-01 | VA: 65.82 | VL: 9.005e-01 | Norm: 1.11e-04 | time: 1.87e+01 |
| epoch:  500 | TA: 68.50 | TL: 1.007e+00 | VA: 67.75 | VL: 1.060e+00 | Norm: 1.77e-04 | time: 1.88e+01 |
| epoch:  600 | TA: 65.62 | TL: 9.103e-01 | VA: 66.27 | VL: 9.050e-01 | Norm: 1.12e-04 | time: 1.89e+01 |
| epoch:  700 | TA: 67.89 | TL: 1.038e+00 | VA: 66.27 | VL: 8.499e-01 | Norm: 8.87e-05 | time: 1.89e+01 |
| epoch:  800 | TA: 68.41 | TL: 1.078e+00 | VA: 66.62 | VL: 1.024e+00 | Norm: 1.63e-04 | time: 1.89e+01 |
| epoch:  900 | TA: 65.01 | TL: 9.079e-01 | VA: 65.99 | VL: 1.050e+00 | Norm: 1.75e-04 | time: 1.90e+01 |
| epoch: 1000 | TA: 65.52 | TL: 1.101e+00 | VA: 64.15 | VL: 9.644e-01 | Norm: 1.38e-04 | time: 1.90e+01 |
Early stop.
Finished.
Training with penalty:3630.78055 seed:4.
The ID for this training is 1658706568.
| epoch:    0 | TA: 64.75 | TL: 7.012e-01 | VA: 30.98 | VL: 1.834e+01 | Norm: 4.85e-03 | time: 1.83e-01 |
| epoch:  100 | TA: 68.88 | TL: 9.840e-01 | VA: 65.25 | VL: 1.119e+00 | Norm: 1.25e-04 | time: 1.84e+01 |
| epoch:  200 | TA: 70.09 | TL: 9.446e-01 | VA: 69.57 | VL: 8.760e-01 | Norm: 6.20e-05 | time: 1.85e+01 |
| epoch:  300 | TA: 64.11 | TL: 1.300e+00 | VA: 68.67 | VL: 1.255e+00 | Norm: 1.67e-04 | time: 1.86e+01 |
| epoch:  400 | TA: 71.17 | TL: 1.074e+00 | VA: 70.19 | VL: 1.131e+00 | Norm: 1.33e-04 | time: 1.87e+01 |
| epoch:  500 | TA: 70.00 | TL: 1.143e+00 | VA: 72.87 | VL: 1.309e+00 | Norm: 1.82e-04 | time: 1.88e+01 |
| epoch:  600 | TA: 66.11 | TL: 1.063e+00 | VA: 69.24 | VL: 1.168e+00 | Norm: 1.42e-04 | time: 1.88e+01 |
| epoch:  700 | TA: 69.82 | TL: 1.075e+00 | VA: 67.47 | VL: 1.060e+00 | Norm: 1.14e-04 | time: 1.89e+01 |
| epoch:  800 | TA: 69.67 | TL: 1.127e+00 | VA: 70.26 | VL: 1.316e+00 | Norm: 1.83e-04 | time: 1.89e+01 |
| epoch:  900 | TA: 72.12 | TL: 1.185e+00 | VA: 70.84 | VL: 1.081e+00 | Norm: 1.19e-04 | time: 1.90e+01 |
| epoch: 1000 | TA: 67.59 | TL: 1.140e+00 | VA: 69.92 | VL: 1.043e+00 | Norm: 1.09e-04 | time: 1.90e+01 |
Early stop.
Finished.
Training with penalty:5495.40874 seed:4.
The ID for this training is 1658706770.
| epoch:    0 | TA: 64.75 | TL: 7.012e-01 | VA: 30.98 | VL: 2.739e+01 | Norm: 4.85e-03 | time: 1.82e-01 |
| epoch:  100 | TA: 68.69 | TL: 1.036e+00 | VA: 65.49 | VL: 9.139e-01 | Norm: 4.50e-05 | time: 1.84e+01 |
| epoch:  200 | TA: 66.41 | TL: 1.037e+00 | VA: 67.97 | VL: 1.149e+00 | Norm: 9.08e-05 | time: 1.85e+01 |
| epoch:  300 | TA: 64.33 | TL: 1.033e+00 | VA: 67.58 | VL: 1.237e+00 | Norm: 1.07e-04 | time: 1.86e+01 |
| epoch:  400 | TA: 67.12 | TL: 1.238e+00 | VA: 68.58 | VL: 1.444e+00 | Norm: 1.45e-04 | time: 1.87e+01 |
| epoch:  500 | TA: 69.43 | TL: 1.379e+00 | VA: 67.85 | VL: 1.525e+00 | Norm: 1.60e-04 | time: 1.87e+01 |
| epoch:  600 | TA: 69.98 | TL: 1.259e+00 | VA: 68.76 | VL: 1.372e+00 | Norm: 1.33e-04 | time: 1.88e+01 |
| epoch:  700 | TA: 68.38 | TL: 1.125e+00 | VA: 66.24 | VL: 1.314e+00 | Norm: 1.22e-04 | time: 1.89e+01 |
| epoch:  800 | TA: 66.13 | TL: 1.449e+00 | VA: 66.96 | VL: 1.670e+00 | Norm: 1.88e-04 | time: 1.89e+01 |
| epoch:  900 | TA: 66.56 | TL: 1.232e+00 | VA: 65.45 | VL: 1.713e+00 | Norm: 1.96e-04 | time: 1.90e+01 |
| epoch: 1000 | TA: 63.25 | TL: 1.256e+00 | VA: 64.26 | VL: 1.229e+00 | Norm: 1.08e-04 | time: 1.90e+01 |
Early stop.
Finished.
Training with penalty:8317.63771 seed:4.
The ID for this training is 1658706972.
| epoch:    0 | TA: 64.75 | TL: 7.012e-01 | VA: 30.98 | VL: 4.108e+01 | Norm: 4.85e-03 | time: 1.84e-01 |
| epoch:  100 | TA: 66.55 | TL: 1.017e+00 | VA: 66.31 | VL: 9.927e-01 | Norm: 4.13e-05 | time: 1.84e+01 |
| epoch:  200 | TA: 67.42 | TL: 1.209e+00 | VA: 64.40 | VL: 1.161e+00 | Norm: 6.26e-05 | time: 1.85e+01 |
| epoch:  300 | TA: 65.28 | TL: 1.244e+00 | VA: 64.47 | VL: 1.376e+00 | Norm: 8.87e-05 | time: 1.86e+01 |
| epoch:  400 | TA: 62.51 | TL: 1.225e+00 | VA: 62.62 | VL: 9.995e-01 | Norm: 4.35e-05 | time: 1.86e+01 |
| epoch:  500 | TA: 67.87 | TL: 1.774e+00 | VA: 63.81 | VL: 1.463e+00 | Norm: 9.87e-05 | time: 1.86e+01 |
| epoch:  600 | TA: 56.81 | TL: 1.453e+00 | VA: 66.45 | VL: 1.800e+00 | Norm: 1.40e-04 | time: 1.87e+01 |
| epoch:  700 | TA: 67.91 | TL: 1.311e+00 | VA: 65.62 | VL: 1.727e+00 | Norm: 1.31e-04 | time: 1.86e+01 |
| epoch:  800 | TA: 67.57 | TL: 1.801e+00 | VA: 67.82 | VL: 1.610e+00 | Norm: 1.17e-04 | time: 1.88e+01 |
| epoch:  900 | TA: 68.83 | TL: 1.781e+00 | VA: 67.62 | VL: 1.563e+00 | Norm: 1.11e-04 | time: 1.87e+01 |
| epoch: 1000 | TA: 64.36 | TL: 1.489e+00 | VA: 64.67 | VL: 1.232e+00 | Norm: 7.17e-05 | time: 1.88e+01 |
| epoch: 1100 | TA: 64.97 | TL: 1.414e+00 | VA: 54.91 | VL: 1.544e+00 | Norm: 1.09e-04 | time: 1.87e+01 |
Early stop.
Finished.
Training with penalty:12589.25412 seed:4.
The ID for this training is 1658707187.
| epoch:    0 | TA: 64.75 | TL: 7.012e-01 | VA: 30.98 | VL: 6.181e+01 | Norm: 4.85e-03 | time: 1.86e-01 |
| epoch:  100 | TA: 65.79 | TL: 1.604e+00 | VA: 63.66 | VL: 1.392e+00 | Norm: 5.85e-05 | time: 1.83e+01 |
| epoch:  200 | TA: 66.69 | TL: 8.599e-01 | VA: 63.66 | VL: 8.887e-01 | Norm: 1.93e-05 | time: 1.85e+01 |
| epoch:  300 | TA: 66.35 | TL: 1.764e+00 | VA: 67.24 | VL: 1.583e+00 | Norm: 7.46e-05 | time: 1.86e+01 |
| epoch:  400 | TA: 66.00 | TL: 1.736e+00 | VA: 66.88 | VL: 1.223e+00 | Norm: 4.61e-05 | time: 1.86e+01 |
| epoch:  500 | TA: 65.22 | TL: 1.571e+00 | VA: 64.76 | VL: 1.751e+00 | Norm: 8.85e-05 | time: 1.86e+01 |
| epoch:  600 | TA: 67.94 | TL: 1.476e+00 | VA: 67.01 | VL: 1.434e+00 | Norm: 6.29e-05 | time: 1.86e+01 |
| epoch:  700 | TA: 65.61 | TL: 1.458e+00 | VA: 59.11 | VL: 1.537e+00 | Norm: 7.14e-05 | time: 1.87e+01 |
| epoch:  800 | TA: 64.53 | TL: 1.539e+00 | VA: 64.91 | VL: 1.844e+00 | Norm: 9.56e-05 | time: 1.87e+01 |
| epoch:  900 | TA: 67.38 | TL: 1.789e+00 | VA: 66.36 | VL: 1.552e+00 | Norm: 7.27e-05 | time: 1.87e+01 |
| epoch: 1000 | TA: 65.17 | TL: 1.737e+00 | VA: 67.11 | VL: 1.838e+00 | Norm: 9.52e-05 | time: 1.88e+01 |
| epoch: 1100 | TA: 65.71 | TL: 1.571e+00 | VA: 66.08 | VL: 1.799e+00 | Norm: 9.23e-05 | time: 1.87e+01 |
Early stop.
Finished.
Training with penalty:19054.60718 seed:4.
The ID for this training is 1658707417.
| epoch:    0 | TA: 64.75 | TL: 7.012e-01 | VA: 30.98 | VL: 9.319e+01 | Norm: 4.85e-03 | time: 1.85e-01 |
| epoch:  100 | TA: 66.54 | TL: 1.131e+00 | VA: 64.23 | VL: 1.323e+00 | Norm: 3.47e-05 | time: 1.83e+01 |
| epoch:  200 | TA: 65.31 | TL: 1.042e+00 | VA: 63.45 | VL: 9.945e-01 | Norm: 1.86e-05 | time: 1.84e+01 |
| epoch:  300 | TA: 65.78 | TL: 1.388e+00 | VA: 65.07 | VL: 1.131e+00 | Norm: 2.59e-05 | time: 1.85e+01 |
| epoch:  400 | TA: 68.48 | TL: 1.591e+00 | VA: 64.66 | VL: 1.747e+00 | Norm: 5.84e-05 | time: 1.86e+01 |
| epoch:  500 | TA: 65.62 | TL: 2.155e+00 | VA: 65.91 | VL: 2.722e+00 | Norm: 1.09e-04 | time: 1.86e+01 |
| epoch:  600 | TA: 60.55 | TL: 1.927e+00 | VA: 67.97 | VL: 2.158e+00 | Norm: 7.99e-05 | time: 1.87e+01 |
| epoch:  700 | TA: 67.36 | TL: 1.693e+00 | VA: 65.57 | VL: 1.842e+00 | Norm: 6.35e-05 | time: 1.87e+01 |
| epoch:  800 | TA: 68.48 | TL: 2.100e+00 | VA: 67.01 | VL: 2.106e+00 | Norm: 7.72e-05 | time: 1.88e+01 |
| epoch:  900 | TA: 65.14 | TL: 1.996e+00 | VA: 68.26 | VL: 2.296e+00 | Norm: 8.72e-05 | time: 1.88e+01 |
| epoch: 1000 | TA: 67.52 | TL: 2.211e+00 | VA: 65.76 | VL: 1.902e+00 | Norm: 6.65e-05 | time: 1.88e+01 |
| epoch: 1100 | TA: 68.04 | TL: 1.897e+00 | VA: 62.96 | VL: 1.337e+00 | Norm: 3.70e-05 | time: 1.88e+01 |
| epoch: 1200 | TA: 68.84 | TL: 1.698e+00 | VA: 64.90 | VL: 1.810e+00 | Norm: 6.17e-05 | time: 1.88e+01 |
| epoch: 1300 | TA: 68.98 | TL: 1.652e+00 | VA: 69.16 | VL: 1.454e+00 | Norm: 4.32e-05 | time: 1.88e+01 |
Early stop.
Finished.
Training with penalty:28840.31503 seed:4.
The ID for this training is 1658707676.
| epoch:    0 | TA: 64.75 | TL: 7.012e-01 | VA: 30.98 | VL: 1.407e+02 | Norm: 4.85e-03 | time: 1.83e-01 |
| epoch:  100 | TA: 68.79 | TL: 1.185e+00 | VA: 66.39 | VL: 7.806e-01 | Norm: 4.32e-06 | time: 1.83e+01 |
| epoch:  200 | TA: 67.96 | TL: 1.163e+00 | VA: 67.73 | VL: 1.159e+00 | Norm: 1.79e-05 | time: 1.85e+01 |
| epoch:  300 | TA: 68.22 | TL: 1.608e+00 | VA: 63.54 | VL: 1.659e+00 | Norm: 3.53e-05 | time: 1.85e+01 |
| epoch:  400 | TA: 69.80 | TL: 1.782e+00 | VA: 66.39 | VL: 1.440e+00 | Norm: 2.78e-05 | time: 1.86e+01 |
| epoch:  500 | TA: 67.65 | TL: 2.926e+00 | VA: 67.54 | VL: 2.395e+00 | Norm: 6.09e-05 | time: 1.86e+01 |
| epoch:  600 | TA: 67.21 | TL: 2.218e+00 | VA: 63.09 | VL: 2.225e+00 | Norm: 5.50e-05 | time: 1.87e+01 |
| epoch:  700 | TA: 70.85 | TL: 2.424e+00 | VA: 68.95 | VL: 2.864e+00 | Norm: 7.71e-05 | time: 1.86e+01 |
| epoch:  800 | TA: 65.03 | TL: 1.812e+00 | VA: 64.74 | VL: 1.490e+00 | Norm: 2.96e-05 | time: 1.88e+01 |
| epoch:  900 | TA: 65.03 | TL: 2.086e+00 | VA: 67.40 | VL: 2.504e+00 | Norm: 6.48e-05 | time: 1.87e+01 |
| epoch: 1000 | TA: 68.20 | TL: 2.541e+00 | VA: 65.65 | VL: 2.467e+00 | Norm: 6.34e-05 | time: 1.88e+01 |
| epoch: 1100 | TA: 66.79 | TL: 2.681e+00 | VA: 61.23 | VL: 2.848e+00 | Norm: 7.65e-05 | time: 1.88e+01 |
Early stop.
Finished.
Training with penalty:43651.58322 seed:4.
The ID for this training is 1658707903.
| epoch:    0 | TA: 64.75 | TL: 7.012e-01 | VA: 30.98 | VL: 2.126e+02 | Norm: 4.85e-03 | time: 1.86e-01 |
| epoch:  100 | TA: 68.82 | TL: 1.309e+00 | VA: 68.26 | VL: 1.091e+00 | Norm: 9.95e-06 | time: 1.84e+01 |
| epoch:  200 | TA: 53.03 | TL: 1.698e+00 | VA: 65.06 | VL: 1.220e+00 | Norm: 1.32e-05 | time: 1.84e+01 |
| epoch:  300 | TA: 57.35 | TL: 1.231e+00 | VA: 65.53 | VL: 1.423e+00 | Norm: 1.80e-05 | time: 1.85e+01 |
| epoch:  400 | TA: 65.96 | TL: 9.956e-01 | VA: 71.14 | VL: 1.810e+00 | Norm: 2.69e-05 | time: 1.86e+01 |
| epoch:  500 | TA: 65.14 | TL: 3.601e+00 | VA: 63.94 | VL: 3.430e+00 | Norm: 6.39e-05 | time: 1.86e+01 |
| epoch:  600 | TA: 69.51 | TL: 2.070e+00 | VA: 59.82 | VL: 1.210e+00 | Norm: 1.32e-05 | time: 1.87e+01 |
| epoch:  700 | TA: 70.46 | TL: 2.402e+00 | VA: 70.45 | VL: 2.708e+00 | Norm: 4.75e-05 | time: 1.87e+01 |
| epoch:  800 | TA: 64.62 | TL: 2.700e+00 | VA: 63.89 | VL: 3.838e+00 | Norm: 7.33e-05 | time: 1.88e+01 |
| epoch:  900 | TA: 68.90 | TL: 2.453e+00 | VA: 66.56 | VL: 2.627e+00 | Norm: 4.56e-05 | time: 1.87e+01 |
| epoch: 1000 | TA: 64.59 | TL: 1.416e+00 | VA: 67.25 | VL: 1.787e+00 | Norm: 2.63e-05 | time: 1.88e+01 |
| epoch: 1100 | TA: 72.46 | TL: 1.594e+00 | VA: 68.21 | VL: 2.499e+00 | Norm: 4.27e-05 | time: 1.88e+01 |
| epoch: 1200 | TA: 68.75 | TL: 3.262e+00 | VA: 68.16 | VL: 3.296e+00 | Norm: 6.10e-05 | time: 1.88e+01 |
| epoch: 1300 | TA: 69.34 | TL: 2.236e+00 | VA: 66.67 | VL: 1.825e+00 | Norm: 2.72e-05 | time: 1.88e+01 |
| epoch: 1400 | TA: 71.13 | TL: 2.248e+00 | VA: 68.89 | VL: 2.367e+00 | Norm: 3.96e-05 | time: 1.88e+01 |
Early stop.
Finished.
Training with penalty:66069.3448 seed:4.
The ID for this training is 1658708173.
| epoch:    0 | TA: 64.75 | TL: 7.012e-01 | VA: 30.98 | VL: 3.213e+02 | Norm: 4.85e-03 | time: 1.83e-01 |
| epoch:  100 | TA: 65.31 | TL: 6.360e-01 | VA: 65.90 | VL: 1.375e+00 | Norm: 1.09e-05 | time: 1.84e+01 |
| epoch:  200 | TA: 66.68 | TL: 1.495e+00 | VA: 64.50 | VL: 6.451e-01 | Norm: 0.00e+00 | time: 1.84e+01 |
| epoch:  300 | TA: 67.84 | TL: 2.617e+00 | VA: 67.50 | VL: 1.220e+00 | Norm: 8.82e-06 | time: 1.85e+01 |
| epoch:  400 | TA: 65.51 | TL: 1.495e+00 | VA: 63.20 | VL: 2.198e+00 | Norm: 2.36e-05 | time: 1.86e+01 |
| epoch:  500 | TA: 68.15 | TL: 1.393e+00 | VA: 66.23 | VL: 1.293e+00 | Norm: 9.94e-06 | time: 1.86e+01 |
| epoch:  600 | TA: 66.17 | TL: 2.426e+00 | VA: 65.15 | VL: 2.130e+00 | Norm: 2.26e-05 | time: 1.86e+01 |
| epoch:  700 | TA: 69.87 | TL: 2.723e+00 | VA: 69.64 | VL: 2.448e+00 | Norm: 2.74e-05 | time: 1.87e+01 |
| epoch:  800 | TA: 68.98 | TL: 2.688e+00 | VA: 68.54 | VL: 2.416e+00 | Norm: 2.69e-05 | time: 1.86e+01 |
| epoch:  900 | TA: 66.45 | TL: 2.511e+00 | VA: 64.20 | VL: 2.395e+00 | Norm: 2.66e-05 | time: 1.87e+01 |
| epoch: 1000 | TA: 70.21 | TL: 3.849e+00 | VA: 66.52 | VL: 4.476e+00 | Norm: 5.81e-05 | time: 1.87e+01 |
| epoch: 1100 | TA: 70.78 | TL: 1.586e+00 | VA: 70.29 | VL: 3.631e+00 | Norm: 4.53e-05 | time: 1.88e+01 |
| epoch: 1200 | TA: 69.57 | TL: 2.573e+00 | VA: 67.62 | VL: 2.863e+00 | Norm: 3.37e-05 | time: 1.88e+01 |
| epoch: 1300 | TA: 68.45 | TL: 2.707e+00 | VA: 65.40 | VL: 3.872e+00 | Norm: 4.90e-05 | time: 1.88e+01 |
| epoch: 1400 | TA: 67.58 | TL: 2.266e+00 | VA: 65.28 | VL: 1.494e+00 | Norm: 1.30e-05 | time: 1.88e+01 |
| epoch: 1500 | TA: 67.05 | TL: 4.345e+00 | VA: 66.85 | VL: 2.236e+00 | Norm: 2.42e-05 | time: 1.88e+01 |
Early stop.
Finished.
Training with penalty:100000.0 seed:4.
The ID for this training is 1658708468.
| epoch:    0 | TA: 64.75 | TL: 7.012e-01 | VA: 30.98 | VL: 4.860e+02 | Norm: 4.85e-03 | time: 1.83e-01 |
| epoch:  100 | TA: 66.19 | TL: 6.374e-01 | VA: 68.33 | VL: 1.905e+00 | Norm: 1.25e-05 | time: 1.84e+01 |
| epoch:  200 | TA: 68.60 | TL: 1.984e+00 | VA: 67.79 | VL: 2.210e+00 | Norm: 1.57e-05 | time: 1.85e+01 |
| epoch:  300 | TA: 70.30 | TL: 3.486e+00 | VA: 65.32 | VL: 4.012e+00 | Norm: 3.37e-05 | time: 1.85e+01 |
| epoch:  400 | TA: 66.58 | TL: 1.241e+00 | VA: 63.91 | VL: 1.747e+00 | Norm: 1.11e-05 | time: 1.86e+01 |
| epoch:  500 | TA: 68.57 | TL: 3.810e+00 | VA: 65.87 | VL: 2.861e+00 | Norm: 2.22e-05 | time: 1.86e+01 |
| epoch:  600 | TA: 68.39 | TL: 3.764e+00 | VA: 65.80 | VL: 2.266e+00 | Norm: 1.63e-05 | time: 1.86e+01 |
| epoch:  700 | TA: 65.18 | TL: 2.931e+00 | VA: 67.21 | VL: 2.883e+00 | Norm: 2.24e-05 | time: 1.87e+01 |
| epoch:  800 | TA: 69.25 | TL: 4.636e+00 | VA: 64.47 | VL: 4.220e+00 | Norm: 3.58e-05 | time: 1.87e+01 |
| epoch:  900 | TA: 70.06 | TL: 3.765e+00 | VA: 66.00 | VL: 4.600e+00 | Norm: 3.97e-05 | time: 1.88e+01 |
| epoch: 1000 | TA: 64.70 | TL: 1.991e+00 | VA: 70.08 | VL: 2.468e+00 | Norm: 1.83e-05 | time: 1.88e+01 |
| epoch: 1100 | TA: 67.35 | TL: 5.196e+00 | VA: 64.54 | VL: 7.080e+00 | Norm: 6.44e-05 | time: 1.88e+01 |
| epoch: 1200 | TA: 69.84 | TL: 2.902e+00 | VA: 67.87 | VL: 3.518e+00 | Norm: 2.88e-05 | time: 1.88e+01 |
| epoch: 1300 | TA: 69.91 | TL: 3.076e+00 | VA: 68.07 | VL: 2.113e+00 | Norm: 1.48e-05 | time: 1.89e+01 |
| epoch: 1400 | TA: 68.27 | TL: 3.086e+00 | VA: 70.18 | VL: 4.930e+00 | Norm: 4.30e-05 | time: 1.88e+01 |
| epoch: 1500 | TA: 66.63 | TL: 2.516e+00 | VA: 68.91 | VL: 3.475e+00 | Norm: 2.84e-05 | time: 1.89e+01 |
| epoch: 1600 | TA: 67.61 | TL: 4.714e+00 | VA: 65.08 | VL: 5.842e+00 | Norm: 5.21e-05 | time: 1.88e+01 |
| epoch: 1700 | TA: 68.88 | TL: 4.927e+00 | VA: 63.21 | VL: 4.501e+00 | Norm: 3.86e-05 | time: 1.89e+01 |
| epoch: 1800 | TA: 68.60 | TL: 4.164e+00 | VA: 59.70 | VL: 2.899e+00 | Norm: 2.26e-05 | time: 1.89e+01 |
| epoch: 1900 | TA: 68.48 | TL: 3.984e+00 | VA: 56.33 | VL: 2.978e+00 | Norm: 2.34e-05 | time: 1.88e+01 |
| epoch: 2000 | TA: 73.78 | TL: 8.966e+00 | VA: 63.42 | VL: 4.773e+00 | Norm: 4.14e-05 | time: 1.89e+01 |
| epoch: 2100 | TA: 63.62 | TL: 4.020e+00 | VA: 66.68 | VL: 3.990e+00 | Norm: 3.35e-05 | time: 1.92e+01 |
| epoch: 2200 | TA: 68.23 | TL: 4.701e+00 | VA: 67.41 | VL: 5.307e+00 | Norm: 4.67e-05 | time: 1.93e+01 |
Early stop.
Finished.

============================= JOB FEEDBACK =============================

NodeName=uc2n566
Job ID: 20930320
Cluster: uc2
User/Group: px3192/tm
State: COMPLETED (exit code 0)
Nodes: 1
Cores per node: 6
CPU Utilized: 04:07:47
CPU Efficiency: 16.54% of 1-00:57:54 core-walltime
Job Wall-clock time: 04:09:39
Memory Utilized: 27.54 GB
Memory Efficiency: 7.29% of 377.57 GB
