Loading acuteinflammation 6 2 70 23
Loading acutenephritis 6 2 70 23
Loading balancescale 4 3 373 124
Loading blood 4 2 447 149
Loading breastcancer 9 2 170 56
Loading breastcancerwisc 9 2 418 139
Loading breasttissue 9 6 62 20
Loading ecoli 7 8 200 66
Loading energyy1 8 3 459 153
Loading energyy2 8 3 459 153
Loading fertility 9 2 58 19
Loading glass 9 6 127 42
Loading habermansurvival 3 2 182 60
Loading hayesroth 3 3 93 31
Loading ilpdindianliver 9 2 348 116
Loading iris 4 3 88 29
Loading mammographic 5 2 575 191
Loading monks1 6 2 331 110
Loading monks2 6 2 358 119
Loading monks3 6 2 330 110
Loading pima 8 2 459 153
Loading pittsburgbridgesMATERIAL 7 3 62 20
Loading pittsburgbridgesRELL 7 3 60 20
Loading pittsburgbridgesSPAN 7 3 54 18
Loading pittsburgbridgesTORD 7 2 60 20
Loading pittsburgbridgesTYPE 7 6 61 20
Loading postoperative 8 3 52 17
Loading seeds 7 3 124 41
Loading teaching 5 3 89 29
Loading tictactoe 9 2 573 191
Loading vertebralcolumn2clases 6 2 184 61
Loading vertebralcolumn3clases 6 3 184 61
Finish data loading.
Super pNN 0.0001 8 exists, skip this training.
Super pNN 0.00015 8 exists, skip this training.
Super pNN 0.00023 8 exists, skip this training.
Super pNN 0.00035 8 exists, skip this training.
Super pNN 0.00052 8 exists, skip this training.
Super pNN 0.00079 8 exists, skip this training.
Super pNN 0.0012 8 exists, skip this training.
Super pNN 0.00182 8 exists, skip this training.
Super pNN 0.00275 8 exists, skip this training.
Super pNN 0.00417 8 exists, skip this training.
Super pNN 0.00631 8 exists, skip this training.
Super pNN 0.00955 8 exists, skip this training.
Super pNN 0.01445 8 exists, skip this training.
Super pNN 0.02188 8 exists, skip this training.
Super pNN 0.03311 8 exists, skip this training.
Super pNN 0.05012 8 exists, skip this training.
Super pNN 0.07586 8 exists, skip this training.
Super pNN 0.11482 8 exists, skip this training.
Super pNN 0.17378 8 exists, skip this training.
Super pNN 0.26303 8 exists, skip this training.
Super pNN 0.39811 8 exists, skip this training.
Super pNN 0.60256 8 exists, skip this training.
Super pNN 0.91201 8 exists, skip this training.
Super pNN 1.38038 8 exists, skip this training.
Super pNN 2.0893 8 exists, skip this training.
Super pNN 3.16228 8 exists, skip this training.
Super pNN 4.7863 8 exists, skip this training.
Super pNN 7.24436 8 exists, skip this training.
Super pNN 10.96478 8 exists, skip this training.
Super pNN 16.59587 8 exists, skip this training.
Super pNN 25.11886 8 exists, skip this training.
Super pNN 38.01894 8 exists, skip this training.
Super pNN 57.54399 8 exists, skip this training.
Super pNN 87.09636 8 exists, skip this training.
Super pNN 131.82567 8 exists, skip this training.
Super pNN 199.52623 8 exists, skip this training.
Super pNN 301.99517 8 exists, skip this training.
Super pNN 457.08819 8 exists, skip this training.
Super pNN 691.83097 8 exists, skip this training.
Super pNN 1047.12855 8 exists, skip this training.
Super pNN 1584.89319 8 exists, skip this training.
Super pNN 2398.83292 8 exists, skip this training.
Super pNN 3630.78055 8 exists, skip this training.
Super pNN 5495.40874 8 exists, skip this training.
Super pNN 8317.63771 8 exists, skip this training.
Super pNN 12589.25412 8 exists, skip this training.
Super pNN 19054.60718 8 exists, skip this training.
Super pNN 28840.31503 8 exists, skip this training.
Super pNN 43651.58322 8 exists, skip this training.
Super pNN 66069.3448 8 exists, skip this training.
Super pNN 100000.0 8 exists, skip this training.

============================= JOB FEEDBACK =============================

NodeName=uc2n572
Job ID: 20930357
Cluster: uc2
User/Group: px3192/tm
State: COMPLETED (exit code 0)
Nodes: 1
Cores per node: 6
CPU Utilized: 00:00:02
CPU Efficiency: 1.28% of 00:02:36 core-walltime
Job Wall-clock time: 00:00:26
Memory Utilized: 2.33 MB
Memory Efficiency: 0.00% of 377.57 GB
