Loading acuteinflammation 6 2 70 23
Loading acutenephritis 6 2 70 23
Loading balancescale 4 3 373 124
Loading blood 4 2 447 149
Loading breastcancer 9 2 170 56
Loading breastcancerwisc 9 2 418 139
Loading breasttissue 9 6 62 20
Loading ecoli 7 8 200 66
Loading energyy1 8 3 459 153
Loading energyy2 8 3 459 153
Loading fertility 9 2 58 19
Loading glass 9 6 127 42
Loading habermansurvival 3 2 182 60
Loading hayesroth 3 3 93 31
Loading ilpdindianliver 9 2 348 116
Loading iris 4 3 88 29
Loading mammographic 5 2 575 191
Loading monks1 6 2 331 110
Loading monks2 6 2 358 119
Loading monks3 6 2 330 110
Loading pima 8 2 459 153
Loading pittsburgbridgesMATERIAL 7 3 62 20
Loading pittsburgbridgesRELL 7 3 60 20
Loading pittsburgbridgesSPAN 7 3 54 18
Loading pittsburgbridgesTORD 7 2 60 20
Loading pittsburgbridgesTYPE 7 6 61 20
Loading postoperative 8 3 52 17
Loading seeds 7 3 124 41
Loading teaching 5 3 89 29
Loading tictactoe 9 2 573 191
Loading vertebralcolumn2clases 6 2 184 61
Loading vertebralcolumn3clases 6 3 184 61
Finish data loading.
Training with penalty:0.0001 seed:9.
The ID for this training is 1658709056.
| epoch:    0 | TA: 1.98 | TL: 7.045e-01 | VA: 46.18 | VL: 7.043e-01 | Norm: 5.42e-03 | time: 1.94e-01 |
| epoch:  100 | TA: 83.51 | TL: 5.047e-01 | VA: 85.61 | VL: 4.998e-01 | Norm: 9.62e-02 | time: 1.87e+01 |
| epoch:  200 | TA: 83.49 | TL: 4.991e-01 | VA: 81.97 | VL: 5.041e-01 | Norm: 1.20e-01 | time: 1.87e+01 |
| epoch:  300 | TA: 82.70 | TL: 5.115e-01 | VA: 81.15 | VL: 5.182e-01 | Norm: 1.32e-01 | time: 1.86e+01 |
| epoch:  400 | TA: 82.24 | TL: 4.980e-01 | VA: 83.05 | VL: 5.003e-01 | Norm: 1.38e-01 | time: 1.85e+01 |
| epoch:  500 | TA: 82.06 | TL: 4.923e-01 | VA: 79.49 | VL: 4.931e-01 | Norm: 1.43e-01 | time: 1.86e+01 |
| epoch:  600 | TA: 84.23 | TL: 5.095e-01 | VA: 84.20 | VL: 5.015e-01 | Norm: 1.46e-01 | time: 1.85e+01 |
| epoch:  700 | TA: 82.68 | TL: 5.075e-01 | VA: 81.90 | VL: 5.005e-01 | Norm: 1.48e-01 | time: 1.86e+01 |
| epoch:  800 | TA: 82.93 | TL: 5.068e-01 | VA: 83.85 | VL: 5.008e-01 | Norm: 1.51e-01 | time: 1.86e+01 |
| epoch:  900 | TA: 82.99 | TL: 5.057e-01 | VA: 79.16 | VL: 4.996e-01 | Norm: 1.53e-01 | time: 1.86e+01 |
| epoch: 1000 | TA: 81.50 | TL: 5.062e-01 | VA: 81.91 | VL: 5.011e-01 | Norm: 1.56e-01 | time: 1.85e+01 |
| epoch: 1100 | TA: 83.02 | TL: 5.042e-01 | VA: 82.72 | VL: 4.989e-01 | Norm: 1.56e-01 | time: 1.86e+01 |
Early stop.
Finished.
Training with penalty:0.00015 seed:9.
The ID for this training is 1658709278.
| epoch:    0 | TA: 1.98 | TL: 7.045e-01 | VA: 46.18 | VL: 7.043e-01 | Norm: 5.42e-03 | time: 1.82e-01 |
| epoch:  100 | TA: 80.34 | TL: 5.274e-01 | VA: 82.51 | VL: 5.214e-01 | Norm: 9.34e-02 | time: 1.84e+01 |
| epoch:  200 | TA: 87.85 | TL: 4.704e-01 | VA: 86.38 | VL: 4.740e-01 | Norm: 1.17e-01 | time: 1.86e+01 |
| epoch:  300 | TA: 81.48 | TL: 5.553e-01 | VA: 83.48 | VL: 5.473e-01 | Norm: 1.32e-01 | time: 1.84e+01 |
| epoch:  400 | TA: 81.48 | TL: 5.143e-01 | VA: 80.81 | VL: 5.102e-01 | Norm: 1.41e-01 | time: 1.85e+01 |
| epoch:  500 | TA: 81.23 | TL: 5.119e-01 | VA: 82.43 | VL: 5.066e-01 | Norm: 1.47e-01 | time: 1.86e+01 |
| epoch:  600 | TA: 83.68 | TL: 5.065e-01 | VA: 81.77 | VL: 5.002e-01 | Norm: 1.51e-01 | time: 1.86e+01 |
| epoch:  700 | TA: 82.17 | TL: 5.064e-01 | VA: 81.46 | VL: 5.001e-01 | Norm: 1.53e-01 | time: 1.86e+01 |
| epoch:  800 | TA: 81.74 | TL: 5.065e-01 | VA: 82.51 | VL: 5.002e-01 | Norm: 1.56e-01 | time: 1.86e+01 |
| epoch:  900 | TA: 82.01 | TL: 5.048e-01 | VA: 82.09 | VL: 4.995e-01 | Norm: 1.58e-01 | time: 1.86e+01 |
| epoch: 1000 | TA: 84.03 | TL: 5.037e-01 | VA: 82.57 | VL: 4.992e-01 | Norm: 1.59e-01 | time: 1.86e+01 |
| epoch: 1100 | TA: 82.83 | TL: 5.033e-01 | VA: 81.84 | VL: 4.987e-01 | Norm: 1.60e-01 | time: 1.86e+01 |
| epoch: 1200 | TA: 82.51 | TL: 5.042e-01 | VA: 82.73 | VL: 4.998e-01 | Norm: 1.61e-01 | time: 1.91e+01 |
Early stop.
Finished.
Training with penalty:0.00023 seed:9.
The ID for this training is 1658709519.
| epoch:    0 | TA: 1.98 | TL: 7.045e-01 | VA: 46.18 | VL: 7.043e-01 | Norm: 5.42e-03 | time: 1.82e-01 |
| epoch:  100 | TA: 86.65 | TL: 4.796e-01 | VA: 84.77 | VL: 4.975e-01 | Norm: 9.39e-02 | time: 1.85e+01 |
| epoch:  200 | TA: 84.11 | TL: 4.950e-01 | VA: 84.53 | VL: 4.954e-01 | Norm: 1.20e-01 | time: 1.84e+01 |
| epoch:  300 | TA: 80.68 | TL: 5.104e-01 | VA: 79.54 | VL: 5.676e-01 | Norm: 1.28e-01 | time: 1.84e+01 |
| epoch:  400 | TA: 84.61 | TL: 5.129e-01 | VA: 82.47 | VL: 5.099e-01 | Norm: 1.34e-01 | time: 1.85e+01 |
| epoch:  500 | TA: 83.96 | TL: 5.090e-01 | VA: 84.07 | VL: 5.046e-01 | Norm: 1.38e-01 | time: 1.85e+01 |
| epoch:  600 | TA: 73.36 | TL: 5.643e-01 | VA: 75.35 | VL: 5.583e-01 | Norm: 1.44e-01 | time: 1.86e+01 |
| epoch:  700 | TA: 73.56 | TL: 5.645e-01 | VA: 74.63 | VL: 5.595e-01 | Norm: 1.44e-01 | time: 1.86e+01 |
| epoch:  800 | TA: 73.01 | TL: 5.635e-01 | VA: 72.27 | VL: 5.568e-01 | Norm: 1.44e-01 | time: 1.86e+01 |
| epoch:  900 | TA: 73.15 | TL: 5.641e-01 | VA: 74.90 | VL: 5.578e-01 | Norm: 1.46e-01 | time: 1.86e+01 |
| epoch: 1000 | TA: 74.70 | TL: 5.629e-01 | VA: 71.78 | VL: 5.563e-01 | Norm: 1.45e-01 | time: 1.87e+01 |
| epoch: 1100 | TA: 74.80 | TL: 5.635e-01 | VA: 74.28 | VL: 5.569e-01 | Norm: 1.45e-01 | time: 1.86e+01 |
Early stop.
Finished.
Training with penalty:0.00035 seed:9.
The ID for this training is 1658709738.
| epoch:    0 | TA: 1.98 | TL: 7.045e-01 | VA: 46.18 | VL: 7.043e-01 | Norm: 5.42e-03 | time: 1.83e-01 |
| epoch:  100 | TA: 84.02 | TL: 4.971e-01 | VA: 84.85 | VL: 4.955e-01 | Norm: 9.32e-02 | time: 1.84e+01 |
| epoch:  200 | TA: 84.77 | TL: 4.830e-01 | VA: 87.24 | VL: 4.787e-01 | Norm: 1.20e-01 | time: 1.85e+01 |
| epoch:  300 | TA: 82.51 | TL: 5.269e-01 | VA: 82.40 | VL: 5.180e-01 | Norm: 1.32e-01 | time: 1.85e+01 |
| epoch:  400 | TA: 74.82 | TL: 5.780e-01 | VA: 74.16 | VL: 5.733e-01 | Norm: 1.46e-01 | time: 1.86e+01 |
| epoch:  500 | TA: 73.02 | TL: 5.638e-01 | VA: 71.96 | VL: 5.558e-01 | Norm: 1.48e-01 | time: 1.85e+01 |
| epoch:  600 | TA: 75.13 | TL: 5.631e-01 | VA: 75.68 | VL: 5.552e-01 | Norm: 1.47e-01 | time: 1.87e+01 |
| epoch:  700 | TA: 75.06 | TL: 5.630e-01 | VA: 73.24 | VL: 5.554e-01 | Norm: 1.47e-01 | time: 1.86e+01 |
| epoch:  800 | TA: 71.53 | TL: 5.635e-01 | VA: 74.67 | VL: 5.564e-01 | Norm: 1.46e-01 | time: 1.86e+01 |
| epoch:  900 | TA: 73.05 | TL: 5.638e-01 | VA: 74.49 | VL: 5.554e-01 | Norm: 1.45e-01 | time: 1.86e+01 |
| epoch: 1000 | TA: 72.04 | TL: 5.632e-01 | VA: 72.41 | VL: 5.557e-01 | Norm: 1.44e-01 | time: 1.87e+01 |
| epoch: 1100 | TA: 74.38 | TL: 5.632e-01 | VA: 73.35 | VL: 5.551e-01 | Norm: 1.43e-01 | time: 1.86e+01 |
| epoch: 1200 | TA: 75.00 | TL: 5.630e-01 | VA: 73.62 | VL: 5.551e-01 | Norm: 1.42e-01 | time: 1.87e+01 |
Early stop.
Finished.
Training with penalty:0.00052 seed:9.
The ID for this training is 1658709982.
| epoch:    0 | TA: 1.98 | TL: 7.045e-01 | VA: 46.18 | VL: 7.043e-01 | Norm: 5.42e-03 | time: 1.83e-01 |
| epoch:  100 | TA: 88.21 | TL: 4.869e-01 | VA: 85.61 | VL: 4.894e-01 | Norm: 9.26e-02 | time: 1.85e+01 |
| epoch:  200 | TA: 90.11 | TL: 4.644e-01 | VA: 88.26 | VL: 4.676e-01 | Norm: 1.22e-01 | time: 1.84e+01 |
| epoch:  300 | TA: 83.84 | TL: 5.137e-01 | VA: 83.67 | VL: 5.124e-01 | Norm: 1.34e-01 | time: 1.85e+01 |
| epoch:  400 | TA: 83.78 | TL: 5.136e-01 | VA: 84.51 | VL: 5.068e-01 | Norm: 1.43e-01 | time: 1.86e+01 |
| epoch:  500 | TA: 82.07 | TL: 5.078e-01 | VA: 83.35 | VL: 4.999e-01 | Norm: 1.47e-01 | time: 1.86e+01 |
| epoch:  600 | TA: 71.58 | TL: 5.701e-01 | VA: 72.02 | VL: 5.661e-01 | Norm: 1.57e-01 | time: 1.87e+01 |
| epoch:  700 | TA: 73.67 | TL: 5.633e-01 | VA: 72.56 | VL: 5.575e-01 | Norm: 1.56e-01 | time: 1.86e+01 |
| epoch:  800 | TA: 72.91 | TL: 5.631e-01 | VA: 71.75 | VL: 5.562e-01 | Norm: 1.55e-01 | time: 1.87e+01 |
| epoch:  900 | TA: 75.05 | TL: 5.631e-01 | VA: 73.25 | VL: 5.558e-01 | Norm: 1.53e-01 | time: 1.87e+01 |
| epoch: 1000 | TA: 75.17 | TL: 5.622e-01 | VA: 73.56 | VL: 5.552e-01 | Norm: 1.52e-01 | time: 1.87e+01 |
| epoch: 1100 | TA: 72.79 | TL: 5.629e-01 | VA: 71.22 | VL: 5.557e-01 | Norm: 1.51e-01 | time: 1.87e+01 |
| epoch: 1200 | TA: 72.41 | TL: 5.629e-01 | VA: 73.99 | VL: 5.561e-01 | Norm: 1.49e-01 | time: 1.87e+01 |
Early stop.
Finished.
Training with penalty:0.00079 seed:9.
The ID for this training is 1658710213.
| epoch:    0 | TA: 1.98 | TL: 7.045e-01 | VA: 46.18 | VL: 7.043e-01 | Norm: 5.42e-03 | time: 1.82e-01 |
| epoch:  100 | TA: 88.07 | TL: 4.997e-01 | VA: 86.85 | VL: 5.018e-01 | Norm: 9.29e-02 | time: 1.84e+01 |
| epoch:  200 | TA: 89.15 | TL: 4.722e-01 | VA: 84.15 | VL: 4.956e-01 | Norm: 1.19e-01 | time: 1.84e+01 |
| epoch:  300 | TA: 82.79 | TL: 5.039e-01 | VA: 83.91 | VL: 4.983e-01 | Norm: 1.29e-01 | time: 1.84e+01 |
| epoch:  400 | TA: 81.68 | TL: 5.141e-01 | VA: 83.67 | VL: 5.087e-01 | Norm: 1.39e-01 | time: 1.86e+01 |
| epoch:  500 | TA: 83.36 | TL: 5.086e-01 | VA: 84.68 | VL: 5.027e-01 | Norm: 1.43e-01 | time: 1.86e+01 |
| epoch:  600 | TA: 83.69 | TL: 5.072e-01 | VA: 85.58 | VL: 5.020e-01 | Norm: 1.48e-01 | time: 1.87e+01 |
| epoch:  700 | TA: 83.68 | TL: 5.065e-01 | VA: 83.35 | VL: 5.013e-01 | Norm: 1.55e-01 | time: 1.86e+01 |
| epoch:  800 | TA: 85.46 | TL: 5.049e-01 | VA: 84.78 | VL: 5.009e-01 | Norm: 1.56e-01 | time: 1.87e+01 |
| epoch:  900 | TA: 83.24 | TL: 5.041e-01 | VA: 83.20 | VL: 4.994e-01 | Norm: 1.56e-01 | time: 1.86e+01 |
| epoch: 1000 | TA: 84.31 | TL: 5.029e-01 | VA: 85.25 | VL: 4.996e-01 | Norm: 1.56e-01 | time: 1.88e+01 |
| epoch: 1100 | TA: 86.37 | TL: 5.023e-01 | VA: 83.51 | VL: 4.989e-01 | Norm: 1.56e-01 | time: 1.87e+01 |
| epoch: 1200 | TA: 72.30 | TL: 5.649e-01 | VA: 73.62 | VL: 5.586e-01 | Norm: 1.59e-01 | time: 1.87e+01 |
Early stop.
Finished.
Training with penalty:0.0012 seed:9.
The ID for this training is 1658710449.
| epoch:    0 | TA: 1.98 | TL: 7.045e-01 | VA: 46.18 | VL: 7.043e-01 | Norm: 5.42e-03 | time: 1.83e-01 |
| epoch:  100 | TA: 82.96 | TL: 5.094e-01 | VA: 85.02 | VL: 5.068e-01 | Norm: 9.27e-02 | time: 1.84e+01 |
| epoch:  200 | TA: 81.27 | TL: 5.123e-01 | VA: 83.60 | VL: 5.113e-01 | Norm: 1.19e-01 | time: 1.84e+01 |
| epoch:  300 | TA: 82.03 | TL: 5.090e-01 | VA: 82.74 | VL: 5.055e-01 | Norm: 1.22e-01 | time: 1.84e+01 |
| epoch:  400 | TA: 83.81 | TL: 5.106e-01 | VA: 84.49 | VL: 5.071e-01 | Norm: 1.27e-01 | time: 1.85e+01 |
| epoch:  500 | TA: 80.18 | TL: 5.290e-01 | VA: 81.91 | VL: 5.195e-01 | Norm: 1.29e-01 | time: 1.86e+01 |
| epoch:  600 | TA: 72.51 | TL: 5.676e-01 | VA: 72.60 | VL: 5.613e-01 | Norm: 1.31e-01 | time: 1.86e+01 |
| epoch:  700 | TA: 74.20 | TL: 5.615e-01 | VA: 73.02 | VL: 5.533e-01 | Norm: 1.32e-01 | time: 1.86e+01 |
| epoch:  800 | TA: 72.14 | TL: 5.601e-01 | VA: 75.74 | VL: 5.519e-01 | Norm: 1.31e-01 | time: 1.86e+01 |
| epoch:  900 | TA: 71.74 | TL: 5.607e-01 | VA: 75.68 | VL: 5.516e-01 | Norm: 1.30e-01 | time: 1.87e+01 |
| epoch: 1000 | TA: 73.93 | TL: 5.606e-01 | VA: 72.46 | VL: 5.512e-01 | Norm: 1.28e-01 | time: 1.87e+01 |
Early stop.
Finished.
Training with penalty:0.00182 seed:9.
The ID for this training is 1658710654.
| epoch:    0 | TA: 1.98 | TL: 7.045e-01 | VA: 46.18 | VL: 7.043e-01 | Norm: 5.42e-03 | time: 1.83e-01 |
| epoch:  100 | TA: 82.58 | TL: 5.135e-01 | VA: 86.92 | VL: 4.858e-01 | Norm: 9.40e-02 | time: 1.84e+01 |
| epoch:  200 | TA: 86.72 | TL: 4.821e-01 | VA: 85.75 | VL: 4.811e-01 | Norm: 1.15e-01 | time: 1.84e+01 |
| epoch:  300 | TA: 85.63 | TL: 4.733e-01 | VA: 83.37 | VL: 4.715e-01 | Norm: 1.20e-01 | time: 1.85e+01 |
| epoch:  400 | TA: 84.94 | TL: 5.031e-01 | VA: 85.09 | VL: 5.022e-01 | Norm: 1.26e-01 | time: 1.86e+01 |
| epoch:  500 | TA: 81.16 | TL: 5.011e-01 | VA: 81.09 | VL: 5.006e-01 | Norm: 1.35e-01 | time: 1.86e+01 |
| epoch:  600 | TA: 80.80 | TL: 4.999e-01 | VA: 80.03 | VL: 4.996e-01 | Norm: 1.47e-01 | time: 1.87e+01 |
| epoch:  700 | TA: 83.21 | TL: 4.925e-01 | VA: 83.42 | VL: 4.929e-01 | Norm: 1.49e-01 | time: 1.86e+01 |
| epoch:  800 | TA: 85.70 | TL: 4.911e-01 | VA: 86.44 | VL: 4.921e-01 | Norm: 1.49e-01 | time: 1.87e+01 |
| epoch:  900 | TA: 82.16 | TL: 5.028e-01 | VA: 82.46 | VL: 5.000e-01 | Norm: 1.50e-01 | time: 1.87e+01 |
| epoch: 1000 | TA: 75.01 | TL: 5.576e-01 | VA: 73.40 | VL: 5.521e-01 | Norm: 1.54e-01 | time: 1.87e+01 |
| epoch: 1100 | TA: 74.29 | TL: 5.561e-01 | VA: 72.23 | VL: 5.506e-01 | Norm: 1.52e-01 | time: 1.87e+01 |
| epoch: 1200 | TA: 71.27 | TL: 5.640e-01 | VA: 74.38 | VL: 5.547e-01 | Norm: 1.54e-01 | time: 1.87e+01 |
| epoch: 1300 | TA: 71.93 | TL: 5.629e-01 | VA: 72.72 | VL: 5.537e-01 | Norm: 1.52e-01 | time: 1.89e+01 |
Early stop.
Finished.
Training with penalty:0.00275 seed:9.
The ID for this training is 1658710912.
| epoch:    0 | TA: 1.98 | TL: 7.045e-01 | VA: 46.18 | VL: 7.043e-01 | Norm: 5.42e-03 | time: 1.83e-01 |
| epoch:  100 | TA: 85.07 | TL: 5.064e-01 | VA: 85.97 | VL: 5.022e-01 | Norm: 9.01e-02 | time: 1.85e+01 |
| epoch:  200 | TA: 84.72 | TL: 5.056e-01 | VA: 85.48 | VL: 4.953e-01 | Norm: 1.19e-01 | time: 1.85e+01 |
| epoch:  300 | TA: 85.54 | TL: 4.923e-01 | VA: 83.16 | VL: 4.903e-01 | Norm: 1.34e-01 | time: 1.85e+01 |
| epoch:  400 | TA: 86.50 | TL: 4.817e-01 | VA: 86.67 | VL: 4.772e-01 | Norm: 1.37e-01 | time: 1.86e+01 |
| epoch:  500 | TA: 82.95 | TL: 5.156e-01 | VA: 84.16 | VL: 5.058e-01 | Norm: 1.40e-01 | time: 1.86e+01 |
| epoch:  600 | TA: 78.51 | TL: 5.282e-01 | VA: 81.10 | VL: 5.174e-01 | Norm: 1.44e-01 | time: 1.87e+01 |
| epoch:  700 | TA: 73.45 | TL: 5.291e-01 | VA: 79.90 | VL: 5.210e-01 | Norm: 1.49e-01 | time: 1.86e+01 |
| epoch:  800 | TA: 71.62 | TL: 5.643e-01 | VA: 73.33 | VL: 5.556e-01 | Norm: 1.50e-01 | time: 1.87e+01 |
| epoch:  900 | TA: 71.83 | TL: 5.638e-01 | VA: 75.35 | VL: 5.554e-01 | Norm: 1.47e-01 | time: 1.87e+01 |
| epoch: 1000 | TA: 72.50 | TL: 5.631e-01 | VA: 73.17 | VL: 5.538e-01 | Norm: 1.44e-01 | time: 1.87e+01 |
| epoch: 1100 | TA: 73.69 | TL: 5.633e-01 | VA: 72.50 | VL: 5.542e-01 | Norm: 1.42e-01 | time: 1.87e+01 |
Early stop.
Finished.
Training with penalty:0.00417 seed:9.
The ID for this training is 1658711141.
| epoch:    0 | TA: 1.98 | TL: 7.045e-01 | VA: 46.18 | VL: 7.043e-01 | Norm: 5.42e-03 | time: 1.83e-01 |
| epoch:  100 | TA: 84.01 | TL: 4.948e-01 | VA: 84.87 | VL: 4.940e-01 | Norm: 9.07e-02 | time: 1.85e+01 |
| epoch:  200 | TA: 84.49 | TL: 4.921e-01 | VA: 85.31 | VL: 4.906e-01 | Norm: 1.16e-01 | time: 1.85e+01 |
| epoch:  300 | TA: 85.02 | TL: 4.937e-01 | VA: 84.75 | VL: 4.905e-01 | Norm: 1.26e-01 | time: 1.86e+01 |
| epoch:  400 | TA: 82.52 | TL: 5.021e-01 | VA: 83.37 | VL: 4.974e-01 | Norm: 1.33e-01 | time: 1.86e+01 |
| epoch:  500 | TA: 81.35 | TL: 5.242e-01 | VA: 82.47 | VL: 5.157e-01 | Norm: 1.35e-01 | time: 1.85e+01 |
| epoch:  600 | TA: 78.95 | TL: 5.466e-01 | VA: 79.20 | VL: 5.373e-01 | Norm: 1.37e-01 | time: 1.87e+01 |
| epoch:  700 | TA: 74.35 | TL: 5.641e-01 | VA: 72.87 | VL: 5.562e-01 | Norm: 1.39e-01 | time: 1.86e+01 |
| epoch:  800 | TA: 72.57 | TL: 5.640e-01 | VA: 74.73 | VL: 5.553e-01 | Norm: 1.36e-01 | time: 1.87e+01 |
| epoch:  900 | TA: 73.86 | TL: 5.635e-01 | VA: 71.38 | VL: 5.547e-01 | Norm: 1.32e-01 | time: 1.86e+01 |
| epoch: 1000 | TA: 71.76 | TL: 5.635e-01 | VA: 74.33 | VL: 5.550e-01 | Norm: 1.29e-01 | time: 1.87e+01 |
| epoch: 1100 | TA: 73.45 | TL: 5.634e-01 | VA: 73.87 | VL: 5.554e-01 | Norm: 1.26e-01 | time: 1.87e+01 |
| epoch: 1200 | TA: 73.51 | TL: 5.631e-01 | VA: 75.40 | VL: 5.552e-01 | Norm: 1.22e-01 | time: 1.87e+01 |
Early stop.
Finished.
Training with penalty:0.00631 seed:9.
The ID for this training is 1658711385.
| epoch:    0 | TA: 1.98 | TL: 7.045e-01 | VA: 46.18 | VL: 7.044e-01 | Norm: 5.42e-03 | time: 1.83e-01 |
| epoch:  100 | TA: 84.81 | TL: 5.077e-01 | VA: 82.30 | VL: 5.092e-01 | Norm: 8.56e-02 | time: 1.85e+01 |
| epoch:  200 | TA: 85.27 | TL: 4.865e-01 | VA: 86.64 | VL: 4.796e-01 | Norm: 1.06e-01 | time: 1.85e+01 |
| epoch:  300 | TA: 88.31 | TL: 4.785e-01 | VA: 86.58 | VL: 4.799e-01 | Norm: 1.10e-01 | time: 1.84e+01 |
| epoch:  400 | TA: 70.85 | TL: 6.135e-01 | VA: 71.03 | VL: 6.035e-01 | Norm: 1.19e-01 | time: 1.86e+01 |
| epoch:  500 | TA: 72.83 | TL: 5.645e-01 | VA: 74.31 | VL: 5.572e-01 | Norm: 1.19e-01 | time: 1.86e+01 |
| epoch:  600 | TA: 73.06 | TL: 5.647e-01 | VA: 68.69 | VL: 5.564e-01 | Norm: 1.14e-01 | time: 1.86e+01 |
| epoch:  700 | TA: 73.90 | TL: 5.635e-01 | VA: 73.71 | VL: 5.562e-01 | Norm: 1.10e-01 | time: 1.87e+01 |
| epoch:  800 | TA: 74.00 | TL: 5.636e-01 | VA: 72.56 | VL: 5.555e-01 | Norm: 1.06e-01 | time: 1.87e+01 |
| epoch:  900 | TA: 70.79 | TL: 5.637e-01 | VA: 73.08 | VL: 5.557e-01 | Norm: 1.02e-01 | time: 1.86e+01 |
| epoch: 1000 | TA: 73.35 | TL: 5.641e-01 | VA: 72.34 | VL: 5.555e-01 | Norm: 9.85e-02 | time: 1.87e+01 |
| epoch: 1100 | TA: 71.44 | TL: 5.635e-01 | VA: 73.69 | VL: 5.559e-01 | Norm: 9.49e-02 | time: 1.87e+01 |
Early stop.
Finished.
Training with penalty:0.00955 seed:9.
The ID for this training is 1658711608.
| epoch:    0 | TA: 1.98 | TL: 7.045e-01 | VA: 46.18 | VL: 7.044e-01 | Norm: 5.42e-03 | time: 1.83e-01 |
| epoch:  100 | TA: 87.99 | TL: 4.619e-01 | VA: 85.92 | VL: 4.628e-01 | Norm: 8.62e-02 | time: 1.85e+01 |
| epoch:  200 | TA: 87.73 | TL: 4.848e-01 | VA: 87.69 | VL: 4.768e-01 | Norm: 1.05e-01 | time: 1.85e+01 |
| epoch:  300 | TA: 81.59 | TL: 5.530e-01 | VA: 77.90 | VL: 5.536e-01 | Norm: 1.12e-01 | time: 1.85e+01 |
| epoch:  400 | TA: 80.41 | TL: 5.394e-01 | VA: 78.23 | VL: 5.396e-01 | Norm: 1.14e-01 | time: 1.85e+01 |
| epoch:  500 | TA: 79.97 | TL: 5.414e-01 | VA: 78.66 | VL: 5.405e-01 | Norm: 1.15e-01 | time: 1.86e+01 |
| epoch:  600 | TA: 77.45 | TL: 5.404e-01 | VA: 76.91 | VL: 5.397e-01 | Norm: 1.14e-01 | time: 1.86e+01 |
| epoch:  700 | TA: 78.41 | TL: 5.458e-01 | VA: 77.56 | VL: 5.387e-01 | Norm: 1.14e-01 | time: 1.87e+01 |
| epoch:  800 | TA: 77.05 | TL: 5.503e-01 | VA: 79.50 | VL: 5.443e-01 | Norm: 1.12e-01 | time: 1.86e+01 |
| epoch:  900 | TA: 75.85 | TL: 5.471e-01 | VA: 76.84 | VL: 5.428e-01 | Norm: 1.08e-01 | time: 1.86e+01 |
| epoch: 1000 | TA: 77.07 | TL: 5.466e-01 | VA: 77.46 | VL: 5.418e-01 | Norm: 1.03e-01 | time: 1.87e+01 |
| epoch: 1100 | TA: 75.85 | TL: 5.464e-01 | VA: 75.30 | VL: 5.419e-01 | Norm: 9.95e-02 | time: 1.87e+01 |
Early stop.
Finished.
Training with penalty:0.01445 seed:9.
The ID for this training is 1658711827.
| epoch:    0 | TA: 1.98 | TL: 7.045e-01 | VA: 46.18 | VL: 7.044e-01 | Norm: 5.42e-03 | time: 1.83e-01 |
| epoch:  100 | TA: 89.91 | TL: 4.472e-01 | VA: 86.99 | VL: 4.583e-01 | Norm: 9.50e-02 | time: 1.85e+01 |
| epoch:  200 | TA: 80.43 | TL: 5.669e-01 | VA: 76.72 | VL: 6.547e-01 | Norm: 1.13e-01 | time: 1.84e+01 |
| epoch:  300 | TA: 81.69 | TL: 5.146e-01 | VA: 84.23 | VL: 5.094e-01 | Norm: 1.20e-01 | time: 1.85e+01 |
| epoch:  400 | TA: 82.02 | TL: 5.116e-01 | VA: 82.76 | VL: 5.053e-01 | Norm: 1.20e-01 | time: 1.85e+01 |
| epoch:  500 | TA: 83.95 | TL: 5.085e-01 | VA: 84.64 | VL: 5.009e-01 | Norm: 1.16e-01 | time: 1.86e+01 |
| epoch:  600 | TA: 81.72 | TL: 5.065e-01 | VA: 82.79 | VL: 4.994e-01 | Norm: 1.17e-01 | time: 1.86e+01 |
| epoch:  700 | TA: 84.74 | TL: 5.050e-01 | VA: 86.01 | VL: 4.975e-01 | Norm: 1.14e-01 | time: 1.86e+01 |
| epoch:  800 | TA: 83.17 | TL: 5.046e-01 | VA: 84.05 | VL: 4.963e-01 | Norm: 1.11e-01 | time: 1.86e+01 |
| epoch:  900 | TA: 82.59 | TL: 5.038e-01 | VA: 85.18 | VL: 4.957e-01 | Norm: 1.07e-01 | time: 1.86e+01 |
| epoch: 1000 | TA: 82.44 | TL: 5.058e-01 | VA: 82.64 | VL: 5.014e-01 | Norm: 1.06e-01 | time: 1.86e+01 |
| epoch: 1100 | TA: 82.75 | TL: 5.052e-01 | VA: 80.64 | VL: 5.007e-01 | Norm: 1.03e-01 | time: 1.87e+01 |
Early stop.
Finished.
Training with penalty:0.02188 seed:9.
The ID for this training is 1658712038.
| epoch:    0 | TA: 1.98 | TL: 7.045e-01 | VA: 46.18 | VL: 7.044e-01 | Norm: 5.42e-03 | time: 1.82e-01 |
| epoch:  100 | TA: 87.56 | TL: 4.866e-01 | VA: 86.77 | VL: 4.955e-01 | Norm: 9.72e-02 | time: 1.84e+01 |
| epoch:  200 | TA: 79.38 | TL: 5.588e-01 | VA: 77.91 | VL: 5.624e-01 | Norm: 1.14e-01 | time: 1.84e+01 |
| epoch:  300 | TA: 88.14 | TL: 4.758e-01 | VA: 86.55 | VL: 4.818e-01 | Norm: 1.14e-01 | time: 1.85e+01 |
| epoch:  400 | TA: 83.79 | TL: 5.088e-01 | VA: 83.67 | VL: 5.106e-01 | Norm: 1.11e-01 | time: 1.85e+01 |
| epoch:  500 | TA: 83.15 | TL: 5.050e-01 | VA: 81.74 | VL: 5.048e-01 | Norm: 1.07e-01 | time: 1.85e+01 |
| epoch:  600 | TA: 82.07 | TL: 5.110e-01 | VA: 84.74 | VL: 5.072e-01 | Norm: 1.10e-01 | time: 1.86e+01 |
| epoch:  700 | TA: 82.80 | TL: 5.089e-01 | VA: 83.08 | VL: 5.046e-01 | Norm: 1.04e-01 | time: 1.86e+01 |
| epoch:  800 | TA: 83.50 | TL: 5.089e-01 | VA: 83.04 | VL: 5.049e-01 | Norm: 9.94e-02 | time: 1.86e+01 |
| epoch:  900 | TA: 83.11 | TL: 5.094e-01 | VA: 82.38 | VL: 5.065e-01 | Norm: 9.54e-02 | time: 1.87e+01 |
| epoch: 1000 | TA: 82.82 | TL: 5.065e-01 | VA: 82.61 | VL: 5.033e-01 | Norm: 9.22e-02 | time: 1.86e+01 |
| epoch: 1100 | TA: 84.22 | TL: 5.072e-01 | VA: 84.76 | VL: 5.036e-01 | Norm: 9.18e-02 | time: 1.86e+01 |
Early stop.
Finished.
Training with penalty:0.03311 seed:9.
The ID for this training is 1658712266.
| epoch:    0 | TA: 1.98 | TL: 7.045e-01 | VA: 46.18 | VL: 7.045e-01 | Norm: 5.42e-03 | time: 1.82e-01 |
| epoch:  100 | TA: 86.04 | TL: 4.995e-01 | VA: 87.12 | VL: 4.994e-01 | Norm: 8.17e-02 | time: 1.84e+01 |
| epoch:  200 | TA: 79.12 | TL: 5.424e-01 | VA: 80.72 | VL: 5.412e-01 | Norm: 9.28e-02 | time: 1.84e+01 |
| epoch:  300 | TA: 74.33 | TL: 5.640e-01 | VA: 73.24 | VL: 5.577e-01 | Norm: 9.09e-02 | time: 1.85e+01 |
| epoch:  400 | TA: 73.93 | TL: 5.685e-01 | VA: 73.44 | VL: 5.604e-01 | Norm: 8.29e-02 | time: 1.85e+01 |
| epoch:  500 | TA: 72.55 | TL: 5.656e-01 | VA: 69.13 | VL: 5.580e-01 | Norm: 7.35e-02 | time: 1.86e+01 |
| epoch:  600 | TA: 71.26 | TL: 5.651e-01 | VA: 71.64 | VL: 5.571e-01 | Norm: 6.62e-02 | time: 1.86e+01 |
| epoch:  700 | TA: 72.23 | TL: 5.651e-01 | VA: 73.00 | VL: 5.567e-01 | Norm: 6.01e-02 | time: 1.86e+01 |
| epoch:  800 | TA: 73.61 | TL: 5.651e-01 | VA: 74.10 | VL: 5.569e-01 | Norm: 5.50e-02 | time: 1.87e+01 |
| epoch:  900 | TA: 74.86 | TL: 5.654e-01 | VA: 74.95 | VL: 5.570e-01 | Norm: 5.09e-02 | time: 1.86e+01 |
| epoch: 1000 | TA: 74.23 | TL: 5.646e-01 | VA: 73.30 | VL: 5.561e-01 | Norm: 4.70e-02 | time: 1.87e+01 |
| epoch: 1100 | TA: 73.56 | TL: 5.645e-01 | VA: 71.88 | VL: 5.558e-01 | Norm: 4.32e-02 | time: 1.87e+01 |
Early stop.
Finished.
Training with penalty:0.05012 seed:9.
The ID for this training is 1658712481.
| epoch:    0 | TA: 1.98 | TL: 7.045e-01 | VA: 46.18 | VL: 7.046e-01 | Norm: 5.42e-03 | time: 1.84e-01 |
| epoch:  100 | TA: 87.15 | TL: 4.903e-01 | VA: 86.74 | VL: 4.918e-01 | Norm: 7.75e-02 | time: 1.84e+01 |
| epoch:  200 | TA: 89.27 | TL: 5.045e-01 | VA: 85.85 | VL: 5.077e-01 | Norm: 9.11e-02 | time: 1.85e+01 |
| epoch:  300 | TA: 84.26 | TL: 5.274e-01 | VA: 81.49 | VL: 5.309e-01 | Norm: 9.40e-02 | time: 1.85e+01 |
| epoch:  400 | TA: 80.44 | TL: 5.269e-01 | VA: 80.55 | VL: 5.257e-01 | Norm: 9.16e-02 | time: 1.85e+01 |
| epoch:  500 | TA: 73.69 | TL: 5.660e-01 | VA: 73.53 | VL: 5.599e-01 | Norm: 8.66e-02 | time: 1.85e+01 |
| epoch:  600 | TA: 74.27 | TL: 5.673e-01 | VA: 74.05 | VL: 5.594e-01 | Norm: 7.75e-02 | time: 1.86e+01 |
| epoch:  700 | TA: 71.37 | TL: 5.661e-01 | VA: 72.67 | VL: 5.582e-01 | Norm: 6.86e-02 | time: 1.86e+01 |
| epoch:  800 | TA: 70.63 | TL: 5.657e-01 | VA: 71.58 | VL: 5.571e-01 | Norm: 6.13e-02 | time: 1.86e+01 |
| epoch:  900 | TA: 72.40 | TL: 5.653e-01 | VA: 73.32 | VL: 5.579e-01 | Norm: 5.54e-02 | time: 1.87e+01 |
| epoch: 1000 | TA: 69.79 | TL: 5.653e-01 | VA: 71.70 | VL: 5.572e-01 | Norm: 5.05e-02 | time: 1.87e+01 |
| epoch: 1100 | TA: 73.14 | TL: 5.650e-01 | VA: 75.24 | VL: 5.572e-01 | Norm: 4.65e-02 | time: 1.87e+01 |
Early stop.
Finished.
Training with penalty:0.07586 seed:9.
The ID for this training is 1658712707.
| epoch:    0 | TA: 1.98 | TL: 7.045e-01 | VA: 46.18 | VL: 7.047e-01 | Norm: 5.42e-03 | time: 1.82e-01 |
| epoch:  100 | TA: 82.13 | TL: 5.404e-01 | VA: 80.11 | VL: 5.525e-01 | Norm: 7.62e-02 | time: 1.84e+01 |
| epoch:  200 | TA: 84.80 | TL: 5.133e-01 | VA: 86.26 | VL: 5.085e-01 | Norm: 7.13e-02 | time: 1.84e+01 |
| epoch:  300 | TA: 84.98 | TL: 5.175e-01 | VA: 83.52 | VL: 5.114e-01 | Norm: 6.99e-02 | time: 1.85e+01 |
| epoch:  400 | TA: 83.04 | TL: 5.087e-01 | VA: 86.22 | VL: 5.002e-01 | Norm: 6.54e-02 | time: 1.85e+01 |
| epoch:  500 | TA: 86.48 | TL: 5.102e-01 | VA: 85.94 | VL: 5.036e-01 | Norm: 6.54e-02 | time: 1.86e+01 |
| epoch:  600 | TA: 80.99 | TL: 5.156e-01 | VA: 81.04 | VL: 5.083e-01 | Norm: 6.21e-02 | time: 1.85e+01 |
| epoch:  700 | TA: 75.41 | TL: 5.654e-01 | VA: 74.54 | VL: 5.558e-01 | Norm: 6.13e-02 | time: 1.87e+01 |
| epoch:  800 | TA: 76.21 | TL: 5.648e-01 | VA: 76.55 | VL: 5.554e-01 | Norm: 5.51e-02 | time: 1.87e+01 |
| epoch:  900 | TA: 73.46 | TL: 5.685e-01 | VA: 73.21 | VL: 5.621e-01 | Norm: 5.00e-02 | time: 1.87e+01 |
| epoch: 1000 | TA: 72.69 | TL: 5.693e-01 | VA: 74.82 | VL: 5.624e-01 | Norm: 4.56e-02 | time: 1.87e+01 |
| epoch: 1100 | TA: 73.05 | TL: 5.664e-01 | VA: 73.58 | VL: 5.589e-01 | Norm: 4.13e-02 | time: 1.87e+01 |
| epoch: 1200 | TA: 74.51 | TL: 5.659e-01 | VA: 73.63 | VL: 5.584e-01 | Norm: 3.73e-02 | time: 1.87e+01 |
| epoch: 1300 | TA: 73.06 | TL: 5.653e-01 | VA: 72.48 | VL: 5.585e-01 | Norm: 3.33e-02 | time: 1.88e+01 |
| epoch: 1400 | TA: 72.91 | TL: 5.654e-01 | VA: 71.85 | VL: 5.582e-01 | Norm: 3.06e-02 | time: 1.90e+01 |
| epoch: 1500 | TA: 74.51 | TL: 5.648e-01 | VA: 73.28 | VL: 5.579e-01 | Norm: 2.86e-02 | time: 1.91e+01 |
Early stop.
Finished.
Training with penalty:0.11482 seed:9.
The ID for this training is 1658713008.
| epoch:    0 | TA: 1.98 | TL: 7.045e-01 | VA: 46.18 | VL: 7.049e-01 | Norm: 5.42e-03 | time: 1.83e-01 |
| epoch:  100 | TA: 87.38 | TL: 5.270e-01 | VA: 86.68 | VL: 5.285e-01 | Norm: 7.23e-02 | time: 1.84e+01 |
| epoch:  200 | TA: 88.32 | TL: 5.009e-01 | VA: 88.18 | VL: 4.904e-01 | Norm: 6.64e-02 | time: 1.86e+01 |
| epoch:  300 | TA: 84.33 | TL: 5.273e-01 | VA: 84.29 | VL: 5.196e-01 | Norm: 6.77e-02 | time: 1.85e+01 |
| epoch:  400 | TA: 78.11 | TL: 5.505e-01 | VA: 77.90 | VL: 5.369e-01 | Norm: 6.03e-02 | time: 1.85e+01 |
| epoch:  500 | TA: 78.66 | TL: 5.487e-01 | VA: 76.63 | VL: 5.350e-01 | Norm: 5.12e-02 | time: 1.86e+01 |
| epoch:  600 | TA: 78.77 | TL: 5.527e-01 | VA: 77.59 | VL: 5.397e-01 | Norm: 4.76e-02 | time: 1.86e+01 |
| epoch:  700 | TA: 77.52 | TL: 5.491e-01 | VA: 78.10 | VL: 5.354e-01 | Norm: 4.11e-02 | time: 1.87e+01 |
| epoch:  800 | TA: 76.82 | TL: 5.610e-01 | VA: 75.56 | VL: 5.487e-01 | Norm: 3.60e-02 | time: 1.87e+01 |
| epoch:  900 | TA: 74.11 | TL: 5.696e-01 | VA: 75.27 | VL: 5.629e-01 | Norm: 3.45e-02 | time: 1.87e+01 |
| epoch: 1000 | TA: 74.26 | TL: 5.673e-01 | VA: 73.78 | VL: 5.599e-01 | Norm: 3.02e-02 | time: 1.87e+01 |
| epoch: 1100 | TA: 70.81 | TL: 5.664e-01 | VA: 72.89 | VL: 5.604e-01 | Norm: 2.64e-02 | time: 1.87e+01 |
Early stop.
Finished.
Training with penalty:0.17378 seed:9.
The ID for this training is 1658713237.
| epoch:    0 | TA: 1.98 | TL: 7.045e-01 | VA: 46.18 | VL: 7.053e-01 | Norm: 5.42e-03 | time: 1.85e-01 |
| epoch:  100 | TA: 83.59 | TL: 5.182e-01 | VA: 83.79 | VL: 5.148e-01 | Norm: 6.00e-02 | time: 1.84e+01 |
| epoch:  200 | TA: 87.44 | TL: 5.051e-01 | VA: 85.10 | VL: 5.090e-01 | Norm: 6.18e-02 | time: 1.85e+01 |
| epoch:  300 | TA: 82.00 | TL: 5.194e-01 | VA: 83.79 | VL: 5.146e-01 | Norm: 5.22e-02 | time: 1.85e+01 |
| epoch:  400 | TA: 81.38 | TL: 5.208e-01 | VA: 84.08 | VL: 5.128e-01 | Norm: 4.49e-02 | time: 1.85e+01 |
| epoch:  500 | TA: 81.08 | TL: 5.167e-01 | VA: 79.75 | VL: 5.093e-01 | Norm: 3.99e-02 | time: 1.86e+01 |
| epoch:  600 | TA: 74.15 | TL: 5.938e-01 | VA: 75.22 | VL: 5.820e-01 | Norm: 3.76e-02 | time: 1.86e+01 |
| epoch:  700 | TA: 71.92 | TL: 5.680e-01 | VA: 75.16 | VL: 5.592e-01 | Norm: 3.71e-02 | time: 1.87e+01 |
| epoch:  800 | TA: 75.38 | TL: 5.681e-01 | VA: 76.36 | VL: 5.582e-01 | Norm: 3.26e-02 | time: 1.86e+01 |
| epoch:  900 | TA: 71.71 | TL: 5.667e-01 | VA: 73.42 | VL: 5.573e-01 | Norm: 2.87e-02 | time: 1.87e+01 |
| epoch: 1000 | TA: 72.51 | TL: 5.658e-01 | VA: 76.49 | VL: 5.564e-01 | Norm: 2.65e-02 | time: 1.87e+01 |
| epoch: 1100 | TA: 71.56 | TL: 5.658e-01 | VA: 74.31 | VL: 5.567e-01 | Norm: 2.38e-02 | time: 1.87e+01 |
| epoch: 1200 | TA: 73.24 | TL: 5.656e-01 | VA: 75.38 | VL: 5.565e-01 | Norm: 2.16e-02 | time: 1.88e+01 |
Early stop.
Finished.
Training with penalty:0.26303 seed:9.
The ID for this training is 1658713476.
| epoch:    0 | TA: 1.98 | TL: 7.045e-01 | VA: 46.18 | VL: 7.057e-01 | Norm: 5.42e-03 | time: 1.83e-01 |
| epoch:  100 | TA: 82.50 | TL: 5.236e-01 | VA: 82.98 | VL: 5.199e-01 | Norm: 5.24e-02 | time: 1.85e+01 |
| epoch:  200 | TA: 87.14 | TL: 4.880e-01 | VA: 87.29 | VL: 4.841e-01 | Norm: 4.65e-02 | time: 1.85e+01 |
| epoch:  300 | TA: 82.58 | TL: 5.170e-01 | VA: 83.67 | VL: 5.163e-01 | Norm: 4.91e-02 | time: 1.85e+01 |
| epoch:  400 | TA: 81.00 | TL: 5.264e-01 | VA: 83.04 | VL: 5.210e-01 | Norm: 4.03e-02 | time: 1.85e+01 |
| epoch:  500 | TA: 72.87 | TL: 5.745e-01 | VA: 71.81 | VL: 5.673e-01 | Norm: 4.13e-02 | time: 1.86e+01 |
| epoch:  600 | TA: 72.92 | TL: 5.727e-01 | VA: 72.54 | VL: 5.665e-01 | Norm: 3.29e-02 | time: 1.86e+01 |
| epoch:  700 | TA: 72.78 | TL: 5.716e-01 | VA: 70.64 | VL: 5.651e-01 | Norm: 2.72e-02 | time: 1.86e+01 |
| epoch:  800 | TA: 72.35 | TL: 5.704e-01 | VA: 71.05 | VL: 5.631e-01 | Norm: 2.35e-02 | time: 1.87e+01 |
| epoch:  900 | TA: 74.25 | TL: 5.696e-01 | VA: 70.16 | VL: 5.633e-01 | Norm: 2.13e-02 | time: 1.86e+01 |
| epoch: 1000 | TA: 73.16 | TL: 5.684e-01 | VA: 72.77 | VL: 5.627e-01 | Norm: 1.83e-02 | time: 1.87e+01 |
| epoch: 1100 | TA: 73.96 | TL: 5.685e-01 | VA: 71.66 | VL: 5.619e-01 | Norm: 1.59e-02 | time: 1.87e+01 |
| epoch: 1200 | TA: 73.27 | TL: 5.677e-01 | VA: 72.00 | VL: 5.610e-01 | Norm: 1.41e-02 | time: 1.86e+01 |
Early stop.
Finished.
Training with penalty:0.39811 seed:9.
The ID for this training is 1658713712.
| epoch:    0 | TA: 1.98 | TL: 7.045e-01 | VA: 46.18 | VL: 7.065e-01 | Norm: 5.42e-03 | time: 1.85e-01 |
| epoch:  100 | TA: 84.55 | TL: 5.044e-01 | VA: 83.88 | VL: 5.064e-01 | Norm: 4.57e-02 | time: 1.84e+01 |
| epoch:  200 | TA: 87.38 | TL: 5.008e-01 | VA: 88.34 | VL: 5.013e-01 | Norm: 4.10e-02 | time: 1.86e+01 |
| epoch:  300 | TA: 81.72 | TL: 5.261e-01 | VA: 82.91 | VL: 5.272e-01 | Norm: 3.66e-02 | time: 1.84e+01 |
| epoch:  400 | TA: 82.64 | TL: 5.145e-01 | VA: 84.72 | VL: 5.123e-01 | Norm: 3.28e-02 | time: 1.84e+01 |
| epoch:  500 | TA: 83.28 | TL: 5.099e-01 | VA: 84.27 | VL: 5.056e-01 | Norm: 3.21e-02 | time: 1.86e+01 |
| epoch:  600 | TA: 77.10 | TL: 5.583e-01 | VA: 77.26 | VL: 5.485e-01 | Norm: 3.06e-02 | time: 1.86e+01 |
| epoch:  700 | TA: 75.86 | TL: 5.586e-01 | VA: 78.08 | VL: 5.502e-01 | Norm: 2.70e-02 | time: 1.86e+01 |
| epoch:  800 | TA: 73.64 | TL: 5.811e-01 | VA: 73.36 | VL: 5.739e-01 | Norm: 2.29e-02 | time: 1.86e+01 |
| epoch:  900 | TA: 73.16 | TL: 5.717e-01 | VA: 70.76 | VL: 5.621e-01 | Norm: 1.85e-02 | time: 1.86e+01 |
| epoch: 1000 | TA: 71.60 | TL: 5.697e-01 | VA: 75.16 | VL: 5.599e-01 | Norm: 1.59e-02 | time: 1.87e+01 |
| epoch: 1100 | TA: 72.20 | TL: 5.697e-01 | VA: 70.62 | VL: 5.595e-01 | Norm: 1.40e-02 | time: 1.86e+01 |
Early stop.
Finished.
Training with penalty:0.60256 seed:9.
The ID for this training is 1658713939.
| epoch:    0 | TA: 1.98 | TL: 7.045e-01 | VA: 46.18 | VL: 7.076e-01 | Norm: 5.42e-03 | time: 1.83e-01 |
| epoch:  100 | TA: 82.42 | TL: 5.278e-01 | VA: 83.02 | VL: 5.248e-01 | Norm: 3.40e-02 | time: 1.84e+01 |
| epoch:  200 | TA: 82.60 | TL: 5.379e-01 | VA: 82.72 | VL: 5.333e-01 | Norm: 3.44e-02 | time: 1.84e+01 |
| epoch:  300 | TA: 79.98 | TL: 5.510e-01 | VA: 82.05 | VL: 5.484e-01 | Norm: 3.12e-02 | time: 1.85e+01 |
| epoch:  400 | TA: 80.23 | TL: 5.382e-01 | VA: 81.90 | VL: 5.352e-01 | Norm: 2.47e-02 | time: 1.85e+01 |
| epoch:  500 | TA: 75.89 | TL: 5.373e-01 | VA: 77.11 | VL: 5.368e-01 | Norm: 2.10e-02 | time: 1.86e+01 |
| epoch:  600 | TA: 77.91 | TL: 5.517e-01 | VA: 80.68 | VL: 5.462e-01 | Norm: 2.05e-02 | time: 1.86e+01 |
| epoch:  700 | TA: 78.52 | TL: 5.428e-01 | VA: 79.87 | VL: 5.387e-01 | Norm: 1.55e-02 | time: 1.86e+01 |
| epoch:  800 | TA: 74.69 | TL: 5.758e-01 | VA: 71.65 | VL: 5.677e-01 | Norm: 1.82e-02 | time: 1.86e+01 |
| epoch:  900 | TA: 72.64 | TL: 5.705e-01 | VA: 72.58 | VL: 5.637e-01 | Norm: 1.30e-02 | time: 1.87e+01 |
| epoch: 1000 | TA: 73.49 | TL: 5.696e-01 | VA: 73.75 | VL: 5.630e-01 | Norm: 1.05e-02 | time: 1.87e+01 |
| epoch: 1100 | TA: 74.62 | TL: 5.692e-01 | VA: 73.90 | VL: 5.627e-01 | Norm: 9.17e-03 | time: 1.86e+01 |
Early stop.
Finished.
Training with penalty:0.91201 seed:9.
The ID for this training is 1658714160.
| epoch:    0 | TA: 1.98 | TL: 7.045e-01 | VA: 46.18 | VL: 7.093e-01 | Norm: 5.42e-03 | time: 1.97e-01 |
| epoch:  100 | TA: 76.86 | TL: 5.537e-01 | VA: 78.45 | VL: 5.480e-01 | Norm: 2.69e-02 | time: 1.83e+01 |
| epoch:  200 | TA: 74.07 | TL: 5.763e-01 | VA: 75.15 | VL: 5.688e-01 | Norm: 1.78e-02 | time: 1.84e+01 |
| epoch:  300 | TA: 78.45 | TL: 5.677e-01 | VA: 79.97 | VL: 5.608e-01 | Norm: 1.69e-02 | time: 1.85e+01 |
| epoch:  400 | TA: 78.12 | TL: 5.491e-01 | VA: 78.09 | VL: 5.490e-01 | Norm: 1.44e-02 | time: 1.85e+01 |
| epoch:  500 | TA: 77.51 | TL: 5.460e-01 | VA: 78.95 | VL: 5.468e-01 | Norm: 1.18e-02 | time: 1.86e+01 |
| epoch:  600 | TA: 77.46 | TL: 5.407e-01 | VA: 81.82 | VL: 5.413e-01 | Norm: 1.19e-02 | time: 1.87e+01 |
| epoch:  700 | TA: 79.85 | TL: 5.401e-01 | VA: 80.42 | VL: 5.410e-01 | Norm: 1.14e-02 | time: 1.86e+01 |
| epoch:  800 | TA: 79.27 | TL: 5.404e-01 | VA: 80.40 | VL: 5.413e-01 | Norm: 1.18e-02 | time: 1.87e+01 |
| epoch:  900 | TA: 77.59 | TL: 5.408e-01 | VA: 78.75 | VL: 5.407e-01 | Norm: 1.11e-02 | time: 1.87e+01 |
| epoch: 1000 | TA: 77.89 | TL: 5.397e-01 | VA: 80.47 | VL: 5.408e-01 | Norm: 1.09e-02 | time: 1.87e+01 |
Early stop.
Finished.
Training with penalty:1.38038 seed:9.
The ID for this training is 1658714365.
| epoch:    0 | TA: 1.98 | TL: 7.045e-01 | VA: 46.18 | VL: 7.118e-01 | Norm: 5.42e-03 | time: 1.83e-01 |
| epoch:  100 | TA: 78.95 | TL: 5.884e-01 | VA: 75.07 | VL: 6.071e-01 | Norm: 1.82e-02 | time: 1.84e+01 |
| epoch:  200 | TA: 73.42 | TL: 5.820e-01 | VA: 76.41 | VL: 5.765e-01 | Norm: 1.15e-02 | time: 1.84e+01 |
| epoch:  300 | TA: 72.13 | TL: 5.763e-01 | VA: 70.02 | VL: 5.717e-01 | Norm: 7.66e-03 | time: 1.84e+01 |
| epoch:  400 | TA: 74.10 | TL: 5.743e-01 | VA: 74.07 | VL: 5.681e-01 | Norm: 6.43e-03 | time: 1.85e+01 |
| epoch:  500 | TA: 71.96 | TL: 5.739e-01 | VA: 72.62 | VL: 5.674e-01 | Norm: 5.78e-03 | time: 1.86e+01 |
| epoch:  600 | TA: 72.89 | TL: 5.744e-01 | VA: 75.15 | VL: 5.691e-01 | Norm: 5.79e-03 | time: 1.86e+01 |
| epoch:  700 | TA: 70.63 | TL: 5.736e-01 | VA: 74.11 | VL: 5.685e-01 | Norm: 5.59e-03 | time: 1.86e+01 |
| epoch:  800 | TA: 72.57 | TL: 5.738e-01 | VA: 73.93 | VL: 5.677e-01 | Norm: 5.84e-03 | time: 1.86e+01 |
| epoch:  900 | TA: 73.72 | TL: 5.742e-01 | VA: 71.27 | VL: 5.686e-01 | Norm: 6.23e-03 | time: 1.87e+01 |
| epoch: 1000 | TA: 72.32 | TL: 5.745e-01 | VA: 74.03 | VL: 5.679e-01 | Norm: 6.24e-03 | time: 1.86e+01 |
Early stop.
Finished.
Training with penalty:2.0893 seed:9.
The ID for this training is 1658714567.
| epoch:    0 | TA: 1.98 | TL: 7.045e-01 | VA: 46.18 | VL: 7.156e-01 | Norm: 5.42e-03 | time: 1.82e-01 |
| epoch:  100 | TA: 74.72 | TL: 5.706e-01 | VA: 75.77 | VL: 5.667e-01 | Norm: 1.23e-02 | time: 1.85e+01 |
| epoch:  200 | TA: 72.23 | TL: 5.897e-01 | VA: 74.06 | VL: 5.825e-01 | Norm: 9.67e-03 | time: 1.83e+01 |
| epoch:  300 | TA: 73.30 | TL: 5.834e-01 | VA: 72.91 | VL: 5.764e-01 | Norm: 7.42e-03 | time: 1.84e+01 |
| epoch:  400 | TA: 71.72 | TL: 5.789e-01 | VA: 70.80 | VL: 5.712e-01 | Norm: 6.16e-03 | time: 1.86e+01 |
| epoch:  500 | TA: 70.88 | TL: 5.785e-01 | VA: 71.12 | VL: 5.705e-01 | Norm: 5.57e-03 | time: 1.85e+01 |
| epoch:  600 | TA: 73.53 | TL: 5.786e-01 | VA: 74.65 | VL: 5.692e-01 | Norm: 5.43e-03 | time: 1.86e+01 |
| epoch:  700 | TA: 73.87 | TL: 5.795e-01 | VA: 75.60 | VL: 5.717e-01 | Norm: 6.08e-03 | time: 1.86e+01 |
| epoch:  800 | TA: 74.45 | TL: 5.792e-01 | VA: 73.60 | VL: 5.704e-01 | Norm: 5.69e-03 | time: 1.86e+01 |
| epoch:  900 | TA: 73.84 | TL: 5.779e-01 | VA: 74.61 | VL: 5.691e-01 | Norm: 5.79e-03 | time: 1.87e+01 |
| epoch: 1000 | TA: 72.41 | TL: 5.776e-01 | VA: 73.47 | VL: 5.701e-01 | Norm: 5.51e-03 | time: 1.87e+01 |
Early stop.
Finished.
Training with penalty:3.16228 seed:9.
The ID for this training is 1658714771.
| epoch:    0 | TA: 1.98 | TL: 7.045e-01 | VA: 46.18 | VL: 7.214e-01 | Norm: 5.42e-03 | time: 1.83e-01 |
| epoch:  100 | TA: 73.96 | TL: 6.085e-01 | VA: 70.72 | VL: 6.517e-01 | Norm: 9.42e-03 | time: 1.84e+01 |
| epoch:  200 | TA: 73.34 | TL: 5.938e-01 | VA: 71.42 | VL: 5.900e-01 | Norm: 7.39e-03 | time: 1.85e+01 |
| epoch:  300 | TA: 72.71 | TL: 5.871e-01 | VA: 73.11 | VL: 5.818e-01 | Norm: 5.72e-03 | time: 1.85e+01 |
| epoch:  400 | TA: 73.00 | TL: 5.752e-01 | VA: 74.57 | VL: 5.705e-01 | Norm: 6.46e-03 | time: 1.85e+01 |
| epoch:  500 | TA: 76.22 | TL: 5.678e-01 | VA: 75.81 | VL: 5.677e-01 | Norm: 7.83e-03 | time: 1.86e+01 |
| epoch:  600 | TA: 79.55 | TL: 5.592e-01 | VA: 79.99 | VL: 5.576e-01 | Norm: 6.13e-03 | time: 1.86e+01 |
| epoch:  700 | TA: 70.97 | TL: 5.887e-01 | VA: 75.23 | VL: 5.826e-01 | Norm: 6.49e-03 | time: 1.86e+01 |
| epoch:  800 | TA: 72.78 | TL: 5.844e-01 | VA: 74.30 | VL: 5.782e-01 | Norm: 5.27e-03 | time: 1.86e+01 |
| epoch:  900 | TA: 74.78 | TL: 5.839e-01 | VA: 73.05 | VL: 5.797e-01 | Norm: 5.27e-03 | time: 1.87e+01 |
| epoch: 1000 | TA: 74.10 | TL: 5.825e-01 | VA: 71.67 | VL: 5.786e-01 | Norm: 4.90e-03 | time: 1.87e+01 |
Early stop.
Finished.
Training with penalty:4.7863 seed:9.
The ID for this training is 1658714977.
| epoch:    0 | TA: 1.98 | TL: 7.045e-01 | VA: 46.18 | VL: 7.302e-01 | Norm: 5.42e-03 | time: 1.82e-01 |
| epoch:  100 | TA: 73.46 | TL: 6.092e-01 | VA: 74.89 | VL: 6.033e-01 | Norm: 6.77e-03 | time: 1.84e+01 |
| epoch:  200 | TA: 72.24 | TL: 5.976e-01 | VA: 71.94 | VL: 5.925e-01 | Norm: 5.19e-03 | time: 1.83e+01 |
| epoch:  300 | TA: 72.77 | TL: 5.979e-01 | VA: 74.25 | VL: 5.906e-01 | Norm: 5.38e-03 | time: 1.85e+01 |
| epoch:  400 | TA: 73.43 | TL: 5.958e-01 | VA: 72.72 | VL: 5.908e-01 | Norm: 4.88e-03 | time: 1.85e+01 |
| epoch:  500 | TA: 72.41 | TL: 5.944e-01 | VA: 73.08 | VL: 5.874e-01 | Norm: 4.77e-03 | time: 1.86e+01 |
| epoch:  600 | TA: 70.77 | TL: 5.949e-01 | VA: 73.28 | VL: 5.908e-01 | Norm: 4.96e-03 | time: 1.86e+01 |
| epoch:  700 | TA: 68.77 | TL: 5.911e-01 | VA: 76.62 | VL: 5.867e-01 | Norm: 5.00e-03 | time: 1.86e+01 |
| epoch:  800 | TA: 77.03 | TL: 5.697e-01 | VA: 76.73 | VL: 5.670e-01 | Norm: 6.12e-03 | time: 1.87e+01 |
| epoch:  900 | TA: 77.61 | TL: 5.538e-01 | VA: 76.55 | VL: 5.539e-01 | Norm: 6.32e-03 | time: 1.87e+01 |
| epoch: 1000 | TA: 73.65 | TL: 5.959e-01 | VA: 71.35 | VL: 5.927e-01 | Norm: 5.71e-03 | time: 1.87e+01 |
| epoch: 1100 | TA: 71.26 | TL: 5.935e-01 | VA: 74.63 | VL: 5.868e-01 | Norm: 4.94e-03 | time: 1.87e+01 |
| epoch: 1200 | TA: 74.57 | TL: 5.928e-01 | VA: 73.83 | VL: 5.872e-01 | Norm: 4.80e-03 | time: 1.87e+01 |
| epoch: 1300 | TA: 74.91 | TL: 5.885e-01 | VA: 73.05 | VL: 5.836e-01 | Norm: 4.46e-03 | time: 1.87e+01 |
| epoch: 1400 | TA: 74.71 | TL: 5.893e-01 | VA: 70.31 | VL: 5.861e-01 | Norm: 4.58e-03 | time: 1.91e+01 |
| epoch: 1500 | TA: 74.38 | TL: 5.899e-01 | VA: 71.19 | VL: 5.851e-01 | Norm: 4.54e-03 | time: 1.91e+01 |
| epoch: 1600 | TA: 71.45 | TL: 5.925e-01 | VA: 71.82 | VL: 5.887e-01 | Norm: 4.97e-03 | time: 1.90e+01 |
| epoch: 1700 | TA: 72.89 | TL: 5.885e-01 | VA: 73.53 | VL: 5.842e-01 | Norm: 4.53e-03 | time: 1.90e+01 |
| epoch: 1800 | TA: 71.24 | TL: 5.887e-01 | VA: 72.09 | VL: 5.840e-01 | Norm: 4.45e-03 | time: 1.90e+01 |
| epoch: 1900 | TA: 74.33 | TL: 5.896e-01 | VA: 71.83 | VL: 5.850e-01 | Norm: 4.29e-03 | time: 1.90e+01 |
Early stop.
Finished.
Training with penalty:7.24436 seed:9.
The ID for this training is 1658715345.
| epoch:    0 | TA: 1.98 | TL: 7.045e-01 | VA: 46.18 | VL: 7.436e-01 | Norm: 5.42e-03 | time: 1.83e-01 |
| epoch:  100 | TA: 69.35 | TL: 6.450e-01 | VA: 77.14 | VL: 6.054e-01 | Norm: 6.33e-03 | time: 1.84e+01 |
| epoch:  200 | TA: 73.08 | TL: 6.123e-01 | VA: 72.74 | VL: 6.112e-01 | Norm: 5.29e-03 | time: 1.83e+01 |
| epoch:  300 | TA: 72.90 | TL: 6.058e-01 | VA: 75.12 | VL: 6.043e-01 | Norm: 4.73e-03 | time: 1.84e+01 |
| epoch:  400 | TA: 74.65 | TL: 6.060e-01 | VA: 73.03 | VL: 6.021e-01 | Norm: 4.66e-03 | time: 1.85e+01 |
| epoch:  500 | TA: 71.44 | TL: 6.066e-01 | VA: 71.28 | VL: 6.021e-01 | Norm: 4.57e-03 | time: 1.85e+01 |
| epoch:  600 | TA: 72.95 | TL: 6.081e-01 | VA: 74.61 | VL: 6.070e-01 | Norm: 4.75e-03 | time: 1.86e+01 |
| epoch:  700 | TA: 72.65 | TL: 6.035e-01 | VA: 70.77 | VL: 6.006e-01 | Norm: 4.54e-03 | time: 1.86e+01 |
| epoch:  800 | TA: 74.91 | TL: 6.121e-01 | VA: 74.67 | VL: 6.102e-01 | Norm: 5.34e-03 | time: 1.86e+01 |
| epoch:  900 | TA: 72.39 | TL: 6.075e-01 | VA: 73.52 | VL: 6.027e-01 | Norm: 4.63e-03 | time: 1.87e+01 |
| epoch: 1000 | TA: 72.70 | TL: 6.087e-01 | VA: 71.56 | VL: 6.021e-01 | Norm: 4.65e-03 | time: 1.87e+01 |
Early stop.
Finished.
Training with penalty:10.96478 seed:9.
The ID for this training is 1658715550.
| epoch:    0 | TA: 1.98 | TL: 7.045e-01 | VA: 46.18 | VL: 7.637e-01 | Norm: 5.42e-03 | time: 1.82e-01 |
| epoch:  100 | TA: 67.34 | TL: 6.571e-01 | VA: 73.61 | VL: 6.405e-01 | Norm: 4.86e-03 | time: 1.84e+01 |
| epoch:  200 | TA: 72.78 | TL: 6.196e-01 | VA: 76.35 | VL: 6.174e-01 | Norm: 4.23e-03 | time: 1.84e+01 |
| epoch:  300 | TA: 73.01 | TL: 6.181e-01 | VA: 69.33 | VL: 6.139e-01 | Norm: 4.06e-03 | time: 1.85e+01 |
| epoch:  400 | TA: 71.28 | TL: 6.181e-01 | VA: 72.23 | VL: 6.163e-01 | Norm: 4.17e-03 | time: 1.85e+01 |
| epoch:  500 | TA: 72.41 | TL: 6.162e-01 | VA: 72.52 | VL: 6.152e-01 | Norm: 4.15e-03 | time: 1.86e+01 |
| epoch:  600 | TA: 73.57 | TL: 6.129e-01 | VA: 70.46 | VL: 6.102e-01 | Norm: 3.87e-03 | time: 1.86e+01 |
| epoch:  700 | TA: 76.18 | TL: 6.107e-01 | VA: 71.51 | VL: 6.115e-01 | Norm: 3.93e-03 | time: 1.87e+01 |
| epoch:  800 | TA: 75.99 | TL: 6.097e-01 | VA: 75.22 | VL: 6.096e-01 | Norm: 3.83e-03 | time: 1.87e+01 |
| epoch:  900 | TA: 72.51 | TL: 5.982e-01 | VA: 75.61 | VL: 6.023e-01 | Norm: 4.10e-03 | time: 1.87e+01 |
| epoch: 1000 | TA: 75.52 | TL: 5.993e-01 | VA: 76.18 | VL: 6.026e-01 | Norm: 3.83e-03 | time: 1.87e+01 |
Early stop.
Finished.
Training with penalty:16.59587 seed:9.
The ID for this training is 1658715755.
| epoch:    0 | TA: 1.98 | TL: 7.045e-01 | VA: 46.18 | VL: 7.942e-01 | Norm: 5.42e-03 | time: 1.83e-01 |
| epoch:  100 | TA: 83.66 | TL: 5.830e-01 | VA: 79.69 | VL: 5.885e-01 | Norm: 3.91e-03 | time: 1.85e+01 |
| epoch:  200 | TA: 72.48 | TL: 6.470e-01 | VA: 72.53 | VL: 6.348e-01 | Norm: 3.59e-03 | time: 1.85e+01 |
| epoch:  300 | TA: 72.56 | TL: 6.280e-01 | VA: 69.92 | VL: 6.259e-01 | Norm: 3.02e-03 | time: 1.85e+01 |
| epoch:  400 | TA: 70.46 | TL: 6.338e-01 | VA: 69.09 | VL: 6.261e-01 | Norm: 2.84e-03 | time: 1.86e+01 |
| epoch:  500 | TA: 71.73 | TL: 6.143e-01 | VA: 68.98 | VL: 6.094e-01 | Norm: 2.41e-03 | time: 1.86e+01 |
| epoch:  600 | TA: 72.23 | TL: 6.112e-01 | VA: 73.45 | VL: 6.096e-01 | Norm: 2.27e-03 | time: 1.86e+01 |
| epoch:  700 | TA: 69.31 | TL: 6.079e-01 | VA: 71.45 | VL: 6.026e-01 | Norm: 2.08e-03 | time: 1.87e+01 |
| epoch:  800 | TA: 72.40 | TL: 6.138e-01 | VA: 72.16 | VL: 6.059e-01 | Norm: 2.26e-03 | time: 1.87e+01 |
| epoch:  900 | TA: 75.19 | TL: 5.951e-01 | VA: 72.87 | VL: 5.941e-01 | Norm: 2.08e-03 | time: 1.87e+01 |
| epoch: 1000 | TA: 73.92 | TL: 5.882e-01 | VA: 76.46 | VL: 5.853e-01 | Norm: 2.11e-03 | time: 1.87e+01 |
| epoch: 1100 | TA: 76.08 | TL: 5.920e-01 | VA: 73.40 | VL: 5.892e-01 | Norm: 2.16e-03 | time: 1.88e+01 |
| epoch: 1200 | TA: 73.89 | TL: 5.902e-01 | VA: 76.07 | VL: 5.873e-01 | Norm: 2.36e-03 | time: 1.88e+01 |
| epoch: 1300 | TA: 77.60 | TL: 5.895e-01 | VA: 71.46 | VL: 5.830e-01 | Norm: 2.35e-03 | time: 1.88e+01 |
| epoch: 1400 | TA: 74.16 | TL: 5.804e-01 | VA: 72.98 | VL: 5.762e-01 | Norm: 2.33e-03 | time: 1.87e+01 |
| epoch: 1500 | TA: 76.69 | TL: 5.865e-01 | VA: 74.63 | VL: 5.809e-01 | Norm: 2.47e-03 | time: 1.88e+01 |
| epoch: 1600 | TA: 78.52 | TL: 5.785e-01 | VA: 71.51 | VL: 5.751e-01 | Norm: 2.71e-03 | time: 1.88e+01 |
| epoch: 1700 | TA: 69.13 | TL: 6.204e-01 | VA: 73.90 | VL: 6.196e-01 | Norm: 2.62e-03 | time: 1.87e+01 |
| epoch: 1800 | TA: 71.18 | TL: 6.097e-01 | VA: 70.86 | VL: 6.073e-01 | Norm: 2.22e-03 | time: 1.88e+01 |
| epoch: 1900 | TA: 72.06 | TL: 6.105e-01 | VA: 70.84 | VL: 6.039e-01 | Norm: 2.04e-03 | time: 1.90e+01 |
| epoch: 2000 | TA: 73.75 | TL: 6.076e-01 | VA: 73.78 | VL: 6.025e-01 | Norm: 2.02e-03 | time: 1.92e+01 |
| epoch: 2100 | TA: 74.47 | TL: 6.069e-01 | VA: 72.57 | VL: 6.047e-01 | Norm: 2.02e-03 | time: 1.92e+01 |
| epoch: 2200 | TA: 72.06 | TL: 6.088e-01 | VA: 68.28 | VL: 6.063e-01 | Norm: 2.02e-03 | time: 1.92e+01 |
| epoch: 2300 | TA: 74.20 | TL: 6.111e-01 | VA: 68.66 | VL: 6.054e-01 | Norm: 2.05e-03 | time: 1.90e+01 |
| epoch: 2400 | TA: 72.61 | TL: 6.073e-01 | VA: 70.77 | VL: 6.042e-01 | Norm: 1.95e-03 | time: 1.90e+01 |
| epoch: 2500 | TA: 72.90 | TL: 6.099e-01 | VA: 72.98 | VL: 6.021e-01 | Norm: 1.99e-03 | time: 1.90e+01 |
| epoch: 2600 | TA: 72.54 | TL: 6.070e-01 | VA: 72.28 | VL: 6.019e-01 | Norm: 1.88e-03 | time: 1.91e+01 |
Early stop.
Finished.
Training with penalty:25.11886 seed:9.
The ID for this training is 1658716270.
| epoch:    0 | TA: 1.98 | TL: 7.045e-01 | VA: 46.18 | VL: 8.403e-01 | Norm: 5.42e-03 | time: 1.84e-01 |
| epoch:  100 | TA: 73.76 | TL: 6.780e-01 | VA: 67.89 | VL: 6.777e-01 | Norm: 3.27e-03 | time: 1.84e+01 |
| epoch:  200 | TA: 73.76 | TL: 6.378e-01 | VA: 71.81 | VL: 6.375e-01 | Norm: 2.27e-03 | time: 1.85e+01 |
| epoch:  300 | TA: 74.17 | TL: 6.365e-01 | VA: 72.62 | VL: 6.411e-01 | Norm: 2.28e-03 | time: 1.84e+01 |
| epoch:  400 | TA: 75.40 | TL: 6.382e-01 | VA: 71.19 | VL: 6.409e-01 | Norm: 2.29e-03 | time: 1.85e+01 |
| epoch:  500 | TA: 73.13 | TL: 6.341e-01 | VA: 70.56 | VL: 6.361e-01 | Norm: 2.26e-03 | time: 1.86e+01 |
| epoch:  600 | TA: 72.43 | TL: 6.429e-01 | VA: 72.87 | VL: 6.460e-01 | Norm: 2.52e-03 | time: 1.86e+01 |
| epoch:  700 | TA: 74.80 | TL: 6.340e-01 | VA: 72.50 | VL: 6.385e-01 | Norm: 2.30e-03 | time: 1.87e+01 |
| epoch:  800 | TA: 74.07 | TL: 6.339e-01 | VA: 75.26 | VL: 6.411e-01 | Norm: 2.53e-03 | time: 1.87e+01 |
| epoch:  900 | TA: 74.46 | TL: 6.381e-01 | VA: 73.49 | VL: 6.384e-01 | Norm: 2.42e-03 | time: 1.87e+01 |
| epoch: 1000 | TA: 76.12 | TL: 6.342e-01 | VA: 72.04 | VL: 6.345e-01 | Norm: 2.30e-03 | time: 1.87e+01 |
| epoch: 1100 | TA: 75.02 | TL: 6.298e-01 | VA: 72.74 | VL: 6.340e-01 | Norm: 2.42e-03 | time: 1.88e+01 |
| epoch: 1200 | TA: 75.28 | TL: 6.305e-01 | VA: 73.87 | VL: 6.324e-01 | Norm: 2.52e-03 | time: 1.88e+01 |
| epoch: 1300 | TA: 74.78 | TL: 6.297e-01 | VA: 72.64 | VL: 6.341e-01 | Norm: 2.65e-03 | time: 1.88e+01 |
| epoch: 1400 | TA: 74.44 | TL: 6.301e-01 | VA: 75.51 | VL: 6.329e-01 | Norm: 2.80e-03 | time: 1.88e+01 |
| epoch: 1500 | TA: 71.26 | TL: 6.222e-01 | VA: 74.08 | VL: 6.237e-01 | Norm: 2.75e-03 | time: 1.89e+01 |
| epoch: 1600 | TA: 77.37 | TL: 6.121e-01 | VA: 75.22 | VL: 6.139e-01 | Norm: 2.83e-03 | time: 1.89e+01 |
| epoch: 1700 | TA: 76.23 | TL: 6.243e-01 | VA: 72.09 | VL: 6.251e-01 | Norm: 2.42e-03 | time: 1.88e+01 |
| epoch: 1800 | TA: 75.33 | TL: 6.251e-01 | VA: 77.44 | VL: 6.269e-01 | Norm: 2.41e-03 | time: 1.88e+01 |
| epoch: 1900 | TA: 70.10 | TL: 6.302e-01 | VA: 70.63 | VL: 6.298e-01 | Norm: 2.07e-03 | time: 1.88e+01 |
| epoch: 2000 | TA: 70.26 | TL: 6.361e-01 | VA: 73.09 | VL: 6.290e-01 | Norm: 2.13e-03 | time: 1.88e+01 |
| epoch: 2100 | TA: 73.56 | TL: 6.279e-01 | VA: 73.33 | VL: 6.286e-01 | Norm: 1.97e-03 | time: 1.88e+01 |
| epoch: 2200 | TA: 71.33 | TL: 6.267e-01 | VA: 67.40 | VL: 6.310e-01 | Norm: 1.85e-03 | time: 1.88e+01 |
| epoch: 2300 | TA: 69.45 | TL: 6.225e-01 | VA: 69.86 | VL: 6.240e-01 | Norm: 1.67e-03 | time: 1.88e+01 |
| epoch: 2400 | TA: 72.24 | TL: 6.211e-01 | VA: 66.89 | VL: 6.239e-01 | Norm: 1.76e-03 | time: 1.88e+01 |
| epoch: 2500 | TA: 71.28 | TL: 6.230e-01 | VA: 69.75 | VL: 6.244e-01 | Norm: 1.79e-03 | time: 1.89e+01 |
| epoch: 2600 | TA: 69.69 | TL: 6.218e-01 | VA: 71.32 | VL: 6.144e-01 | Norm: 1.52e-03 | time: 1.90e+01 |
Early stop.
Finished.
Training with penalty:38.01894 seed:9.
The ID for this training is 1658716775.
| epoch:    0 | TA: 1.98 | TL: 7.045e-01 | VA: 46.18 | VL: 9.102e-01 | Norm: 5.42e-03 | time: 1.83e-01 |
| epoch:  100 | TA: 69.07 | TL: 6.925e-01 | VA: 66.48 | VL: 7.006e-01 | Norm: 2.26e-03 | time: 1.83e+01 |
| epoch:  200 | TA: 72.98 | TL: 6.736e-01 | VA: 71.18 | VL: 6.854e-01 | Norm: 1.74e-03 | time: 1.84e+01 |
| epoch:  300 | TA: 71.01 | TL: 6.713e-01 | VA: 66.04 | VL: 6.794e-01 | Norm: 1.64e-03 | time: 1.85e+01 |
| epoch:  400 | TA: 73.90 | TL: 6.719e-01 | VA: 70.06 | VL: 6.756e-01 | Norm: 1.54e-03 | time: 1.86e+01 |
| epoch:  500 | TA: 73.33 | TL: 6.675e-01 | VA: 68.44 | VL: 6.755e-01 | Norm: 1.58e-03 | time: 1.86e+01 |
| epoch:  600 | TA: 72.46 | TL: 6.664e-01 | VA: 68.90 | VL: 6.719e-01 | Norm: 1.53e-03 | time: 1.87e+01 |
| epoch:  700 | TA: 69.04 | TL: 6.687e-01 | VA: 68.18 | VL: 6.720e-01 | Norm: 1.60e-03 | time: 1.86e+01 |
| epoch:  800 | TA: 68.16 | TL: 6.665e-01 | VA: 69.55 | VL: 6.726e-01 | Norm: 1.70e-03 | time: 1.87e+01 |
| epoch:  900 | TA: 67.27 | TL: 6.673e-01 | VA: 64.86 | VL: 6.781e-01 | Norm: 1.70e-03 | time: 1.87e+01 |
| epoch: 1000 | TA: 67.92 | TL: 6.666e-01 | VA: 66.81 | VL: 6.700e-01 | Norm: 1.64e-03 | time: 1.87e+01 |
| epoch: 1100 | TA: 72.26 | TL: 6.626e-01 | VA: 67.05 | VL: 6.756e-01 | Norm: 1.83e-03 | time: 1.87e+01 |
| epoch: 1200 | TA: 72.49 | TL: 6.612e-01 | VA: 69.72 | VL: 6.668e-01 | Norm: 1.76e-03 | time: 1.88e+01 |
| epoch: 1300 | TA: 68.60 | TL: 6.562e-01 | VA: 69.03 | VL: 6.669e-01 | Norm: 1.82e-03 | time: 1.87e+01 |
| epoch: 1400 | TA: 72.77 | TL: 6.541e-01 | VA: 69.60 | VL: 6.616e-01 | Norm: 1.75e-03 | time: 1.89e+01 |
| epoch: 1500 | TA: 70.76 | TL: 6.548e-01 | VA: 68.81 | VL: 6.650e-01 | Norm: 1.87e-03 | time: 1.88e+01 |
| epoch: 1600 | TA: 69.10 | TL: 6.529e-01 | VA: 69.87 | VL: 6.627e-01 | Norm: 1.80e-03 | time: 1.89e+01 |
| epoch: 1700 | TA: 67.30 | TL: 6.534e-01 | VA: 65.26 | VL: 6.578e-01 | Norm: 1.86e-03 | time: 1.89e+01 |
| epoch: 1800 | TA: 71.67 | TL: 6.542e-01 | VA: 67.61 | VL: 6.674e-01 | Norm: 1.98e-03 | time: 1.88e+01 |
| epoch: 1900 | TA: 70.56 | TL: 6.437e-01 | VA: 66.90 | VL: 6.505e-01 | Norm: 1.75e-03 | time: 1.89e+01 |
| epoch: 2000 | TA: 69.11 | TL: 6.498e-01 | VA: 65.50 | VL: 6.584e-01 | Norm: 1.83e-03 | time: 1.90e+01 |
| epoch: 2100 | TA: 68.15 | TL: 6.462e-01 | VA: 70.02 | VL: 6.510e-01 | Norm: 1.77e-03 | time: 1.89e+01 |
| epoch: 2200 | TA: 71.49 | TL: 6.461e-01 | VA: 66.52 | VL: 6.543e-01 | Norm: 1.80e-03 | time: 1.89e+01 |
| epoch: 2300 | TA: 72.22 | TL: 6.399e-01 | VA: 70.72 | VL: 6.460e-01 | Norm: 1.61e-03 | time: 1.90e+01 |
| epoch: 2400 | TA: 71.84 | TL: 6.379e-01 | VA: 70.04 | VL: 6.433e-01 | Norm: 1.61e-03 | time: 1.89e+01 |
| epoch: 2500 | TA: 64.93 | TL: 6.417e-01 | VA: 66.29 | VL: 6.476e-01 | Norm: 1.71e-03 | time: 1.90e+01 |
| epoch: 2600 | TA: 72.74 | TL: 6.373e-01 | VA: 66.71 | VL: 6.430e-01 | Norm: 1.57e-03 | time: 1.89e+01 |
| epoch: 2700 | TA: 70.92 | TL: 6.421e-01 | VA: 71.26 | VL: 6.512e-01 | Norm: 1.60e-03 | time: 1.94e+01 |
| epoch: 2800 | TA: 66.31 | TL: 6.346e-01 | VA: 69.46 | VL: 6.444e-01 | Norm: 1.49e-03 | time: 1.96e+01 |
| epoch: 2900 | TA: 69.31 | TL: 6.379e-01 | VA: 67.80 | VL: 6.428e-01 | Norm: 1.55e-03 | time: 1.95e+01 |
| epoch: 3000 | TA: 67.64 | TL: 6.336e-01 | VA: 70.32 | VL: 6.422e-01 | Norm: 1.56e-03 | time: 1.94e+01 |
| epoch: 3100 | TA: 66.10 | TL: 6.387e-01 | VA: 69.64 | VL: 6.473e-01 | Norm: 1.70e-03 | time: 1.94e+01 |
| epoch: 3200 | TA: 67.93 | TL: 6.331e-01 | VA: 66.35 | VL: 6.433e-01 | Norm: 1.48e-03 | time: 1.93e+01 |
| epoch: 3300 | TA: 67.81 | TL: 6.347e-01 | VA: 67.42 | VL: 6.437e-01 | Norm: 1.41e-03 | time: 1.93e+01 |
| epoch: 3400 | TA: 68.87 | TL: 6.319e-01 | VA: 71.06 | VL: 6.373e-01 | Norm: 1.39e-03 | time: 1.94e+01 |
| epoch: 3500 | TA: 70.81 | TL: 6.328e-01 | VA: 70.92 | VL: 6.390e-01 | Norm: 1.38e-03 | time: 1.93e+01 |
| epoch: 3600 | TA: 70.41 | TL: 6.282e-01 | VA: 70.23 | VL: 6.307e-01 | Norm: 1.27e-03 | time: 1.92e+01 |
| epoch: 3700 | TA: 73.11 | TL: 6.277e-01 | VA: 70.28 | VL: 6.370e-01 | Norm: 1.38e-03 | time: 1.92e+01 |
| epoch: 3800 | TA: 66.36 | TL: 6.339e-01 | VA: 69.22 | VL: 6.356e-01 | Norm: 1.36e-03 | time: 1.92e+01 |
| epoch: 3900 | TA: 70.28 | TL: 6.341e-01 | VA: 70.46 | VL: 6.373e-01 | Norm: 1.35e-03 | time: 1.93e+01 |
| epoch: 4000 | TA: 71.89 | TL: 6.267e-01 | VA: 70.11 | VL: 6.341e-01 | Norm: 1.28e-03 | time: 1.92e+01 |
| epoch: 4100 | TA: 73.27 | TL: 6.288e-01 | VA: 70.80 | VL: 6.316e-01 | Norm: 1.24e-03 | time: 1.92e+01 |
| epoch: 4200 | TA: 68.41 | TL: 6.317e-01 | VA: 67.14 | VL: 6.377e-01 | Norm: 1.23e-03 | time: 1.93e+01 |
| epoch: 4300 | TA: 66.39 | TL: 6.325e-01 | VA: 71.68 | VL: 6.412e-01 | Norm: 1.42e-03 | time: 1.92e+01 |
| epoch: 4400 | TA: 71.22 | TL: 6.281e-01 | VA: 70.09 | VL: 6.318e-01 | Norm: 1.24e-03 | time: 1.92e+01 |
| epoch: 4500 | TA: 67.27 | TL: 6.307e-01 | VA: 72.70 | VL: 6.305e-01 | Norm: 1.27e-03 | time: 1.93e+01 |
| epoch: 4600 | TA: 66.05 | TL: 6.317e-01 | VA: 69.94 | VL: 6.360e-01 | Norm: 1.35e-03 | time: 1.93e+01 |
| epoch: 4700 | TA: 71.18 | TL: 6.319e-01 | VA: 72.62 | VL: 6.365e-01 | Norm: 1.38e-03 | time: 1.92e+01 |
| epoch: 4800 | TA: 71.55 | TL: 6.287e-01 | VA: 68.55 | VL: 6.365e-01 | Norm: 1.30e-03 | time: 1.92e+01 |
| epoch: 4900 | TA: 69.99 | TL: 6.297e-01 | VA: 67.53 | VL: 6.436e-01 | Norm: 1.57e-03 | time: 1.93e+01 |
| epoch: 5000 | TA: 72.47 | TL: 6.343e-01 | VA: 70.96 | VL: 6.420e-01 | Norm: 1.33e-03 | time: 1.92e+01 |
| epoch: 5100 | TA: 67.36 | TL: 6.249e-01 | VA: 70.36 | VL: 6.296e-01 | Norm: 1.24e-03 | time: 1.92e+01 |
| epoch: 5200 | TA: 73.28 | TL: 6.255e-01 | VA: 69.41 | VL: 6.316e-01 | Norm: 1.28e-03 | time: 1.93e+01 |
| epoch: 5300 | TA: 66.88 | TL: 6.423e-01 | VA: 68.44 | VL: 6.419e-01 | Norm: 1.29e-03 | time: 1.93e+01 |
| epoch: 5400 | TA: 66.96 | TL: 6.322e-01 | VA: 67.04 | VL: 6.395e-01 | Norm: 1.21e-03 | time: 1.93e+01 |
| epoch: 5500 | TA: 70.32 | TL: 6.380e-01 | VA: 67.41 | VL: 6.423e-01 | Norm: 1.23e-03 | time: 1.93e+01 |
| epoch: 5600 | TA: 70.03 | TL: 6.379e-01 | VA: 73.57 | VL: 6.366e-01 | Norm: 1.36e-03 | time: 1.93e+01 |
| epoch: 5700 | TA: 73.92 | TL: 6.317e-01 | VA: 70.13 | VL: 6.363e-01 | Norm: 1.23e-03 | time: 1.93e+01 |
| epoch: 5800 | TA: 66.51 | TL: 6.365e-01 | VA: 65.36 | VL: 6.393e-01 | Norm: 1.26e-03 | time: 1.93e+01 |
| epoch: 5900 | TA: 71.31 | TL: 6.378e-01 | VA: 68.19 | VL: 6.424e-01 | Norm: 1.19e-03 | time: 1.93e+01 |
| epoch: 6000 | TA: 69.16 | TL: 6.364e-01 | VA: 72.23 | VL: 6.389e-01 | Norm: 1.39e-03 | time: 1.92e+01 |
| epoch: 6100 | TA: 68.65 | TL: 6.347e-01 | VA: 72.29 | VL: 6.320e-01 | Norm: 1.17e-03 | time: 1.93e+01 |
| epoch: 6200 | TA: 70.96 | TL: 6.271e-01 | VA: 67.90 | VL: 6.283e-01 | Norm: 1.12e-03 | time: 1.94e+01 |
Early stop.
Finished.
Training with penalty:57.54399 seed:9.
The ID for this training is 1658717998.
| epoch:    0 | TA: 1.98 | TL: 7.045e-01 | VA: 46.18 | VL: 1.016e+00 | Norm: 5.42e-03 | time: 1.83e-01 |
| epoch:  100 | TA: 73.93 | TL: 6.632e-01 | VA: 71.34 | VL: 6.835e-01 | Norm: 1.03e-03 | time: 1.84e+01 |
| epoch:  200 | TA: 74.37 | TL: 6.507e-01 | VA: 71.02 | VL: 6.662e-01 | Norm: 9.65e-04 | time: 1.85e+01 |
| epoch:  300 | TA: 74.33 | TL: 6.431e-01 | VA: 66.41 | VL: 6.596e-01 | Norm: 9.25e-04 | time: 1.85e+01 |
| epoch:  400 | TA: 71.07 | TL: 6.429e-01 | VA: 70.35 | VL: 6.640e-01 | Norm: 1.01e-03 | time: 1.86e+01 |
| epoch:  500 | TA: 69.65 | TL: 6.440e-01 | VA: 70.88 | VL: 6.604e-01 | Norm: 9.22e-04 | time: 1.88e+01 |
| epoch:  600 | TA: 75.21 | TL: 6.372e-01 | VA: 68.17 | VL: 6.661e-01 | Norm: 1.03e-03 | time: 1.88e+01 |
| epoch:  700 | TA: 72.97 | TL: 6.357e-01 | VA: 72.64 | VL: 6.572e-01 | Norm: 9.55e-04 | time: 1.89e+01 |
| epoch:  800 | TA: 70.11 | TL: 6.396e-01 | VA: 66.89 | VL: 6.559e-01 | Norm: 8.95e-04 | time: 1.89e+01 |
| epoch:  900 | TA: 71.61 | TL: 6.346e-01 | VA: 69.52 | VL: 6.558e-01 | Norm: 8.73e-04 | time: 1.90e+01 |
| epoch: 1000 | TA: 74.83 | TL: 6.296e-01 | VA: 70.12 | VL: 6.508e-01 | Norm: 8.17e-04 | time: 1.90e+01 |
| epoch: 1100 | TA: 72.02 | TL: 6.402e-01 | VA: 68.79 | VL: 6.579e-01 | Norm: 8.87e-04 | time: 1.90e+01 |
| epoch: 1200 | TA: 67.88 | TL: 6.359e-01 | VA: 66.93 | VL: 6.499e-01 | Norm: 8.26e-04 | time: 1.90e+01 |
| epoch: 1300 | TA: 72.71 | TL: 6.332e-01 | VA: 67.53 | VL: 6.569e-01 | Norm: 9.18e-04 | time: 1.90e+01 |
| epoch: 1400 | TA: 74.13 | TL: 6.286e-01 | VA: 69.07 | VL: 6.542e-01 | Norm: 8.86e-04 | time: 1.90e+01 |
| epoch: 1500 | TA: 71.45 | TL: 6.304e-01 | VA: 73.28 | VL: 6.469e-01 | Norm: 8.18e-04 | time: 1.90e+01 |
| epoch: 1600 | TA: 76.66 | TL: 6.411e-01 | VA: 72.65 | VL: 6.597e-01 | Norm: 9.54e-04 | time: 1.90e+01 |
| epoch: 1700 | TA: 74.90 | TL: 6.348e-01 | VA: 70.66 | VL: 6.433e-01 | Norm: 7.73e-04 | time: 1.90e+01 |
| epoch: 1800 | TA: 74.44 | TL: 6.218e-01 | VA: 71.64 | VL: 6.425e-01 | Norm: 7.95e-04 | time: 1.91e+01 |
| epoch: 1900 | TA: 73.77 | TL: 6.245e-01 | VA: 67.15 | VL: 6.433e-01 | Norm: 7.99e-04 | time: 1.91e+01 |
| epoch: 2000 | TA: 74.88 | TL: 6.321e-01 | VA: 70.39 | VL: 6.393e-01 | Norm: 7.68e-04 | time: 1.91e+01 |
| epoch: 2100 | TA: 70.87 | TL: 6.252e-01 | VA: 68.59 | VL: 6.555e-01 | Norm: 6.95e-04 | time: 1.91e+01 |
| epoch: 2200 | TA: 69.36 | TL: 6.260e-01 | VA: 69.38 | VL: 6.499e-01 | Norm: 6.09e-04 | time: 1.91e+01 |
| epoch: 2300 | TA: 73.24 | TL: 6.280e-01 | VA: 71.13 | VL: 6.541e-01 | Norm: 6.73e-04 | time: 1.92e+01 |
| epoch: 2400 | TA: 70.12 | TL: 6.315e-01 | VA: 66.21 | VL: 6.610e-01 | Norm: 7.72e-04 | time: 1.91e+01 |
| epoch: 2500 | TA: 75.85 | TL: 6.308e-01 | VA: 72.71 | VL: 6.614e-01 | Norm: 8.01e-04 | time: 1.91e+01 |
| epoch: 2600 | TA: 71.85 | TL: 6.206e-01 | VA: 65.00 | VL: 6.478e-01 | Norm: 5.85e-04 | time: 1.91e+01 |
| epoch: 2700 | TA: 69.13 | TL: 6.251e-01 | VA: 68.28 | VL: 6.526e-01 | Norm: 6.55e-04 | time: 1.91e+01 |
| epoch: 2800 | TA: 74.73 | TL: 6.219e-01 | VA: 69.23 | VL: 6.499e-01 | Norm: 6.27e-04 | time: 1.91e+01 |
| epoch: 2900 | TA: 70.14 | TL: 6.228e-01 | VA: 67.34 | VL: 6.506e-01 | Norm: 6.05e-04 | time: 1.91e+01 |
| epoch: 3000 | TA: 72.55 | TL: 6.260e-01 | VA: 71.67 | VL: 6.498e-01 | Norm: 6.31e-04 | time: 1.92e+01 |
Early stop.
Finished.
Training with penalty:87.09636 seed:9.
The ID for this training is 1658718594.
| epoch:    0 | TA: 1.98 | TL: 7.045e-01 | VA: 46.18 | VL: 1.176e+00 | Norm: 5.42e-03 | time: 1.86e-01 |
| epoch:  100 | TA: 70.98 | TL: 6.955e-01 | VA: 65.97 | VL: 7.048e-01 | Norm: 4.15e-04 | time: 1.83e+01 |
| epoch:  200 | TA: 68.26 | TL: 6.806e-01 | VA: 68.23 | VL: 6.993e-01 | Norm: 5.78e-04 | time: 1.85e+01 |
| epoch:  300 | TA: 70.51 | TL: 6.773e-01 | VA: 67.12 | VL: 6.947e-01 | Norm: 5.53e-04 | time: 1.86e+01 |
| epoch:  400 | TA: 71.16 | TL: 6.775e-01 | VA: 70.50 | VL: 6.892e-01 | Norm: 5.65e-04 | time: 1.87e+01 |
| epoch:  500 | TA: 69.66 | TL: 6.699e-01 | VA: 68.83 | VL: 6.814e-01 | Norm: 6.78e-04 | time: 1.88e+01 |
| epoch:  600 | TA: 72.71 | TL: 6.717e-01 | VA: 69.48 | VL: 6.768e-01 | Norm: 7.08e-04 | time: 1.89e+01 |
| epoch:  700 | TA: 68.91 | TL: 6.614e-01 | VA: 68.07 | VL: 6.743e-01 | Norm: 7.45e-04 | time: 1.89e+01 |
| epoch:  800 | TA: 73.38 | TL: 6.552e-01 | VA: 68.05 | VL: 6.625e-01 | Norm: 6.99e-04 | time: 1.90e+01 |
| epoch:  900 | TA: 68.83 | TL: 6.555e-01 | VA: 65.69 | VL: 6.643e-01 | Norm: 8.19e-04 | time: 1.90e+01 |
| epoch: 1000 | TA: 75.25 | TL: 6.549e-01 | VA: 74.77 | VL: 6.645e-01 | Norm: 8.65e-04 | time: 1.90e+01 |
| epoch: 1100 | TA: 77.75 | TL: 6.497e-01 | VA: 70.00 | VL: 6.623e-01 | Norm: 8.53e-04 | time: 1.90e+01 |
| epoch: 1200 | TA: 75.55 | TL: 6.415e-01 | VA: 66.97 | VL: 6.519e-01 | Norm: 7.54e-04 | time: 1.90e+01 |
| epoch: 1300 | TA: 72.27 | TL: 6.564e-01 | VA: 68.80 | VL: 6.570e-01 | Norm: 7.32e-04 | time: 1.91e+01 |
| epoch: 1400 | TA: 73.01 | TL: 6.387e-01 | VA: 70.00 | VL: 6.497e-01 | Norm: 6.44e-04 | time: 1.90e+01 |
| epoch: 1500 | TA: 68.04 | TL: 6.442e-01 | VA: 72.51 | VL: 6.452e-01 | Norm: 6.48e-04 | time: 1.91e+01 |
| epoch: 1600 | TA: 73.61 | TL: 6.410e-01 | VA: 68.87 | VL: 6.476e-01 | Norm: 6.70e-04 | time: 1.91e+01 |
| epoch: 1700 | TA: 75.45 | TL: 6.359e-01 | VA: 71.45 | VL: 6.420e-01 | Norm: 6.53e-04 | time: 1.91e+01 |
| epoch: 1800 | TA: 74.64 | TL: 6.380e-01 | VA: 72.49 | VL: 6.447e-01 | Norm: 6.23e-04 | time: 1.91e+01 |
| epoch: 1900 | TA: 74.65 | TL: 6.418e-01 | VA: 70.83 | VL: 6.465e-01 | Norm: 6.22e-04 | time: 1.91e+01 |
| epoch: 2000 | TA: 68.20 | TL: 6.352e-01 | VA: 67.21 | VL: 6.404e-01 | Norm: 5.95e-04 | time: 1.91e+01 |
| epoch: 2100 | TA: 70.41 | TL: 6.331e-01 | VA: 67.71 | VL: 6.395e-01 | Norm: 6.32e-04 | time: 1.91e+01 |
| epoch: 2200 | TA: 70.65 | TL: 6.522e-01 | VA: 64.12 | VL: 6.570e-01 | Norm: 7.06e-04 | time: 1.91e+01 |
| epoch: 2300 | TA: 66.74 | TL: 6.442e-01 | VA: 68.61 | VL: 6.451e-01 | Norm: 6.43e-04 | time: 1.91e+01 |
| epoch: 2400 | TA: 70.77 | TL: 6.427e-01 | VA: 71.42 | VL: 6.444e-01 | Norm: 6.10e-04 | time: 1.91e+01 |
| epoch: 2500 | TA: 70.78 | TL: 6.350e-01 | VA: 68.45 | VL: 6.432e-01 | Norm: 6.33e-04 | time: 1.91e+01 |
| epoch: 2600 | TA: 69.04 | TL: 6.342e-01 | VA: 64.95 | VL: 6.496e-01 | Norm: 6.19e-04 | time: 1.91e+01 |
| epoch: 2700 | TA: 69.04 | TL: 6.407e-01 | VA: 62.53 | VL: 6.425e-01 | Norm: 6.12e-04 | time: 1.91e+01 |
| epoch: 2800 | TA: 68.25 | TL: 6.419e-01 | VA: 68.21 | VL: 6.504e-01 | Norm: 6.15e-04 | time: 1.91e+01 |
| epoch: 2900 | TA: 73.05 | TL: 6.402e-01 | VA: 64.11 | VL: 6.458e-01 | Norm: 5.59e-04 | time: 1.91e+01 |
| epoch: 3000 | TA: 69.50 | TL: 6.382e-01 | VA: 65.36 | VL: 6.470e-01 | Norm: 6.13e-04 | time: 1.91e+01 |
| epoch: 3100 | TA: 66.96 | TL: 6.382e-01 | VA: 63.88 | VL: 6.399e-01 | Norm: 5.69e-04 | time: 1.91e+01 |
| epoch: 3200 | TA: 69.38 | TL: 6.366e-01 | VA: 62.79 | VL: 6.539e-01 | Norm: 6.40e-04 | time: 1.91e+01 |
| epoch: 3300 | TA: 69.54 | TL: 6.310e-01 | VA: 69.24 | VL: 6.419e-01 | Norm: 6.06e-04 | time: 1.91e+01 |
| epoch: 3400 | TA: 67.35 | TL: 6.390e-01 | VA: 67.97 | VL: 6.397e-01 | Norm: 5.98e-04 | time: 1.91e+01 |
| epoch: 3500 | TA: 68.51 | TL: 6.603e-01 | VA: 59.01 | VL: 6.580e-01 | Norm: 6.45e-04 | time: 1.91e+01 |
| epoch: 3600 | TA: 69.50 | TL: 6.349e-01 | VA: 68.58 | VL: 6.382e-01 | Norm: 5.87e-04 | time: 1.91e+01 |
| epoch: 3700 | TA: 66.70 | TL: 6.423e-01 | VA: 67.11 | VL: 6.422e-01 | Norm: 6.30e-04 | time: 1.91e+01 |
| epoch: 3800 | TA: 66.46 | TL: 6.350e-01 | VA: 64.33 | VL: 6.429e-01 | Norm: 5.94e-04 | time: 1.91e+01 |
| epoch: 3900 | TA: 69.51 | TL: 6.467e-01 | VA: 66.28 | VL: 6.493e-01 | Norm: 6.38e-04 | time: 1.91e+01 |
| epoch: 4000 | TA: 71.66 | TL: 6.384e-01 | VA: 63.56 | VL: 6.501e-01 | Norm: 5.87e-04 | time: 1.91e+01 |
| epoch: 4100 | TA: 69.82 | TL: 6.371e-01 | VA: 66.76 | VL: 6.427e-01 | Norm: 6.15e-04 | time: 1.91e+01 |
| epoch: 4200 | TA: 68.49 | TL: 6.330e-01 | VA: 68.64 | VL: 6.376e-01 | Norm: 6.19e-04 | time: 1.91e+01 |
| epoch: 4300 | TA: 67.83 | TL: 6.393e-01 | VA: 63.63 | VL: 6.431e-01 | Norm: 5.22e-04 | time: 1.91e+01 |
| epoch: 4400 | TA: 65.95 | TL: 6.360e-01 | VA: 69.53 | VL: 6.508e-01 | Norm: 5.96e-04 | time: 1.91e+01 |
| epoch: 4500 | TA: 68.26 | TL: 6.365e-01 | VA: 67.32 | VL: 6.389e-01 | Norm: 5.24e-04 | time: 1.91e+01 |
| epoch: 4600 | TA: 66.51 | TL: 6.337e-01 | VA: 70.09 | VL: 6.381e-01 | Norm: 5.87e-04 | time: 1.91e+01 |
| epoch: 4700 | TA: 62.97 | TL: 6.430e-01 | VA: 68.24 | VL: 6.431e-01 | Norm: 5.69e-04 | time: 1.92e+01 |
| epoch: 4800 | TA: 71.15 | TL: 6.365e-01 | VA: 64.94 | VL: 6.451e-01 | Norm: 6.32e-04 | time: 1.91e+01 |
| epoch: 4900 | TA: 69.59 | TL: 6.285e-01 | VA: 65.46 | VL: 6.423e-01 | Norm: 6.26e-04 | time: 1.91e+01 |
| epoch: 5000 | TA: 68.47 | TL: 6.240e-01 | VA: 64.29 | VL: 6.409e-01 | Norm: 5.59e-04 | time: 1.91e+01 |
| epoch: 5100 | TA: 67.66 | TL: 6.316e-01 | VA: 65.92 | VL: 6.371e-01 | Norm: 5.66e-04 | time: 1.91e+01 |
| epoch: 5200 | TA: 66.55 | TL: 6.315e-01 | VA: 64.36 | VL: 6.333e-01 | Norm: 5.21e-04 | time: 1.91e+01 |
| epoch: 5300 | TA: 70.06 | TL: 6.355e-01 | VA: 67.62 | VL: 6.446e-01 | Norm: 5.89e-04 | time: 1.91e+01 |
| epoch: 5400 | TA: 70.13 | TL: 6.332e-01 | VA: 69.60 | VL: 6.369e-01 | Norm: 6.15e-04 | time: 1.91e+01 |
| epoch: 5500 | TA: 69.41 | TL: 6.297e-01 | VA: 69.89 | VL: 6.364e-01 | Norm: 5.25e-04 | time: 1.91e+01 |
| epoch: 5600 | TA: 71.27 | TL: 6.326e-01 | VA: 71.46 | VL: 6.343e-01 | Norm: 5.47e-04 | time: 1.91e+01 |
Early stop.
Finished.
Training with penalty:131.82567 seed:9.
The ID for this training is 1658719697.
| epoch:    0 | TA: 1.98 | TL: 7.045e-01 | VA: 46.18 | VL: 1.418e+00 | Norm: 5.42e-03 | time: 1.83e-01 |
| epoch:  100 | TA: 69.44 | TL: 6.941e-01 | VA: 66.87 | VL: 7.027e-01 | Norm: 4.01e-04 | time: 1.83e+01 |
| epoch:  200 | TA: 66.31 | TL: 6.632e-01 | VA: 67.57 | VL: 6.801e-01 | Norm: 3.62e-04 | time: 1.84e+01 |
| epoch:  300 | TA: 67.84 | TL: 6.690e-01 | VA: 57.71 | VL: 6.940e-01 | Norm: 4.42e-04 | time: 1.86e+01 |
| epoch:  400 | TA: 72.89 | TL: 6.602e-01 | VA: 67.46 | VL: 6.881e-01 | Norm: 4.30e-04 | time: 1.86e+01 |
| epoch:  500 | TA: 68.22 | TL: 6.565e-01 | VA: 71.83 | VL: 6.782e-01 | Norm: 3.66e-04 | time: 1.88e+01 |
| epoch:  600 | TA: 70.46 | TL: 6.598e-01 | VA: 68.49 | VL: 6.719e-01 | Norm: 3.18e-04 | time: 1.88e+01 |
| epoch:  700 | TA: 63.47 | TL: 6.629e-01 | VA: 66.50 | VL: 6.738e-01 | Norm: 3.24e-04 | time: 1.88e+01 |
| epoch:  800 | TA: 67.84 | TL: 6.588e-01 | VA: 67.68 | VL: 6.695e-01 | Norm: 3.10e-04 | time: 1.89e+01 |
| epoch:  900 | TA: 68.59 | TL: 6.496e-01 | VA: 66.92 | VL: 6.778e-01 | Norm: 3.66e-04 | time: 1.89e+01 |
| epoch: 1000 | TA: 71.20 | TL: 6.540e-01 | VA: 65.53 | VL: 6.732e-01 | Norm: 3.48e-04 | time: 1.90e+01 |
| epoch: 1100 | TA: 73.81 | TL: 6.513e-01 | VA: 68.27 | VL: 6.772e-01 | Norm: 3.63e-04 | time: 1.90e+01 |
| epoch: 1200 | TA: 72.23 | TL: 6.564e-01 | VA: 69.03 | VL: 6.816e-01 | Norm: 3.88e-04 | time: 1.90e+01 |
| epoch: 1300 | TA: 72.97 | TL: 6.599e-01 | VA: 69.60 | VL: 6.889e-01 | Norm: 4.62e-04 | time: 1.90e+01 |
| epoch: 1400 | TA: 71.69 | TL: 6.608e-01 | VA: 66.16 | VL: 6.729e-01 | Norm: 3.25e-04 | time: 1.91e+01 |
| epoch: 1500 | TA: 70.21 | TL: 6.554e-01 | VA: 65.84 | VL: 6.729e-01 | Norm: 3.31e-04 | time: 1.91e+01 |
| epoch: 1600 | TA: 68.16 | TL: 6.479e-01 | VA: 71.80 | VL: 6.736e-01 | Norm: 3.41e-04 | time: 1.91e+01 |
| epoch: 1700 | TA: 72.17 | TL: 6.534e-01 | VA: 66.32 | VL: 6.681e-01 | Norm: 2.76e-04 | time: 1.91e+01 |
| epoch: 1800 | TA: 71.10 | TL: 6.606e-01 | VA: 69.98 | VL: 6.687e-01 | Norm: 3.11e-04 | time: 1.91e+01 |
| epoch: 1900 | TA: 71.66 | TL: 6.510e-01 | VA: 68.57 | VL: 6.672e-01 | Norm: 2.98e-04 | time: 1.91e+01 |
| epoch: 2000 | TA: 66.47 | TL: 6.543e-01 | VA: 73.94 | VL: 6.758e-01 | Norm: 3.69e-04 | time: 1.91e+01 |
| epoch: 2100 | TA: 74.95 | TL: 6.733e-01 | VA: 63.27 | VL: 6.771e-01 | Norm: 3.46e-04 | time: 1.91e+01 |
| epoch: 2200 | TA: 68.82 | TL: 6.611e-01 | VA: 70.11 | VL: 6.803e-01 | Norm: 3.98e-04 | time: 1.91e+01 |
| epoch: 2300 | TA: 68.09 | TL: 6.555e-01 | VA: 66.77 | VL: 6.702e-01 | Norm: 3.27e-04 | time: 1.91e+01 |
| epoch: 2400 | TA: 69.19 | TL: 6.491e-01 | VA: 67.23 | VL: 6.644e-01 | Norm: 2.82e-04 | time: 1.91e+01 |
| epoch: 2500 | TA: 66.71 | TL: 6.498e-01 | VA: 72.40 | VL: 6.710e-01 | Norm: 3.41e-04 | time: 1.91e+01 |
| epoch: 2600 | TA: 68.54 | TL: 6.551e-01 | VA: 69.04 | VL: 6.752e-01 | Norm: 3.57e-04 | time: 1.91e+01 |
| epoch: 2700 | TA: 71.91 | TL: 6.547e-01 | VA: 64.79 | VL: 6.719e-01 | Norm: 3.42e-04 | time: 1.91e+01 |
| epoch: 2800 | TA: 71.93 | TL: 6.420e-01 | VA: 70.55 | VL: 6.732e-01 | Norm: 3.64e-04 | time: 1.92e+01 |
| epoch: 2900 | TA: 70.94 | TL: 6.446e-01 | VA: 68.18 | VL: 6.696e-01 | Norm: 3.24e-04 | time: 1.92e+01 |
| epoch: 3000 | TA: 73.07 | TL: 6.532e-01 | VA: 67.96 | VL: 6.769e-01 | Norm: 3.71e-04 | time: 1.91e+01 |
| epoch: 3100 | TA: 69.05 | TL: 6.459e-01 | VA: 73.37 | VL: 6.687e-01 | Norm: 3.21e-04 | time: 1.92e+01 |
| epoch: 3200 | TA: 70.08 | TL: 6.545e-01 | VA: 71.44 | VL: 6.758e-01 | Norm: 3.43e-04 | time: 1.92e+01 |
| epoch: 3300 | TA: 69.93 | TL: 6.587e-01 | VA: 72.42 | VL: 6.772e-01 | Norm: 3.78e-04 | time: 1.92e+01 |
| epoch: 3400 | TA: 72.91 | TL: 6.470e-01 | VA: 73.25 | VL: 6.669e-01 | Norm: 3.09e-04 | time: 1.92e+01 |
| epoch: 3500 | TA: 62.67 | TL: 6.494e-01 | VA: 71.64 | VL: 6.764e-01 | Norm: 3.62e-04 | time: 1.92e+01 |
| epoch: 3600 | TA: 71.94 | TL: 6.436e-01 | VA: 68.75 | VL: 6.688e-01 | Norm: 3.22e-04 | time: 1.92e+01 |
| epoch: 3700 | TA: 71.37 | TL: 6.520e-01 | VA: 68.70 | VL: 6.681e-01 | Norm: 3.23e-04 | time: 1.92e+01 |
Early stop.
Finished.
Training with penalty:199.52623 seed:9.
The ID for this training is 1658720422.
| epoch:    0 | TA: 1.98 | TL: 7.045e-01 | VA: 46.18 | VL: 1.785e+00 | Norm: 5.42e-03 | time: 1.82e-01 |
| epoch:  100 | TA: 66.47 | TL: 7.022e-01 | VA: 67.33 | VL: 7.254e-01 | Norm: 3.71e-04 | time: 1.83e+01 |
| epoch:  200 | TA: 65.86 | TL: 6.826e-01 | VA: 67.62 | VL: 7.013e-01 | Norm: 3.33e-04 | time: 1.85e+01 |
| epoch:  300 | TA: 65.31 | TL: 6.818e-01 | VA: 65.78 | VL: 6.902e-01 | Norm: 2.94e-04 | time: 1.86e+01 |
| epoch:  400 | TA: 65.31 | TL: 6.822e-01 | VA: 65.38 | VL: 6.931e-01 | Norm: 3.06e-04 | time: 1.87e+01 |
| epoch:  500 | TA: 69.06 | TL: 6.747e-01 | VA: 66.67 | VL: 6.895e-01 | Norm: 2.99e-04 | time: 1.87e+01 |
| epoch:  600 | TA: 67.56 | TL: 6.863e-01 | VA: 66.19 | VL: 6.974e-01 | Norm: 3.22e-04 | time: 1.88e+01 |
| epoch:  700 | TA: 67.42 | TL: 6.784e-01 | VA: 66.00 | VL: 6.961e-01 | Norm: 3.26e-04 | time: 1.88e+01 |
| epoch:  800 | TA: 68.52 | TL: 6.787e-01 | VA: 65.22 | VL: 7.013e-01 | Norm: 3.71e-04 | time: 1.89e+01 |
| epoch:  900 | TA: 66.23 | TL: 6.740e-01 | VA: 65.09 | VL: 7.055e-01 | Norm: 3.98e-04 | time: 1.89e+01 |
| epoch: 1000 | TA: 67.29 | TL: 6.745e-01 | VA: 66.49 | VL: 6.993e-01 | Norm: 3.69e-04 | time: 1.90e+01 |
| epoch: 1100 | TA: 67.05 | TL: 6.693e-01 | VA: 64.22 | VL: 6.985e-01 | Norm: 3.51e-04 | time: 1.90e+01 |
| epoch: 1200 | TA: 65.96 | TL: 6.841e-01 | VA: 65.18 | VL: 6.961e-01 | Norm: 3.37e-04 | time: 1.90e+01 |
| epoch: 1300 | TA: 69.63 | TL: 6.765e-01 | VA: 69.25 | VL: 6.961e-01 | Norm: 3.29e-04 | time: 1.90e+01 |
| epoch: 1400 | TA: 67.08 | TL: 6.961e-01 | VA: 65.54 | VL: 7.068e-01 | Norm: 3.88e-04 | time: 1.90e+01 |
| epoch: 1500 | TA: 65.20 | TL: 6.811e-01 | VA: 62.62 | VL: 7.048e-01 | Norm: 3.74e-04 | time: 1.91e+01 |
| epoch: 1600 | TA: 68.75 | TL: 6.711e-01 | VA: 62.00 | VL: 6.965e-01 | Norm: 3.56e-04 | time: 1.91e+01 |
| epoch: 1700 | TA: 70.76 | TL: 6.840e-01 | VA: 70.28 | VL: 6.927e-01 | Norm: 3.27e-04 | time: 1.90e+01 |
| epoch: 1800 | TA: 68.79 | TL: 6.736e-01 | VA: 69.69 | VL: 6.880e-01 | Norm: 3.11e-04 | time: 1.91e+01 |
| epoch: 1900 | TA: 70.55 | TL: 6.703e-01 | VA: 65.12 | VL: 6.910e-01 | Norm: 3.12e-04 | time: 1.91e+01 |
| epoch: 2000 | TA: 68.33 | TL: 6.814e-01 | VA: 64.03 | VL: 6.952e-01 | Norm: 3.51e-04 | time: 1.91e+01 |
| epoch: 2100 | TA: 64.31 | TL: 6.704e-01 | VA: 68.80 | VL: 6.937e-01 | Norm: 3.42e-04 | time: 1.91e+01 |
| epoch: 2200 | TA: 67.87 | TL: 6.826e-01 | VA: 63.18 | VL: 6.814e-01 | Norm: 2.89e-04 | time: 1.91e+01 |
| epoch: 2300 | TA: 72.43 | TL: 6.877e-01 | VA: 65.91 | VL: 6.907e-01 | Norm: 3.16e-04 | time: 1.91e+01 |
| epoch: 2400 | TA: 64.43 | TL: 6.699e-01 | VA: 67.48 | VL: 6.999e-01 | Norm: 3.78e-04 | time: 1.91e+01 |
| epoch: 2500 | TA: 67.14 | TL: 6.660e-01 | VA: 70.99 | VL: 6.949e-01 | Norm: 3.45e-04 | time: 1.91e+01 |
| epoch: 2600 | TA: 68.19 | TL: 6.609e-01 | VA: 68.05 | VL: 6.831e-01 | Norm: 2.86e-04 | time: 1.91e+01 |
| epoch: 2700 | TA: 65.34 | TL: 6.766e-01 | VA: 62.17 | VL: 6.972e-01 | Norm: 3.54e-04 | time: 1.91e+01 |
Early stop.
Finished.
Training with penalty:301.99517 seed:9.
The ID for this training is 1658720966.
| epoch:    0 | TA: 1.98 | TL: 7.045e-01 | VA: 46.18 | VL: 2.340e+00 | Norm: 5.42e-03 | time: 1.82e-01 |
| epoch:  100 | TA: 67.76 | TL: 7.515e-01 | VA: 65.82 | VL: 7.412e-01 | Norm: 2.53e-04 | time: 1.83e+01 |
| epoch:  200 | TA: 70.91 | TL: 7.238e-01 | VA: 69.10 | VL: 7.463e-01 | Norm: 2.98e-04 | time: 1.85e+01 |
| epoch:  300 | TA: 67.24 | TL: 7.441e-01 | VA: 67.56 | VL: 7.463e-01 | Norm: 3.09e-04 | time: 1.86e+01 |
| epoch:  400 | TA: 67.55 | TL: 7.292e-01 | VA: 66.82 | VL: 7.355e-01 | Norm: 2.69e-04 | time: 1.87e+01 |
| epoch:  500 | TA: 70.02 | TL: 7.428e-01 | VA: 64.99 | VL: 7.655e-01 | Norm: 3.77e-04 | time: 1.88e+01 |
| epoch:  600 | TA: 68.61 | TL: 7.299e-01 | VA: 66.04 | VL: 7.581e-01 | Norm: 3.46e-04 | time: 1.88e+01 |
| epoch:  700 | TA: 65.78 | TL: 7.277e-01 | VA: 66.12 | VL: 7.523e-01 | Norm: 3.20e-04 | time: 1.88e+01 |
| epoch:  800 | TA: 65.71 | TL: 7.476e-01 | VA: 63.40 | VL: 7.516e-01 | Norm: 3.28e-04 | time: 1.89e+01 |
| epoch:  900 | TA: 70.17 | TL: 7.455e-01 | VA: 70.09 | VL: 7.481e-01 | Norm: 3.22e-04 | time: 1.89e+01 |
| epoch: 1000 | TA: 69.30 | TL: 7.414e-01 | VA: 67.39 | VL: 7.578e-01 | Norm: 3.53e-04 | time: 1.89e+01 |
Early stop.
Finished.
Training with penalty:457.08819 seed:9.
The ID for this training is 1658721177.
| epoch:    0 | TA: 1.98 | TL: 7.045e-01 | VA: 46.18 | VL: 3.180e+00 | Norm: 5.42e-03 | time: 1.83e-01 |
| epoch:  100 | TA: 68.35 | TL: 7.598e-01 | VA: 67.10 | VL: 8.139e-01 | Norm: 3.45e-04 | time: 1.83e+01 |
| epoch:  200 | TA: 66.21 | TL: 7.448e-01 | VA: 66.59 | VL: 7.830e-01 | Norm: 2.96e-04 | time: 1.85e+01 |
| epoch:  300 | TA: 65.37 | TL: 7.361e-01 | VA: 61.71 | VL: 7.552e-01 | Norm: 2.42e-04 | time: 1.86e+01 |
| epoch:  400 | TA: 68.13 | TL: 7.434e-01 | VA: 64.96 | VL: 7.510e-01 | Norm: 2.31e-04 | time: 1.87e+01 |
| epoch:  500 | TA: 64.57 | TL: 7.240e-01 | VA: 68.89 | VL: 7.702e-01 | Norm: 2.82e-04 | time: 1.88e+01 |
| epoch:  600 | TA: 63.44 | TL: 7.393e-01 | VA: 67.77 | VL: 7.499e-01 | Norm: 2.39e-04 | time: 1.88e+01 |
| epoch:  700 | TA: 69.14 | TL: 7.572e-01 | VA: 66.11 | VL: 7.767e-01 | Norm: 2.98e-04 | time: 1.89e+01 |
| epoch:  800 | TA: 67.63 | TL: 7.207e-01 | VA: 71.39 | VL: 7.689e-01 | Norm: 2.84e-04 | time: 1.89e+01 |
| epoch:  900 | TA: 69.86 | TL: 7.300e-01 | VA: 68.20 | VL: 7.646e-01 | Norm: 2.72e-04 | time: 1.90e+01 |
| epoch: 1000 | TA: 67.42 | TL: 7.461e-01 | VA: 66.73 | VL: 7.372e-01 | Norm: 2.15e-04 | time: 1.90e+01 |
| epoch: 1100 | TA: 65.98 | TL: 7.219e-01 | VA: 69.94 | VL: 7.467e-01 | Norm: 2.37e-04 | time: 1.91e+01 |
| epoch: 1200 | TA: 68.35 | TL: 7.399e-01 | VA: 66.06 | VL: 7.511e-01 | Norm: 2.46e-04 | time: 1.91e+01 |
| epoch: 1300 | TA: 65.87 | TL: 7.188e-01 | VA: 66.12 | VL: 7.547e-01 | Norm: 2.56e-04 | time: 1.91e+01 |
| epoch: 1400 | TA: 66.01 | TL: 7.231e-01 | VA: 63.53 | VL: 7.969e-01 | Norm: 3.43e-04 | time: 1.91e+01 |
| epoch: 1500 | TA: 70.31 | TL: 7.290e-01 | VA: 61.49 | VL: 7.537e-01 | Norm: 2.53e-04 | time: 1.91e+01 |
| epoch: 1600 | TA: 70.23 | TL: 7.582e-01 | VA: 65.22 | VL: 7.527e-01 | Norm: 2.53e-04 | time: 1.91e+01 |
| epoch: 1700 | TA: 61.84 | TL: 7.161e-01 | VA: 65.15 | VL: 7.486e-01 | Norm: 2.48e-04 | time: 1.91e+01 |
| epoch: 1800 | TA: 68.52 | TL: 7.267e-01 | VA: 64.49 | VL: 7.459e-01 | Norm: 2.37e-04 | time: 1.91e+01 |
| epoch: 1900 | TA: 65.28 | TL: 7.209e-01 | VA: 64.61 | VL: 7.499e-01 | Norm: 2.50e-04 | time: 1.91e+01 |
| epoch: 2000 | TA: 68.35 | TL: 7.475e-01 | VA: 65.62 | VL: 7.283e-01 | Norm: 2.03e-04 | time: 1.91e+01 |
| epoch: 2100 | TA: 67.71 | TL: 7.419e-01 | VA: 70.75 | VL: 7.501e-01 | Norm: 2.50e-04 | time: 1.91e+01 |
| epoch: 2200 | TA: 66.48 | TL: 6.983e-01 | VA: 68.37 | VL: 7.465e-01 | Norm: 2.41e-04 | time: 1.91e+01 |
| epoch: 2300 | TA: 69.52 | TL: 7.245e-01 | VA: 69.51 | VL: 7.654e-01 | Norm: 2.84e-04 | time: 1.91e+01 |
| epoch: 2400 | TA: 65.19 | TL: 7.245e-01 | VA: 67.02 | VL: 7.184e-01 | Norm: 1.80e-04 | time: 1.91e+01 |
| epoch: 2500 | TA: 67.69 | TL: 7.416e-01 | VA: 64.43 | VL: 7.662e-01 | Norm: 2.88e-04 | time: 1.92e+01 |
| epoch: 2600 | TA: 63.76 | TL: 7.201e-01 | VA: 60.14 | VL: 7.577e-01 | Norm: 2.66e-04 | time: 1.91e+01 |
Early stop.
Finished.
Training with penalty:691.83097 seed:9.
The ID for this training is 1658721694.
| epoch:    0 | TA: 1.98 | TL: 7.045e-01 | VA: 46.18 | VL: 4.451e+00 | Norm: 5.42e-03 | time: 1.83e-01 |
| epoch:  100 | TA: 66.89 | TL: 7.817e-01 | VA: 64.32 | VL: 7.991e-01 | Norm: 2.00e-04 | time: 1.84e+01 |
| epoch:  200 | TA: 67.21 | TL: 7.867e-01 | VA: 64.15 | VL: 8.415e-01 | Norm: 2.70e-04 | time: 1.84e+01 |
| epoch:  300 | TA: 66.36 | TL: 7.611e-01 | VA: 65.08 | VL: 8.037e-01 | Norm: 2.21e-04 | time: 1.86e+01 |
| epoch:  400 | TA: 66.92 | TL: 8.095e-01 | VA: 65.33 | VL: 8.456e-01 | Norm: 2.85e-04 | time: 1.87e+01 |
| epoch:  500 | TA: 68.14 | TL: 8.215e-01 | VA: 65.94 | VL: 8.377e-01 | Norm: 2.78e-04 | time: 1.87e+01 |
| epoch:  600 | TA: 66.72 | TL: 8.150e-01 | VA: 64.39 | VL: 8.430e-01 | Norm: 2.87e-04 | time: 1.88e+01 |
| epoch:  700 | TA: 65.49 | TL: 7.994e-01 | VA: 64.90 | VL: 9.123e-01 | Norm: 3.86e-04 | time: 1.88e+01 |
| epoch:  800 | TA: 65.40 | TL: 8.050e-01 | VA: 62.61 | VL: 8.065e-01 | Norm: 2.38e-04 | time: 1.88e+01 |
| epoch:  900 | TA: 68.79 | TL: 8.249e-01 | VA: 62.43 | VL: 8.058e-01 | Norm: 2.38e-04 | time: 1.88e+01 |
| epoch: 1000 | TA: 56.10 | TL: 7.427e-01 | VA: 66.21 | VL: 8.031e-01 | Norm: 2.36e-04 | time: 1.89e+01 |
Early stop.
Finished.
Training with penalty:1047.12855 seed:9.
The ID for this training is 1658721897.
| epoch:    0 | TA: 1.98 | TL: 7.045e-01 | VA: 46.18 | VL: 6.375e+00 | Norm: 5.42e-03 | time: 1.82e-01 |
| epoch:  100 | TA: 67.59 | TL: 8.146e-01 | VA: 65.72 | VL: 7.998e-01 | Norm: 1.31e-04 | time: 1.84e+01 |
| epoch:  200 | TA: 67.83 | TL: 8.044e-01 | VA: 64.29 | VL: 8.306e-01 | Norm: 1.67e-04 | time: 1.85e+01 |
| epoch:  300 | TA: 66.50 | TL: 8.000e-01 | VA: 64.55 | VL: 8.304e-01 | Norm: 1.72e-04 | time: 1.86e+01 |
| epoch:  400 | TA: 66.46 | TL: 8.594e-01 | VA: 65.63 | VL: 8.354e-01 | Norm: 1.80e-04 | time: 1.87e+01 |
| epoch:  500 | TA: 69.48 | TL: 9.042e-01 | VA: 64.65 | VL: 9.100e-01 | Norm: 2.52e-04 | time: 1.87e+01 |
| epoch:  600 | TA: 65.85 | TL: 8.028e-01 | VA: 65.53 | VL: 8.977e-01 | Norm: 2.42e-04 | time: 1.88e+01 |
| epoch:  700 | TA: 67.88 | TL: 8.437e-01 | VA: 65.33 | VL: 9.354e-01 | Norm: 2.79e-04 | time: 1.89e+01 |
| epoch:  800 | TA: 66.59 | TL: 8.282e-01 | VA: 66.02 | VL: 8.918e-01 | Norm: 2.39e-04 | time: 1.89e+01 |
| epoch:  900 | TA: 66.11 | TL: 8.443e-01 | VA: 63.45 | VL: 8.723e-01 | Norm: 2.21e-04 | time: 1.90e+01 |
| epoch: 1000 | TA: 66.92 | TL: 8.492e-01 | VA: 64.43 | VL: 8.745e-01 | Norm: 2.24e-04 | time: 1.90e+01 |
Early stop.
Finished.
Training with penalty:1584.89319 seed:9.
The ID for this training is 1658722099.
| epoch:    0 | TA: 1.98 | TL: 7.045e-01 | VA: 46.18 | VL: 9.287e+00 | Norm: 5.42e-03 | time: 1.83e-01 |
| epoch:  100 | TA: 66.82 | TL: 8.534e-01 | VA: 67.06 | VL: 8.784e-01 | Norm: 1.38e-04 | time: 1.83e+01 |
| epoch:  200 | TA: 68.06 | TL: 8.494e-01 | VA: 64.72 | VL: 8.650e-01 | Norm: 1.34e-04 | time: 1.84e+01 |
| epoch:  300 | TA: 66.79 | TL: 8.678e-01 | VA: 63.47 | VL: 9.586e-01 | Norm: 1.95e-04 | time: 1.85e+01 |
| epoch:  400 | TA: 65.95 | TL: 9.199e-01 | VA: 63.52 | VL: 9.468e-01 | Norm: 1.90e-04 | time: 1.86e+01 |
| epoch:  500 | TA: 68.12 | TL: 8.902e-01 | VA: 66.46 | VL: 9.028e-01 | Norm: 1.63e-04 | time: 1.87e+01 |
| epoch:  600 | TA: 66.53 | TL: 9.811e-01 | VA: 64.18 | VL: 9.721e-01 | Norm: 2.08e-04 | time: 1.88e+01 |
| epoch:  700 | TA: 64.87 | TL: 8.938e-01 | VA: 67.21 | VL: 9.781e-01 | Norm: 2.13e-04 | time: 1.88e+01 |
| epoch:  800 | TA: 66.93 | TL: 9.512e-01 | VA: 63.12 | VL: 1.008e+00 | Norm: 2.32e-04 | time: 1.89e+01 |
| epoch:  900 | TA: 68.85 | TL: 9.360e-01 | VA: 64.13 | VL: 9.562e-01 | Norm: 2.00e-04 | time: 1.89e+01 |
| epoch: 1000 | TA: 66.59 | TL: 8.912e-01 | VA: 63.71 | VL: 1.011e+00 | Norm: 2.36e-04 | time: 1.90e+01 |
Early stop.
Finished.
Training with penalty:2398.83292 seed:9.
The ID for this training is 1658722299.
| epoch:    0 | TA: 1.98 | TL: 7.045e-01 | VA: 46.18 | VL: 1.369e+01 | Norm: 5.42e-03 | time: 1.82e-01 |
| epoch:  100 | TA: 69.31 | TL: 9.321e-01 | VA: 66.40 | VL: 8.905e-01 | Norm: 9.73e-05 | time: 1.83e+01 |
| epoch:  200 | TA: 67.29 | TL: 8.830e-01 | VA: 65.48 | VL: 9.978e-01 | Norm: 1.49e-04 | time: 1.85e+01 |
| epoch:  300 | TA: 64.73 | TL: 1.047e+00 | VA: 65.34 | VL: 9.917e-01 | Norm: 1.48e-04 | time: 1.86e+01 |
| epoch:  400 | TA: 67.92 | TL: 1.133e+00 | VA: 66.91 | VL: 9.664e-01 | Norm: 1.39e-04 | time: 1.86e+01 |
| epoch:  500 | TA: 71.99 | TL: 1.121e+00 | VA: 66.54 | VL: 1.048e+00 | Norm: 1.73e-04 | time: 1.87e+01 |
| epoch:  600 | TA: 67.05 | TL: 1.026e+00 | VA: 66.10 | VL: 1.216e+00 | Norm: 2.43e-04 | time: 1.88e+01 |
| epoch:  700 | TA: 68.62 | TL: 1.020e+00 | VA: 65.50 | VL: 1.028e+00 | Norm: 1.65e-04 | time: 1.89e+01 |
| epoch:  800 | TA: 64.82 | TL: 1.030e+00 | VA: 64.04 | VL: 8.836e-01 | Norm: 1.03e-04 | time: 1.89e+01 |
| epoch:  900 | TA: 65.96 | TL: 1.066e+00 | VA: 66.25 | VL: 1.025e+00 | Norm: 1.63e-04 | time: 1.89e+01 |
| epoch: 1000 | TA: 64.92 | TL: 1.122e+00 | VA: 55.95 | VL: 1.205e+00 | Norm: 2.37e-04 | time: 1.90e+01 |
Early stop.
Finished.
Training with penalty:3630.78055 seed:9.
The ID for this training is 1658722500.
| epoch:    0 | TA: 1.98 | TL: 7.045e-01 | VA: 46.18 | VL: 2.037e+01 | Norm: 5.42e-03 | time: 1.85e-01 |
| epoch:  100 | TA: 67.20 | TL: 1.177e+00 | VA: 65.04 | VL: 1.036e+00 | Norm: 1.03e-04 | time: 1.84e+01 |
| epoch:  200 | TA: 66.48 | TL: 9.768e-01 | VA: 65.45 | VL: 9.804e-01 | Norm: 8.92e-05 | time: 1.85e+01 |
| epoch:  300 | TA: 69.45 | TL: 1.293e+00 | VA: 66.22 | VL: 1.227e+00 | Norm: 1.58e-04 | time: 1.86e+01 |
| epoch:  400 | TA: 69.55 | TL: 1.089e+00 | VA: 64.01 | VL: 1.159e+00 | Norm: 1.39e-04 | time: 1.87e+01 |
| epoch:  500 | TA: 69.02 | TL: 1.067e+00 | VA: 66.02 | VL: 1.140e+00 | Norm: 1.34e-04 | time: 1.87e+01 |
| epoch:  600 | TA: 67.36 | TL: 1.254e+00 | VA: 65.10 | VL: 1.219e+00 | Norm: 1.56e-04 | time: 1.88e+01 |
| epoch:  700 | TA: 67.28 | TL: 1.147e+00 | VA: 65.68 | VL: 1.338e+00 | Norm: 1.89e-04 | time: 1.88e+01 |
| epoch:  800 | TA: 68.03 | TL: 1.189e+00 | VA: 66.22 | VL: 1.350e+00 | Norm: 1.93e-04 | time: 1.89e+01 |
| epoch:  900 | TA: 69.11 | TL: 1.332e+00 | VA: 66.24 | VL: 1.307e+00 | Norm: 1.81e-04 | time: 1.89e+01 |
| epoch: 1000 | TA: 68.40 | TL: 1.325e+00 | VA: 66.44 | VL: 1.312e+00 | Norm: 1.82e-04 | time: 1.90e+01 |
Early stop.
Finished.
Training with penalty:5495.40874 seed:9.
The ID for this training is 1658722703.
| epoch:    0 | TA: 1.98 | TL: 7.045e-01 | VA: 46.18 | VL: 3.046e+01 | Norm: 5.42e-03 | time: 1.82e-01 |
| epoch:  100 | TA: 68.82 | TL: 1.066e+00 | VA: 66.10 | VL: 1.145e+00 | Norm: 8.81e-05 | time: 1.83e+01 |
| epoch:  200 | TA: 67.73 | TL: 1.162e+00 | VA: 68.97 | VL: 1.102e+00 | Norm: 8.28e-05 | time: 1.85e+01 |
| epoch:  300 | TA: 71.01 | TL: 1.443e+00 | VA: 70.62 | VL: 1.189e+00 | Norm: 1.01e-04 | time: 1.86e+01 |
| epoch:  400 | TA: 67.53 | TL: 1.504e+00 | VA: 66.09 | VL: 1.183e+00 | Norm: 9.98e-05 | time: 1.86e+01 |
| epoch:  500 | TA: 68.90 | TL: 1.394e+00 | VA: 67.67 | VL: 1.359e+00 | Norm: 1.32e-04 | time: 1.87e+01 |
| epoch:  600 | TA: 70.49 | TL: 1.631e+00 | VA: 67.00 | VL: 1.328e+00 | Norm: 1.26e-04 | time: 1.87e+01 |
| epoch:  700 | TA: 69.30 | TL: 1.375e+00 | VA: 68.27 | VL: 1.403e+00 | Norm: 1.40e-04 | time: 1.88e+01 |
| epoch:  800 | TA: 67.93 | TL: 2.725e+00 | VA: 67.84 | VL: 2.415e+00 | Norm: 3.25e-04 | time: 1.89e+01 |
| epoch:  900 | TA: 69.69 | TL: 1.569e+00 | VA: 68.13 | VL: 1.727e+00 | Norm: 2.00e-04 | time: 1.89e+01 |
| epoch: 1000 | TA: 73.56 | TL: 1.594e+00 | VA: 66.52 | VL: 1.196e+00 | Norm: 1.03e-04 | time: 1.90e+01 |
Early stop.
Finished.
Training with penalty:8317.63771 seed:9.
The ID for this training is 1658722904.
| epoch:    0 | TA: 1.98 | TL: 7.045e-01 | VA: 46.18 | VL: 4.575e+01 | Norm: 5.42e-03 | time: 1.82e-01 |
| epoch:  100 | TA: 66.08 | TL: 1.608e+00 | VA: 67.93 | VL: 2.158e+00 | Norm: 1.80e-04 | time: 1.83e+01 |
| epoch:  200 | TA: 67.61 | TL: 1.414e+00 | VA: 64.90 | VL: 1.273e+00 | Norm: 7.55e-05 | time: 1.85e+01 |
| epoch:  300 | TA: 66.25 | TL: 1.470e+00 | VA: 65.95 | VL: 1.149e+00 | Norm: 6.13e-05 | time: 1.86e+01 |
| epoch:  400 | TA: 65.41 | TL: 1.540e+00 | VA: 66.36 | VL: 1.342e+00 | Norm: 8.43e-05 | time: 1.87e+01 |
| epoch:  500 | TA: 68.50 | TL: 1.403e+00 | VA: 61.84 | VL: 1.217e+00 | Norm: 6.93e-05 | time: 1.87e+01 |
| epoch:  600 | TA: 65.90 | TL: 1.251e+00 | VA: 64.86 | VL: 1.673e+00 | Norm: 1.24e-04 | time: 1.88e+01 |
| epoch:  700 | TA: 65.49 | TL: 1.430e+00 | VA: 67.39 | VL: 1.369e+00 | Norm: 8.75e-05 | time: 1.88e+01 |
| epoch:  800 | TA: 64.86 | TL: 1.730e+00 | VA: 59.51 | VL: 1.542e+00 | Norm: 1.09e-04 | time: 1.89e+01 |
| epoch:  900 | TA: 67.56 | TL: 1.586e+00 | VA: 62.81 | VL: 1.316e+00 | Norm: 8.16e-05 | time: 1.89e+01 |
| epoch: 1000 | TA: 66.87 | TL: 1.649e+00 | VA: 62.99 | VL: 1.536e+00 | Norm: 1.08e-04 | time: 1.90e+01 |
Early stop.
Finished.
Training with penalty:12589.25412 seed:9.
The ID for this training is 1658723106.
| epoch:    0 | TA: 1.98 | TL: 7.045e-01 | VA: 46.18 | VL: 6.888e+01 | Norm: 5.42e-03 | time: 1.83e-01 |
| epoch:  100 | TA: 66.13 | TL: 1.230e+00 | VA: 64.22 | VL: 1.098e+00 | Norm: 3.48e-05 | time: 1.84e+01 |
| epoch:  200 | TA: 67.09 | TL: 1.294e+00 | VA: 64.78 | VL: 1.455e+00 | Norm: 6.37e-05 | time: 1.85e+01 |
| epoch:  300 | TA: 65.73 | TL: 1.526e+00 | VA: 65.80 | VL: 1.640e+00 | Norm: 7.86e-05 | time: 1.86e+01 |
| epoch:  400 | TA: 65.14 | TL: 1.509e+00 | VA: 64.92 | VL: 2.514e+00 | Norm: 1.48e-04 | time: 1.86e+01 |
| epoch:  500 | TA: 67.69 | TL: 1.884e+00 | VA: 66.15 | VL: 1.742e+00 | Norm: 8.69e-05 | time: 1.87e+01 |
| epoch:  600 | TA: 66.64 | TL: 1.556e+00 | VA: 66.80 | VL: 1.757e+00 | Norm: 8.82e-05 | time: 1.87e+01 |
| epoch:  700 | TA: 68.36 | TL: 1.901e+00 | VA: 62.79 | VL: 1.773e+00 | Norm: 8.96e-05 | time: 1.88e+01 |
| epoch:  800 | TA: 69.18 | TL: 1.757e+00 | VA: 65.45 | VL: 1.575e+00 | Norm: 7.40e-05 | time: 1.89e+01 |
| epoch:  900 | TA: 67.61 | TL: 2.063e+00 | VA: 65.20 | VL: 1.840e+00 | Norm: 9.51e-05 | time: 1.89e+01 |
| epoch: 1000 | TA: 65.86 | TL: 1.738e+00 | VA: 64.94 | VL: 1.582e+00 | Norm: 7.47e-05 | time: 1.90e+01 |
Early stop.
Finished.
Training with penalty:19054.60718 seed:9.
The ID for this training is 1658723309.
| epoch:    0 | TA: 1.98 | TL: 7.045e-01 | VA: 46.18 | VL: 1.039e+02 | Norm: 5.42e-03 | time: 1.82e-01 |
| epoch:  100 | TA: 67.85 | TL: 2.611e+00 | VA: 64.20 | VL: 2.174e+00 | Norm: 7.96e-05 | time: 1.84e+01 |
| epoch:  200 | TA: 66.03 | TL: 1.225e+00 | VA: 65.33 | VL: 1.086e+00 | Norm: 2.32e-05 | time: 1.85e+01 |
| epoch:  300 | TA: 66.96 | TL: 1.693e+00 | VA: 66.39 | VL: 2.360e+00 | Norm: 9.03e-05 | time: 1.86e+01 |
| epoch:  400 | TA: 65.45 | TL: 1.502e+00 | VA: 61.99 | VL: 1.763e+00 | Norm: 5.90e-05 | time: 1.87e+01 |
| epoch:  500 | TA: 66.74 | TL: 2.234e+00 | VA: 64.16 | VL: 2.735e+00 | Norm: 1.10e-04 | time: 1.88e+01 |
| epoch:  600 | TA: 66.39 | TL: 1.595e+00 | VA: 61.66 | VL: 2.022e+00 | Norm: 7.24e-05 | time: 1.88e+01 |
| epoch:  700 | TA: 64.27 | TL: 1.437e+00 | VA: 63.42 | VL: 2.154e+00 | Norm: 7.94e-05 | time: 1.89e+01 |
| epoch:  800 | TA: 66.21 | TL: 2.985e+00 | VA: 63.08 | VL: 2.469e+00 | Norm: 9.61e-05 | time: 1.89e+01 |
| epoch:  900 | TA: 66.22 | TL: 1.689e+00 | VA: 65.78 | VL: 2.288e+00 | Norm: 8.65e-05 | time: 1.89e+01 |
| epoch: 1000 | TA: 68.72 | TL: 2.407e+00 | VA: 66.97 | VL: 2.109e+00 | Norm: 7.72e-05 | time: 1.90e+01 |
| epoch: 1100 | TA: 67.84 | TL: 2.815e+00 | VA: 63.59 | VL: 1.951e+00 | Norm: 6.89e-05 | time: 1.90e+01 |
Early stop.
Finished.
Training with penalty:28840.31503 seed:9.
The ID for this training is 1658723523.
| epoch:    0 | TA: 1.98 | TL: 7.045e-01 | VA: 46.18 | VL: 1.569e+02 | Norm: 5.42e-03 | time: 1.84e-01 |
| epoch:  100 | TA: 64.93 | TL: 7.620e-01 | VA: 63.21 | VL: 1.780e+00 | Norm: 3.89e-05 | time: 1.84e+01 |
| epoch:  200 | TA: 65.14 | TL: 2.248e+00 | VA: 63.77 | VL: 2.351e+00 | Norm: 5.92e-05 | time: 1.85e+01 |
| epoch:  300 | TA: 65.64 | TL: 1.962e+00 | VA: 65.28 | VL: 1.883e+00 | Norm: 4.31e-05 | time: 1.86e+01 |
| epoch:  400 | TA: 63.70 | TL: 1.951e+00 | VA: 65.91 | VL: 2.319e+00 | Norm: 5.82e-05 | time: 1.87e+01 |
| epoch:  500 | TA: 65.11 | TL: 2.887e+00 | VA: 66.33 | VL: 2.845e+00 | Norm: 7.65e-05 | time: 1.87e+01 |
| epoch:  600 | TA: 66.88 | TL: 3.363e+00 | VA: 65.21 | VL: 1.095e+00 | Norm: 1.57e-05 | time: 1.88e+01 |
| epoch:  700 | TA: 66.78 | TL: 1.642e+00 | VA: 68.51 | VL: 1.942e+00 | Norm: 4.52e-05 | time: 1.88e+01 |
| epoch:  800 | TA: 65.98 | TL: 1.971e+00 | VA: 67.36 | VL: 2.027e+00 | Norm: 4.81e-05 | time: 1.88e+01 |
| epoch:  900 | TA: 65.75 | TL: 3.139e+00 | VA: 61.35 | VL: 2.938e+00 | Norm: 7.97e-05 | time: 1.89e+01 |
| epoch: 1000 | TA: 65.65 | TL: 3.139e+00 | VA: 62.23 | VL: 2.058e+00 | Norm: 4.92e-05 | time: 1.89e+01 |
| epoch: 1100 | TA: 65.63 | TL: 3.276e+00 | VA: 67.72 | VL: 3.019e+00 | Norm: 8.26e-05 | time: 1.90e+01 |
Early stop.
Finished.
Training with penalty:43651.58322 seed:9.
The ID for this training is 1658723735.
| epoch:    0 | TA: 1.98 | TL: 7.045e-01 | VA: 46.18 | VL: 2.371e+02 | Norm: 5.42e-03 | time: 1.83e-01 |
| epoch:  100 | TA: 66.11 | TL: 2.703e+00 | VA: 64.21 | VL: 1.313e+00 | Norm: 1.50e-05 | time: 1.83e+01 |
| epoch:  200 | TA: 65.38 | TL: 1.608e+00 | VA: 63.94 | VL: 1.025e+00 | Norm: 8.73e-06 | time: 1.86e+01 |
| epoch:  300 | TA: 65.67 | TL: 2.052e+00 | VA: 62.84 | VL: 2.455e+00 | Norm: 4.15e-05 | time: 1.86e+01 |
| epoch:  400 | TA: 66.73 | TL: 2.809e+00 | VA: 62.03 | VL: 1.872e+00 | Norm: 2.81e-05 | time: 1.87e+01 |
| epoch:  500 | TA: 67.79 | TL: 3.732e+00 | VA: 66.55 | VL: 3.158e+00 | Norm: 5.77e-05 | time: 1.88e+01 |
| epoch:  600 | TA: 67.04 | TL: 1.623e+00 | VA: 65.40 | VL: 1.666e+00 | Norm: 2.34e-05 | time: 1.88e+01 |
| epoch:  700 | TA: 64.21 | TL: 1.936e+00 | VA: 63.47 | VL: 2.118e+00 | Norm: 3.38e-05 | time: 1.88e+01 |
| epoch:  800 | TA: 66.78 | TL: 2.977e+00 | VA: 63.97 | VL: 3.891e+00 | Norm: 7.45e-05 | time: 1.89e+01 |
| epoch:  900 | TA: 64.97 | TL: 2.834e+00 | VA: 65.47 | VL: 2.645e+00 | Norm: 4.59e-05 | time: 1.89e+01 |
| epoch: 1000 | TA: 69.62 | TL: 3.385e+00 | VA: 61.55 | VL: 3.160e+00 | Norm: 5.78e-05 | time: 1.89e+01 |
| epoch: 1100 | TA: 53.75 | TL: 2.955e+00 | VA: 66.88 | VL: 3.291e+00 | Norm: 6.08e-05 | time: 1.90e+01 |
Early stop.
Finished.
Training with penalty:66069.3448 seed:9.
The ID for this training is 1658723966.
| epoch:    0 | TA: 1.98 | TL: 7.045e-01 | VA: 46.18 | VL: 3.585e+02 | Norm: 5.42e-03 | time: 1.84e-01 |
| epoch:  100 | TA: 67.50 | TL: 1.253e+00 | VA: 65.11 | VL: 6.559e-01 | Norm: 0.00e+00 | time: 1.84e+01 |
| epoch:  200 | TA: 65.72 | TL: 1.189e+00 | VA: 64.69 | VL: 6.429e-01 | Norm: 0.00e+00 | time: 1.85e+01 |
| epoch:  300 | TA: 62.73 | TL: 2.348e+00 | VA: 68.21 | VL: 2.038e+00 | Norm: 2.12e-05 | time: 1.86e+01 |
| epoch:  400 | TA: 64.92 | TL: 1.353e+00 | VA: 65.00 | VL: 9.222e-01 | Norm: 4.29e-06 | time: 1.87e+01 |
| epoch:  500 | TA: 66.16 | TL: 2.876e+00 | VA: 66.30 | VL: 2.370e+00 | Norm: 2.62e-05 | time: 1.87e+01 |
| epoch:  600 | TA: 66.01 | TL: 2.825e+00 | VA: 60.19 | VL: 2.729e+00 | Norm: 3.16e-05 | time: 1.88e+01 |
| epoch:  700 | TA: 67.89 | TL: 4.098e+00 | VA: 58.50 | VL: 2.692e+00 | Norm: 3.11e-05 | time: 1.88e+01 |
| epoch:  800 | TA: 64.86 | TL: 2.260e+00 | VA: 67.30 | VL: 3.089e+00 | Norm: 3.71e-05 | time: 1.89e+01 |
| epoch:  900 | TA: 65.33 | TL: 1.495e+00 | VA: 62.16 | VL: 3.740e+00 | Norm: 4.69e-05 | time: 1.89e+01 |
| epoch: 1000 | TA: 64.16 | TL: 2.802e+00 | VA: 66.53 | VL: 3.087e+00 | Norm: 3.71e-05 | time: 1.90e+01 |
| epoch: 1100 | TA: 68.39 | TL: 4.603e+00 | VA: 63.71 | VL: 4.949e+00 | Norm: 6.52e-05 | time: 1.90e+01 |
| epoch: 1200 | TA: 67.28 | TL: 4.159e+00 | VA: 62.23 | VL: 2.935e+00 | Norm: 3.48e-05 | time: 1.90e+01 |
| epoch: 1300 | TA: 67.54 | TL: 3.441e+00 | VA: 65.27 | VL: 3.904e+00 | Norm: 4.95e-05 | time: 1.90e+01 |
| epoch: 1400 | TA: 58.86 | TL: 4.870e+00 | VA: 63.48 | VL: 3.922e+00 | Norm: 4.97e-05 | time: 1.91e+01 |
Early stop.
Finished.
Training with penalty:100000.0 seed:9.
The ID for this training is 1658724240.
| epoch:    0 | TA: 1.98 | TL: 7.045e-01 | VA: 46.18 | VL: 5.422e+02 | Norm: 5.42e-03 | time: 1.82e-01 |
| epoch:  100 | TA: 66.53 | TL: 1.526e+00 | VA: 65.70 | VL: 1.087e+00 | Norm: 4.32e-06 | time: 1.84e+01 |
| epoch:  200 | TA: 65.31 | TL: 1.142e+00 | VA: 65.11 | VL: 1.078e+00 | Norm: 4.36e-06 | time: 1.86e+01 |
| epoch:  300 | TA: 63.19 | TL: 2.740e+00 | VA: 65.79 | VL: 4.699e+00 | Norm: 4.06e-05 | time: 1.86e+01 |
| epoch:  400 | TA: 66.05 | TL: 1.792e+00 | VA: 66.27 | VL: 2.332e+00 | Norm: 1.69e-05 | time: 1.87e+01 |
| epoch:  500 | TA: 65.32 | TL: 2.876e+00 | VA: 66.18 | VL: 3.681e+00 | Norm: 3.04e-05 | time: 1.87e+01 |
| epoch:  600 | TA: 67.33 | TL: 3.397e+00 | VA: 62.54 | VL: 3.724e+00 | Norm: 3.08e-05 | time: 1.88e+01 |
| epoch:  700 | TA: 66.40 | TL: 1.704e+00 | VA: 59.20 | VL: 1.752e+00 | Norm: 1.11e-05 | time: 1.88e+01 |
| epoch:  800 | TA: 65.60 | TL: 3.105e+00 | VA: 63.27 | VL: 4.482e+00 | Norm: 3.84e-05 | time: 1.89e+01 |
| epoch:  900 | TA: 64.79 | TL: 1.930e+00 | VA: 64.77 | VL: 6.253e+00 | Norm: 5.61e-05 | time: 1.89e+01 |
| epoch: 1000 | TA: 69.74 | TL: 3.462e+00 | VA: 58.50 | VL: 3.719e+00 | Norm: 3.08e-05 | time: 1.90e+01 |
| epoch: 1100 | TA: 66.02 | TL: 3.674e+00 | VA: 66.02 | VL: 5.132e+00 | Norm: 4.50e-05 | time: 1.90e+01 |
| epoch: 1200 | TA: 68.96 | TL: 5.577e+00 | VA: 63.08 | VL: 2.616e+00 | Norm: 1.98e-05 | time: 1.90e+01 |
| epoch: 1300 | TA: 64.85 | TL: 2.938e+00 | VA: 64.52 | VL: 3.179e+00 | Norm: 2.54e-05 | time: 1.90e+01 |
| epoch: 1400 | TA: 66.60 | TL: 1.228e+00 | VA: 63.67 | VL: 3.221e+00 | Norm: 2.58e-05 | time: 1.90e+01 |
| epoch: 1500 | TA: 65.79 | TL: 3.202e+00 | VA: 63.17 | VL: 3.285e+00 | Norm: 2.65e-05 | time: 1.90e+01 |
| epoch: 1600 | TA: 64.76 | TL: 2.221e+00 | VA: 61.85 | VL: 5.293e+00 | Norm: 4.65e-05 | time: 1.90e+01 |
| epoch: 1700 | TA: 68.92 | TL: 2.723e+00 | VA: 58.44 | VL: 3.507e+00 | Norm: 2.87e-05 | time: 1.91e+01 |
| epoch: 1800 | TA: 68.58 | TL: 1.472e+00 | VA: 67.27 | VL: 1.929e+00 | Norm: 1.29e-05 | time: 1.91e+01 |
| epoch: 1900 | TA: 66.30 | TL: 3.434e+00 | VA: 61.25 | VL: 8.348e+00 | Norm: 7.71e-05 | time: 1.90e+01 |
Early stop.
Finished.

============================= JOB FEEDBACK =============================

NodeName=uc2n566
Job ID: 20930325
Cluster: uc2
User/Group: px3192/tm
State: COMPLETED (exit code 0)
Nodes: 1
Cores per node: 6
CPU Utilized: 04:17:51
CPU Efficiency: 16.43% of 1-02:09:18 core-walltime
Job Wall-clock time: 04:21:33
Memory Utilized: 21.88 GB
Memory Efficiency: 5.80% of 377.57 GB
