Loading acuteinflammation 6 2 70 23
Loading acutenephritis 6 2 70 23
Loading balancescale 4 3 373 124
Loading blood 4 2 447 149
Loading breastcancer 9 2 170 56
Loading breastcancerwisc 9 2 418 139
Loading breasttissue 9 6 62 20
Loading ecoli 7 8 200 66
Loading energyy1 8 3 459 153
Loading energyy2 8 3 459 153
Loading fertility 9 2 58 19
Loading glass 9 6 127 42
Loading habermansurvival 3 2 182 60
Loading hayesroth 3 3 93 31
Loading ilpdindianliver 9 2 348 116
Loading iris 4 3 88 29
Loading mammographic 5 2 575 191
Loading monks1 6 2 331 110
Loading monks2 6 2 358 119
Loading monks3 6 2 330 110
Loading pima 8 2 459 153
Loading pittsburgbridgesMATERIAL 7 3 62 20
Loading pittsburgbridgesRELL 7 3 60 20
Loading pittsburgbridgesSPAN 7 3 54 18
Loading pittsburgbridgesTORD 7 2 60 20
Loading pittsburgbridgesTYPE 7 6 61 20
Loading postoperative 8 3 52 17
Loading seeds 7 3 124 41
Loading teaching 5 3 89 29
Loading tictactoe 9 2 573 191
Loading vertebralcolumn2clases 6 2 184 61
Loading vertebralcolumn3clases 6 3 184 61
Finish data loading.
Training with penalty:0.0001 seed:2.
The ID for this training is 1658693886.
| epoch:    0 | TA: 40.47 | TL: 7.020e-01 | VA: 60.40 | VL: 7.123e-01 | Norm: 5.08e-03 | time: 2.01e-01 |
| epoch:  100 | TA: 76.31 | TL: 5.402e-01 | VA: 73.71 | VL: 5.353e-01 | Norm: 7.63e-02 | time: 1.89e+01 |
| epoch:  200 | TA: 79.03 | TL: 5.326e-01 | VA: 81.17 | VL: 5.226e-01 | Norm: 8.53e-02 | time: 1.88e+01 |
| epoch:  300 | TA: 78.27 | TL: 5.512e-01 | VA: 78.55 | VL: 5.412e-01 | Norm: 9.44e-02 | time: 1.88e+01 |
| epoch:  400 | TA: 77.74 | TL: 5.431e-01 | VA: 77.04 | VL: 5.379e-01 | Norm: 1.06e-01 | time: 1.87e+01 |
| epoch:  500 | TA: 77.89 | TL: 5.394e-01 | VA: 76.32 | VL: 5.350e-01 | Norm: 1.09e-01 | time: 1.88e+01 |
| epoch:  600 | TA: 78.67 | TL: 5.360e-01 | VA: 80.03 | VL: 5.316e-01 | Norm: 1.13e-01 | time: 1.87e+01 |
| epoch:  700 | TA: 73.60 | TL: 5.653e-01 | VA: 74.91 | VL: 5.559e-01 | Norm: 1.21e-01 | time: 1.88e+01 |
| epoch:  800 | TA: 74.05 | TL: 5.631e-01 | VA: 75.06 | VL: 5.531e-01 | Norm: 1.20e-01 | time: 1.88e+01 |
| epoch:  900 | TA: 71.84 | TL: 5.627e-01 | VA: 74.33 | VL: 5.527e-01 | Norm: 1.20e-01 | time: 1.87e+01 |
| epoch: 1000 | TA: 74.20 | TL: 5.626e-01 | VA: 74.19 | VL: 5.527e-01 | Norm: 1.20e-01 | time: 1.87e+01 |
Early stop.
Finished.
Training with penalty:0.00015 seed:2.
The ID for this training is 1658694094.
| epoch:    0 | TA: 40.47 | TL: 7.020e-01 | VA: 60.40 | VL: 7.123e-01 | Norm: 5.08e-03 | time: 1.85e-01 |
| epoch:  100 | TA: 80.05 | TL: 5.498e-01 | VA: 81.62 | VL: 5.420e-01 | Norm: 7.76e-02 | time: 1.86e+01 |
| epoch:  200 | TA: 76.47 | TL: 5.456e-01 | VA: 78.11 | VL: 5.435e-01 | Norm: 9.98e-02 | time: 1.87e+01 |
| epoch:  300 | TA: 75.54 | TL: 5.732e-01 | VA: 72.93 | VL: 5.616e-01 | Norm: 1.05e-01 | time: 1.85e+01 |
| epoch:  400 | TA: 74.09 | TL: 5.601e-01 | VA: 75.25 | VL: 5.475e-01 | Norm: 1.07e-01 | time: 1.86e+01 |
| epoch:  500 | TA: 73.56 | TL: 5.907e-01 | VA: 72.10 | VL: 5.483e-01 | Norm: 1.13e-01 | time: 1.87e+01 |
| epoch:  600 | TA: 70.83 | TL: 5.585e-01 | VA: 72.92 | VL: 5.470e-01 | Norm: 1.15e-01 | time: 1.87e+01 |
| epoch:  700 | TA: 74.49 | TL: 5.590e-01 | VA: 76.02 | VL: 5.468e-01 | Norm: 1.15e-01 | time: 1.88e+01 |
| epoch:  800 | TA: 74.62 | TL: 5.590e-01 | VA: 76.78 | VL: 5.467e-01 | Norm: 1.14e-01 | time: 1.87e+01 |
| epoch:  900 | TA: 74.05 | TL: 5.614e-01 | VA: 70.71 | VL: 6.130e-01 | Norm: 1.17e-01 | time: 1.88e+01 |
| epoch: 1000 | TA: 74.04 | TL: 5.607e-01 | VA: 74.23 | VL: 5.515e-01 | Norm: 1.19e-01 | time: 1.88e+01 |
| epoch: 1100 | TA: 74.50 | TL: 5.639e-01 | VA: 72.63 | VL: 5.545e-01 | Norm: 1.18e-01 | time: 1.91e+01 |
Early stop.
Finished.
Training with penalty:0.00023 seed:2.
The ID for this training is 1658694316.
| epoch:    0 | TA: 40.47 | TL: 7.020e-01 | VA: 60.40 | VL: 7.123e-01 | Norm: 5.08e-03 | time: 2.27e-01 |
| epoch:  100 | TA: 79.22 | TL: 5.283e-01 | VA: 75.55 | VL: 5.257e-01 | Norm: 7.45e-02 | time: 1.86e+01 |
| epoch:  200 | TA: 78.43 | TL: 5.355e-01 | VA: 77.29 | VL: 5.282e-01 | Norm: 9.56e-02 | time: 1.86e+01 |
| epoch:  300 | TA: 73.59 | TL: 5.503e-01 | VA: 76.26 | VL: 5.421e-01 | Norm: 9.94e-02 | time: 1.85e+01 |
| epoch:  400 | TA: 77.38 | TL: 5.552e-01 | VA: 74.52 | VL: 5.510e-01 | Norm: 1.01e-01 | time: 1.86e+01 |
| epoch:  500 | TA: 73.14 | TL: 5.691e-01 | VA: 72.41 | VL: 5.606e-01 | Norm: 1.03e-01 | time: 1.86e+01 |
| epoch:  600 | TA: 72.52 | TL: 5.631e-01 | VA: 73.24 | VL: 5.539e-01 | Norm: 1.03e-01 | time: 1.87e+01 |
| epoch:  700 | TA: 71.88 | TL: 5.629e-01 | VA: 72.27 | VL: 5.541e-01 | Norm: 1.02e-01 | time: 1.86e+01 |
| epoch:  800 | TA: 72.90 | TL: 5.624e-01 | VA: 73.32 | VL: 5.533e-01 | Norm: 1.02e-01 | time: 1.87e+01 |
| epoch:  900 | TA: 72.77 | TL: 5.625e-01 | VA: 73.02 | VL: 5.532e-01 | Norm: 1.01e-01 | time: 1.87e+01 |
| epoch: 1000 | TA: 73.38 | TL: 5.624e-01 | VA: 69.87 | VL: 5.530e-01 | Norm: 1.01e-01 | time: 1.87e+01 |
| epoch: 1100 | TA: 72.71 | TL: 5.623e-01 | VA: 71.75 | VL: 5.529e-01 | Norm: 1.00e-01 | time: 1.87e+01 |
Early stop.
Finished.
Training with penalty:0.00035 seed:2.
The ID for this training is 1658694537.
| epoch:    0 | TA: 40.47 | TL: 7.020e-01 | VA: 60.40 | VL: 7.123e-01 | Norm: 5.08e-03 | time: 1.84e-01 |
| epoch:  100 | TA: 84.35 | TL: 4.984e-01 | VA: 87.15 | VL: 4.875e-01 | Norm: 8.98e-02 | time: 1.86e+01 |
| epoch:  200 | TA: 79.37 | TL: 5.491e-01 | VA: 82.02 | VL: 5.410e-01 | Norm: 1.15e-01 | time: 1.86e+01 |
| epoch:  300 | TA: 80.24 | TL: 5.330e-01 | VA: 80.78 | VL: 5.280e-01 | Norm: 1.20e-01 | time: 1.85e+01 |
| epoch:  400 | TA: 78.36 | TL: 5.466e-01 | VA: 78.68 | VL: 5.388e-01 | Norm: 1.22e-01 | time: 1.87e+01 |
| epoch:  500 | TA: 75.78 | TL: 5.679e-01 | VA: 75.22 | VL: 5.589e-01 | Norm: 1.28e-01 | time: 1.86e+01 |
| epoch:  600 | TA: 74.69 | TL: 5.643e-01 | VA: 74.26 | VL: 5.568e-01 | Norm: 1.30e-01 | time: 1.87e+01 |
| epoch:  700 | TA: 74.86 | TL: 5.620e-01 | VA: 75.46 | VL: 5.542e-01 | Norm: 1.30e-01 | time: 1.87e+01 |
| epoch:  800 | TA: 75.46 | TL: 5.615e-01 | VA: 75.21 | VL: 5.546e-01 | Norm: 1.31e-01 | time: 1.87e+01 |
| epoch:  900 | TA: 74.75 | TL: 5.615e-01 | VA: 74.13 | VL: 5.539e-01 | Norm: 1.31e-01 | time: 1.87e+01 |
| epoch: 1000 | TA: 72.93 | TL: 5.610e-01 | VA: 73.76 | VL: 5.540e-01 | Norm: 1.30e-01 | time: 1.87e+01 |
| epoch: 1100 | TA: 73.21 | TL: 5.609e-01 | VA: 76.37 | VL: 5.538e-01 | Norm: 1.29e-01 | time: 1.87e+01 |
Early stop.
Finished.
Training with penalty:0.00052 seed:2.
The ID for this training is 1658694753.
| epoch:    0 | TA: 40.47 | TL: 7.020e-01 | VA: 60.40 | VL: 7.123e-01 | Norm: 5.08e-03 | time: 1.87e-01 |
| epoch:  100 | TA: 83.40 | TL: 5.180e-01 | VA: 85.22 | VL: 5.144e-01 | Norm: 8.61e-02 | time: 1.86e+01 |
| epoch:  200 | TA: 79.95 | TL: 5.434e-01 | VA: 83.02 | VL: 5.422e-01 | Norm: 1.04e-01 | time: 1.86e+01 |
| epoch:  300 | TA: 74.78 | TL: 5.500e-01 | VA: 78.99 | VL: 5.469e-01 | Norm: 1.14e-01 | time: 1.85e+01 |
| epoch:  400 | TA: 72.63 | TL: 5.641e-01 | VA: 74.17 | VL: 5.564e-01 | Norm: 1.15e-01 | time: 1.87e+01 |
| epoch:  500 | TA: 72.02 | TL: 5.630e-01 | VA: 72.83 | VL: 5.558e-01 | Norm: 1.13e-01 | time: 1.86e+01 |
| epoch:  600 | TA: 74.39 | TL: 5.634e-01 | VA: 74.20 | VL: 5.555e-01 | Norm: 1.13e-01 | time: 1.87e+01 |
| epoch:  700 | TA: 74.85 | TL: 5.629e-01 | VA: 69.87 | VL: 5.557e-01 | Norm: 1.12e-01 | time: 1.87e+01 |
| epoch:  800 | TA: 73.26 | TL: 5.627e-01 | VA: 69.80 | VL: 5.554e-01 | Norm: 1.11e-01 | time: 1.88e+01 |
| epoch:  900 | TA: 73.32 | TL: 5.634e-01 | VA: 70.23 | VL: 5.555e-01 | Norm: 1.09e-01 | time: 1.87e+01 |
| epoch: 1000 | TA: 72.66 | TL: 5.627e-01 | VA: 74.03 | VL: 5.545e-01 | Norm: 1.08e-01 | time: 1.88e+01 |
| epoch: 1100 | TA: 71.92 | TL: 5.621e-01 | VA: 73.20 | VL: 5.543e-01 | Norm: 1.07e-01 | time: 1.87e+01 |
Early stop.
Finished.
Training with penalty:0.00079 seed:2.
The ID for this training is 1658694975.
| epoch:    0 | TA: 40.47 | TL: 7.020e-01 | VA: 60.40 | VL: 7.123e-01 | Norm: 5.08e-03 | time: 1.85e-01 |
| epoch:  100 | TA: 84.19 | TL: 4.966e-01 | VA: 82.74 | VL: 4.926e-01 | Norm: 7.52e-02 | time: 1.86e+01 |
| epoch:  200 | TA: 80.38 | TL: 5.280e-01 | VA: 76.25 | VL: 5.642e-01 | Norm: 9.70e-02 | time: 1.86e+01 |
| epoch:  300 | TA: 77.54 | TL: 5.450e-01 | VA: 77.51 | VL: 5.317e-01 | Norm: 1.00e-01 | time: 1.85e+01 |
| epoch:  400 | TA: 76.47 | TL: 5.386e-01 | VA: 75.81 | VL: 5.285e-01 | Norm: 1.02e-01 | time: 1.86e+01 |
| epoch:  500 | TA: 75.21 | TL: 5.359e-01 | VA: 79.33 | VL: 5.262e-01 | Norm: 1.01e-01 | time: 1.86e+01 |
| epoch:  600 | TA: 77.35 | TL: 5.357e-01 | VA: 78.75 | VL: 5.262e-01 | Norm: 9.98e-02 | time: 1.87e+01 |
| epoch:  700 | TA: 80.30 | TL: 5.415e-01 | VA: 78.51 | VL: 5.347e-01 | Norm: 9.85e-02 | time: 1.87e+01 |
| epoch:  800 | TA: 79.49 | TL: 5.391e-01 | VA: 78.81 | VL: 5.325e-01 | Norm: 9.79e-02 | time: 1.87e+01 |
| epoch:  900 | TA: 76.25 | TL: 5.381e-01 | VA: 77.52 | VL: 5.298e-01 | Norm: 9.91e-02 | time: 1.87e+01 |
| epoch: 1000 | TA: 78.72 | TL: 5.379e-01 | VA: 79.00 | VL: 5.314e-01 | Norm: 9.76e-02 | time: 1.88e+01 |
| epoch: 1100 | TA: 79.13 | TL: 5.379e-01 | VA: 77.62 | VL: 5.311e-01 | Norm: 9.60e-02 | time: 1.87e+01 |
Early stop.
Finished.
Training with penalty:0.0012 seed:2.
The ID for this training is 1658695203.
| epoch:    0 | TA: 40.47 | TL: 7.020e-01 | VA: 60.40 | VL: 7.123e-01 | Norm: 5.08e-03 | time: 1.85e-01 |
| epoch:  100 | TA: 80.89 | TL: 5.182e-01 | VA: 81.68 | VL: 5.091e-01 | Norm: 8.40e-02 | time: 1.86e+01 |
| epoch:  200 | TA: 75.00 | TL: 5.339e-01 | VA: 77.86 | VL: 5.294e-01 | Norm: 9.38e-02 | time: 1.85e+01 |
| epoch:  300 | TA: 70.85 | TL: 5.634e-01 | VA: 73.28 | VL: 5.559e-01 | Norm: 9.39e-02 | time: 1.86e+01 |
| epoch:  400 | TA: 74.32 | TL: 5.628e-01 | VA: 73.69 | VL: 5.562e-01 | Norm: 9.22e-02 | time: 1.87e+01 |
| epoch:  500 | TA: 73.00 | TL: 5.629e-01 | VA: 74.79 | VL: 5.554e-01 | Norm: 9.01e-02 | time: 1.87e+01 |
| epoch:  600 | TA: 72.63 | TL: 5.626e-01 | VA: 73.27 | VL: 5.555e-01 | Norm: 8.83e-02 | time: 1.87e+01 |
| epoch:  700 | TA: 71.81 | TL: 5.630e-01 | VA: 74.47 | VL: 5.554e-01 | Norm: 8.60e-02 | time: 1.87e+01 |
| epoch:  800 | TA: 71.74 | TL: 5.629e-01 | VA: 74.57 | VL: 5.547e-01 | Norm: 8.38e-02 | time: 1.88e+01 |
| epoch:  900 | TA: 71.84 | TL: 5.630e-01 | VA: 73.23 | VL: 5.556e-01 | Norm: 8.25e-02 | time: 1.87e+01 |
| epoch: 1000 | TA: 71.83 | TL: 5.629e-01 | VA: 75.27 | VL: 5.547e-01 | Norm: 8.49e-02 | time: 1.88e+01 |
| epoch: 1100 | TA: 73.90 | TL: 5.624e-01 | VA: 73.00 | VL: 5.548e-01 | Norm: 8.33e-02 | time: 1.88e+01 |
Early stop.
Finished.
Training with penalty:0.00182 seed:2.
The ID for this training is 1658695416.
| epoch:    0 | TA: 40.47 | TL: 7.020e-01 | VA: 60.40 | VL: 7.123e-01 | Norm: 5.08e-03 | time: 1.84e-01 |
| epoch:  100 | TA: 79.66 | TL: 5.435e-01 | VA: 81.52 | VL: 5.370e-01 | Norm: 7.84e-02 | time: 1.85e+01 |
| epoch:  200 | TA: 82.32 | TL: 5.206e-01 | VA: 81.29 | VL: 5.162e-01 | Norm: 9.48e-02 | time: 1.85e+01 |
| epoch:  300 | TA: 77.96 | TL: 5.409e-01 | VA: 78.55 | VL: 5.347e-01 | Norm: 1.03e-01 | time: 1.86e+01 |
| epoch:  400 | TA: 78.96 | TL: 5.294e-01 | VA: 77.58 | VL: 5.227e-01 | Norm: 1.05e-01 | time: 1.87e+01 |
| epoch:  500 | TA: 73.99 | TL: 5.646e-01 | VA: 73.27 | VL: 5.552e-01 | Norm: 1.09e-01 | time: 1.87e+01 |
| epoch:  600 | TA: 72.45 | TL: 5.629e-01 | VA: 73.60 | VL: 5.536e-01 | Norm: 1.07e-01 | time: 1.87e+01 |
| epoch:  700 | TA: 74.74 | TL: 5.629e-01 | VA: 74.28 | VL: 5.535e-01 | Norm: 1.04e-01 | time: 1.87e+01 |
| epoch:  800 | TA: 74.14 | TL: 5.625e-01 | VA: 72.93 | VL: 5.530e-01 | Norm: 1.01e-01 | time: 1.88e+01 |
| epoch:  900 | TA: 72.48 | TL: 5.631e-01 | VA: 72.42 | VL: 5.533e-01 | Norm: 9.88e-02 | time: 1.87e+01 |
| epoch: 1000 | TA: 72.64 | TL: 5.624e-01 | VA: 73.61 | VL: 5.533e-01 | Norm: 9.63e-02 | time: 1.88e+01 |
Early stop.
Finished.
Training with penalty:0.00275 seed:2.
The ID for this training is 1658695622.
| epoch:    0 | TA: 40.47 | TL: 7.020e-01 | VA: 60.40 | VL: 7.123e-01 | Norm: 5.08e-03 | time: 1.84e-01 |
| epoch:  100 | TA: 84.25 | TL: 5.058e-01 | VA: 83.85 | VL: 5.087e-01 | Norm: 8.09e-02 | time: 1.85e+01 |
| epoch:  200 | TA: 82.73 | TL: 5.213e-01 | VA: 83.69 | VL: 5.112e-01 | Norm: 9.18e-02 | time: 1.85e+01 |
| epoch:  300 | TA: 81.40 | TL: 5.500e-01 | VA: 79.07 | VL: 5.491e-01 | Norm: 1.00e-01 | time: 1.87e+01 |
| epoch:  400 | TA: 79.74 | TL: 5.179e-01 | VA: 81.50 | VL: 5.157e-01 | Norm: 1.02e-01 | time: 1.86e+01 |
| epoch:  500 | TA: 73.22 | TL: 5.653e-01 | VA: 70.17 | VL: 5.577e-01 | Norm: 1.05e-01 | time: 1.87e+01 |
| epoch:  600 | TA: 74.10 | TL: 5.633e-01 | VA: 71.19 | VL: 5.554e-01 | Norm: 1.06e-01 | time: 1.87e+01 |
| epoch:  700 | TA: 74.18 | TL: 5.634e-01 | VA: 76.59 | VL: 5.564e-01 | Norm: 1.02e-01 | time: 1.87e+01 |
| epoch:  800 | TA: 71.97 | TL: 5.639e-01 | VA: 73.86 | VL: 5.557e-01 | Norm: 9.94e-02 | time: 1.88e+01 |
| epoch:  900 | TA: 71.88 | TL: 5.628e-01 | VA: 73.58 | VL: 5.552e-01 | Norm: 9.70e-02 | time: 1.87e+01 |
| epoch: 1000 | TA: 69.47 | TL: 5.629e-01 | VA: 73.59 | VL: 5.548e-01 | Norm: 9.45e-02 | time: 1.88e+01 |
| epoch: 1100 | TA: 71.96 | TL: 5.628e-01 | VA: 71.93 | VL: 5.552e-01 | Norm: 9.15e-02 | time: 1.88e+01 |
| epoch: 1200 | TA: 71.32 | TL: 5.626e-01 | VA: 74.03 | VL: 5.549e-01 | Norm: 8.89e-02 | time: 1.88e+01 |
Early stop.
Finished.
Training with penalty:0.00417 seed:2.
The ID for this training is 1658695862.
| epoch:    0 | TA: 40.47 | TL: 7.020e-01 | VA: 60.40 | VL: 7.123e-01 | Norm: 5.08e-03 | time: 1.84e-01 |
| epoch:  100 | TA: 78.31 | TL: 5.862e-01 | VA: 76.37 | VL: 5.838e-01 | Norm: 7.81e-02 | time: 1.86e+01 |
| epoch:  200 | TA: 79.27 | TL: 5.432e-01 | VA: 77.82 | VL: 5.398e-01 | Norm: 9.02e-02 | time: 1.85e+01 |
| epoch:  300 | TA: 77.93 | TL: 5.384e-01 | VA: 77.35 | VL: 5.326e-01 | Norm: 8.80e-02 | time: 1.85e+01 |
| epoch:  400 | TA: 78.40 | TL: 5.384e-01 | VA: 77.42 | VL: 5.321e-01 | Norm: 8.39e-02 | time: 1.86e+01 |
| epoch:  500 | TA: 72.33 | TL: 5.668e-01 | VA: 76.04 | VL: 5.538e-01 | Norm: 8.04e-02 | time: 1.87e+01 |
| epoch:  600 | TA: 76.09 | TL: 5.603e-01 | VA: 75.71 | VL: 5.494e-01 | Norm: 7.58e-02 | time: 1.87e+01 |
| epoch:  700 | TA: 72.18 | TL: 5.601e-01 | VA: 74.67 | VL: 5.490e-01 | Norm: 7.14e-02 | time: 1.88e+01 |
| epoch:  800 | TA: 75.07 | TL: 5.599e-01 | VA: 75.89 | VL: 5.497e-01 | Norm: 6.74e-02 | time: 1.87e+01 |
| epoch:  900 | TA: 73.79 | TL: 5.595e-01 | VA: 74.13 | VL: 5.495e-01 | Norm: 6.39e-02 | time: 1.87e+01 |
| epoch: 1000 | TA: 73.15 | TL: 5.594e-01 | VA: 73.72 | VL: 5.494e-01 | Norm: 6.11e-02 | time: 1.88e+01 |
Early stop.
Finished.
Training with penalty:0.00631 seed:2.
The ID for this training is 1658696072.
| epoch:    0 | TA: 40.47 | TL: 7.020e-01 | VA: 60.40 | VL: 7.124e-01 | Norm: 5.08e-03 | time: 1.84e-01 |
| epoch:  100 | TA: 85.87 | TL: 5.020e-01 | VA: 84.38 | VL: 4.998e-01 | Norm: 7.90e-02 | time: 1.86e+01 |
| epoch:  200 | TA: 81.39 | TL: 5.197e-01 | VA: 81.06 | VL: 5.146e-01 | Norm: 9.22e-02 | time: 1.86e+01 |
| epoch:  300 | TA: 76.19 | TL: 5.494e-01 | VA: 75.70 | VL: 5.461e-01 | Norm: 1.02e-01 | time: 1.85e+01 |
| epoch:  400 | TA: 72.22 | TL: 5.766e-01 | VA: 74.90 | VL: 5.672e-01 | Norm: 1.02e-01 | time: 1.86e+01 |
| epoch:  500 | TA: 74.18 | TL: 5.649e-01 | VA: 71.86 | VL: 5.570e-01 | Norm: 9.85e-02 | time: 1.87e+01 |
| epoch:  600 | TA: 74.36 | TL: 5.637e-01 | VA: 72.30 | VL: 5.554e-01 | Norm: 9.45e-02 | time: 1.87e+01 |
| epoch:  700 | TA: 74.10 | TL: 5.641e-01 | VA: 70.69 | VL: 5.562e-01 | Norm: 9.08e-02 | time: 1.86e+01 |
| epoch:  800 | TA: 73.93 | TL: 5.635e-01 | VA: 72.65 | VL: 5.556e-01 | Norm: 8.67e-02 | time: 1.88e+01 |
| epoch:  900 | TA: 71.04 | TL: 5.637e-01 | VA: 73.72 | VL: 5.555e-01 | Norm: 8.35e-02 | time: 1.87e+01 |
| epoch: 1000 | TA: 70.78 | TL: 5.637e-01 | VA: 69.90 | VL: 5.557e-01 | Norm: 7.99e-02 | time: 1.88e+01 |
| epoch: 1100 | TA: 70.91 | TL: 5.636e-01 | VA: 71.78 | VL: 5.549e-01 | Norm: 7.72e-02 | time: 1.88e+01 |
Early stop.
Finished.
Training with penalty:0.00955 seed:2.
The ID for this training is 1658696285.
| epoch:    0 | TA: 40.47 | TL: 7.020e-01 | VA: 60.40 | VL: 7.124e-01 | Norm: 5.08e-03 | time: 1.86e-01 |
| epoch:  100 | TA: 88.62 | TL: 4.590e-01 | VA: 87.37 | VL: 4.604e-01 | Norm: 8.98e-02 | time: 1.85e+01 |
| epoch:  200 | TA: 84.53 | TL: 5.002e-01 | VA: 86.15 | VL: 4.841e-01 | Norm: 9.78e-02 | time: 1.85e+01 |
| epoch:  300 | TA: 78.66 | TL: 5.913e-01 | VA: 77.65 | VL: 5.660e-01 | Norm: 9.41e-02 | time: 1.86e+01 |
| epoch:  400 | TA: 76.28 | TL: 5.493e-01 | VA: 80.48 | VL: 5.424e-01 | Norm: 9.16e-02 | time: 1.86e+01 |
| epoch:  500 | TA: 77.46 | TL: 5.479e-01 | VA: 77.20 | VL: 5.427e-01 | Norm: 8.59e-02 | time: 1.87e+01 |
| epoch:  600 | TA: 77.37 | TL: 5.472e-01 | VA: 78.57 | VL: 5.424e-01 | Norm: 8.11e-02 | time: 1.87e+01 |
| epoch:  700 | TA: 75.39 | TL: 5.471e-01 | VA: 77.08 | VL: 5.429e-01 | Norm: 7.72e-02 | time: 1.87e+01 |
| epoch:  800 | TA: 76.37 | TL: 5.472e-01 | VA: 78.16 | VL: 5.431e-01 | Norm: 7.31e-02 | time: 1.87e+01 |
| epoch:  900 | TA: 77.31 | TL: 5.467e-01 | VA: 80.23 | VL: 5.430e-01 | Norm: 7.00e-02 | time: 1.88e+01 |
| epoch: 1000 | TA: 73.46 | TL: 5.485e-01 | VA: 75.23 | VL: 5.440e-01 | Norm: 6.71e-02 | time: 1.87e+01 |
| epoch: 1100 | TA: 76.91 | TL: 5.465e-01 | VA: 77.26 | VL: 5.434e-01 | Norm: 6.41e-02 | time: 1.88e+01 |
Early stop.
Finished.
Training with penalty:0.01445 seed:2.
The ID for this training is 1658696497.
| epoch:    0 | TA: 40.47 | TL: 7.020e-01 | VA: 60.40 | VL: 7.124e-01 | Norm: 5.08e-03 | time: 1.84e-01 |
| epoch:  100 | TA: 88.85 | TL: 4.632e-01 | VA: 87.13 | VL: 4.676e-01 | Norm: 8.75e-02 | time: 1.85e+01 |
| epoch:  200 | TA: 82.90 | TL: 5.198e-01 | VA: 83.54 | VL: 5.109e-01 | Norm: 9.92e-02 | time: 1.85e+01 |
| epoch:  300 | TA: 81.00 | TL: 5.199e-01 | VA: 79.22 | VL: 5.180e-01 | Norm: 9.88e-02 | time: 1.86e+01 |
| epoch:  400 | TA: 80.91 | TL: 5.171e-01 | VA: 77.59 | VL: 5.177e-01 | Norm: 9.96e-02 | time: 1.86e+01 |
| epoch:  500 | TA: 80.19 | TL: 5.211e-01 | VA: 79.18 | VL: 5.168e-01 | Norm: 9.48e-02 | time: 1.86e+01 |
| epoch:  600 | TA: 78.50 | TL: 5.161e-01 | VA: 81.23 | VL: 5.158e-01 | Norm: 8.97e-02 | time: 1.87e+01 |
| epoch:  700 | TA: 82.02 | TL: 5.151e-01 | VA: 77.92 | VL: 5.161e-01 | Norm: 8.49e-02 | time: 1.87e+01 |
| epoch:  800 | TA: 79.98 | TL: 5.138e-01 | VA: 77.49 | VL: 5.141e-01 | Norm: 8.06e-02 | time: 1.87e+01 |
| epoch:  900 | TA: 79.51 | TL: 5.145e-01 | VA: 80.86 | VL: 5.139e-01 | Norm: 7.71e-02 | time: 1.87e+01 |
| epoch: 1000 | TA: 81.11 | TL: 5.137e-01 | VA: 79.68 | VL: 5.137e-01 | Norm: 7.40e-02 | time: 1.87e+01 |
| epoch: 1100 | TA: 79.32 | TL: 5.137e-01 | VA: 79.27 | VL: 5.131e-01 | Norm: 7.12e-02 | time: 1.88e+01 |
Early stop.
Finished.
Training with penalty:0.02188 seed:2.
The ID for this training is 1658696711.
| epoch:    0 | TA: 40.47 | TL: 7.020e-01 | VA: 60.40 | VL: 7.124e-01 | Norm: 5.08e-03 | time: 2.24e-01 |
| epoch:  100 | TA: 89.17 | TL: 4.386e-01 | VA: 87.08 | VL: 4.497e-01 | Norm: 8.07e-02 | time: 1.86e+01 |
| epoch:  200 | TA: 78.18 | TL: 5.499e-01 | VA: 77.70 | VL: 5.386e-01 | Norm: 8.71e-02 | time: 1.85e+01 |
| epoch:  300 | TA: 73.22 | TL: 5.750e-01 | VA: 74.30 | VL: 5.646e-01 | Norm: 8.29e-02 | time: 1.85e+01 |
| epoch:  400 | TA: 74.29 | TL: 5.651e-01 | VA: 73.93 | VL: 5.570e-01 | Norm: 7.69e-02 | time: 1.86e+01 |
| epoch:  500 | TA: 70.99 | TL: 5.649e-01 | VA: 73.98 | VL: 5.576e-01 | Norm: 7.06e-02 | time: 1.87e+01 |
| epoch:  600 | TA: 70.94 | TL: 5.646e-01 | VA: 70.57 | VL: 5.571e-01 | Norm: 6.61e-02 | time: 1.87e+01 |
| epoch:  700 | TA: 69.90 | TL: 5.647e-01 | VA: 74.11 | VL: 5.562e-01 | Norm: 6.09e-02 | time: 1.87e+01 |
| epoch:  800 | TA: 75.17 | TL: 5.642e-01 | VA: 70.02 | VL: 5.571e-01 | Norm: 5.78e-02 | time: 1.87e+01 |
| epoch:  900 | TA: 71.22 | TL: 5.647e-01 | VA: 73.98 | VL: 5.579e-01 | Norm: 5.42e-02 | time: 1.87e+01 |
| epoch: 1000 | TA: 72.17 | TL: 5.650e-01 | VA: 72.38 | VL: 5.571e-01 | Norm: 5.10e-02 | time: 1.88e+01 |
Early stop.
Finished.
Training with penalty:0.03311 seed:2.
The ID for this training is 1658696922.
| epoch:    0 | TA: 40.47 | TL: 7.020e-01 | VA: 60.40 | VL: 7.125e-01 | Norm: 5.08e-03 | time: 1.84e-01 |
| epoch:  100 | TA: 86.38 | TL: 4.788e-01 | VA: 86.50 | VL: 4.806e-01 | Norm: 7.63e-02 | time: 1.86e+01 |
| epoch:  200 | TA: 75.16 | TL: 5.626e-01 | VA: 76.78 | VL: 5.547e-01 | Norm: 7.95e-02 | time: 1.85e+01 |
| epoch:  300 | TA: 72.63 | TL: 5.676e-01 | VA: 74.42 | VL: 5.568e-01 | Norm: 7.10e-02 | time: 1.86e+01 |
| epoch:  400 | TA: 72.58 | TL: 5.663e-01 | VA: 71.28 | VL: 5.567e-01 | Norm: 6.27e-02 | time: 1.86e+01 |
| epoch:  500 | TA: 73.89 | TL: 5.657e-01 | VA: 72.68 | VL: 5.556e-01 | Norm: 5.62e-02 | time: 1.86e+01 |
| epoch:  600 | TA: 74.40 | TL: 5.650e-01 | VA: 75.17 | VL: 5.552e-01 | Norm: 5.13e-02 | time: 1.87e+01 |
| epoch:  700 | TA: 72.24 | TL: 5.654e-01 | VA: 73.77 | VL: 5.555e-01 | Norm: 4.79e-02 | time: 1.87e+01 |
| epoch:  800 | TA: 72.54 | TL: 5.654e-01 | VA: 73.39 | VL: 5.552e-01 | Norm: 4.51e-02 | time: 1.87e+01 |
| epoch:  900 | TA: 70.84 | TL: 5.654e-01 | VA: 72.56 | VL: 5.555e-01 | Norm: 4.25e-02 | time: 1.88e+01 |
| epoch: 1000 | TA: 70.45 | TL: 5.650e-01 | VA: 72.00 | VL: 5.548e-01 | Norm: 3.99e-02 | time: 1.88e+01 |
Early stop.
Finished.
Training with penalty:0.05012 seed:2.
The ID for this training is 1658697130.
| epoch:    0 | TA: 40.47 | TL: 7.020e-01 | VA: 60.40 | VL: 7.126e-01 | Norm: 5.08e-03 | time: 1.85e-01 |
| epoch:  100 | TA: 87.18 | TL: 4.984e-01 | VA: 87.83 | VL: 4.926e-01 | Norm: 7.13e-02 | time: 1.85e+01 |
| epoch:  200 | TA: 76.05 | TL: 5.786e-01 | VA: 72.89 | VL: 6.324e-01 | Norm: 6.82e-02 | time: 1.86e+01 |
| epoch:  300 | TA: 72.55 | TL: 5.693e-01 | VA: 73.52 | VL: 5.636e-01 | Norm: 5.84e-02 | time: 1.86e+01 |
| epoch:  400 | TA: 72.51 | TL: 5.675e-01 | VA: 70.66 | VL: 5.624e-01 | Norm: 5.13e-02 | time: 1.85e+01 |
| epoch:  500 | TA: 71.08 | TL: 5.700e-01 | VA: 74.17 | VL: 5.633e-01 | Norm: 4.70e-02 | time: 1.86e+01 |
| epoch:  600 | TA: 73.16 | TL: 5.657e-01 | VA: 74.04 | VL: 5.587e-01 | Norm: 4.36e-02 | time: 1.87e+01 |
| epoch:  700 | TA: 73.37 | TL: 5.647e-01 | VA: 72.26 | VL: 5.572e-01 | Norm: 4.01e-02 | time: 1.87e+01 |
| epoch:  800 | TA: 70.52 | TL: 5.647e-01 | VA: 72.70 | VL: 5.573e-01 | Norm: 3.74e-02 | time: 1.87e+01 |
| epoch:  900 | TA: 73.12 | TL: 5.650e-01 | VA: 73.05 | VL: 5.580e-01 | Norm: 3.52e-02 | time: 1.88e+01 |
| epoch: 1000 | TA: 71.21 | TL: 5.640e-01 | VA: 75.89 | VL: 5.571e-01 | Norm: 3.26e-02 | time: 1.88e+01 |
| epoch: 1100 | TA: 72.78 | TL: 5.648e-01 | VA: 73.97 | VL: 5.572e-01 | Norm: 3.05e-02 | time: 1.88e+01 |
Early stop.
Finished.
Training with penalty:0.07586 seed:2.
The ID for this training is 1658697354.
| epoch:    0 | TA: 40.47 | TL: 7.020e-01 | VA: 60.40 | VL: 7.127e-01 | Norm: 5.08e-03 | time: 1.85e-01 |
| epoch:  100 | TA: 79.84 | TL: 5.533e-01 | VA: 82.91 | VL: 5.507e-01 | Norm: 6.72e-02 | time: 1.86e+01 |
| epoch:  200 | TA: 73.67 | TL: 5.654e-01 | VA: 77.51 | VL: 5.566e-01 | Norm: 5.95e-02 | time: 1.85e+01 |
| epoch:  300 | TA: 72.14 | TL: 5.727e-01 | VA: 74.69 | VL: 5.614e-01 | Norm: 4.85e-02 | time: 1.85e+01 |
| epoch:  400 | TA: 74.31 | TL: 5.659e-01 | VA: 72.29 | VL: 5.554e-01 | Norm: 4.39e-02 | time: 1.86e+01 |
| epoch:  500 | TA: 73.55 | TL: 5.665e-01 | VA: 74.11 | VL: 5.587e-01 | Norm: 3.87e-02 | time: 1.86e+01 |
| epoch:  600 | TA: 69.89 | TL: 5.665e-01 | VA: 71.97 | VL: 5.589e-01 | Norm: 3.49e-02 | time: 1.87e+01 |
| epoch:  700 | TA: 73.54 | TL: 5.659e-01 | VA: 73.09 | VL: 5.605e-01 | Norm: 3.15e-02 | time: 1.87e+01 |
| epoch:  800 | TA: 71.93 | TL: 5.652e-01 | VA: 73.71 | VL: 5.581e-01 | Norm: 2.90e-02 | time: 1.88e+01 |
| epoch:  900 | TA: 72.79 | TL: 5.658e-01 | VA: 73.60 | VL: 5.591e-01 | Norm: 2.70e-02 | time: 1.87e+01 |
| epoch: 1000 | TA: 74.80 | TL: 5.660e-01 | VA: 74.51 | VL: 5.593e-01 | Norm: 2.54e-02 | time: 1.87e+01 |
Early stop.
Finished.
Training with penalty:0.11482 seed:2.
The ID for this training is 1658697561.
| epoch:    0 | TA: 40.47 | TL: 7.020e-01 | VA: 60.40 | VL: 7.129e-01 | Norm: 5.08e-03 | time: 1.85e-01 |
| epoch:  100 | TA: 82.30 | TL: 5.117e-01 | VA: 80.77 | VL: 5.143e-01 | Norm: 5.54e-02 | time: 1.87e+01 |
| epoch:  200 | TA: 75.66 | TL: 5.780e-01 | VA: 71.98 | VL: 6.366e-01 | Norm: 6.02e-02 | time: 1.86e+01 |
| epoch:  300 | TA: 72.87 | TL: 5.674e-01 | VA: 75.45 | VL: 5.597e-01 | Norm: 5.28e-02 | time: 1.85e+01 |
| epoch:  400 | TA: 74.70 | TL: 5.643e-01 | VA: 75.84 | VL: 5.564e-01 | Norm: 4.15e-02 | time: 1.86e+01 |
| epoch:  500 | TA: 75.02 | TL: 5.629e-01 | VA: 74.37 | VL: 5.554e-01 | Norm: 3.50e-02 | time: 1.87e+01 |
| epoch:  600 | TA: 73.82 | TL: 5.622e-01 | VA: 75.42 | VL: 5.554e-01 | Norm: 3.01e-02 | time: 1.86e+01 |
| epoch:  700 | TA: 73.78 | TL: 5.618e-01 | VA: 72.12 | VL: 5.557e-01 | Norm: 2.64e-02 | time: 1.88e+01 |
| epoch:  800 | TA: 74.93 | TL: 5.617e-01 | VA: 74.74 | VL: 5.557e-01 | Norm: 2.40e-02 | time: 1.87e+01 |
| epoch:  900 | TA: 73.82 | TL: 5.606e-01 | VA: 75.42 | VL: 5.553e-01 | Norm: 2.41e-02 | time: 1.87e+01 |
| epoch: 1000 | TA: 74.32 | TL: 5.614e-01 | VA: 75.22 | VL: 5.551e-01 | Norm: 2.14e-02 | time: 1.88e+01 |
| epoch: 1100 | TA: 74.68 | TL: 5.604e-01 | VA: 73.60 | VL: 5.552e-01 | Norm: 1.96e-02 | time: 1.87e+01 |
Early stop.
Finished.
Training with penalty:0.17378 seed:2.
The ID for this training is 1658697777.
| epoch:    0 | TA: 40.47 | TL: 7.020e-01 | VA: 60.40 | VL: 7.132e-01 | Norm: 5.08e-03 | time: 1.85e-01 |
| epoch:  100 | TA: 84.95 | TL: 4.851e-01 | VA: 85.28 | VL: 4.884e-01 | Norm: 5.05e-02 | time: 1.86e+01 |
| epoch:  200 | TA: 72.83 | TL: 6.974e-01 | VA: 75.55 | VL: 5.952e-01 | Norm: 5.19e-02 | time: 1.84e+01 |
| epoch:  300 | TA: 75.66 | TL: 5.466e-01 | VA: 75.23 | VL: 5.371e-01 | Norm: 4.74e-02 | time: 1.86e+01 |
| epoch:  400 | TA: 76.42 | TL: 5.490e-01 | VA: 77.04 | VL: 5.407e-01 | Norm: 4.48e-02 | time: 1.86e+01 |
| epoch:  500 | TA: 72.82 | TL: 5.728e-01 | VA: 75.13 | VL: 5.661e-01 | Norm: 4.59e-02 | time: 1.86e+01 |
| epoch:  600 | TA: 75.54 | TL: 5.629e-01 | VA: 75.07 | VL: 5.556e-01 | Norm: 3.65e-02 | time: 1.87e+01 |
| epoch:  700 | TA: 76.01 | TL: 5.616e-01 | VA: 73.95 | VL: 5.544e-01 | Norm: 3.10e-02 | time: 1.86e+01 |
| epoch:  800 | TA: 74.72 | TL: 5.758e-01 | VA: 75.12 | VL: 5.683e-01 | Norm: 2.91e-02 | time: 1.87e+01 |
| epoch:  900 | TA: 74.39 | TL: 5.686e-01 | VA: 74.49 | VL: 5.603e-01 | Norm: 2.70e-02 | time: 1.87e+01 |
| epoch: 1000 | TA: 74.84 | TL: 5.673e-01 | VA: 74.24 | VL: 5.601e-01 | Norm: 2.37e-02 | time: 1.87e+01 |
| epoch: 1100 | TA: 74.16 | TL: 5.667e-01 | VA: 73.13 | VL: 5.604e-01 | Norm: 2.12e-02 | time: 1.87e+01 |
Early stop.
Finished.
Training with penalty:0.26303 seed:2.
The ID for this training is 1658697992.
| epoch:    0 | TA: 40.47 | TL: 7.020e-01 | VA: 60.40 | VL: 7.137e-01 | Norm: 5.08e-03 | time: 1.84e-01 |
| epoch:  100 | TA: 84.99 | TL: 4.871e-01 | VA: 85.18 | VL: 4.864e-01 | Norm: 4.43e-02 | time: 1.86e+01 |
| epoch:  200 | TA: 82.24 | TL: 5.178e-01 | VA: 80.48 | VL: 5.216e-01 | Norm: 3.87e-02 | time: 1.84e+01 |
| epoch:  300 | TA: 72.97 | TL: 5.753e-01 | VA: 71.90 | VL: 5.653e-01 | Norm: 3.56e-02 | time: 1.86e+01 |
| epoch:  400 | TA: 71.78 | TL: 5.719e-01 | VA: 73.39 | VL: 5.623e-01 | Norm: 2.73e-02 | time: 1.86e+01 |
| epoch:  500 | TA: 74.56 | TL: 5.704e-01 | VA: 70.52 | VL: 5.621e-01 | Norm: 2.26e-02 | time: 1.86e+01 |
| epoch:  600 | TA: 71.97 | TL: 5.698e-01 | VA: 71.26 | VL: 5.616e-01 | Norm: 1.96e-02 | time: 1.87e+01 |
| epoch:  700 | TA: 72.51 | TL: 5.693e-01 | VA: 73.99 | VL: 5.623e-01 | Norm: 1.75e-02 | time: 1.87e+01 |
| epoch:  800 | TA: 71.22 | TL: 5.688e-01 | VA: 73.33 | VL: 5.617e-01 | Norm: 1.59e-02 | time: 1.87e+01 |
| epoch:  900 | TA: 72.25 | TL: 5.678e-01 | VA: 73.25 | VL: 5.615e-01 | Norm: 1.37e-02 | time: 1.87e+01 |
| epoch: 1000 | TA: 71.31 | TL: 5.672e-01 | VA: 73.69 | VL: 5.621e-01 | Norm: 1.28e-02 | time: 1.88e+01 |
| epoch: 1100 | TA: 72.79 | TL: 5.719e-01 | VA: 73.98 | VL: 5.641e-01 | Norm: 1.17e-02 | time: 1.87e+01 |
Early stop.
Finished.
Training with penalty:0.39811 seed:2.
The ID for this training is 1658698203.
| epoch:    0 | TA: 40.47 | TL: 7.020e-01 | VA: 60.40 | VL: 7.143e-01 | Norm: 5.08e-03 | time: 1.84e-01 |
| epoch:  100 | TA: 83.79 | TL: 5.005e-01 | VA: 83.52 | VL: 5.068e-01 | Norm: 3.96e-02 | time: 1.86e+01 |
| epoch:  200 | TA: 78.82 | TL: 5.274e-01 | VA: 80.80 | VL: 5.222e-01 | Norm: 3.27e-02 | time: 1.85e+01 |
| epoch:  300 | TA: 77.45 | TL: 5.530e-01 | VA: 77.92 | VL: 5.473e-01 | Norm: 2.74e-02 | time: 1.86e+01 |
| epoch:  400 | TA: 72.29 | TL: 5.715e-01 | VA: 71.03 | VL: 5.642e-01 | Norm: 2.01e-02 | time: 1.86e+01 |
| epoch:  500 | TA: 73.72 | TL: 5.703e-01 | VA: 72.54 | VL: 5.641e-01 | Norm: 1.62e-02 | time: 1.87e+01 |
| epoch:  600 | TA: 72.59 | TL: 5.702e-01 | VA: 72.39 | VL: 5.644e-01 | Norm: 1.32e-02 | time: 1.87e+01 |
| epoch:  700 | TA: 73.42 | TL: 5.683e-01 | VA: 74.22 | VL: 5.627e-01 | Norm: 1.12e-02 | time: 1.88e+01 |
| epoch:  800 | TA: 73.39 | TL: 5.678e-01 | VA: 74.14 | VL: 5.614e-01 | Norm: 9.65e-03 | time: 1.87e+01 |
| epoch:  900 | TA: 72.74 | TL: 5.677e-01 | VA: 70.52 | VL: 5.608e-01 | Norm: 9.18e-03 | time: 1.88e+01 |
| epoch: 1000 | TA: 72.12 | TL: 5.681e-01 | VA: 74.23 | VL: 5.619e-01 | Norm: 7.88e-03 | time: 1.88e+01 |
| epoch: 1100 | TA: 73.32 | TL: 5.669e-01 | VA: 73.38 | VL: 5.621e-01 | Norm: 7.96e-03 | time: 1.87e+01 |
Early stop.
Finished.
Training with penalty:0.60256 seed:2.
The ID for this training is 1658698420.
| epoch:    0 | TA: 40.47 | TL: 7.020e-01 | VA: 60.40 | VL: 7.154e-01 | Norm: 5.08e-03 | time: 1.84e-01 |
| epoch:  100 | TA: 84.86 | TL: 5.034e-01 | VA: 82.75 | VL: 5.200e-01 | Norm: 3.11e-02 | time: 1.86e+01 |
| epoch:  200 | TA: 78.19 | TL: 5.498e-01 | VA: 78.88 | VL: 5.443e-01 | Norm: 2.39e-02 | time: 1.84e+01 |
| epoch:  300 | TA: 71.13 | TL: 5.747e-01 | VA: 72.81 | VL: 5.666e-01 | Norm: 1.79e-02 | time: 1.86e+01 |
| epoch:  400 | TA: 69.76 | TL: 5.713e-01 | VA: 71.00 | VL: 5.647e-01 | Norm: 1.27e-02 | time: 1.86e+01 |
| epoch:  500 | TA: 74.02 | TL: 5.701e-01 | VA: 72.51 | VL: 5.650e-01 | Norm: 9.97e-03 | time: 1.86e+01 |
| epoch:  600 | TA: 69.47 | TL: 5.695e-01 | VA: 71.18 | VL: 5.625e-01 | Norm: 8.11e-03 | time: 1.87e+01 |
| epoch:  700 | TA: 68.68 | TL: 5.692e-01 | VA: 71.14 | VL: 5.631e-01 | Norm: 7.32e-03 | time: 1.87e+01 |
| epoch:  800 | TA: 73.10 | TL: 5.685e-01 | VA: 73.61 | VL: 5.635e-01 | Norm: 6.58e-03 | time: 1.86e+01 |
| epoch:  900 | TA: 72.75 | TL: 5.694e-01 | VA: 75.36 | VL: 5.629e-01 | Norm: 7.24e-03 | time: 1.87e+01 |
| epoch: 1000 | TA: 74.29 | TL: 5.679e-01 | VA: 68.92 | VL: 5.628e-01 | Norm: 6.18e-03 | time: 1.88e+01 |
| epoch: 1100 | TA: 72.21 | TL: 5.682e-01 | VA: 71.20 | VL: 5.624e-01 | Norm: 5.90e-03 | time: 1.88e+01 |
Early stop.
Finished.
Training with penalty:0.91201 seed:2.
The ID for this training is 1658698635.
| epoch:    0 | TA: 40.47 | TL: 7.020e-01 | VA: 60.40 | VL: 7.170e-01 | Norm: 5.08e-03 | time: 1.85e-01 |
| epoch:  100 | TA: 79.62 | TL: 5.476e-01 | VA: 79.90 | VL: 5.404e-01 | Norm: 2.09e-02 | time: 1.86e+01 |
| epoch:  200 | TA: 75.72 | TL: 6.011e-01 | VA: 74.05 | VL: 5.839e-01 | Norm: 2.00e-02 | time: 1.85e+01 |
| epoch:  300 | TA: 76.31 | TL: 5.519e-01 | VA: 76.91 | VL: 5.450e-01 | Norm: 1.65e-02 | time: 1.86e+01 |
| epoch:  400 | TA: 71.47 | TL: 5.825e-01 | VA: 74.71 | VL: 5.736e-01 | Norm: 1.52e-02 | time: 1.86e+01 |
| epoch:  500 | TA: 72.54 | TL: 5.774e-01 | VA: 73.76 | VL: 5.704e-01 | Norm: 1.12e-02 | time: 1.87e+01 |
| epoch:  600 | TA: 73.74 | TL: 5.775e-01 | VA: 72.16 | VL: 5.735e-01 | Norm: 1.06e-02 | time: 1.86e+01 |
| epoch:  700 | TA: 73.64 | TL: 5.747e-01 | VA: 72.40 | VL: 5.692e-01 | Norm: 8.96e-03 | time: 1.87e+01 |
| epoch:  800 | TA: 72.67 | TL: 5.737e-01 | VA: 72.97 | VL: 5.677e-01 | Norm: 7.78e-03 | time: 1.88e+01 |
| epoch:  900 | TA: 74.17 | TL: 5.749e-01 | VA: 73.99 | VL: 5.693e-01 | Norm: 8.75e-03 | time: 1.87e+01 |
| epoch: 1000 | TA: 74.31 | TL: 5.721e-01 | VA: 73.76 | VL: 5.662e-01 | Norm: 7.38e-03 | time: 1.88e+01 |
| epoch: 1100 | TA: 70.79 | TL: 5.744e-01 | VA: 73.74 | VL: 5.678e-01 | Norm: 7.74e-03 | time: 1.88e+01 |
Early stop.
Finished.
Training with penalty:1.38038 seed:2.
The ID for this training is 1658698864.
| epoch:    0 | TA: 40.47 | TL: 7.020e-01 | VA: 60.40 | VL: 7.193e-01 | Norm: 5.08e-03 | time: 1.84e-01 |
| epoch:  100 | TA: 74.70 | TL: 5.495e-01 | VA: 79.63 | VL: 5.500e-01 | Norm: 1.77e-02 | time: 1.86e+01 |
| epoch:  200 | TA: 72.58 | TL: 6.000e-01 | VA: 73.89 | VL: 5.932e-01 | Norm: 1.95e-02 | time: 1.85e+01 |
| epoch:  300 | TA: 75.24 | TL: 5.806e-01 | VA: 75.08 | VL: 5.726e-01 | Norm: 1.15e-02 | time: 1.86e+01 |
| epoch:  400 | TA: 73.20 | TL: 5.726e-01 | VA: 74.34 | VL: 5.651e-01 | Norm: 7.97e-03 | time: 1.86e+01 |
| epoch:  500 | TA: 74.38 | TL: 5.721e-01 | VA: 74.83 | VL: 5.650e-01 | Norm: 7.18e-03 | time: 1.87e+01 |
| epoch:  600 | TA: 75.55 | TL: 5.714e-01 | VA: 75.13 | VL: 5.639e-01 | Norm: 6.60e-03 | time: 1.87e+01 |
| epoch:  700 | TA: 70.83 | TL: 5.751e-01 | VA: 72.42 | VL: 5.700e-01 | Norm: 6.43e-03 | time: 1.87e+01 |
| epoch:  800 | TA: 72.29 | TL: 5.718e-01 | VA: 74.14 | VL: 5.666e-01 | Norm: 5.60e-03 | time: 1.87e+01 |
| epoch:  900 | TA: 75.13 | TL: 5.705e-01 | VA: 73.68 | VL: 5.634e-01 | Norm: 5.58e-03 | time: 1.88e+01 |
| epoch: 1000 | TA: 74.46 | TL: 5.696e-01 | VA: 75.00 | VL: 5.617e-01 | Norm: 5.67e-03 | time: 1.88e+01 |
| epoch: 1100 | TA: 71.25 | TL: 5.726e-01 | VA: 72.39 | VL: 5.671e-01 | Norm: 5.99e-03 | time: 1.88e+01 |
Early stop.
Finished.
Training with penalty:2.0893 seed:2.
The ID for this training is 1658699082.
| epoch:    0 | TA: 40.47 | TL: 7.020e-01 | VA: 60.40 | VL: 7.229e-01 | Norm: 5.08e-03 | time: 2.25e-01 |
| epoch:  100 | TA: 77.58 | TL: 5.608e-01 | VA: 80.91 | VL: 5.574e-01 | Norm: 1.38e-02 | time: 1.85e+01 |
| epoch:  200 | TA: 74.98 | TL: 5.810e-01 | VA: 77.49 | VL: 5.725e-01 | Norm: 1.27e-02 | time: 1.86e+01 |
| epoch:  300 | TA: 76.42 | TL: 5.609e-01 | VA: 77.75 | VL: 5.537e-01 | Norm: 1.01e-02 | time: 1.86e+01 |
| epoch:  400 | TA: 70.45 | TL: 5.856e-01 | VA: 73.93 | VL: 5.764e-01 | Norm: 8.22e-03 | time: 1.86e+01 |
| epoch:  500 | TA: 72.25 | TL: 5.830e-01 | VA: 75.89 | VL: 5.751e-01 | Norm: 7.50e-03 | time: 1.87e+01 |
| epoch:  600 | TA: 73.15 | TL: 5.797e-01 | VA: 72.67 | VL: 5.711e-01 | Norm: 6.34e-03 | time: 1.87e+01 |
| epoch:  700 | TA: 72.77 | TL: 5.775e-01 | VA: 73.87 | VL: 5.699e-01 | Norm: 5.83e-03 | time: 1.87e+01 |
| epoch:  800 | TA: 74.68 | TL: 5.753e-01 | VA: 76.83 | VL: 5.656e-01 | Norm: 6.30e-03 | time: 1.87e+01 |
| epoch:  900 | TA: 75.64 | TL: 5.690e-01 | VA: 78.78 | VL: 5.621e-01 | Norm: 7.59e-03 | time: 1.88e+01 |
| epoch: 1000 | TA: 76.73 | TL: 5.580e-01 | VA: 79.79 | VL: 5.545e-01 | Norm: 8.77e-03 | time: 1.88e+01 |
| epoch: 1100 | TA: 80.01 | TL: 5.547e-01 | VA: 80.57 | VL: 5.526e-01 | Norm: 8.84e-03 | time: 1.88e+01 |
Early stop.
Finished.
Training with penalty:3.16228 seed:2.
The ID for this training is 1658699309.
| epoch:    0 | TA: 40.47 | TL: 7.020e-01 | VA: 60.40 | VL: 7.284e-01 | Norm: 5.08e-03 | time: 1.85e-01 |
| epoch:  100 | TA: 70.43 | TL: 5.855e-01 | VA: 72.46 | VL: 5.796e-01 | Norm: 6.05e-03 | time: 1.86e+01 |
| epoch:  200 | TA: 74.94 | TL: 5.646e-01 | VA: 75.49 | VL: 5.624e-01 | Norm: 6.67e-03 | time: 1.86e+01 |
| epoch:  300 | TA: 73.41 | TL: 6.031e-01 | VA: 73.26 | VL: 5.960e-01 | Norm: 9.48e-03 | time: 1.87e+01 |
| epoch:  400 | TA: 74.95 | TL: 5.928e-01 | VA: 76.16 | VL: 5.871e-01 | Norm: 7.62e-03 | time: 1.86e+01 |
| epoch:  500 | TA: 74.55 | TL: 5.862e-01 | VA: 73.32 | VL: 5.800e-01 | Norm: 5.52e-03 | time: 1.86e+01 |
| epoch:  600 | TA: 74.19 | TL: 5.846e-01 | VA: 73.17 | VL: 5.798e-01 | Norm: 5.22e-03 | time: 1.87e+01 |
| epoch:  700 | TA: 71.71 | TL: 5.834e-01 | VA: 74.21 | VL: 5.778e-01 | Norm: 5.05e-03 | time: 1.88e+01 |
| epoch:  800 | TA: 74.14 | TL: 5.833e-01 | VA: 73.40 | VL: 5.780e-01 | Norm: 5.03e-03 | time: 1.87e+01 |
| epoch:  900 | TA: 71.35 | TL: 5.843e-01 | VA: 72.93 | VL: 5.793e-01 | Norm: 5.01e-03 | time: 1.87e+01 |
| epoch: 1000 | TA: 73.55 | TL: 5.829e-01 | VA: 73.72 | VL: 5.778e-01 | Norm: 4.68e-03 | time: 1.88e+01 |
| epoch: 1100 | TA: 71.79 | TL: 5.850e-01 | VA: 73.92 | VL: 5.797e-01 | Norm: 5.13e-03 | time: 1.87e+01 |
| epoch: 1200 | TA: 74.32 | TL: 5.815e-01 | VA: 72.95 | VL: 5.771e-01 | Norm: 4.83e-03 | time: 1.88e+01 |
Early stop.
Finished.
Training with penalty:4.7863 seed:2.
The ID for this training is 1658699555.
| epoch:    0 | TA: 40.47 | TL: 7.020e-01 | VA: 60.40 | VL: 7.366e-01 | Norm: 5.08e-03 | time: 1.84e-01 |
| epoch:  100 | TA: 79.10 | TL: 5.602e-01 | VA: 76.90 | VL: 5.587e-01 | Norm: 6.81e-03 | time: 1.86e+01 |
| epoch:  200 | TA: 71.79 | TL: 5.959e-01 | VA: 75.32 | VL: 5.905e-01 | Norm: 5.62e-03 | time: 1.85e+01 |
| epoch:  300 | TA: 74.75 | TL: 5.893e-01 | VA: 76.27 | VL: 5.867e-01 | Norm: 5.57e-03 | time: 1.85e+01 |
| epoch:  400 | TA: 78.13 | TL: 5.604e-01 | VA: 79.45 | VL: 5.606e-01 | Norm: 6.76e-03 | time: 1.86e+01 |
| epoch:  500 | TA: 73.62 | TL: 5.837e-01 | VA: 77.53 | VL: 5.728e-01 | Norm: 8.38e-03 | time: 1.88e+01 |
| epoch:  600 | TA: 73.99 | TL: 5.931e-01 | VA: 72.46 | VL: 5.884e-01 | Norm: 5.57e-03 | time: 1.87e+01 |
| epoch:  700 | TA: 74.35 | TL: 5.874e-01 | VA: 74.09 | VL: 5.844e-01 | Norm: 4.42e-03 | time: 1.88e+01 |
| epoch:  800 | TA: 70.38 | TL: 5.861e-01 | VA: 73.22 | VL: 5.817e-01 | Norm: 4.14e-03 | time: 1.87e+01 |
| epoch:  900 | TA: 74.77 | TL: 5.862e-01 | VA: 77.05 | VL: 5.817e-01 | Norm: 4.33e-03 | time: 1.88e+01 |
| epoch: 1000 | TA: 73.57 | TL: 5.851e-01 | VA: 75.12 | VL: 5.811e-01 | Norm: 4.19e-03 | time: 1.88e+01 |
| epoch: 1100 | TA: 73.95 | TL: 5.735e-01 | VA: 76.94 | VL: 5.718e-01 | Norm: 5.58e-03 | time: 1.88e+01 |
| epoch: 1200 | TA: 76.96 | TL: 5.682e-01 | VA: 78.02 | VL: 5.703e-01 | Norm: 5.44e-03 | time: 1.88e+01 |
| epoch: 1300 | TA: 79.11 | TL: 5.696e-01 | VA: 76.98 | VL: 5.710e-01 | Norm: 5.57e-03 | time: 1.90e+01 |
| epoch: 1400 | TA: 78.11 | TL: 5.684e-01 | VA: 79.08 | VL: 5.696e-01 | Norm: 5.28e-03 | time: 1.92e+01 |
Early stop.
Finished.
Training with penalty:7.24436 seed:2.
The ID for this training is 1658699841.
| epoch:    0 | TA: 40.47 | TL: 7.020e-01 | VA: 60.40 | VL: 7.491e-01 | Norm: 5.08e-03 | time: 1.84e-01 |
| epoch:  100 | TA: 79.13 | TL: 5.802e-01 | VA: 78.16 | VL: 5.847e-01 | Norm: 7.07e-03 | time: 1.85e+01 |
| epoch:  200 | TA: 80.19 | TL: 5.607e-01 | VA: 81.22 | VL: 5.649e-01 | Norm: 6.42e-03 | time: 1.85e+01 |
| epoch:  300 | TA: 66.36 | TL: 6.785e-01 | VA: 67.02 | VL: 6.669e-01 | Norm: 7.14e-03 | time: 1.86e+01 |
| epoch:  400 | TA: 73.64 | TL: 6.031e-01 | VA: 73.80 | VL: 5.994e-01 | Norm: 4.60e-03 | time: 1.86e+01 |
| epoch:  500 | TA: 74.25 | TL: 5.929e-01 | VA: 72.53 | VL: 5.885e-01 | Norm: 3.43e-03 | time: 1.87e+01 |
| epoch:  600 | TA: 74.90 | TL: 5.791e-01 | VA: 78.34 | VL: 5.809e-01 | Norm: 4.32e-03 | time: 1.87e+01 |
| epoch:  700 | TA: 76.16 | TL: 5.707e-01 | VA: 76.32 | VL: 5.700e-01 | Norm: 4.19e-03 | time: 1.88e+01 |
| epoch:  800 | TA: 75.57 | TL: 5.607e-01 | VA: 76.81 | VL: 5.592e-01 | Norm: 4.14e-03 | time: 1.88e+01 |
| epoch:  900 | TA: 72.27 | TL: 5.965e-01 | VA: 68.37 | VL: 5.924e-01 | Norm: 3.65e-03 | time: 1.88e+01 |
| epoch: 1000 | TA: 70.81 | TL: 5.931e-01 | VA: 72.97 | VL: 5.888e-01 | Norm: 2.95e-03 | time: 1.88e+01 |
| epoch: 1100 | TA: 73.89 | TL: 5.896e-01 | VA: 72.28 | VL: 5.865e-01 | Norm: 2.81e-03 | time: 1.89e+01 |
| epoch: 1200 | TA: 73.94 | TL: 5.859e-01 | VA: 74.28 | VL: 5.821e-01 | Norm: 2.62e-03 | time: 1.89e+01 |
| epoch: 1300 | TA: 75.85 | TL: 5.807e-01 | VA: 71.63 | VL: 5.815e-01 | Norm: 3.00e-03 | time: 1.88e+01 |
| epoch: 1400 | TA: 75.69 | TL: 5.748e-01 | VA: 76.29 | VL: 5.760e-01 | Norm: 3.20e-03 | time: 1.88e+01 |
| epoch: 1500 | TA: 75.27 | TL: 5.749e-01 | VA: 74.61 | VL: 5.756e-01 | Norm: 3.37e-03 | time: 1.90e+01 |
| epoch: 1600 | TA: 77.71 | TL: 5.711e-01 | VA: 76.97 | VL: 5.717e-01 | Norm: 3.09e-03 | time: 1.91e+01 |
| epoch: 1700 | TA: 73.45 | TL: 5.728e-01 | VA: 74.89 | VL: 5.756e-01 | Norm: 3.12e-03 | time: 1.92e+01 |
Early stop.
Finished.
Training with penalty:10.96478 seed:2.
The ID for this training is 1658700187.
| epoch:    0 | TA: 40.47 | TL: 7.020e-01 | VA: 60.40 | VL: 7.680e-01 | Norm: 5.08e-03 | time: 1.85e-01 |
| epoch:  100 | TA: 73.35 | TL: 6.010e-01 | VA: 77.44 | VL: 6.028e-01 | Norm: 5.35e-03 | time: 1.86e+01 |
| epoch:  200 | TA: 72.44 | TL: 6.294e-01 | VA: 72.74 | VL: 6.264e-01 | Norm: 5.19e-03 | time: 1.85e+01 |
| epoch:  300 | TA: 73.45 | TL: 6.100e-01 | VA: 71.38 | VL: 6.075e-01 | Norm: 3.55e-03 | time: 1.86e+01 |
| epoch:  400 | TA: 73.29 | TL: 6.029e-01 | VA: 73.84 | VL: 5.983e-01 | Norm: 2.99e-03 | time: 1.86e+01 |
| epoch:  500 | TA: 73.52 | TL: 5.971e-01 | VA: 76.88 | VL: 5.914e-01 | Norm: 2.74e-03 | time: 1.88e+01 |
| epoch:  600 | TA: 76.09 | TL: 5.926e-01 | VA: 76.04 | VL: 5.900e-01 | Norm: 2.69e-03 | time: 1.88e+01 |
| epoch:  700 | TA: 73.11 | TL: 5.866e-01 | VA: 76.39 | VL: 5.843e-01 | Norm: 3.65e-03 | time: 1.88e+01 |
| epoch:  800 | TA: 74.25 | TL: 5.831e-01 | VA: 76.70 | VL: 5.806e-01 | Norm: 4.07e-03 | time: 1.89e+01 |
| epoch:  900 | TA: 74.40 | TL: 5.794e-01 | VA: 79.17 | VL: 5.787e-01 | Norm: 4.06e-03 | time: 1.88e+01 |
| epoch: 1000 | TA: 74.14 | TL: 5.751e-01 | VA: 74.16 | VL: 5.758e-01 | Norm: 3.72e-03 | time: 1.89e+01 |
| epoch: 1100 | TA: 74.02 | TL: 5.768e-01 | VA: 80.39 | VL: 5.781e-01 | Norm: 3.74e-03 | time: 1.88e+01 |
| epoch: 1200 | TA: 78.73 | TL: 5.748e-01 | VA: 80.86 | VL: 5.755e-01 | Norm: 3.65e-03 | time: 1.89e+01 |
| epoch: 1300 | TA: 78.59 | TL: 5.714e-01 | VA: 77.73 | VL: 5.719e-01 | Norm: 3.89e-03 | time: 1.90e+01 |
| epoch: 1400 | TA: 79.72 | TL: 5.715e-01 | VA: 74.78 | VL: 5.725e-01 | Norm: 3.81e-03 | time: 1.89e+01 |
| epoch: 1500 | TA: 75.90 | TL: 5.811e-01 | VA: 78.53 | VL: 5.822e-01 | Norm: 3.61e-03 | time: 1.89e+01 |
| epoch: 1600 | TA: 75.39 | TL: 5.782e-01 | VA: 75.24 | VL: 5.798e-01 | Norm: 3.74e-03 | time: 1.90e+01 |
| epoch: 1700 | TA: 76.55 | TL: 5.760e-01 | VA: 72.35 | VL: 5.782e-01 | Norm: 3.60e-03 | time: 1.89e+01 |
| epoch: 1800 | TA: 78.63 | TL: 5.747e-01 | VA: 74.45 | VL: 5.748e-01 | Norm: 3.71e-03 | time: 1.91e+01 |
| epoch: 1900 | TA: 70.17 | TL: 5.723e-01 | VA: 71.83 | VL: 5.739e-01 | Norm: 3.63e-03 | time: 1.93e+01 |
| epoch: 2000 | TA: 75.83 | TL: 5.734e-01 | VA: 77.37 | VL: 5.720e-01 | Norm: 3.72e-03 | time: 1.92e+01 |
| epoch: 2100 | TA: 75.02 | TL: 5.726e-01 | VA: 76.53 | VL: 5.719e-01 | Norm: 3.69e-03 | time: 1.93e+01 |
| epoch: 2200 | TA: 72.26 | TL: 5.770e-01 | VA: 75.69 | VL: 5.738e-01 | Norm: 3.76e-03 | time: 1.94e+01 |
| epoch: 2300 | TA: 76.98 | TL: 5.740e-01 | VA: 78.39 | VL: 5.730e-01 | Norm: 3.78e-03 | time: 1.93e+01 |
Early stop.
Finished.
Training with penalty:16.59587 seed:2.
The ID for this training is 1658700641.
| epoch:    0 | TA: 40.47 | TL: 7.020e-01 | VA: 60.40 | VL: 7.965e-01 | Norm: 5.08e-03 | time: 1.85e-01 |
| epoch:  100 | TA: 78.16 | TL: 6.002e-01 | VA: 76.11 | VL: 6.058e-01 | Norm: 4.53e-03 | time: 1.85e+01 |
| epoch:  200 | TA: 75.06 | TL: 6.195e-01 | VA: 73.29 | VL: 6.179e-01 | Norm: 4.10e-03 | time: 1.86e+01 |
| epoch:  300 | TA: 75.79 | TL: 6.077e-01 | VA: 75.93 | VL: 6.096e-01 | Norm: 3.22e-03 | time: 1.86e+01 |
| epoch:  400 | TA: 73.31 | TL: 6.246e-01 | VA: 69.32 | VL: 6.230e-01 | Norm: 2.79e-03 | time: 1.86e+01 |
| epoch:  500 | TA: 72.74 | TL: 6.147e-01 | VA: 72.68 | VL: 6.122e-01 | Norm: 2.49e-03 | time: 1.87e+01 |
| epoch:  600 | TA: 74.67 | TL: 6.116e-01 | VA: 73.21 | VL: 6.070e-01 | Norm: 2.40e-03 | time: 1.88e+01 |
| epoch:  700 | TA: 73.50 | TL: 6.007e-01 | VA: 73.69 | VL: 6.017e-01 | Norm: 2.13e-03 | time: 1.88e+01 |
| epoch:  800 | TA: 72.64 | TL: 5.971e-01 | VA: 73.52 | VL: 5.956e-01 | Norm: 2.02e-03 | time: 1.89e+01 |
| epoch:  900 | TA: 74.46 | TL: 5.930e-01 | VA: 77.12 | VL: 5.926e-01 | Norm: 1.96e-03 | time: 1.88e+01 |
| epoch: 1000 | TA: 75.34 | TL: 5.962e-01 | VA: 71.91 | VL: 5.969e-01 | Norm: 2.19e-03 | time: 1.89e+01 |
| epoch: 1100 | TA: 74.06 | TL: 5.961e-01 | VA: 76.10 | VL: 5.923e-01 | Norm: 2.24e-03 | time: 1.88e+01 |
| epoch: 1200 | TA: 77.09 | TL: 5.924e-01 | VA: 73.76 | VL: 5.921e-01 | Norm: 2.35e-03 | time: 1.89e+01 |
| epoch: 1300 | TA: 71.93 | TL: 5.916e-01 | VA: 73.14 | VL: 5.890e-01 | Norm: 2.38e-03 | time: 1.89e+01 |
| epoch: 1400 | TA: 72.64 | TL: 5.885e-01 | VA: 75.30 | VL: 5.908e-01 | Norm: 2.52e-03 | time: 1.90e+01 |
| epoch: 1500 | TA: 70.42 | TL: 6.103e-01 | VA: 69.07 | VL: 6.061e-01 | Norm: 2.22e-03 | time: 1.89e+01 |
| epoch: 1600 | TA: 70.97 | TL: 6.021e-01 | VA: 67.26 | VL: 6.027e-01 | Norm: 2.01e-03 | time: 1.90e+01 |
| epoch: 1700 | TA: 73.90 | TL: 5.982e-01 | VA: 73.12 | VL: 5.954e-01 | Norm: 1.77e-03 | time: 1.90e+01 |
| epoch: 1800 | TA: 69.18 | TL: 5.996e-01 | VA: 71.28 | VL: 5.927e-01 | Norm: 1.76e-03 | time: 1.90e+01 |
| epoch: 1900 | TA: 74.98 | TL: 5.939e-01 | VA: 72.94 | VL: 5.898e-01 | Norm: 1.59e-03 | time: 1.90e+01 |
| epoch: 2000 | TA: 71.37 | TL: 5.920e-01 | VA: 74.97 | VL: 5.919e-01 | Norm: 1.77e-03 | time: 1.90e+01 |
| epoch: 2100 | TA: 70.42 | TL: 5.928e-01 | VA: 75.88 | VL: 5.917e-01 | Norm: 1.81e-03 | time: 1.90e+01 |
| epoch: 2200 | TA: 74.24 | TL: 5.901e-01 | VA: 74.83 | VL: 5.930e-01 | Norm: 1.79e-03 | time: 1.90e+01 |
Early stop.
Finished.
Training with penalty:25.11886 seed:2.
The ID for this training is 1658701083.
| epoch:    0 | TA: 40.47 | TL: 7.020e-01 | VA: 60.40 | VL: 8.398e-01 | Norm: 5.08e-03 | time: 1.87e-01 |
| epoch:  100 | TA: 77.78 | TL: 6.207e-01 | VA: 75.00 | VL: 6.256e-01 | Norm: 2.61e-03 | time: 1.86e+01 |
| epoch:  200 | TA: 74.66 | TL: 6.155e-01 | VA: 73.79 | VL: 6.201e-01 | Norm: 2.31e-03 | time: 1.86e+01 |
| epoch:  300 | TA: 76.23 | TL: 6.104e-01 | VA: 76.47 | VL: 6.146e-01 | Norm: 1.86e-03 | time: 1.86e+01 |
| epoch:  400 | TA: 77.14 | TL: 5.958e-01 | VA: 76.73 | VL: 6.061e-01 | Norm: 1.82e-03 | time: 1.87e+01 |
| epoch:  500 | TA: 71.37 | TL: 6.122e-01 | VA: 70.89 | VL: 6.134e-01 | Norm: 1.80e-03 | time: 1.87e+01 |
| epoch:  600 | TA: 74.81 | TL: 6.139e-01 | VA: 70.73 | VL: 6.114e-01 | Norm: 1.48e-03 | time: 1.89e+01 |
| epoch:  700 | TA: 74.04 | TL: 6.056e-01 | VA: 75.49 | VL: 6.045e-01 | Norm: 1.48e-03 | time: 1.88e+01 |
| epoch:  800 | TA: 73.33 | TL: 6.110e-01 | VA: 75.69 | VL: 6.061e-01 | Norm: 1.58e-03 | time: 1.88e+01 |
| epoch:  900 | TA: 74.37 | TL: 6.089e-01 | VA: 75.24 | VL: 6.066e-01 | Norm: 1.56e-03 | time: 1.89e+01 |
| epoch: 1000 | TA: 69.33 | TL: 6.042e-01 | VA: 75.77 | VL: 6.020e-01 | Norm: 1.43e-03 | time: 1.89e+01 |
| epoch: 1100 | TA: 72.78 | TL: 6.018e-01 | VA: 75.25 | VL: 6.000e-01 | Norm: 1.37e-03 | time: 1.89e+01 |
| epoch: 1200 | TA: 72.40 | TL: 6.032e-01 | VA: 74.95 | VL: 6.007e-01 | Norm: 1.38e-03 | time: 1.90e+01 |
| epoch: 1300 | TA: 72.97 | TL: 6.059e-01 | VA: 72.90 | VL: 6.031e-01 | Norm: 1.39e-03 | time: 1.89e+01 |
| epoch: 1400 | TA: 69.25 | TL: 6.019e-01 | VA: 73.98 | VL: 5.970e-01 | Norm: 1.30e-03 | time: 1.90e+01 |
| epoch: 1500 | TA: 72.09 | TL: 6.031e-01 | VA: 71.46 | VL: 6.040e-01 | Norm: 1.45e-03 | time: 1.89e+01 |
| epoch: 1600 | TA: 73.11 | TL: 5.991e-01 | VA: 71.95 | VL: 5.983e-01 | Norm: 1.29e-03 | time: 1.90e+01 |
| epoch: 1700 | TA: 71.84 | TL: 6.014e-01 | VA: 74.10 | VL: 5.986e-01 | Norm: 1.38e-03 | time: 1.91e+01 |
| epoch: 1800 | TA: 73.24 | TL: 6.031e-01 | VA: 73.62 | VL: 5.994e-01 | Norm: 1.53e-03 | time: 1.89e+01 |
| epoch: 1900 | TA: 74.36 | TL: 6.015e-01 | VA: 76.28 | VL: 6.007e-01 | Norm: 1.51e-03 | time: 1.90e+01 |
| epoch: 2000 | TA: 73.87 | TL: 5.982e-01 | VA: 72.93 | VL: 5.958e-01 | Norm: 1.38e-03 | time: 1.90e+01 |
| epoch: 2100 | TA: 75.93 | TL: 6.006e-01 | VA: 74.81 | VL: 5.994e-01 | Norm: 1.42e-03 | time: 1.90e+01 |
| epoch: 2200 | TA: 76.17 | TL: 5.968e-01 | VA: 74.22 | VL: 5.946e-01 | Norm: 1.35e-03 | time: 1.90e+01 |
| epoch: 2300 | TA: 71.87 | TL: 6.001e-01 | VA: 73.91 | VL: 5.997e-01 | Norm: 1.45e-03 | time: 1.92e+01 |
| epoch: 2400 | TA: 74.57 | TL: 5.952e-01 | VA: 72.38 | VL: 5.972e-01 | Norm: 1.37e-03 | time: 1.94e+01 |
| epoch: 2500 | TA: 71.73 | TL: 5.975e-01 | VA: 74.55 | VL: 5.961e-01 | Norm: 1.40e-03 | time: 1.96e+01 |
| epoch: 2600 | TA: 70.69 | TL: 6.027e-01 | VA: 74.37 | VL: 5.951e-01 | Norm: 1.41e-03 | time: 1.94e+01 |
| epoch: 2700 | TA: 72.89 | TL: 5.999e-01 | VA: 77.96 | VL: 5.953e-01 | Norm: 1.45e-03 | time: 1.93e+01 |
| epoch: 2800 | TA: 74.25 | TL: 5.990e-01 | VA: 75.17 | VL: 5.978e-01 | Norm: 1.40e-03 | time: 1.93e+01 |
| epoch: 2900 | TA: 73.88 | TL: 5.975e-01 | VA: 72.41 | VL: 5.982e-01 | Norm: 1.42e-03 | time: 1.94e+01 |
| epoch: 3000 | TA: 70.67 | TL: 5.991e-01 | VA: 73.66 | VL: 5.987e-01 | Norm: 1.42e-03 | time: 1.94e+01 |
| epoch: 3100 | TA: 73.80 | TL: 5.952e-01 | VA: 77.43 | VL: 5.907e-01 | Norm: 1.33e-03 | time: 1.94e+01 |
| epoch: 3200 | TA: 74.13 | TL: 5.969e-01 | VA: 73.92 | VL: 5.958e-01 | Norm: 1.48e-03 | time: 1.95e+01 |
| epoch: 3300 | TA: 73.45 | TL: 5.995e-01 | VA: 71.98 | VL: 5.986e-01 | Norm: 1.47e-03 | time: 1.95e+01 |
| epoch: 3400 | TA: 70.58 | TL: 5.962e-01 | VA: 74.32 | VL: 5.951e-01 | Norm: 1.39e-03 | time: 1.95e+01 |
| epoch: 3500 | TA: 73.43 | TL: 5.996e-01 | VA: 75.84 | VL: 5.960e-01 | Norm: 1.36e-03 | time: 1.94e+01 |
| epoch: 3600 | TA: 73.22 | TL: 6.016e-01 | VA: 74.46 | VL: 6.005e-01 | Norm: 1.39e-03 | time: 1.94e+01 |
| epoch: 3700 | TA: 73.23 | TL: 6.009e-01 | VA: 68.50 | VL: 5.992e-01 | Norm: 1.43e-03 | time: 1.95e+01 |
| epoch: 3800 | TA: 74.19 | TL: 6.002e-01 | VA: 73.19 | VL: 5.989e-01 | Norm: 1.34e-03 | time: 1.95e+01 |
| epoch: 3900 | TA: 74.72 | TL: 5.981e-01 | VA: 72.24 | VL: 5.949e-01 | Norm: 1.39e-03 | time: 1.94e+01 |
| epoch: 4000 | TA: 73.23 | TL: 5.977e-01 | VA: 73.53 | VL: 5.987e-01 | Norm: 1.44e-03 | time: 1.94e+01 |
| epoch: 4100 | TA: 74.89 | TL: 5.932e-01 | VA: 75.33 | VL: 5.907e-01 | Norm: 1.34e-03 | time: 1.94e+01 |
| epoch: 4200 | TA: 71.32 | TL: 5.925e-01 | VA: 73.91 | VL: 5.968e-01 | Norm: 1.33e-03 | time: 1.94e+01 |
| epoch: 4300 | TA: 73.33 | TL: 5.964e-01 | VA: 71.87 | VL: 5.901e-01 | Norm: 1.24e-03 | time: 1.94e+01 |
| epoch: 4400 | TA: 71.86 | TL: 5.960e-01 | VA: 75.60 | VL: 5.957e-01 | Norm: 1.33e-03 | time: 1.93e+01 |
| epoch: 4500 | TA: 74.18 | TL: 6.013e-01 | VA: 76.82 | VL: 6.003e-01 | Norm: 1.48e-03 | time: 1.93e+01 |
| epoch: 4600 | TA: 70.05 | TL: 5.969e-01 | VA: 73.50 | VL: 5.949e-01 | Norm: 1.39e-03 | time: 1.94e+01 |
| epoch: 4700 | TA: 72.60 | TL: 5.958e-01 | VA: 68.30 | VL: 5.962e-01 | Norm: 1.37e-03 | time: 1.94e+01 |
| epoch: 4800 | TA: 72.83 | TL: 5.972e-01 | VA: 74.65 | VL: 5.936e-01 | Norm: 1.35e-03 | time: 1.94e+01 |
| epoch: 4900 | TA: 73.13 | TL: 5.961e-01 | VA: 74.24 | VL: 5.932e-01 | Norm: 1.33e-03 | time: 1.94e+01 |
| epoch: 5000 | TA: 75.89 | TL: 5.999e-01 | VA: 76.47 | VL: 6.000e-01 | Norm: 1.37e-03 | time: 1.94e+01 |
| epoch: 5100 | TA: 71.15 | TL: 5.958e-01 | VA: 72.46 | VL: 5.965e-01 | Norm: 1.38e-03 | time: 1.94e+01 |
| epoch: 5200 | TA: 71.09 | TL: 6.017e-01 | VA: 73.73 | VL: 5.997e-01 | Norm: 1.43e-03 | time: 1.93e+01 |
| epoch: 5300 | TA: 72.67 | TL: 5.944e-01 | VA: 76.47 | VL: 5.898e-01 | Norm: 1.31e-03 | time: 1.94e+01 |
| epoch: 5400 | TA: 76.09 | TL: 5.971e-01 | VA: 69.94 | VL: 6.017e-01 | Norm: 1.40e-03 | time: 1.94e+01 |
| epoch: 5500 | TA: 69.25 | TL: 5.985e-01 | VA: 75.18 | VL: 5.949e-01 | Norm: 1.37e-03 | time: 1.94e+01 |
| epoch: 5600 | TA: 75.66 | TL: 5.957e-01 | VA: 72.50 | VL: 5.919e-01 | Norm: 1.30e-03 | time: 1.94e+01 |
| epoch: 5700 | TA: 73.02 | TL: 5.970e-01 | VA: 68.55 | VL: 5.961e-01 | Norm: 1.36e-03 | time: 1.94e+01 |
| epoch: 5800 | TA: 69.20 | TL: 5.995e-01 | VA: 77.02 | VL: 5.914e-01 | Norm: 1.33e-03 | time: 1.94e+01 |
| epoch: 5900 | TA: 72.36 | TL: 5.989e-01 | VA: 70.66 | VL: 5.965e-01 | Norm: 1.35e-03 | time: 1.94e+01 |
| epoch: 6000 | TA: 70.18 | TL: 5.974e-01 | VA: 72.16 | VL: 5.992e-01 | Norm: 1.46e-03 | time: 1.94e+01 |
| epoch: 6100 | TA: 74.74 | TL: 5.994e-01 | VA: 74.80 | VL: 5.936e-01 | Norm: 1.34e-03 | time: 1.94e+01 |
| epoch: 6200 | TA: 75.73 | TL: 5.962e-01 | VA: 77.11 | VL: 5.977e-01 | Norm: 1.39e-03 | time: 1.94e+01 |
| epoch: 6300 | TA: 74.21 | TL: 5.938e-01 | VA: 76.12 | VL: 5.955e-01 | Norm: 1.30e-03 | time: 1.94e+01 |
| epoch: 6400 | TA: 72.56 | TL: 5.965e-01 | VA: 71.13 | VL: 5.976e-01 | Norm: 1.26e-03 | time: 1.94e+01 |
| epoch: 6500 | TA: 73.79 | TL: 5.949e-01 | VA: 75.37 | VL: 5.880e-01 | Norm: 1.21e-03 | time: 1.94e+01 |
| epoch: 6600 | TA: 74.05 | TL: 5.975e-01 | VA: 71.57 | VL: 5.940e-01 | Norm: 1.24e-03 | time: 1.94e+01 |
Early stop.
Finished.
Training with penalty:38.01894 seed:2.
The ID for this training is 1658702407.
| epoch:    0 | TA: 40.47 | TL: 7.020e-01 | VA: 60.40 | VL: 9.053e-01 | Norm: 5.08e-03 | time: 1.85e-01 |
| epoch:  100 | TA: 72.47 | TL: 6.633e-01 | VA: 73.28 | VL: 6.749e-01 | Norm: 1.44e-03 | time: 1.85e+01 |
| epoch:  200 | TA: 71.77 | TL: 6.544e-01 | VA: 71.79 | VL: 6.599e-01 | Norm: 1.40e-03 | time: 1.85e+01 |
| epoch:  300 | TA: 75.01 | TL: 6.507e-01 | VA: 66.70 | VL: 6.583e-01 | Norm: 1.52e-03 | time: 1.86e+01 |
| epoch:  400 | TA: 71.36 | TL: 6.384e-01 | VA: 70.50 | VL: 6.466e-01 | Norm: 1.39e-03 | time: 1.88e+01 |
| epoch:  500 | TA: 74.31 | TL: 6.298e-01 | VA: 69.06 | VL: 6.346e-01 | Norm: 1.33e-03 | time: 1.89e+01 |
| epoch:  600 | TA: 74.31 | TL: 6.233e-01 | VA: 70.43 | VL: 6.298e-01 | Norm: 1.32e-03 | time: 1.90e+01 |
| epoch:  700 | TA: 75.52 | TL: 6.214e-01 | VA: 69.91 | VL: 6.254e-01 | Norm: 1.29e-03 | time: 1.90e+01 |
| epoch:  800 | TA: 74.86 | TL: 6.189e-01 | VA: 71.66 | VL: 6.232e-01 | Norm: 1.29e-03 | time: 1.91e+01 |
| epoch:  900 | TA: 72.57 | TL: 6.167e-01 | VA: 73.00 | VL: 6.205e-01 | Norm: 1.22e-03 | time: 1.92e+01 |
| epoch: 1000 | TA: 66.54 | TL: 6.821e-01 | VA: 68.43 | VL: 6.818e-01 | Norm: 1.44e-03 | time: 1.92e+01 |
| epoch: 1100 | TA: 67.85 | TL: 6.277e-01 | VA: 67.46 | VL: 6.310e-01 | Norm: 1.21e-03 | time: 1.92e+01 |
| epoch: 1200 | TA: 70.81 | TL: 6.238e-01 | VA: 67.36 | VL: 6.207e-01 | Norm: 1.07e-03 | time: 1.92e+01 |
| epoch: 1300 | TA: 70.07 | TL: 6.233e-01 | VA: 70.29 | VL: 6.245e-01 | Norm: 1.13e-03 | time: 1.92e+01 |
| epoch: 1400 | TA: 70.00 | TL: 6.163e-01 | VA: 68.47 | VL: 6.176e-01 | Norm: 9.84e-04 | time: 1.92e+01 |
| epoch: 1500 | TA: 66.26 | TL: 6.249e-01 | VA: 71.48 | VL: 6.259e-01 | Norm: 1.06e-03 | time: 1.92e+01 |
| epoch: 1600 | TA: 71.32 | TL: 6.191e-01 | VA: 69.45 | VL: 6.216e-01 | Norm: 1.02e-03 | time: 1.93e+01 |
| epoch: 1700 | TA: 70.90 | TL: 6.260e-01 | VA: 67.86 | VL: 6.277e-01 | Norm: 1.10e-03 | time: 1.93e+01 |
| epoch: 1800 | TA: 69.53 | TL: 6.189e-01 | VA: 65.30 | VL: 6.190e-01 | Norm: 1.01e-03 | time: 1.92e+01 |
| epoch: 1900 | TA: 70.78 | TL: 6.202e-01 | VA: 65.07 | VL: 6.194e-01 | Norm: 1.01e-03 | time: 1.93e+01 |
| epoch: 2000 | TA: 67.45 | TL: 6.226e-01 | VA: 68.12 | VL: 6.210e-01 | Norm: 1.02e-03 | time: 1.93e+01 |
| epoch: 2100 | TA: 67.04 | TL: 6.240e-01 | VA: 72.83 | VL: 6.238e-01 | Norm: 1.10e-03 | time: 1.93e+01 |
| epoch: 2200 | TA: 68.99 | TL: 6.188e-01 | VA: 71.88 | VL: 6.171e-01 | Norm: 9.66e-04 | time: 1.93e+01 |
| epoch: 2300 | TA: 69.22 | TL: 6.188e-01 | VA: 65.79 | VL: 6.204e-01 | Norm: 1.02e-03 | time: 1.93e+01 |
| epoch: 2400 | TA: 70.43 | TL: 6.219e-01 | VA: 67.99 | VL: 6.224e-01 | Norm: 1.09e-03 | time: 1.93e+01 |
| epoch: 2500 | TA: 67.11 | TL: 6.246e-01 | VA: 67.65 | VL: 6.198e-01 | Norm: 1.05e-03 | time: 1.93e+01 |
| epoch: 2600 | TA: 69.23 | TL: 6.140e-01 | VA: 67.83 | VL: 6.218e-01 | Norm: 9.54e-04 | time: 1.93e+01 |
| epoch: 2700 | TA: 70.83 | TL: 6.236e-01 | VA: 63.69 | VL: 6.293e-01 | Norm: 1.11e-03 | time: 1.93e+01 |
| epoch: 2800 | TA: 68.76 | TL: 6.201e-01 | VA: 68.56 | VL: 6.217e-01 | Norm: 1.03e-03 | time: 1.93e+01 |
| epoch: 2900 | TA: 68.35 | TL: 6.235e-01 | VA: 65.45 | VL: 6.238e-01 | Norm: 1.02e-03 | time: 1.94e+01 |
| epoch: 3000 | TA: 70.45 | TL: 6.153e-01 | VA: 69.58 | VL: 6.202e-01 | Norm: 1.00e-03 | time: 1.93e+01 |
| epoch: 3100 | TA: 65.62 | TL: 6.174e-01 | VA: 70.91 | VL: 6.194e-01 | Norm: 1.02e-03 | time: 1.93e+01 |
| epoch: 3200 | TA: 68.41 | TL: 6.162e-01 | VA: 66.87 | VL: 6.219e-01 | Norm: 1.02e-03 | time: 1.93e+01 |
| epoch: 3300 | TA: 66.88 | TL: 6.206e-01 | VA: 70.10 | VL: 6.236e-01 | Norm: 9.98e-04 | time: 1.94e+01 |
| epoch: 3400 | TA: 70.46 | TL: 6.183e-01 | VA: 70.96 | VL: 6.144e-01 | Norm: 9.45e-04 | time: 1.94e+01 |
| epoch: 3500 | TA: 71.46 | TL: 6.161e-01 | VA: 69.93 | VL: 6.182e-01 | Norm: 9.95e-04 | time: 1.94e+01 |
Early stop.
Finished.
Training with penalty:57.54399 seed:2.
The ID for this training is 1658703108.
| epoch:    0 | TA: 40.47 | TL: 7.020e-01 | VA: 60.40 | VL: 1.004e+00 | Norm: 5.08e-03 | time: 1.84e-01 |
| epoch:  100 | TA: 73.22 | TL: 6.828e-01 | VA: 69.09 | VL: 6.940e-01 | Norm: 6.53e-04 | time: 1.84e+01 |
| epoch:  200 | TA: 71.98 | TL: 6.662e-01 | VA: 68.01 | VL: 6.795e-01 | Norm: 7.23e-04 | time: 1.87e+01 |
| epoch:  300 | TA: 69.88 | TL: 6.657e-01 | VA: 69.12 | VL: 6.862e-01 | Norm: 8.57e-04 | time: 1.87e+01 |
| epoch:  400 | TA: 71.18 | TL: 6.533e-01 | VA: 67.05 | VL: 6.612e-01 | Norm: 8.83e-04 | time: 1.89e+01 |
| epoch:  500 | TA: 72.27 | TL: 6.404e-01 | VA: 69.18 | VL: 6.495e-01 | Norm: 9.92e-04 | time: 1.89e+01 |
| epoch:  600 | TA: 76.32 | TL: 6.289e-01 | VA: 69.69 | VL: 6.395e-01 | Norm: 1.11e-03 | time: 1.89e+01 |
| epoch:  700 | TA: 71.47 | TL: 6.337e-01 | VA: 70.86 | VL: 6.444e-01 | Norm: 8.19e-04 | time: 1.90e+01 |
| epoch:  800 | TA: 73.93 | TL: 6.361e-01 | VA: 77.00 | VL: 6.482e-01 | Norm: 8.71e-04 | time: 1.90e+01 |
| epoch:  900 | TA: 66.86 | TL: 6.303e-01 | VA: 70.00 | VL: 6.393e-01 | Norm: 7.73e-04 | time: 1.91e+01 |
| epoch: 1000 | TA: 69.84 | TL: 6.272e-01 | VA: 73.12 | VL: 6.381e-01 | Norm: 7.38e-04 | time: 1.91e+01 |
| epoch: 1100 | TA: 72.12 | TL: 6.312e-01 | VA: 73.46 | VL: 6.419e-01 | Norm: 8.52e-04 | time: 1.92e+01 |
| epoch: 1200 | TA: 72.00 | TL: 6.312e-01 | VA: 66.11 | VL: 6.376e-01 | Norm: 6.81e-04 | time: 1.92e+01 |
| epoch: 1300 | TA: 71.77 | TL: 6.311e-01 | VA: 70.94 | VL: 6.427e-01 | Norm: 7.56e-04 | time: 1.92e+01 |
| epoch: 1400 | TA: 69.66 | TL: 6.349e-01 | VA: 68.78 | VL: 6.335e-01 | Norm: 6.74e-04 | time: 1.92e+01 |
| epoch: 1500 | TA: 70.95 | TL: 6.265e-01 | VA: 66.55 | VL: 6.368e-01 | Norm: 6.88e-04 | time: 1.92e+01 |
| epoch: 1600 | TA: 67.23 | TL: 6.326e-01 | VA: 69.80 | VL: 6.311e-01 | Norm: 6.16e-04 | time: 1.92e+01 |
| epoch: 1700 | TA: 70.67 | TL: 6.309e-01 | VA: 67.79 | VL: 6.394e-01 | Norm: 6.73e-04 | time: 1.92e+01 |
| epoch: 1800 | TA: 68.98 | TL: 6.229e-01 | VA: 72.27 | VL: 6.285e-01 | Norm: 5.82e-04 | time: 1.92e+01 |
| epoch: 1900 | TA: 65.47 | TL: 6.322e-01 | VA: 70.16 | VL: 6.369e-01 | Norm: 6.65e-04 | time: 1.92e+01 |
| epoch: 2000 | TA: 71.85 | TL: 6.253e-01 | VA: 68.58 | VL: 6.338e-01 | Norm: 6.25e-04 | time: 1.92e+01 |
| epoch: 2100 | TA: 69.31 | TL: 6.317e-01 | VA: 66.82 | VL: 6.407e-01 | Norm: 7.00e-04 | time: 1.92e+01 |
| epoch: 2200 | TA: 68.46 | TL: 6.245e-01 | VA: 65.81 | VL: 6.278e-01 | Norm: 5.64e-04 | time: 1.92e+01 |
| epoch: 2300 | TA: 69.20 | TL: 6.332e-01 | VA: 63.38 | VL: 6.405e-01 | Norm: 6.53e-04 | time: 1.93e+01 |
| epoch: 2400 | TA: 69.62 | TL: 6.244e-01 | VA: 66.84 | VL: 6.255e-01 | Norm: 5.61e-04 | time: 1.92e+01 |
| epoch: 2500 | TA: 66.82 | TL: 6.257e-01 | VA: 66.11 | VL: 6.305e-01 | Norm: 6.02e-04 | time: 1.93e+01 |
| epoch: 2600 | TA: 67.85 | TL: 6.303e-01 | VA: 72.33 | VL: 6.396e-01 | Norm: 6.91e-04 | time: 1.92e+01 |
| epoch: 2700 | TA: 69.57 | TL: 6.220e-01 | VA: 67.31 | VL: 6.292e-01 | Norm: 5.96e-04 | time: 1.92e+01 |
| epoch: 2800 | TA: 73.54 | TL: 6.207e-01 | VA: 64.77 | VL: 6.271e-01 | Norm: 5.40e-04 | time: 1.93e+01 |
| epoch: 2900 | TA: 68.75 | TL: 6.216e-01 | VA: 67.82 | VL: 6.328e-01 | Norm: 6.14e-04 | time: 1.93e+01 |
| epoch: 3000 | TA: 71.82 | TL: 6.255e-01 | VA: 68.91 | VL: 6.278e-01 | Norm: 5.64e-04 | time: 1.93e+01 |
| epoch: 3100 | TA: 67.37 | TL: 6.263e-01 | VA: 67.61 | VL: 6.279e-01 | Norm: 6.02e-04 | time: 1.92e+01 |
| epoch: 3200 | TA: 69.08 | TL: 6.212e-01 | VA: 71.02 | VL: 6.223e-01 | Norm: 5.72e-04 | time: 1.93e+01 |
| epoch: 3300 | TA: 67.47 | TL: 6.280e-01 | VA: 68.15 | VL: 6.269e-01 | Norm: 5.88e-04 | time: 1.93e+01 |
| epoch: 3400 | TA: 69.83 | TL: 6.328e-01 | VA: 64.35 | VL: 6.346e-01 | Norm: 5.91e-04 | time: 1.93e+01 |
| epoch: 3500 | TA: 71.14 | TL: 6.267e-01 | VA: 65.30 | VL: 6.358e-01 | Norm: 6.00e-04 | time: 1.93e+01 |
| epoch: 3600 | TA: 66.74 | TL: 6.267e-01 | VA: 66.21 | VL: 6.281e-01 | Norm: 5.87e-04 | time: 1.93e+01 |
| epoch: 3700 | TA: 66.95 | TL: 6.255e-01 | VA: 70.36 | VL: 6.269e-01 | Norm: 5.38e-04 | time: 1.93e+01 |
| epoch: 3800 | TA: 71.06 | TL: 6.269e-01 | VA: 66.10 | VL: 6.338e-01 | Norm: 5.93e-04 | time: 1.93e+01 |
| epoch: 3900 | TA: 67.01 | TL: 6.295e-01 | VA: 68.76 | VL: 6.270e-01 | Norm: 5.08e-04 | time: 1.93e+01 |
| epoch: 4000 | TA: 65.04 | TL: 6.264e-01 | VA: 63.30 | VL: 6.297e-01 | Norm: 5.55e-04 | time: 1.93e+01 |
| epoch: 4100 | TA: 67.32 | TL: 6.481e-01 | VA: 62.53 | VL: 6.501e-01 | Norm: 8.55e-04 | time: 1.93e+01 |
| epoch: 4200 | TA: 68.93 | TL: 6.298e-01 | VA: 66.04 | VL: 6.375e-01 | Norm: 5.52e-04 | time: 1.93e+01 |
| epoch: 4300 | TA: 71.75 | TL: 6.212e-01 | VA: 67.68 | VL: 6.267e-01 | Norm: 4.87e-04 | time: 1.93e+01 |
| epoch: 4400 | TA: 63.59 | TL: 6.317e-01 | VA: 72.91 | VL: 6.253e-01 | Norm: 5.47e-04 | time: 1.93e+01 |
| epoch: 4500 | TA: 71.41 | TL: 6.306e-01 | VA: 67.04 | VL: 6.297e-01 | Norm: 5.60e-04 | time: 1.93e+01 |
| epoch: 4600 | TA: 68.41 | TL: 6.240e-01 | VA: 69.63 | VL: 6.252e-01 | Norm: 5.48e-04 | time: 1.93e+01 |
| epoch: 4700 | TA: 69.83 | TL: 6.303e-01 | VA: 70.71 | VL: 6.420e-01 | Norm: 6.67e-04 | time: 1.93e+01 |
| epoch: 4800 | TA: 71.24 | TL: 6.251e-01 | VA: 62.45 | VL: 6.423e-01 | Norm: 6.02e-04 | time: 1.93e+01 |
| epoch: 4900 | TA: 70.44 | TL: 6.251e-01 | VA: 73.78 | VL: 6.292e-01 | Norm: 5.32e-04 | time: 1.93e+01 |
| epoch: 5000 | TA: 70.64 | TL: 6.218e-01 | VA: 62.57 | VL: 6.434e-01 | Norm: 6.44e-04 | time: 1.93e+01 |
| epoch: 5100 | TA: 64.97 | TL: 6.328e-01 | VA: 69.75 | VL: 6.361e-01 | Norm: 6.67e-04 | time: 1.93e+01 |
| epoch: 5200 | TA: 66.16 | TL: 6.173e-01 | VA: 69.96 | VL: 6.219e-01 | Norm: 4.99e-04 | time: 1.93e+01 |
| epoch: 5300 | TA: 70.33 | TL: 6.224e-01 | VA: 66.30 | VL: 6.268e-01 | Norm: 5.65e-04 | time: 1.93e+01 |
| epoch: 5400 | TA: 66.29 | TL: 6.284e-01 | VA: 66.74 | VL: 6.333e-01 | Norm: 5.24e-04 | time: 1.93e+01 |
| epoch: 5500 | TA: 70.20 | TL: 6.214e-01 | VA: 69.17 | VL: 6.320e-01 | Norm: 5.78e-04 | time: 1.93e+01 |
| epoch: 5600 | TA: 69.25 | TL: 6.278e-01 | VA: 68.17 | VL: 6.303e-01 | Norm: 5.58e-04 | time: 1.93e+01 |
| epoch: 5700 | TA: 71.03 | TL: 6.312e-01 | VA: 69.96 | VL: 6.294e-01 | Norm: 5.23e-04 | time: 1.93e+01 |
| epoch: 5800 | TA: 69.76 | TL: 6.151e-01 | VA: 64.11 | VL: 6.264e-01 | Norm: 5.07e-04 | time: 1.93e+01 |
| epoch: 5900 | TA: 68.96 | TL: 6.238e-01 | VA: 70.14 | VL: 6.256e-01 | Norm: 4.99e-04 | time: 1.93e+01 |
| epoch: 6000 | TA: 70.94 | TL: 6.197e-01 | VA: 65.90 | VL: 6.223e-01 | Norm: 4.60e-04 | time: 1.93e+01 |
| epoch: 6100 | TA: 69.18 | TL: 6.282e-01 | VA: 60.83 | VL: 6.343e-01 | Norm: 5.62e-04 | time: 1.93e+01 |
| epoch: 6200 | TA: 68.93 | TL: 6.255e-01 | VA: 64.66 | VL: 6.272e-01 | Norm: 5.31e-04 | time: 1.93e+01 |
Early stop.
Finished.
Training with penalty:87.09636 seed:2.
The ID for this training is 1658704333.
| epoch:    0 | TA: 40.47 | TL: 7.020e-01 | VA: 60.40 | VL: 1.154e+00 | Norm: 5.08e-03 | time: 1.84e-01 |
| epoch:  100 | TA: 70.34 | TL: 6.989e-01 | VA: 67.84 | VL: 7.058e-01 | Norm: 3.55e-04 | time: 1.85e+01 |
| epoch:  200 | TA: 64.90 | TL: 6.940e-01 | VA: 67.16 | VL: 7.002e-01 | Norm: 5.00e-04 | time: 1.85e+01 |
| epoch:  300 | TA: 70.18 | TL: 6.665e-01 | VA: 65.86 | VL: 6.812e-01 | Norm: 3.88e-04 | time: 1.85e+01 |
| epoch:  400 | TA: 73.02 | TL: 6.653e-01 | VA: 70.30 | VL: 6.832e-01 | Norm: 6.23e-04 | time: 1.88e+01 |
| epoch:  500 | TA: 70.04 | TL: 6.600e-01 | VA: 64.69 | VL: 6.705e-01 | Norm: 6.02e-04 | time: 1.89e+01 |
| epoch:  600 | TA: 71.18 | TL: 6.540e-01 | VA: 70.50 | VL: 6.622e-01 | Norm: 6.03e-04 | time: 1.89e+01 |
| epoch:  700 | TA: 66.77 | TL: 6.589e-01 | VA: 69.38 | VL: 6.611e-01 | Norm: 6.97e-04 | time: 1.90e+01 |
| epoch:  800 | TA: 68.82 | TL: 6.476e-01 | VA: 73.85 | VL: 6.599e-01 | Norm: 7.57e-04 | time: 1.90e+01 |
| epoch:  900 | TA: 68.66 | TL: 6.426e-01 | VA: 62.31 | VL: 6.492e-01 | Norm: 6.35e-04 | time: 1.91e+01 |
| epoch: 1000 | TA: 69.13 | TL: 6.555e-01 | VA: 63.43 | VL: 6.647e-01 | Norm: 7.05e-04 | time: 1.91e+01 |
| epoch: 1100 | TA: 72.07 | TL: 6.424e-01 | VA: 67.85 | VL: 6.484e-01 | Norm: 6.54e-04 | time: 1.91e+01 |
| epoch: 1200 | TA: 70.92 | TL: 6.402e-01 | VA: 71.65 | VL: 6.532e-01 | Norm: 6.71e-04 | time: 1.92e+01 |
| epoch: 1300 | TA: 68.85 | TL: 6.423e-01 | VA: 67.72 | VL: 6.549e-01 | Norm: 6.99e-04 | time: 1.92e+01 |
| epoch: 1400 | TA: 66.49 | TL: 6.455e-01 | VA: 69.20 | VL: 6.595e-01 | Norm: 7.76e-04 | time: 1.92e+01 |
| epoch: 1500 | TA: 69.83 | TL: 6.371e-01 | VA: 68.99 | VL: 6.502e-01 | Norm: 6.78e-04 | time: 1.92e+01 |
| epoch: 1600 | TA: 71.34 | TL: 6.424e-01 | VA: 67.54 | VL: 6.585e-01 | Norm: 6.77e-04 | time: 1.92e+01 |
| epoch: 1700 | TA: 78.89 | TL: 6.468e-01 | VA: 73.02 | VL: 6.525e-01 | Norm: 7.44e-04 | time: 1.92e+01 |
| epoch: 1800 | TA: 72.81 | TL: 6.291e-01 | VA: 72.15 | VL: 6.389e-01 | Norm: 5.79e-04 | time: 1.92e+01 |
| epoch: 1900 | TA: 70.88 | TL: 6.421e-01 | VA: 68.14 | VL: 6.559e-01 | Norm: 6.94e-04 | time: 1.92e+01 |
| epoch: 2000 | TA: 69.19 | TL: 6.409e-01 | VA: 68.26 | VL: 6.454e-01 | Norm: 6.15e-04 | time: 1.92e+01 |
| epoch: 2100 | TA: 68.65 | TL: 6.326e-01 | VA: 67.05 | VL: 6.522e-01 | Norm: 5.99e-04 | time: 1.92e+01 |
| epoch: 2200 | TA: 72.27 | TL: 6.358e-01 | VA: 68.42 | VL: 6.464e-01 | Norm: 6.28e-04 | time: 1.92e+01 |
| epoch: 2300 | TA: 70.44 | TL: 6.348e-01 | VA: 69.14 | VL: 6.370e-01 | Norm: 5.79e-04 | time: 1.92e+01 |
| epoch: 2400 | TA: 61.95 | TL: 6.491e-01 | VA: 68.21 | VL: 6.573e-01 | Norm: 6.62e-04 | time: 1.92e+01 |
| epoch: 2500 | TA: 68.06 | TL: 6.397e-01 | VA: 65.17 | VL: 6.483e-01 | Norm: 5.70e-04 | time: 1.92e+01 |
| epoch: 2600 | TA: 68.43 | TL: 6.442e-01 | VA: 63.26 | VL: 6.494e-01 | Norm: 5.42e-04 | time: 1.92e+01 |
| epoch: 2700 | TA: 63.97 | TL: 6.396e-01 | VA: 69.00 | VL: 6.389e-01 | Norm: 5.17e-04 | time: 1.92e+01 |
| epoch: 2800 | TA: 67.76 | TL: 6.385e-01 | VA: 64.58 | VL: 6.502e-01 | Norm: 5.69e-04 | time: 1.92e+01 |
Early stop.
Finished.
Training with penalty:131.82567 seed:2.
The ID for this training is 1658704883.
| epoch:    0 | TA: 40.47 | TL: 7.020e-01 | VA: 60.40 | VL: 1.381e+00 | Norm: 5.08e-03 | time: 1.86e-01 |
| epoch:  100 | TA: 66.06 | TL: 7.148e-01 | VA: 64.90 | VL: 7.139e-01 | Norm: 3.01e-04 | time: 1.85e+01 |
| epoch:  200 | TA: 66.64 | TL: 6.981e-01 | VA: 62.32 | VL: 6.970e-01 | Norm: 3.20e-04 | time: 1.86e+01 |
| epoch:  300 | TA: 69.34 | TL: 6.885e-01 | VA: 64.63 | VL: 6.927e-01 | Norm: 2.82e-04 | time: 1.87e+01 |
| epoch:  400 | TA: 70.86 | TL: 6.807e-01 | VA: 67.54 | VL: 6.850e-01 | Norm: 2.48e-04 | time: 1.88e+01 |
| epoch:  500 | TA: 66.61 | TL: 6.817e-01 | VA: 67.88 | VL: 6.849e-01 | Norm: 2.49e-04 | time: 1.89e+01 |
| epoch:  600 | TA: 68.14 | TL: 6.758e-01 | VA: 64.50 | VL: 6.892e-01 | Norm: 2.99e-04 | time: 1.90e+01 |
| epoch:  700 | TA: 68.73 | TL: 6.825e-01 | VA: 65.54 | VL: 6.907e-01 | Norm: 3.15e-04 | time: 1.90e+01 |
| epoch:  800 | TA: 69.94 | TL: 6.809e-01 | VA: 71.06 | VL: 6.961e-01 | Norm: 3.64e-04 | time: 1.91e+01 |
| epoch:  900 | TA: 71.84 | TL: 6.857e-01 | VA: 65.99 | VL: 6.924e-01 | Norm: 3.45e-04 | time: 1.91e+01 |
| epoch: 1000 | TA: 71.31 | TL: 6.823e-01 | VA: 63.35 | VL: 7.105e-01 | Norm: 4.66e-04 | time: 1.92e+01 |
| epoch: 1100 | TA: 67.35 | TL: 6.775e-01 | VA: 65.12 | VL: 6.947e-01 | Norm: 3.77e-04 | time: 1.92e+01 |
| epoch: 1200 | TA: 65.47 | TL: 6.854e-01 | VA: 66.04 | VL: 6.824e-01 | Norm: 2.65e-04 | time: 1.92e+01 |
| epoch: 1300 | TA: 66.97 | TL: 6.784e-01 | VA: 61.66 | VL: 6.842e-01 | Norm: 2.94e-04 | time: 1.92e+01 |
| epoch: 1400 | TA: 63.93 | TL: 6.750e-01 | VA: 68.55 | VL: 6.850e-01 | Norm: 2.96e-04 | time: 1.93e+01 |
| epoch: 1500 | TA: 69.06 | TL: 6.752e-01 | VA: 62.14 | VL: 6.863e-01 | Norm: 2.84e-04 | time: 1.93e+01 |
| epoch: 1600 | TA: 68.00 | TL: 6.721e-01 | VA: 67.87 | VL: 6.864e-01 | Norm: 3.54e-04 | time: 1.93e+01 |
| epoch: 1700 | TA: 69.58 | TL: 6.722e-01 | VA: 68.91 | VL: 6.852e-01 | Norm: 3.78e-04 | time: 1.92e+01 |
| epoch: 1800 | TA: 67.10 | TL: 6.763e-01 | VA: 66.61 | VL: 6.759e-01 | Norm: 3.20e-04 | time: 1.93e+01 |
| epoch: 1900 | TA: 67.93 | TL: 6.796e-01 | VA: 67.85 | VL: 6.794e-01 | Norm: 3.72e-04 | time: 1.92e+01 |
| epoch: 2000 | TA: 67.41 | TL: 6.675e-01 | VA: 67.61 | VL: 6.769e-01 | Norm: 3.68e-04 | time: 1.92e+01 |
| epoch: 2100 | TA: 70.67 | TL: 6.603e-01 | VA: 69.40 | VL: 6.766e-01 | Norm: 4.19e-04 | time: 1.92e+01 |
| epoch: 2200 | TA: 72.75 | TL: 6.683e-01 | VA: 64.00 | VL: 6.791e-01 | Norm: 4.54e-04 | time: 1.92e+01 |
| epoch: 2300 | TA: 67.57 | TL: 6.611e-01 | VA: 62.08 | VL: 6.726e-01 | Norm: 4.13e-04 | time: 1.92e+01 |
| epoch: 2400 | TA: 66.59 | TL: 6.620e-01 | VA: 71.54 | VL: 6.756e-01 | Norm: 4.87e-04 | time: 1.92e+01 |
| epoch: 2500 | TA: 72.75 | TL: 6.700e-01 | VA: 67.61 | VL: 6.770e-01 | Norm: 5.40e-04 | time: 1.93e+01 |
| epoch: 2600 | TA: 69.85 | TL: 6.534e-01 | VA: 63.52 | VL: 6.679e-01 | Norm: 4.57e-04 | time: 1.92e+01 |
| epoch: 2700 | TA: 68.67 | TL: 6.478e-01 | VA: 64.60 | VL: 6.669e-01 | Norm: 4.64e-04 | time: 1.93e+01 |
| epoch: 2800 | TA: 67.91 | TL: 6.480e-01 | VA: 65.58 | VL: 6.677e-01 | Norm: 4.67e-04 | time: 1.93e+01 |
| epoch: 2900 | TA: 66.94 | TL: 6.461e-01 | VA: 65.57 | VL: 6.592e-01 | Norm: 4.38e-04 | time: 1.93e+01 |
| epoch: 3000 | TA: 69.25 | TL: 6.438e-01 | VA: 64.22 | VL: 6.612e-01 | Norm: 4.35e-04 | time: 1.92e+01 |
| epoch: 3100 | TA: 65.82 | TL: 6.533e-01 | VA: 62.86 | VL: 6.590e-01 | Norm: 4.13e-04 | time: 1.93e+01 |
| epoch: 3200 | TA: 70.15 | TL: 6.492e-01 | VA: 65.38 | VL: 6.584e-01 | Norm: 4.24e-04 | time: 1.93e+01 |
| epoch: 3300 | TA: 67.38 | TL: 6.516e-01 | VA: 62.79 | VL: 6.600e-01 | Norm: 4.25e-04 | time: 1.93e+01 |
| epoch: 3400 | TA: 70.23 | TL: 6.494e-01 | VA: 67.65 | VL: 6.621e-01 | Norm: 4.54e-04 | time: 1.93e+01 |
| epoch: 3500 | TA: 69.14 | TL: 6.331e-01 | VA: 66.95 | VL: 6.532e-01 | Norm: 3.94e-04 | time: 1.93e+01 |
| epoch: 3600 | TA: 69.85 | TL: 6.379e-01 | VA: 67.68 | VL: 6.546e-01 | Norm: 4.29e-04 | time: 1.93e+01 |
| epoch: 3700 | TA: 68.43 | TL: 6.466e-01 | VA: 67.38 | VL: 6.481e-01 | Norm: 3.78e-04 | time: 1.93e+01 |
| epoch: 3800 | TA: 69.68 | TL: 6.591e-01 | VA: 70.88 | VL: 6.644e-01 | Norm: 4.89e-04 | time: 1.92e+01 |
| epoch: 3900 | TA: 68.20 | TL: 6.436e-01 | VA: 67.45 | VL: 6.499e-01 | Norm: 3.98e-04 | time: 1.92e+01 |
| epoch: 4000 | TA: 70.79 | TL: 6.498e-01 | VA: 71.10 | VL: 6.573e-01 | Norm: 4.50e-04 | time: 1.92e+01 |
| epoch: 4100 | TA: 68.18 | TL: 6.470e-01 | VA: 66.37 | VL: 6.588e-01 | Norm: 4.56e-04 | time: 1.92e+01 |
| epoch: 4200 | TA: 70.59 | TL: 6.428e-01 | VA: 65.80 | VL: 6.608e-01 | Norm: 4.43e-04 | time: 1.92e+01 |
| epoch: 4300 | TA: 70.67 | TL: 6.428e-01 | VA: 65.13 | VL: 6.548e-01 | Norm: 3.79e-04 | time: 1.92e+01 |
| epoch: 4400 | TA: 65.90 | TL: 6.459e-01 | VA: 64.74 | VL: 6.521e-01 | Norm: 3.96e-04 | time: 1.92e+01 |
Early stop.
Finished.
Training with penalty:199.52623 seed:2.
The ID for this training is 1658705771.
| epoch:    0 | TA: 40.47 | TL: 7.020e-01 | VA: 60.40 | VL: 1.725e+00 | Norm: 5.08e-03 | time: 1.84e-01 |
| epoch:  100 | TA: 70.65 | TL: 7.124e-01 | VA: 64.24 | VL: 7.359e-01 | Norm: 3.23e-04 | time: 1.84e+01 |
| epoch:  200 | TA: 69.04 | TL: 6.964e-01 | VA: 68.65 | VL: 7.128e-01 | Norm: 2.91e-04 | time: 1.86e+01 |
| epoch:  300 | TA: 67.70 | TL: 7.079e-01 | VA: 65.81 | VL: 7.160e-01 | Norm: 3.02e-04 | time: 1.86e+01 |
| epoch:  400 | TA: 70.08 | TL: 6.876e-01 | VA: 68.32 | VL: 7.077e-01 | Norm: 2.65e-04 | time: 1.88e+01 |
| epoch:  500 | TA: 70.55 | TL: 7.135e-01 | VA: 61.70 | VL: 7.101e-01 | Norm: 2.63e-04 | time: 1.88e+01 |
| epoch:  600 | TA: 67.63 | TL: 6.970e-01 | VA: 65.13 | VL: 7.076e-01 | Norm: 2.57e-04 | time: 1.89e+01 |
| epoch:  700 | TA: 69.42 | TL: 6.993e-01 | VA: 65.41 | VL: 7.098e-01 | Norm: 2.71e-04 | time: 1.90e+01 |
| epoch:  800 | TA: 67.54 | TL: 6.961e-01 | VA: 66.27 | VL: 7.152e-01 | Norm: 2.96e-04 | time: 1.90e+01 |
| epoch:  900 | TA: 71.08 | TL: 7.010e-01 | VA: 67.07 | VL: 7.150e-01 | Norm: 3.05e-04 | time: 1.91e+01 |
| epoch: 1000 | TA: 70.74 | TL: 7.125e-01 | VA: 67.29 | VL: 7.213e-01 | Norm: 3.40e-04 | time: 1.91e+01 |
| epoch: 1100 | TA: 70.23 | TL: 7.140e-01 | VA: 66.24 | VL: 7.166e-01 | Norm: 3.02e-04 | time: 1.91e+01 |
| epoch: 1200 | TA: 69.56 | TL: 6.961e-01 | VA: 69.78 | VL: 7.414e-01 | Norm: 4.45e-04 | time: 1.91e+01 |
| epoch: 1300 | TA: 70.54 | TL: 6.974e-01 | VA: 70.33 | VL: 7.072e-01 | Norm: 2.75e-04 | time: 1.92e+01 |
| epoch: 1400 | TA: 68.75 | TL: 6.963e-01 | VA: 64.03 | VL: 7.192e-01 | Norm: 3.28e-04 | time: 1.91e+01 |
| epoch: 1500 | TA: 71.18 | TL: 7.064e-01 | VA: 68.30 | VL: 7.344e-01 | Norm: 4.27e-04 | time: 1.91e+01 |
| epoch: 1600 | TA: 68.73 | TL: 7.014e-01 | VA: 72.40 | VL: 7.290e-01 | Norm: 4.47e-04 | time: 1.91e+01 |
Early stop.
Finished.
Training with penalty:301.99517 seed:2.
The ID for this training is 1658706094.
| epoch:    0 | TA: 40.47 | TL: 7.020e-01 | VA: 60.40 | VL: 2.245e+00 | Norm: 5.08e-03 | time: 1.84e-01 |
| epoch:  100 | TA: 68.12 | TL: 7.246e-01 | VA: 63.38 | VL: 7.330e-01 | Norm: 1.80e-04 | time: 1.85e+01 |
| epoch:  200 | TA: 67.04 | TL: 7.158e-01 | VA: 63.87 | VL: 7.242e-01 | Norm: 2.02e-04 | time: 1.86e+01 |
| epoch:  300 | TA: 69.98 | TL: 7.116e-01 | VA: 67.01 | VL: 7.101e-01 | Norm: 1.86e-04 | time: 1.88e+01 |
| epoch:  400 | TA: 64.26 | TL: 7.041e-01 | VA: 63.94 | VL: 7.180e-01 | Norm: 2.13e-04 | time: 1.89e+01 |
| epoch:  500 | TA: 66.34 | TL: 7.193e-01 | VA: 65.12 | VL: 7.406e-01 | Norm: 2.70e-04 | time: 1.89e+01 |
| epoch:  600 | TA: 65.82 | TL: 7.362e-01 | VA: 58.32 | VL: 7.189e-01 | Norm: 2.15e-04 | time: 1.89e+01 |
| epoch:  700 | TA: 66.52 | TL: 7.292e-01 | VA: 66.07 | VL: 7.246e-01 | Norm: 2.26e-04 | time: 1.90e+01 |
| epoch:  800 | TA: 67.21 | TL: 7.203e-01 | VA: 63.47 | VL: 7.212e-01 | Norm: 2.25e-04 | time: 1.90e+01 |
| epoch:  900 | TA: 65.53 | TL: 7.080e-01 | VA: 66.20 | VL: 7.348e-01 | Norm: 2.69e-04 | time: 1.90e+01 |
| epoch: 1000 | TA: 66.44 | TL: 7.116e-01 | VA: 64.85 | VL: 7.345e-01 | Norm: 2.72e-04 | time: 1.91e+01 |
| epoch: 1100 | TA: 66.76 | TL: 7.043e-01 | VA: 63.55 | VL: 7.262e-01 | Norm: 2.47e-04 | time: 1.91e+01 |
| epoch: 1200 | TA: 67.24 | TL: 7.142e-01 | VA: 65.28 | VL: 7.243e-01 | Norm: 2.47e-04 | time: 1.91e+01 |
| epoch: 1300 | TA: 65.67 | TL: 7.189e-01 | VA: 69.53 | VL: 7.227e-01 | Norm: 2.51e-04 | time: 1.91e+01 |
| epoch: 1400 | TA: 70.11 | TL: 7.151e-01 | VA: 66.93 | VL: 7.094e-01 | Norm: 2.10e-04 | time: 1.91e+01 |
| epoch: 1500 | TA: 65.69 | TL: 7.133e-01 | VA: 66.55 | VL: 7.193e-01 | Norm: 2.39e-04 | time: 1.91e+01 |
| epoch: 1600 | TA: 70.21 | TL: 7.027e-01 | VA: 63.88 | VL: 7.339e-01 | Norm: 2.76e-04 | time: 1.91e+01 |
| epoch: 1700 | TA: 67.68 | TL: 7.184e-01 | VA: 66.48 | VL: 7.283e-01 | Norm: 2.73e-04 | time: 1.92e+01 |
| epoch: 1800 | TA: 66.11 | TL: 7.071e-01 | VA: 59.83 | VL: 7.167e-01 | Norm: 2.29e-04 | time: 1.92e+01 |
| epoch: 1900 | TA: 67.20 | TL: 7.052e-01 | VA: 69.98 | VL: 7.200e-01 | Norm: 2.46e-04 | time: 1.92e+01 |
| epoch: 2000 | TA: 64.88 | TL: 7.176e-01 | VA: 64.98 | VL: 7.117e-01 | Norm: 2.17e-04 | time: 1.92e+01 |
| epoch: 2100 | TA: 66.91 | TL: 7.112e-01 | VA: 62.70 | VL: 7.223e-01 | Norm: 2.50e-04 | time: 1.92e+01 |
Early stop.
Finished.
Training with penalty:457.08819 seed:2.
The ID for this training is 1658706510.
| epoch:    0 | TA: 40.47 | TL: 7.020e-01 | VA: 60.40 | VL: 3.032e+00 | Norm: 5.08e-03 | time: 1.85e-01 |
| epoch:  100 | TA: 69.69 | TL: 7.340e-01 | VA: 64.52 | VL: 7.691e-01 | Norm: 2.19e-04 | time: 1.84e+01 |
| epoch:  200 | TA: 66.24 | TL: 7.337e-01 | VA: 64.54 | VL: 7.413e-01 | Norm: 1.82e-04 | time: 1.86e+01 |
| epoch:  300 | TA: 69.30 | TL: 7.362e-01 | VA: 66.34 | VL: 7.692e-01 | Norm: 2.43e-04 | time: 1.87e+01 |
| epoch:  400 | TA: 67.98 | TL: 7.555e-01 | VA: 69.71 | VL: 7.531e-01 | Norm: 2.09e-04 | time: 1.88e+01 |
| epoch:  500 | TA: 68.93 | TL: 7.403e-01 | VA: 65.66 | VL: 7.432e-01 | Norm: 1.93e-04 | time: 1.88e+01 |
| epoch:  600 | TA: 69.21 | TL: 7.189e-01 | VA: 63.68 | VL: 7.655e-01 | Norm: 2.41e-04 | time: 1.89e+01 |
| epoch:  700 | TA: 66.63 | TL: 7.331e-01 | VA: 66.78 | VL: 7.755e-01 | Norm: 2.61e-04 | time: 1.89e+01 |
| epoch:  800 | TA: 68.49 | TL: 7.363e-01 | VA: 68.64 | VL: 7.293e-01 | Norm: 1.60e-04 | time: 1.90e+01 |
| epoch:  900 | TA: 67.18 | TL: 7.146e-01 | VA: 64.15 | VL: 7.578e-01 | Norm: 2.22e-04 | time: 1.90e+01 |
| epoch: 1000 | TA: 65.24 | TL: 7.396e-01 | VA: 64.34 | VL: 7.508e-01 | Norm: 2.03e-04 | time: 1.91e+01 |
| epoch: 1100 | TA: 67.64 | TL: 7.437e-01 | VA: 64.47 | VL: 7.628e-01 | Norm: 2.31e-04 | time: 1.91e+01 |
| epoch: 1200 | TA: 65.76 | TL: 7.216e-01 | VA: 67.21 | VL: 7.657e-01 | Norm: 2.41e-04 | time: 1.92e+01 |
| epoch: 1300 | TA: 66.95 | TL: 7.429e-01 | VA: 65.42 | VL: 7.452e-01 | Norm: 1.90e-04 | time: 1.91e+01 |
| epoch: 1400 | TA: 68.96 | TL: 7.258e-01 | VA: 64.64 | VL: 7.570e-01 | Norm: 2.14e-04 | time: 1.92e+01 |
| epoch: 1500 | TA: 69.13 | TL: 7.306e-01 | VA: 66.44 | VL: 7.472e-01 | Norm: 1.97e-04 | time: 1.92e+01 |
| epoch: 1600 | TA: 69.36 | TL: 7.519e-01 | VA: 64.00 | VL: 7.431e-01 | Norm: 1.83e-04 | time: 1.92e+01 |
| epoch: 1700 | TA: 66.95 | TL: 7.164e-01 | VA: 64.03 | VL: 7.444e-01 | Norm: 1.88e-04 | time: 1.92e+01 |
| epoch: 1800 | TA: 66.73 | TL: 7.304e-01 | VA: 65.52 | VL: 7.495e-01 | Norm: 2.00e-04 | time: 1.92e+01 |
| epoch: 1900 | TA: 66.59 | TL: 7.278e-01 | VA: 66.39 | VL: 7.384e-01 | Norm: 1.78e-04 | time: 1.93e+01 |
Early stop.
Finished.
Training with penalty:691.83097 seed:2.
The ID for this training is 1658706885.
| epoch:    0 | TA: 40.47 | TL: 7.020e-01 | VA: 60.40 | VL: 4.224e+00 | Norm: 5.08e-03 | time: 2.26e-01 |
| epoch:  100 | TA: 66.56 | TL: 7.942e-01 | VA: 64.48 | VL: 7.586e-01 | Norm: 1.34e-04 | time: 1.85e+01 |
| epoch:  200 | TA: 70.78 | TL: 7.673e-01 | VA: 64.47 | VL: 7.734e-01 | Norm: 1.68e-04 | time: 1.86e+01 |
| epoch:  300 | TA: 71.39 | TL: 7.440e-01 | VA: 66.94 | VL: 7.852e-01 | Norm: 1.82e-04 | time: 1.87e+01 |
| epoch:  400 | TA: 66.11 | TL: 7.752e-01 | VA: 66.01 | VL: 7.687e-01 | Norm: 1.61e-04 | time: 1.88e+01 |
| epoch:  500 | TA: 66.60 | TL: 7.778e-01 | VA: 65.05 | VL: 8.195e-01 | Norm: 2.35e-04 | time: 1.89e+01 |
| epoch:  600 | TA: 66.46 | TL: 7.792e-01 | VA: 65.64 | VL: 7.817e-01 | Norm: 1.76e-04 | time: 1.90e+01 |
| epoch:  700 | TA: 65.02 | TL: 7.435e-01 | VA: 64.91 | VL: 7.935e-01 | Norm: 1.96e-04 | time: 1.90e+01 |
| epoch:  800 | TA: 65.24 | TL: 7.894e-01 | VA: 65.30 | VL: 8.328e-01 | Norm: 2.51e-04 | time: 1.91e+01 |
| epoch:  900 | TA: 66.99 | TL: 7.997e-01 | VA: 64.52 | VL: 8.077e-01 | Norm: 2.16e-04 | time: 1.91e+01 |
| epoch: 1000 | TA: 67.38 | TL: 7.701e-01 | VA: 64.55 | VL: 7.800e-01 | Norm: 1.74e-04 | time: 1.92e+01 |
| epoch: 1100 | TA: 67.85 | TL: 7.956e-01 | VA: 64.95 | VL: 8.179e-01 | Norm: 2.29e-04 | time: 1.92e+01 |
| epoch: 1200 | TA: 65.95 | TL: 8.039e-01 | VA: 65.67 | VL: 8.092e-01 | Norm: 2.18e-04 | time: 1.92e+01 |
| epoch: 1300 | TA: 66.08 | TL: 7.468e-01 | VA: 65.18 | VL: 8.360e-01 | Norm: 2.57e-04 | time: 1.92e+01 |
Early stop.
Finished.
Training with penalty:1047.12855 seed:2.
The ID for this training is 1658707150.
| epoch:    0 | TA: 40.47 | TL: 7.020e-01 | VA: 60.40 | VL: 6.027e+00 | Norm: 5.08e-03 | time: 1.87e-01 |
| epoch:  100 | TA: 67.49 | TL: 8.660e-01 | VA: 63.23 | VL: 8.314e-01 | Norm: 1.57e-04 | time: 1.85e+01 |
| epoch:  200 | TA: 66.17 | TL: 8.084e-01 | VA: 64.40 | VL: 7.888e-01 | Norm: 1.25e-04 | time: 1.86e+01 |
| epoch:  300 | TA: 65.69 | TL: 8.179e-01 | VA: 65.11 | VL: 8.715e-01 | Norm: 2.06e-04 | time: 1.88e+01 |
| epoch:  400 | TA: 66.60 | TL: 7.946e-01 | VA: 68.61 | VL: 8.693e-01 | Norm: 2.03e-04 | time: 1.89e+01 |
| epoch:  500 | TA: 68.76 | TL: 8.281e-01 | VA: 64.78 | VL: 8.679e-01 | Norm: 2.01e-04 | time: 1.89e+01 |
| epoch:  600 | TA: 64.94 | TL: 8.403e-01 | VA: 65.49 | VL: 8.593e-01 | Norm: 1.92e-04 | time: 1.90e+01 |
| epoch:  700 | TA: 65.93 | TL: 8.185e-01 | VA: 64.37 | VL: 8.420e-01 | Norm: 1.75e-04 | time: 1.90e+01 |
| epoch:  800 | TA: 65.87 | TL: 8.367e-01 | VA: 64.46 | VL: 8.932e-01 | Norm: 2.25e-04 | time: 1.91e+01 |
| epoch:  900 | TA: 65.95 | TL: 8.424e-01 | VA: 65.76 | VL: 8.510e-01 | Norm: 1.84e-04 | time: 1.91e+01 |
| epoch: 1000 | TA: 67.47 | TL: 8.347e-01 | VA: 64.74 | VL: 8.754e-01 | Norm: 2.08e-04 | time: 1.92e+01 |
Early stop.
Finished.
Training with penalty:1584.89319 seed:2.
The ID for this training is 1658707354.
| epoch:    0 | TA: 40.47 | TL: 7.020e-01 | VA: 60.40 | VL: 8.756e+00 | Norm: 5.08e-03 | time: 1.85e-01 |
| epoch:  100 | TA: 67.43 | TL: 8.868e-01 | VA: 62.10 | VL: 9.277e-01 | Norm: 1.63e-04 | time: 1.85e+01 |
| epoch:  200 | TA: 65.86 | TL: 8.330e-01 | VA: 61.56 | VL: 8.374e-01 | Norm: 1.13e-04 | time: 1.86e+01 |
| epoch:  300 | TA: 67.77 | TL: 9.007e-01 | VA: 65.32 | VL: 8.766e-01 | Norm: 1.39e-04 | time: 1.88e+01 |
| epoch:  400 | TA: 64.27 | TL: 8.822e-01 | VA: 65.40 | VL: 9.538e-01 | Norm: 1.88e-04 | time: 1.88e+01 |
| epoch:  500 | TA: 63.94 | TL: 9.167e-01 | VA: 63.96 | VL: 9.274e-01 | Norm: 1.71e-04 | time: 1.89e+01 |
| epoch:  600 | TA: 67.08 | TL: 8.053e-01 | VA: 60.36 | VL: 9.340e-01 | Norm: 1.75e-04 | time: 1.89e+01 |
| epoch:  700 | TA: 65.91 | TL: 8.744e-01 | VA: 65.44 | VL: 8.622e-01 | Norm: 1.30e-04 | time: 1.90e+01 |
| epoch:  800 | TA: 70.70 | TL: 8.983e-01 | VA: 63.32 | VL: 1.354e+00 | Norm: 4.41e-04 | time: 1.91e+01 |
| epoch:  900 | TA: 64.33 | TL: 8.874e-01 | VA: 67.10 | VL: 9.774e-01 | Norm: 2.03e-04 | time: 1.91e+01 |
| epoch: 1000 | TA: 64.12 | TL: 8.756e-01 | VA: 60.32 | VL: 9.544e-01 | Norm: 1.88e-04 | time: 1.92e+01 |
| epoch: 1100 | TA: 66.66 | TL: 9.184e-01 | VA: 63.81 | VL: 9.384e-01 | Norm: 1.78e-04 | time: 1.92e+01 |
Early stop.
Finished.
Training with penalty:2398.83292 seed:2.
The ID for this training is 1658707587.
| epoch:    0 | TA: 40.47 | TL: 7.020e-01 | VA: 60.40 | VL: 1.289e+01 | Norm: 5.08e-03 | time: 1.87e-01 |
| epoch:  100 | TA: 67.04 | TL: 9.087e-01 | VA: 61.92 | VL: 1.072e+00 | Norm: 1.66e-04 | time: 1.84e+01 |
| epoch:  200 | TA: 64.39 | TL: 8.734e-01 | VA: 64.20 | VL: 9.331e-01 | Norm: 1.14e-04 | time: 1.86e+01 |
| epoch:  300 | TA: 67.02 | TL: 1.001e+00 | VA: 65.37 | VL: 1.004e+00 | Norm: 1.44e-04 | time: 1.87e+01 |
| epoch:  400 | TA: 65.39 | TL: 9.891e-01 | VA: 66.15 | VL: 1.009e+00 | Norm: 1.46e-04 | time: 1.88e+01 |
| epoch:  500 | TA: 65.66 | TL: 9.597e-01 | VA: 63.65 | VL: 1.018e+00 | Norm: 1.50e-04 | time: 1.89e+01 |
| epoch:  600 | TA: 64.95 | TL: 9.470e-01 | VA: 63.56 | VL: 9.840e-01 | Norm: 1.35e-04 | time: 1.89e+01 |
| epoch:  700 | TA: 65.68 | TL: 1.039e+00 | VA: 62.95 | VL: 1.053e+00 | Norm: 1.64e-04 | time: 1.90e+01 |
| epoch:  800 | TA: 66.92 | TL: 1.030e+00 | VA: 64.05 | VL: 1.035e+00 | Norm: 1.57e-04 | time: 1.91e+01 |
| epoch:  900 | TA: 64.78 | TL: 9.080e-01 | VA: 62.97 | VL: 9.650e-01 | Norm: 1.27e-04 | time: 1.91e+01 |
| epoch: 1000 | TA: 65.79 | TL: 9.516e-01 | VA: 64.79 | VL: 1.082e+00 | Norm: 1.77e-04 | time: 1.92e+01 |
Early stop.
Finished.
Training with penalty:3630.78055 seed:2.
The ID for this training is 1658707793.
| epoch:    0 | TA: 40.47 | TL: 7.020e-01 | VA: 60.40 | VL: 1.914e+01 | Norm: 5.08e-03 | time: 1.85e-01 |
| epoch:  100 | TA: 63.85 | TL: 8.537e-01 | VA: 61.92 | VL: 9.756e-01 | Norm: 8.31e-05 | time: 1.85e+01 |
| epoch:  200 | TA: 63.41 | TL: 8.666e-01 | VA: 62.16 | VL: 9.274e-01 | Norm: 7.33e-05 | time: 1.86e+01 |
| epoch:  300 | TA: 67.63 | TL: 1.054e+00 | VA: 66.47 | VL: 1.003e+00 | Norm: 9.53e-05 | time: 1.88e+01 |
| epoch:  400 | TA: 68.39 | TL: 1.087e+00 | VA: 66.21 | VL: 1.078e+00 | Norm: 1.16e-04 | time: 1.89e+01 |
| epoch:  500 | TA: 65.73 | TL: 1.144e+00 | VA: 64.60 | VL: 1.349e+00 | Norm: 1.91e-04 | time: 1.89e+01 |
| epoch:  600 | TA: 67.50 | TL: 9.490e-01 | VA: 65.17 | VL: 1.051e+00 | Norm: 1.09e-04 | time: 1.90e+01 |
| epoch:  700 | TA: 68.44 | TL: 1.153e+00 | VA: 68.75 | VL: 1.038e+00 | Norm: 1.06e-04 | time: 1.90e+01 |
| epoch:  800 | TA: 64.90 | TL: 1.096e+00 | VA: 62.78 | VL: 1.044e+00 | Norm: 1.07e-04 | time: 1.90e+01 |
| epoch:  900 | TA: 64.75 | TL: 1.190e+00 | VA: 63.01 | VL: 1.121e+00 | Norm: 1.28e-04 | time: 1.91e+01 |
| epoch: 1000 | TA: 68.56 | TL: 1.139e+00 | VA: 63.60 | VL: 1.174e+00 | Norm: 1.43e-04 | time: 1.92e+01 |
Early stop.
Finished.
Training with penalty:5495.40874 seed:2.
The ID for this training is 1658707999.
| epoch:    0 | TA: 40.47 | TL: 7.020e-01 | VA: 60.40 | VL: 2.860e+01 | Norm: 5.08e-03 | time: 1.84e-01 |
| epoch:  100 | TA: 65.53 | TL: 8.725e-01 | VA: 62.32 | VL: 9.560e-01 | Norm: 5.11e-05 | time: 1.85e+01 |
| epoch:  200 | TA: 63.62 | TL: 1.076e+00 | VA: 58.10 | VL: 1.002e+00 | Norm: 6.17e-05 | time: 1.86e+01 |
| epoch:  300 | TA: 66.47 | TL: 1.075e+00 | VA: 64.24 | VL: 1.215e+00 | Norm: 1.01e-04 | time: 1.87e+01 |
| epoch:  400 | TA: 67.87 | TL: 1.135e+00 | VA: 64.11 | VL: 1.300e+00 | Norm: 1.17e-04 | time: 1.88e+01 |
| epoch:  500 | TA: 65.06 | TL: 1.059e+00 | VA: 64.72 | VL: 1.168e+00 | Norm: 9.28e-05 | time: 1.89e+01 |
| epoch:  600 | TA: 65.26 | TL: 1.242e+00 | VA: 64.03 | VL: 1.143e+00 | Norm: 8.84e-05 | time: 1.90e+01 |
| epoch:  700 | TA: 65.90 | TL: 1.099e+00 | VA: 61.79 | VL: 1.212e+00 | Norm: 1.01e-04 | time: 1.90e+01 |
| epoch:  800 | TA: 69.31 | TL: 1.420e+00 | VA: 64.27 | VL: 1.434e+00 | Norm: 1.41e-04 | time: 1.91e+01 |
| epoch:  900 | TA: 69.58 | TL: 1.350e+00 | VA: 63.88 | VL: 1.264e+00 | Norm: 1.11e-04 | time: 1.91e+01 |
| epoch: 1000 | TA: 68.16 | TL: 1.418e+00 | VA: 62.00 | VL: 1.309e+00 | Norm: 1.19e-04 | time: 1.91e+01 |
| epoch: 1100 | TA: 66.18 | TL: 1.271e+00 | VA: 66.28 | VL: 1.262e+00 | Norm: 1.11e-04 | time: 1.92e+01 |
Early stop.
Finished.
Training with penalty:8317.63771 seed:2.
The ID for this training is 1658708216.
| epoch:    0 | TA: 40.47 | TL: 7.020e-01 | VA: 60.40 | VL: 4.293e+01 | Norm: 5.08e-03 | time: 1.84e-01 |
| epoch:  100 | TA: 69.42 | TL: 9.821e-01 | VA: 60.97 | VL: 1.289e+00 | Norm: 7.39e-05 | time: 1.85e+01 |
| epoch:  200 | TA: 68.41 | TL: 1.036e+00 | VA: 63.35 | VL: 1.316e+00 | Norm: 7.85e-05 | time: 1.86e+01 |
| epoch:  300 | TA: 68.45 | TL: 1.514e+00 | VA: 62.39 | VL: 1.451e+00 | Norm: 9.53e-05 | time: 1.87e+01 |
| epoch:  400 | TA: 65.72 | TL: 1.176e+00 | VA: 61.87 | VL: 1.149e+00 | Norm: 5.92e-05 | time: 1.88e+01 |
| epoch:  500 | TA: 66.06 | TL: 1.365e+00 | VA: 62.99 | VL: 1.521e+00 | Norm: 1.04e-04 | time: 1.89e+01 |
| epoch:  600 | TA: 66.67 | TL: 1.570e+00 | VA: 65.29 | VL: 2.024e+00 | Norm: 1.64e-04 | time: 1.89e+01 |
| epoch:  700 | TA: 63.60 | TL: 1.371e+00 | VA: 62.44 | VL: 1.387e+00 | Norm: 8.79e-05 | time: 1.90e+01 |
| epoch:  800 | TA: 63.22 | TL: 1.519e+00 | VA: 62.52 | VL: 1.446e+00 | Norm: 9.52e-05 | time: 1.90e+01 |
| epoch:  900 | TA: 64.54 | TL: 1.548e+00 | VA: 64.69 | VL: 1.917e+00 | Norm: 1.52e-04 | time: 1.91e+01 |
| epoch: 1000 | TA: 64.14 | TL: 1.720e+00 | VA: 64.03 | VL: 1.259e+00 | Norm: 7.29e-05 | time: 1.91e+01 |
Early stop.
Finished.
Training with penalty:12589.25412 seed:2.
The ID for this training is 1658708424.
| epoch:    0 | TA: 40.47 | TL: 7.020e-01 | VA: 60.40 | VL: 6.461e+01 | Norm: 5.08e-03 | time: 1.85e-01 |
| epoch:  100 | TA: 64.94 | TL: 1.042e+00 | VA: 61.92 | VL: 1.417e+00 | Norm: 5.90e-05 | time: 1.85e+01 |
| epoch:  200 | TA: 64.36 | TL: 1.272e+00 | VA: 59.42 | VL: 1.252e+00 | Norm: 4.70e-05 | time: 1.86e+01 |
| epoch:  300 | TA: 69.11 | TL: 1.774e+00 | VA: 65.00 | VL: 2.066e+00 | Norm: 1.12e-04 | time: 1.88e+01 |
| epoch:  400 | TA: 69.09 | TL: 2.543e+00 | VA: 60.26 | VL: 2.062e+00 | Norm: 1.12e-04 | time: 1.88e+01 |
| epoch:  500 | TA: 65.27 | TL: 1.562e+00 | VA: 63.64 | VL: 1.976e+00 | Norm: 1.05e-04 | time: 1.89e+01 |
| epoch:  600 | TA: 63.49 | TL: 1.165e+00 | VA: 62.61 | VL: 1.797e+00 | Norm: 9.06e-05 | time: 1.89e+01 |
| epoch:  700 | TA: 67.74 | TL: 1.639e+00 | VA: 65.49 | VL: 2.011e+00 | Norm: 1.08e-04 | time: 1.90e+01 |
| epoch:  800 | TA: 63.81 | TL: 1.599e+00 | VA: 68.67 | VL: 2.755e+00 | Norm: 1.67e-04 | time: 1.91e+01 |
| epoch:  900 | TA: 63.14 | TL: 1.699e+00 | VA: 68.56 | VL: 2.089e+00 | Norm: 1.14e-04 | time: 1.91e+01 |
| epoch: 1000 | TA: 67.57 | TL: 2.216e+00 | VA: 67.20 | VL: 2.277e+00 | Norm: 1.29e-04 | time: 1.91e+01 |
| epoch: 1100 | TA: 65.70 | TL: 1.602e+00 | VA: 64.78 | VL: 1.634e+00 | Norm: 7.78e-05 | time: 1.91e+01 |
Early stop.
Finished.
Training with penalty:19054.60718 seed:2.
The ID for this training is 1658708640.
| epoch:    0 | TA: 40.47 | TL: 7.020e-01 | VA: 60.40 | VL: 9.742e+01 | Norm: 5.08e-03 | time: 1.85e-01 |
| epoch:  100 | TA: 68.11 | TL: 1.091e+00 | VA: 62.73 | VL: 1.489e+00 | Norm: 4.28e-05 | time: 1.85e+01 |
| epoch:  200 | TA: 65.20 | TL: 1.185e+00 | VA: 62.08 | VL: 1.196e+00 | Norm: 2.82e-05 | time: 1.87e+01 |
| epoch:  300 | TA: 69.35 | TL: 2.799e+00 | VA: 63.42 | VL: 1.680e+00 | Norm: 5.37e-05 | time: 1.88e+01 |
| epoch:  400 | TA: 66.18 | TL: 2.130e+00 | VA: 63.55 | VL: 1.942e+00 | Norm: 6.75e-05 | time: 1.88e+01 |
| epoch:  500 | TA: 65.53 | TL: 1.651e+00 | VA: 62.82 | VL: 1.802e+00 | Norm: 6.00e-05 | time: 1.89e+01 |
| epoch:  600 | TA: 67.30 | TL: 1.522e+00 | VA: 62.83 | VL: 2.175e+00 | Norm: 7.96e-05 | time: 1.90e+01 |
| epoch:  700 | TA: 66.15 | TL: 2.512e+00 | VA: 64.66 | VL: 2.127e+00 | Norm: 7.72e-05 | time: 1.90e+01 |
| epoch:  800 | TA: 68.86 | TL: 2.541e+00 | VA: 63.48 | VL: 2.410e+00 | Norm: 9.20e-05 | time: 1.91e+01 |
| epoch:  900 | TA: 68.05 | TL: 2.763e+00 | VA: 63.02 | VL: 1.859e+00 | Norm: 6.31e-05 | time: 1.92e+01 |
| epoch: 1000 | TA: 65.40 | TL: 1.867e+00 | VA: 63.26 | VL: 1.734e+00 | Norm: 5.66e-05 | time: 1.92e+01 |
Early stop.
Finished.
Training with penalty:28840.31503 seed:2.
The ID for this training is 1658708847.
| epoch:    0 | TA: 40.47 | TL: 7.020e-01 | VA: 60.40 | VL: 1.471e+02 | Norm: 5.08e-03 | time: 1.84e-01 |
| epoch:  100 | TA: 68.35 | TL: 1.621e+00 | VA: 63.81 | VL: 1.402e+00 | Norm: 2.55e-05 | time: 1.85e+01 |
| epoch:  200 | TA: 65.22 | TL: 1.329e+00 | VA: 63.39 | VL: 1.170e+00 | Norm: 1.77e-05 | time: 1.86e+01 |
| epoch:  300 | TA: 66.07 | TL: 2.494e+00 | VA: 63.00 | VL: 2.272e+00 | Norm: 5.59e-05 | time: 1.87e+01 |
| epoch:  400 | TA: 66.09 | TL: 1.524e+00 | VA: 64.39 | VL: 2.184e+00 | Norm: 5.29e-05 | time: 1.88e+01 |
| epoch:  500 | TA: 66.69 | TL: 2.430e+00 | VA: 64.36 | VL: 1.865e+00 | Norm: 4.18e-05 | time: 1.89e+01 |
| epoch:  600 | TA: 66.89 | TL: 2.138e+00 | VA: 63.74 | VL: 1.949e+00 | Norm: 4.47e-05 | time: 1.89e+01 |
| epoch:  700 | TA: 66.32 | TL: 2.093e+00 | VA: 64.30 | VL: 1.782e+00 | Norm: 3.90e-05 | time: 1.90e+01 |
| epoch:  800 | TA: 67.55 | TL: 3.012e+00 | VA: 65.31 | VL: 3.327e+00 | Norm: 9.26e-05 | time: 1.90e+01 |
| epoch:  900 | TA: 67.08 | TL: 3.143e+00 | VA: 64.17 | VL: 2.552e+00 | Norm: 6.57e-05 | time: 1.91e+01 |
| epoch: 1000 | TA: 64.94 | TL: 2.792e+00 | VA: 65.44 | VL: 3.137e+00 | Norm: 8.60e-05 | time: 1.91e+01 |
| epoch: 1100 | TA: 68.21 | TL: 3.384e+00 | VA: 67.08 | VL: 3.597e+00 | Norm: 1.02e-04 | time: 1.92e+01 |
| epoch: 1200 | TA: 67.40 | TL: 3.158e+00 | VA: 65.67 | VL: 3.024e+00 | Norm: 8.21e-05 | time: 1.92e+01 |
Early stop.
Finished.
Training with penalty:43651.58322 seed:2.
The ID for this training is 1658709094.
| epoch:    0 | TA: 40.47 | TL: 7.020e-01 | VA: 60.40 | VL: 2.223e+02 | Norm: 5.08e-03 | time: 1.84e-01 |
| epoch:  100 | TA: 63.84 | TL: 1.082e+00 | VA: 63.31 | VL: 1.256e+00 | Norm: 1.35e-05 | time: 1.85e+01 |
| epoch:  200 | TA: 65.33 | TL: 1.214e+00 | VA: 63.03 | VL: 8.475e-01 | Norm: 4.29e-06 | time: 1.86e+01 |
| epoch:  300 | TA: 67.00 | TL: 2.310e+00 | VA: 66.12 | VL: 3.345e+00 | Norm: 6.16e-05 | time: 1.88e+01 |
| epoch:  400 | TA: 66.63 | TL: 2.837e+00 | VA: 64.27 | VL: 2.131e+00 | Norm: 3.37e-05 | time: 1.88e+01 |
| epoch:  500 | TA: 65.24 | TL: 2.687e+00 | VA: 64.08 | VL: 4.114e+00 | Norm: 7.91e-05 | time: 1.89e+01 |
| epoch:  600 | TA: 65.90 | TL: 3.212e+00 | VA: 63.52 | VL: 2.226e+00 | Norm: 3.59e-05 | time: 1.90e+01 |
| epoch:  700 | TA: 67.51 | TL: 3.485e+00 | VA: 64.69 | VL: 2.922e+00 | Norm: 5.19e-05 | time: 1.90e+01 |
| epoch:  800 | TA: 69.09 | TL: 4.181e+00 | VA: 65.73 | VL: 2.641e+00 | Norm: 4.54e-05 | time: 1.91e+01 |
| epoch:  900 | TA: 66.52 | TL: 2.474e+00 | VA: 64.66 | VL: 3.130e+00 | Norm: 5.67e-05 | time: 1.92e+01 |
| epoch: 1000 | TA: 65.42 | TL: 2.906e+00 | VA: 64.66 | VL: 3.556e+00 | Norm: 6.64e-05 | time: 1.92e+01 |
| epoch: 1100 | TA: 68.12 | TL: 3.723e+00 | VA: 64.85 | VL: 2.441e+00 | Norm: 4.09e-05 | time: 1.92e+01 |
| epoch: 1200 | TA: 65.64 | TL: 3.108e+00 | VA: 63.93 | VL: 2.256e+00 | Norm: 3.66e-05 | time: 1.92e+01 |
| epoch: 1300 | TA: 68.41 | TL: 4.021e+00 | VA: 64.97 | VL: 2.519e+00 | Norm: 4.26e-05 | time: 1.93e+01 |
Early stop.
Finished.
Training with penalty:66069.3448 seed:2.
The ID for this training is 1658709358.
| epoch:    0 | TA: 40.47 | TL: 7.020e-01 | VA: 60.40 | VL: 3.360e+02 | Norm: 5.08e-03 | time: 1.85e-01 |
| epoch:  100 | TA: 64.96 | TL: 2.137e+00 | VA: 61.92 | VL: 1.627e+00 | Norm: 1.44e-05 | time: 1.85e+01 |
| epoch:  200 | TA: 64.58 | TL: 1.258e+00 | VA: 62.93 | VL: 1.599e+00 | Norm: 1.42e-05 | time: 1.86e+01 |
| epoch:  300 | TA: 66.54 | TL: 1.619e+00 | VA: 65.05 | VL: 3.400e+00 | Norm: 4.15e-05 | time: 1.87e+01 |
| epoch:  400 | TA: 67.24 | TL: 2.900e+00 | VA: 63.10 | VL: 2.456e+00 | Norm: 2.72e-05 | time: 1.88e+01 |
| epoch:  500 | TA: 67.63 | TL: 3.731e+00 | VA: 66.94 | VL: 4.044e+00 | Norm: 5.13e-05 | time: 1.89e+01 |
| epoch:  600 | TA: 67.06 | TL: 5.028e+00 | VA: 63.88 | VL: 2.974e+00 | Norm: 3.50e-05 | time: 1.90e+01 |
| epoch:  700 | TA: 65.78 | TL: 2.566e+00 | VA: 64.53 | VL: 2.753e+00 | Norm: 3.17e-05 | time: 1.90e+01 |
| epoch:  800 | TA: 65.36 | TL: 4.245e+00 | VA: 63.66 | VL: 3.551e+00 | Norm: 4.38e-05 | time: 1.91e+01 |
| epoch:  900 | TA: 66.42 | TL: 4.184e+00 | VA: 64.23 | VL: 4.490e+00 | Norm: 5.80e-05 | time: 1.92e+01 |
| epoch: 1000 | TA: 70.31 | TL: 7.290e+00 | VA: 65.43 | VL: 6.848e+00 | Norm: 9.37e-05 | time: 1.92e+01 |
| epoch: 1100 | TA: 66.62 | TL: 3.632e+00 | VA: 63.00 | VL: 2.014e+00 | Norm: 2.05e-05 | time: 1.92e+01 |
| epoch: 1200 | TA: 65.20 | TL: 2.975e+00 | VA: 65.86 | VL: 7.301e+00 | Norm: 1.01e-04 | time: 1.92e+01 |
Early stop.
Finished.
Training with penalty:100000.0 seed:2.
The ID for this training is 1658709611.
| epoch:    0 | TA: 40.47 | TL: 7.020e-01 | VA: 60.40 | VL: 5.082e+02 | Norm: 5.08e-03 | time: 1.87e-01 |
| epoch:  100 | TA: 68.95 | TL: 1.591e+00 | VA: 66.05 | VL: 2.109e+00 | Norm: 1.44e-05 | time: 1.84e+01 |
| epoch:  200 | TA: 64.01 | TL: 1.675e+00 | VA: 63.27 | VL: 1.223e+00 | Norm: 5.63e-06 | time: 1.87e+01 |
| epoch:  300 | TA: 65.11 | TL: 2.194e+00 | VA: 65.23 | VL: 3.183e+00 | Norm: 2.52e-05 | time: 1.88e+01 |
| epoch:  400 | TA: 64.61 | TL: 2.211e+00 | VA: 62.93 | VL: 2.062e+00 | Norm: 1.40e-05 | time: 1.88e+01 |
| epoch:  500 | TA: 64.29 | TL: 5.048e+00 | VA: 61.79 | VL: 3.299e+00 | Norm: 2.64e-05 | time: 1.89e+01 |
| epoch:  600 | TA: 64.72 | TL: 3.174e+00 | VA: 61.53 | VL: 2.290e+00 | Norm: 1.63e-05 | time: 1.90e+01 |
| epoch:  700 | TA: 64.50 | TL: 2.107e+00 | VA: 61.14 | VL: 3.122e+00 | Norm: 2.46e-05 | time: 1.90e+01 |
| epoch:  800 | TA: 64.96 | TL: 6.839e+00 | VA: 64.16 | VL: 8.203e+00 | Norm: 7.54e-05 | time: 1.91e+01 |
| epoch:  900 | TA: 65.76 | TL: 9.240e+00 | VA: 63.07 | VL: 6.640e+00 | Norm: 5.98e-05 | time: 1.91e+01 |
| epoch: 1000 | TA: 64.91 | TL: 6.363e+00 | VA: 63.21 | VL: 4.781e+00 | Norm: 4.12e-05 | time: 1.92e+01 |
| epoch: 1100 | TA: 64.23 | TL: 3.758e+00 | VA: 63.24 | VL: 4.129e+00 | Norm: 3.47e-05 | time: 1.92e+01 |
| epoch: 1200 | TA: 64.25 | TL: 2.229e+00 | VA: 64.49 | VL: 7.037e+00 | Norm: 6.38e-05 | time: 1.92e+01 |
Early stop.
Finished.

============================= JOB FEEDBACK =============================

NodeName=uc2n571
Job ID: 20930318
Cluster: uc2
User/Group: px3192/tm
State: COMPLETED (exit code 0)
Nodes: 1
Cores per node: 6
CPU Utilized: 04:24:59
CPU Efficiency: 16.44% of 1-02:52:06 core-walltime
Job Wall-clock time: 04:28:41
Memory Utilized: 23.18 GB
Memory Efficiency: 6.14% of 377.57 GB
